
[2025-06-30 13:47:18] [INFO] : 서버가 5101 번 포트에서 대기하고 있습니다......

[2025-06-30 13:47:23] [INFO] : 클라이언트 연결됨: 127.0.0.1
[2025-06-30 13:47:25] [INFO] : [자식 index 0, pid : 4841] 서버의 부모 프로세스에게 메시지(데이터) 작성 SIGNAL 알림: /NICK testaesat
[2025-06-30 13:47:23] [INFO] : 클라이언트 연결됨: 127.0.0.1
[2025-06-30 13:47:25] [INFO] : [부모 pid 4839] SIGUSR1 핸들러 발생
[2025-06-30 13:47:25] [INFO] : SIGUSR1 핸들러: 클라이언트 index 0 로부터 메시지 수신을 담당 서버 자식프로세스로부터 받음 : /NICK testaesat
[2025-06-30 13:47:25] [INFO] : [자식 pid 4841] SIGUSR2 핸들러 발생
[2025-06-30 13:47:34] [INFO] : 클라이언트 연결됨: 127.0.0.1
[2025-06-30 13:47:35] [INFO] : [자식 index 1, pid : 4844] 서버의 부모 프로세스에게 메시지(데이터) 작성 SIGNAL 알림: /NICK testas2
[2025-06-30 13:47:34] [INFO] : 클라이언트 연결됨: 127.0.0.1
[2025-06-30 13:47:35] [INFO] : [부모 pid 4839] SIGUSR1 핸들러 발생
[2025-06-30 13:47:35] [INFO] : SIGUSR1 핸들러: 클라이언트 index 1 로부터 메시지 수신을 담당 서버 자식프로세스로부터 받음 : /NICK testas2
[2025-06-30 13:47:35] [INFO] : [자식 pid 4844] SIGUSR2 핸들러 발생
[2025-06-30 13:47:47] [INFO] : [자식 index 1, pid : 4844] 서버의 부모 프로세스에게 메시지(데이터) 작성 SIGNAL 알림: /WHISPER testas2:/WHISPER testaesat fs
[2025-06-30 13:47:47] [INFO] : [부모 pid 4839] SIGUSR1 핸들러 발생
[2025-06-30 13:47:47] [INFO] : SIGUSR1 핸들러: 클라이언트 index 1 로부터 메시지 수신을 담당 서버 자식프로세스로부터 받음 : /WHISPER testas2:/WHISPER testaesat fs/WHISPER [%s] 사용자가 접속 중이지 않거나, 닉네임을 정확하게 입력하지 않았습니다.
[2025-06-30 13:47:51] [INFO] : [자식 index 1, pid : 4844] 서버의 부모 프로세스에게 메시지(데이터) 작성 SIGNAL 알림: /MSG testas2:
[2025-06-30 13:47:51] [INFO] : [부모 pid 4839] SIGUSR1 핸들러 발생
[2025-06-30 13:47:51] [INFO] : SIGUSR1 핸들러: 클라이언트 index 1 로부터 메시지 수신을 담당 서버 자식프로세스로부터 받음 : /MSG testas2:
[2025-06-30 13:47:51] [INFO] : [자식 pid 4844] SIGUSR2 핸들러 발생
[2025-06-30 13:47:51] [INFO] : [자식 pid 4841] SIGUSR2 핸들러 발생
[2025-06-30 13:47:52] [INFO] : [자식 index 1, pid : 4844] 서버의 부모 프로세스에게 메시지(데이터) 작성 SIGNAL 알림: /MSG testas2:sdf
[2025-06-30 13:47:52] [INFO] : [부모 pid 4839] SIGUSR1 핸들러 발생
[2025-06-30 13:47:52] [INFO] : SIGUSR1 핸들러: 클라이언트 index 1 로부터 메시지 수신을 담당 서버 자식프로세스로부터 받음 : /MSG testas2:sdf
[2025-06-30 13:47:52] [INFO] : [자식 pid 4844] SIGUSR2 핸들러 발생
[2025-06-30 13:47:52] [INFO] : [자식 pid 4841] SIGUSR2 핸들러 발생
[2025-06-30 13:48:42] [WARNING] : [자식 index 1, pid 4844] 클라이언트 연결 종료가 감지되어 해당 클라이언트 연결을 종료합니다.
[2025-06-30 13:48:42] [INFO] : 클라이언트 1 (pid: 4844, nick: testas2) 접속 종료. 자원 회수 완료.

[2025-06-30 13:48:47] [WARNING] : [자식 index 0, pid 4841] 클라이언트 연결 종료가 감지되어 해당 클라이언트 연결을 종료합니다.
[2025-06-30 13:48:47] [INFO] : 클라이언트 0 (pid: 4841, nick: testaesat) 접속 종료. 자원 회수 완료.

[2025-06-30 13:49:01] [INFO] : [부모 pid 4839] 서버 종료 시그널 수신 : 모든 자식 종료 중 ...
[2025-06-30 13:49:01] [INFO] : [부모 pid 4839] 서버 종료 완료. 자원 회수 완료.
[2025-06-30 13:49:05] [INFO] : 서버가 5101 번 포트에서 대기하고 있습니다......

[2025-06-30 13:49:08] [INFO] : 클라이언트 연결됨: 127.0.0.1
[2025-06-30 13:49:10] [INFO] : [자식 index 0, pid : 4913] 서버의 부모 프로세스에게 메시지(데이터) 작성 SIGNAL 알림: /NICK testas1
[2025-06-30 13:49:08] [INFO] : 클라이언트 연결됨: 127.0.0.1
[2025-06-30 13:49:10] [INFO] : [부모 pid 4911] SIGUSR1 핸들러 발생
[2025-06-30 13:49:10] [INFO] : SIGUSR1 핸들러: 클라이언트 index 0 로부터 메시지 수신을 담당 서버 자식프로세스로부터 받음 : /NICK testas1
[2025-06-30 13:49:10] [INFO] : [자식 pid 4913] SIGUSR2 핸들러 발생
[2025-06-30 13:49:14] [INFO] : 클라이언트 연결됨: 127.0.0.1
[2025-06-30 13:49:16] [INFO] : [자식 index 1, pid : 4916] 서버의 부모 프로세스에게 메시지(데이터) 작성 SIGNAL 알림: /NICK testas2
[2025-06-30 13:49:14] [INFO] : 클라이언트 연결됨: 127.0.0.1
[2025-06-30 13:49:16] [INFO] : [부모 pid 4911] SIGUSR1 핸들러 발생
[2025-06-30 13:49:16] [INFO] : SIGUSR1 핸들러: 클라이언트 index 1 로부터 메시지 수신을 담당 서버 자식프로세스로부터 받음 : /NICK testas2
[2025-06-30 13:49:16] [INFO] : [자식 pid 4916] SIGUSR2 핸들러 발생
[2025-06-30 13:49:23] [INFO] : [자식 index 1, pid : 4916] 서버의 부모 프로세스에게 메시지(데이터) 작성 SIGNAL 알림: /WHISPER testas2:/WHISPER testas1 ㅎㅇㅎ
[2025-06-30 13:49:23] [INFO] : [부모 pid 4911] SIGUSR1 핸들러 발생
[2025-06-30 13:49:23] [INFO] : SIGUSR1 핸들러: 클라이언트 index 1 로부터 메시지 수신을 담당 서버 자식프로세스로부터 받음 : /WHISPER testas2:/WHISPER testas1 ㅎㅇㅎ

/WHISPER
testas1 ㅎㅇㅎ

/WHISPER [%s] 사용자가 접속 중이지 않거나, 닉네임을 정확하게 입력하지 않았습니다.
[2025-06-30 13:53:08] [WARNING] : [자식 index 1, pid 4916] 클라이언트 연결 종료가 감지되어 해당 클라이언트 연결을 종료합니다.
[2025-06-30 13:53:08] [INFO] : 클라이언트 1 (pid: 4916, nick: testas2) 접속 종료. 자원 회수 완료.

[2025-06-30 13:53:10] [WARNING] : [자식 index 0, pid 4913] 클라이언트 연결 종료가 감지되어 해당 클라이언트 연결을 종료합니다.
[2025-06-30 13:53:10] [INFO] : 클라이언트 0 (pid: 4913, nick: testas1) 접속 종료. 자원 회수 완료.

[2025-06-30 13:53:12] [INFO] : 클라이언트 연결됨: 127.0.0.1
[2025-06-30 13:53:13] [INFO] : [자식 index 0, pid : 4989] 서버의 부모 프로세스에게 메시지(데이터) 작성 SIGNAL 알림: /NICK testas1
[2025-06-30 13:53:12] [INFO] : 클라이언트 연결됨: 127.0.0.1
[2025-06-30 13:53:13] [INFO] : [부모 pid 4911] SIGUSR1 핸들러 발생
[2025-06-30 13:53:13] [INFO] : SIGUSR1 핸들러: 클라이언트 index 0 로부터 메시지 수신을 담당 서버 자식프로세스로부터 받음 : /NICK testas1
[2025-06-30 13:53:13] [INFO] : [자식 pid 4989] SIGUSR2 핸들러 발생
[2025-06-30 13:53:21] [INFO] : [자식 index 0, pid : 4989] 서버의 부모 프로세스에게 메시지(데이터) 작성 SIGNAL 알림: /WHISPER testas1:testas2 sdf
[2025-06-30 13:53:21] [INFO] : [부모 pid 4911] SIGUSR1 핸들러 발생
[2025-06-30 13:53:21] [INFO] : SIGUSR1 핸들러: 클라이언트 index 0 로부터 메시지 수신을 담당 서버 자식프로세스로부터 받음 : /WHISPER testas1:testas2 sdf

testas2
sdf

/WHISPER [%s] 사용자가 접속 중이지 않거나, 닉네임을 정확하게 입력하지 않았습니다.
[2025-06-30 13:53:31] [WARNING] : [자식 index 0, pid 4989] 클라이언트 연결 종료가 감지되어 해당 클라이언트 연결을 종료합니다.
[2025-06-30 13:53:31] [INFO] : 클라이언트 0 (pid: 4989, nick: testas1) 접속 종료. 자원 회수 완료.

[2025-06-30 13:54:29] [INFO] : [부모 pid 4911] 서버 종료 시그널 수신 : 모든 자식 종료 중 ...
[2025-06-30 13:54:29] [INFO] : [부모 pid 4911] 서버 종료 완료. 자원 회수 완료.
[2025-06-30 13:54:34] [INFO] : 서버가 5101 번 포트에서 대기하고 있습니다......

[2025-06-30 13:54:37] [INFO] : 클라이언트 연결됨: 127.0.0.1
[2025-06-30 13:54:44] [INFO] : [자식 index 0, pid : 5007] 서버의 부모 프로세스에게 메시지(데이터) 작성 SIGNAL 알림: /NICK testas1
[2025-06-30 13:54:37] [INFO] : 클라이언트 연결됨: 127.0.0.1
[2025-06-30 13:54:44] [INFO] : [부모 pid 5005] SIGUSR1 핸들러 발생
[2025-06-30 13:54:44] [INFO] : SIGUSR1 핸들러: 클라이언트 index 0 로부터 메시지 수신을 담당 서버 자식프로세스로부터 받음 : /NICK testas1
[2025-06-30 13:54:44] [INFO] : [자식 pid 5007] SIGUSR2 핸들러 발생
[2025-06-30 13:54:55] [INFO] : [자식 index 0, pid : 5007] 서버의 부모 프로세스에게 메시지(데이터) 작성 SIGNAL 알림: /WHISPER testas1:testas2 sdf
[2025-06-30 13:54:55] [INFO] : [부모 pid 5005] SIGUSR1 핸들러 발생
[2025-06-30 13:54:55] [INFO] : SIGUSR1 핸들러: 클라이언트 index 0 로부터 메시지 수신을 담당 서버 자식프로세스로부터 받음 : /WHISPER testas1:testas2 sdf

testas2
sdf

/WHISPER [%s] 사용자가 접속 중이지 않거나, 닉네임을 정확하게 입력하지 않았습니다.
[2025-06-30 13:55:03] [WARNING] : [자식 index 0, pid 5007] 클라이언트 연결 종료가 감지되어 해당 클라이언트 연결을 종료합니다.
[2025-06-30 13:55:03] [INFO] : 클라이언트 0 (pid: 5007, nick: testas1) 접속 종료. 자원 회수 완료.

[2025-06-30 13:55:13] [INFO] : [부모 pid 5005] 서버 종료 시그널 수신 : 모든 자식 종료 중 ...
[2025-06-30 13:55:13] [INFO] : [부모 pid 5005] 서버 종료 완료. 자원 회수 완료.
[2025-06-30 13:55:20] [INFO] : 서버가 5101 번 포트에서 대기하고 있습니다......

[2025-06-30 13:55:24] [INFO] : 클라이언트 연결됨: 127.0.0.1
[2025-06-30 13:55:27] [INFO] : [자식 index 0, pid : 5050] 서버의 부모 프로세스에게 메시지(데이터) 작성 SIGNAL 알림: /NICK testas1
[2025-06-30 13:55:24] [INFO] : 클라이언트 연결됨: 127.0.0.1
[2025-06-30 13:55:27] [INFO] : [부모 pid 5036] SIGUSR1 핸들러 발생
[2025-06-30 13:55:27] [INFO] : SIGUSR1 핸들러: 클라이언트 index 0 로부터 메시지 수신을 담당 서버 자식프로세스로부터 받음 : /NICK testas1
[2025-06-30 13:55:27] [INFO] : [자식 pid 5050] SIGUSR2 핸들러 발생
[2025-06-30 13:55:31] [INFO] : [자식 index 0, pid : 5050] 서버의 부모 프로세스에게 메시지(데이터) 작성 SIGNAL 알림: /WHISPER testas1:testas2 sdf
[2025-06-30 13:55:31] [INFO] : [부모 pid 5036] SIGUSR1 핸들러 발생
[2025-06-30 13:55:31] [INFO] : SIGUSR1 핸들러: 클라이언트 index 0 로부터 메시지 수신을 담당 서버 자식프로세스로부터 받음 : /WHISPER testas1:testas2 sdf/WHISPER [testas2] 사용자가 접속 중이지 않거나, 닉네임을 정확하게 입력하지 않았습니다.
[2025-06-30 13:57:06] [WARNING] : [자식 index 0, pid 5050] 클라이언트 연결 종료가 감지되어 해당 클라이언트 연결을 종료합니다.
[2025-06-30 13:57:06] [INFO] : 클라이언트 0 (pid: 5050, nick: testas1) 접속 종료. 자원 회수 완료.

[2025-06-30 13:57:24] [INFO] : [부모 pid 5036] 서버 종료 시그널 수신 : 모든 자식 종료 중 ...
[2025-06-30 13:57:24] [INFO] : [부모 pid 5036] 서버 종료 완료. 자원 회수 완료.
[2025-06-30 13:57:26] [INFO] : 서버가 5101 번 포트에서 대기하고 있습니다......

[2025-06-30 13:57:28] [INFO] : 클라이언트 연결됨: 127.0.0.1
[2025-06-30 13:57:30] [INFO] : [자식 index 0, pid : 5134] 서버의 부모 프로세스에게 메시지(데이터) 작성 SIGNAL 알림: /NICK testas1
[2025-06-30 13:57:28] [INFO] : 클라이언트 연결됨: 127.0.0.1
[2025-06-30 13:57:30] [INFO] : [부모 pid 5132] SIGUSR1 핸들러 발생
[2025-06-30 13:57:30] [INFO] : SIGUSR1 핸들러: 클라이언트 index 0 로부터 메시지 수신을 담당 서버 자식프로세스로부터 받음 : /NICK testas1
[2025-06-30 13:57:30] [INFO] : [자식 pid 5134] SIGUSR2 핸들러 발생
[2025-06-30 13:57:35] [INFO] : [자식 index 0, pid : 5134] 서버의 부모 프로세스에게 메시지(데이터) 작성 SIGNAL 알림: /WHISPER testas1:testas2 sdf
[2025-06-30 13:57:35] [INFO] : [부모 pid 5132] SIGUSR1 핸들러 발생
[2025-06-30 13:57:35] [INFO] : SIGUSR1 핸들러: 클라이언트 index 0 로부터 메시지 수신을 담당 서버 자식프로세스로부터 받음 : /WHISPER testas1:testas2 sdf
[2025-06-30 13:57:35] [INFO] : [자식 pid 5134] SIGUSR2 핸들러 발생
[2025-06-30 13:58:42] [INFO] : [자식 index 0, pid : 5134] 서버의 부모 프로세스에게 메시지(데이터) 작성 SIGNAL 알림: /WHISPER testas1:testas1 sadf
[2025-06-30 13:58:42] [INFO] : [부모 pid 5132] SIGUSR1 핸들러 발생
[2025-06-30 13:58:42] [INFO] : SIGUSR1 핸들러: 클라이언트 index 0 로부터 메시지 수신을 담당 서버 자식프로세스로부터 받음 : /WHISPER testas1:testas1 sadf
[2025-06-30 13:58:42] [INFO] : [자식 pid 5134] SIGUSR2 핸들러 발생
[2025-06-30 13:59:37] [WARNING] : [자식 index 0, pid 5134] 클라이언트 연결 종료가 감지되어 해당 클라이언트 연결을 종료합니다.
[2025-06-30 13:59:37] [INFO] : 클라이언트 0 (pid: 5134, nick: testas1) 접속 종료. 자원 회수 완료.

[2025-06-30 13:59:42] [INFO] : [부모 pid 5132] 서버 종료 시그널 수신 : 모든 자식 종료 중 ...
[2025-06-30 13:59:42] [INFO] : [부모 pid 5132] 서버 종료 완료. 자원 회수 완료.
[2025-06-30 13:59:44] [INFO] : 서버가 5101 번 포트에서 대기하고 있습니다......

[2025-06-30 13:59:46] [INFO] : 클라이언트 연결됨: 127.0.0.1
[2025-06-30 13:59:48] [INFO] : [자식 index 0, pid : 5212] 서버의 부모 프로세스에게 메시지(데이터) 작성 SIGNAL 알림: /NICK testas1
[2025-06-30 13:59:46] [INFO] : 클라이언트 연결됨: 127.0.0.1
[2025-06-30 13:59:48] [INFO] : [부모 pid 5210] SIGUSR1 핸들러 발생
[2025-06-30 13:59:48] [INFO] : SIGUSR1 핸들러: 클라이언트 index 0 로부터 메시지 수신을 담당 서버 자식프로세스로부터 받음 : /NICK testas1
[2025-06-30 13:59:48] [INFO] : [자식 pid 5212] SIGUSR2 핸들러 발생
[2025-06-30 13:59:59] [INFO] : [자식 index 0, pid : 5212] 서버의 부모 프로세스에게 메시지(데이터) 작성 SIGNAL 알림: /WHISPER testas1:testas2 sdfas
[2025-06-30 13:59:59] [INFO] : [부모 pid 5210] SIGUSR1 핸들러 발생
[2025-06-30 13:59:59] [INFO] : SIGUSR1 핸들러: 클라이언트 index 0 로부터 메시지 수신을 담당 서버 자식프로세스로부터 받음 : /WHISPER testas1:testas2 sdfas
[2025-06-30 13:59:59] [INFO] : [자식 pid 5212] SIGUSR2 핸들러 발생
[2025-06-30 14:00:04] [WARNING] : [자식 index 0, pid 5212] 클라이언트 연결 종료가 감지되어 해당 클라이언트 연결을 종료합니다.
[2025-06-30 14:00:04] [INFO] : 클라이언트 0 (pid: 5212, nick: testas1) 접속 종료. 자원 회수 완료.

[2025-06-30 14:02:30] [INFO] : [부모 pid 5210] 서버 종료 시그널 수신 : 모든 자식 종료 중 ...
[2025-06-30 14:02:30] [INFO] : [부모 pid 5210] 서버 종료 완료. 자원 회수 완료.
[2025-06-30 14:02:34] [INFO] : 서버가 5101 번 포트에서 대기하고 있습니다......

[2025-06-30 14:02:36] [INFO] : 클라이언트 연결됨: 127.0.0.1
[2025-06-30 14:02:38] [INFO] : [자식 index 0, pid : 5342] 서버의 부모 프로세스에게 메시지(데이터) 작성 SIGNAL 알림: /NICK testas1
[2025-06-30 14:02:36] [INFO] : 클라이언트 연결됨: 127.0.0.1
[2025-06-30 14:02:38] [INFO] : [부모 pid 5340] SIGUSR1 핸들러 발생
[2025-06-30 14:02:38] [INFO] : SIGUSR1 핸들러: 클라이언트 index 0 로부터 메시지 수신을 담당 서버 자식프로세스로부터 받음 : /NICK testas1
[2025-06-30 14:02:38] [INFO] : [자식 pid 5342] SIGUSR2 핸들러 발생
[2025-06-30 14:02:44] [INFO] : [자식 index 0, pid : 5342] 서버의 부모 프로세스에게 메시지(데이터) 작성 SIGNAL 알림: /WHISPER testas1:testas2 sadf
[2025-06-30 14:02:44] [INFO] : [부모 pid 5340] SIGUSR1 핸들러 발생
[2025-06-30 14:02:44] [INFO] : SIGUSR1 핸들러: 클라이언트 index 0 로부터 메시지 수신을 담당 서버 자식프로세스로부터 받음 : /WHISPER testas1:testas2 sadf

testas2
testas1
testas2
sadf


[2025-06-30 14:02:44] [INFO] : [자식 pid 5342] SIGUSR2 핸들러 발생
[2025-06-30 14:04:14] [WARNING] : [자식 index 0, pid 5342] 클라이언트 연결 종료가 감지되어 해당 클라이언트 연결을 종료합니다.
[2025-06-30 14:04:14] [INFO] : 클라이언트 0 (pid: 5342, nick: testas1) 접속 종료. 자원 회수 완료.

[2025-06-30 14:04:22] [INFO] : [부모 pid 5340] 서버 종료 시그널 수신 : 모든 자식 종료 중 ...
[2025-06-30 14:04:22] [INFO] : [부모 pid 5340] 서버 종료 완료. 자원 회수 완료.
[2025-06-30 14:04:24] [INFO] : 서버가 5101 번 포트에서 대기하고 있습니다......

[2025-06-30 14:04:25] [INFO] : 클라이언트 연결됨: 127.0.0.1
[2025-06-30 14:04:27] [INFO] : [자식 index 0, pid : 5360] 서버의 부모 프로세스에게 메시지(데이터) 작성 SIGNAL 알림: /NICK testas1
[2025-06-30 14:04:25] [INFO] : 클라이언트 연결됨: 127.0.0.1
[2025-06-30 14:04:27] [INFO] : [부모 pid 5358] SIGUSR1 핸들러 발생
[2025-06-30 14:04:27] [INFO] : SIGUSR1 핸들러: 클라이언트 index 0 로부터 메시지 수신을 담당 서버 자식프로세스로부터 받음 : /NICK testas1
[2025-06-30 14:04:27] [INFO] : [자식 pid 5360] SIGUSR2 핸들러 발생
[2025-06-30 14:04:37] [INFO] : [자식 index 0, pid : 5360] 서버의 부모 프로세스에게 메시지(데이터) 작성 SIGNAL 알림: /WHISPER testas1:testas2 sdfa
[2025-06-30 14:04:37] [INFO] : [부모 pid 5358] SIGUSR1 핸들러 발생
[2025-06-30 14:04:37] [INFO] : SIGUSR1 핸들러: 클라이언트 index 0 로부터 메시지 수신을 담당 서버 자식프로세스로부터 받음 : /WHISPER testas1:testas2 sdfa

testas2
testas1
testas2
sdfa


[2025-06-30 14:04:37] [INFO] : [자식 pid 5360] SIGUSR2 핸들러 발생
[2025-06-30 14:05:22] [WARNING] : [자식 index 0, pid 5360] 클라이언트 연결 종료가 감지되어 해당 클라이언트 연결을 종료합니다.
[2025-06-30 14:05:22] [INFO] : 클라이언트 0 (pid: 5360, nick: testas1) 접속 종료. 자원 회수 완료.

[2025-06-30 14:05:28] [INFO] : [부모 pid 5358] 서버 종료 시그널 수신 : 모든 자식 종료 중 ...
[2025-06-30 14:05:28] [INFO] : [부모 pid 5358] 서버 종료 완료. 자원 회수 완료.
[2025-06-30 14:05:30] [INFO] : 서버가 5101 번 포트에서 대기하고 있습니다......

[2025-06-30 14:05:31] [INFO] : 클라이언트 연결됨: 127.0.0.1
[2025-06-30 14:05:33] [INFO] : [자식 index 0, pid : 5429] 서버의 부모 프로세스에게 메시지(데이터) 작성 SIGNAL 알림: /NICK testas1
[2025-06-30 14:05:31] [INFO] : 클라이언트 연결됨: 127.0.0.1
[2025-06-30 14:05:33] [INFO] : [부모 pid 5427] SIGUSR1 핸들러 발생
[2025-06-30 14:05:33] [INFO] : SIGUSR1 핸들러: 클라이언트 index 0 로부터 메시지 수신을 담당 서버 자식프로세스로부터 받음 : /NICK testas1
[2025-06-30 14:05:33] [INFO] : [자식 pid 5429] SIGUSR2 핸들러 발생
[2025-06-30 14:05:43] [INFO] : [자식 index 0, pid : 5429] 서버의 부모 프로세스에게 메시지(데이터) 작성 SIGNAL 알림: /WHISPER testas1:testas2 asdg
[2025-06-30 14:05:43] [INFO] : [부모 pid 5427] SIGUSR1 핸들러 발생
[2025-06-30 14:05:43] [INFO] : SIGUSR1 핸들러: 클라이언트 index 0 로부터 메시지 수신을 담당 서버 자식프로세스로부터 받음 : /WHISPER testas1:testas2 asdg
[2025-06-30 14:05:43] [INFO] : [자식 pid 5429] SIGUSR2 핸들러 발생
[2025-06-30 14:05:51] [INFO] : [자식 index 0, pid : 5429] 서버의 부모 프로세스에게 메시지(데이터) 작성 SIGNAL 알림: /WHISPER testas1:testas1 asdg
[2025-06-30 14:05:51] [INFO] : [부모 pid 5427] SIGUSR1 핸들러 발생
[2025-06-30 14:05:51] [INFO] : SIGUSR1 핸들러: 클라이언트 index 0 로부터 메시지 수신을 담당 서버 자식프로세스로부터 받음 : /WHISPER testas1:testas1 asdg
[2025-06-30 14:05:51] [INFO] : [자식 pid 5429] SIGUSR2 핸들러 발생
[2025-06-30 14:05:53] [INFO] : [자식 index 0, pid : 5429] 서버의 부모 프로세스에게 메시지(데이터) 작성 SIGNAL 알림: /MSG testas1:sdf
[2025-06-30 14:05:53] [INFO] : [부모 pid 5427] SIGUSR1 핸들러 발생
[2025-06-30 14:05:53] [INFO] : SIGUSR1 핸들러: 클라이언트 index 0 로부터 메시지 수신을 담당 서버 자식프로세스로부터 받음 : /MSG testas1:sdf
[2025-06-30 14:05:53] [INFO] : [자식 pid 5429] SIGUSR2 핸들러 발생
[2025-06-30 14:06:35] [WARNING] : [자식 index 0, pid 5429] 클라이언트 연결 종료가 감지되어 해당 클라이언트 연결을 종료합니다.
[2025-06-30 14:06:35] [INFO] : 클라이언트 0 (pid: 5429, nick: testas1) 접속 종료. 자원 회수 완료.

[2025-06-30 14:06:44] [INFO] : [부모 pid 5427] 서버 종료 시그널 수신 : 모든 자식 종료 중 ...
[2025-06-30 14:06:44] [INFO] : [부모 pid 5427] 서버 종료 완료. 자원 회수 완료.
[2025-06-30 14:06:46] [INFO] : 서버가 5101 번 포트에서 대기하고 있습니다......

[2025-06-30 14:06:47] [INFO] : 클라이언트 연결됨: 127.0.0.1
[2025-06-30 14:06:48] [INFO] : [자식 index 0, pid : 5454] 서버의 부모 프로세스에게 메시지(데이터) 작성 SIGNAL 알림: /NICK testas1
[2025-06-30 14:06:47] [INFO] : 클라이언트 연결됨: 127.0.0.1
[2025-06-30 14:06:48] [INFO] : [부모 pid 5452] SIGUSR1 핸들러 발생
[2025-06-30 14:06:48] [INFO] : SIGUSR1 핸들러: 클라이언트 index 0 로부터 메시지 수신을 담당 서버 자식프로세스로부터 받음 : /NICK testas1
[2025-06-30 14:06:48] [INFO] : [자식 pid 5454] SIGUSR2 핸들러 발생
[2025-06-30 14:06:54] [INFO] : [자식 index 0, pid : 5454] 서버의 부모 프로세스에게 메시지(데이터) 작성 SIGNAL 알림: /WHISPER testas1:testas2 asdf
[2025-06-30 14:06:54] [INFO] : [부모 pid 5452] SIGUSR1 핸들러 발생
[2025-06-30 14:06:54] [INFO] : SIGUSR1 핸들러: 클라이언트 index 0 로부터 메시지 수신을 담당 서버 자식프로세스로부터 받음 : /WHISPER testas1:testas2 asdf
[2025-06-30 14:06:54] [INFO] : [자식 pid 5454] SIGUSR2 핸들러 발생
[2025-06-30 14:07:03] [WARNING] : [자식 index 0, pid 5454] 클라이언트 연결 종료가 감지되어 해당 클라이언트 연결을 종료합니다.
[2025-06-30 14:07:03] [INFO] : 클라이언트 0 (pid: 5454, nick: testas1) 접속 종료. 자원 회수 완료.

[2025-06-30 14:07:07] [INFO] : [부모 pid 5452] 서버 종료 시그널 수신 : 모든 자식 종료 중 ...
[2025-06-30 14:07:07] [INFO] : [부모 pid 5452] 서버 종료 완료. 자원 회수 완료.
[2025-06-30 14:07:13] [INFO] : 서버가 5101 번 포트에서 대기하고 있습니다......

[2025-06-30 14:07:14] [INFO] : 클라이언트 연결됨: 127.0.0.1
[2025-06-30 14:07:16] [INFO] : [자식 index 0, pid : 5483] 서버의 부모 프로세스에게 메시지(데이터) 작성 SIGNAL 알림: /NICK testas1
[2025-06-30 14:07:14] [INFO] : 클라이언트 연결됨: 127.0.0.1
[2025-06-30 14:07:16] [INFO] : [부모 pid 5481] SIGUSR1 핸들러 발생
[2025-06-30 14:07:16] [INFO] : SIGUSR1 핸들러: 클라이언트 index 0 로부터 메시지 수신을 담당 서버 자식프로세스로부터 받음 : /NICK testas1
[2025-06-30 14:07:16] [INFO] : [자식 pid 5483] SIGUSR2 핸들러 발생
[2025-06-30 14:07:21] [INFO] : [자식 index 0, pid : 5483] 서버의 부모 프로세스에게 메시지(데이터) 작성 SIGNAL 알림: /WHISPER testas1:testas2 sadf
[2025-06-30 14:07:21] [INFO] : [부모 pid 5481] SIGUSR1 핸들러 발생
[2025-06-30 14:07:21] [INFO] : SIGUSR1 핸들러: 클라이언트 index 0 로부터 메시지 수신을 담당 서버 자식프로세스로부터 받음 : /WHISPER testas1:testas2 sadf
[2025-06-30 14:07:21] [INFO] : [자식 pid 5483] SIGUSR2 핸들러 발생
[2025-06-30 14:08:21] [WARNING] : [자식 index 0, pid 5483] 클라이언트 연결 종료가 감지되어 해당 클라이언트 연결을 종료합니다.
[2025-06-30 14:08:21] [INFO] : 클라이언트 0 (pid: 5483, nick: testas1) 접속 종료. 자원 회수 완료.

[2025-06-30 14:08:30] [INFO] : [부모 pid 5481] 서버 종료 시그널 수신 : 모든 자식 종료 중 ...
[2025-06-30 14:08:30] [INFO] : [부모 pid 5481] 서버 종료 완료. 자원 회수 완료.
[2025-06-30 14:08:32] [INFO] : 서버가 5101 번 포트에서 대기하고 있습니다......

[2025-06-30 14:08:33] [INFO] : 클라이언트 연결됨: 127.0.0.1
[2025-06-30 14:08:35] [INFO] : [자식 index 0, pid : 5554] 서버의 부모 프로세스에게 메시지(데이터) 작성 SIGNAL 알림: /NICK testas1
[2025-06-30 14:08:33] [INFO] : 클라이언트 연결됨: 127.0.0.1
[2025-06-30 14:08:35] [INFO] : [부모 pid 5552] SIGUSR1 핸들러 발생
[2025-06-30 14:08:35] [INFO] : SIGUSR1 핸들러: 클라이언트 index 0 로부터 메시지 수신을 담당 서버 자식프로세스로부터 받음 : /NICK testas1
[2025-06-30 14:08:35] [INFO] : [자식 pid 5554] SIGUSR2 핸들러 발생
[2025-06-30 14:08:40] [INFO] : [자식 index 0, pid : 5554] 서버의 부모 프로세스에게 메시지(데이터) 작성 SIGNAL 알림: /WHISPER testas1:testas2
[2025-06-30 14:08:40] [INFO] : [부모 pid 5552] SIGUSR1 핸들러 발생
[2025-06-30 14:08:40] [INFO] : SIGUSR1 핸들러: 클라이언트 index 0 로부터 메시지 수신을 담당 서버 자식프로세스로부터 받음 : /WHISPER testas1:testas2
[2025-06-30 14:08:40] [INFO] : [자식 pid 5554] SIGUSR2 핸들러 발생
[2025-06-30 14:09:14] [INFO] : [자식 index 0, pid : 5554] 서버의 부모 프로세스에게 메시지(데이터) 작성 SIGNAL 알림: /WHISPER testas1:testas1 sdfa
[2025-06-30 14:09:14] [INFO] : [부모 pid 5552] SIGUSR1 핸들러 발생
[2025-06-30 14:09:14] [INFO] : SIGUSR1 핸들러: 클라이언트 index 0 로부터 메시지 수신을 담당 서버 자식프로세스로부터 받음 : /WHISPER testas1:testas1 sdfa
[2025-06-30 14:09:14] [INFO] : [자식 pid 5554] SIGUSR2 핸들러 발생
[2025-06-30 14:09:21] [INFO] : [자식 index 0, pid : 5554] 서버의 부모 프로세스에게 메시지(데이터) 작성 SIGNAL 알림: /MSG testas1:sdf
[2025-06-30 14:09:21] [INFO] : [부모 pid 5552] SIGUSR1 핸들러 발생
[2025-06-30 14:09:21] [INFO] : SIGUSR1 핸들러: 클라이언트 index 0 로부터 메시지 수신을 담당 서버 자식프로세스로부터 받음 : /MSG testas1:sdf
[2025-06-30 14:09:21] [INFO] : [자식 pid 5554] SIGUSR2 핸들러 발생
[2025-06-30 14:09:46] [WARNING] : [자식 index 0, pid 5554] 클라이언트 연결 종료가 감지되어 해당 클라이언트 연결을 종료합니다.
[2025-06-30 14:09:46] [INFO] : 클라이언트 0 (pid: 5554, nick: testas1) 접속 종료. 자원 회수 완료.

[2025-06-30 14:10:22] [INFO] : [부모 pid 5552] 서버 종료 시그널 수신 : 모든 자식 종료 중 ...
[2025-06-30 14:10:22] [INFO] : [부모 pid 5552] 서버 종료 완료. 자원 회수 완료.
[2025-06-30 14:10:24] [INFO] : 서버가 5101 번 포트에서 대기하고 있습니다......

[2025-06-30 14:10:25] [INFO] : 클라이언트 연결됨: 127.0.0.1
[2025-06-30 14:10:27] [INFO] : [자식 index 0, pid : 5624] 서버의 부모 프로세스에게 메시지(데이터) 작성 SIGNAL 알림: /NICK testas1
[2025-06-30 14:10:25] [INFO] : 클라이언트 연결됨: 127.0.0.1
[2025-06-30 14:10:27] [INFO] : [부모 pid 5622] SIGUSR1 핸들러 발생
[2025-06-30 14:10:27] [INFO] : SIGUSR1 핸들러: 클라이언트 index 0 로부터 메시지 수신을 담당 서버 자식프로세스로부터 받음 : /NICK testas1
[2025-06-30 14:10:27] [INFO] : [자식 pid 5624] SIGUSR2 핸들러 발생
[2025-06-30 14:10:32] [INFO] : [자식 index 0, pid : 5624] 서버의 부모 프로세스에게 메시지(데이터) 작성 SIGNAL 알림: /WHISPER testas1:testas2 sadf
[2025-06-30 14:10:32] [INFO] : [부모 pid 5622] SIGUSR1 핸들러 발생
[2025-06-30 14:10:32] [INFO] : SIGUSR1 핸들러: 클라이언트 index 0 로부터 메시지 수신을 담당 서버 자식프로세스로부터 받음 : /WHISPER testas1:testas2 sadf
[2025-06-30 14:10:32] [INFO] : [자식 pid 5624] SIGUSR2 핸들러 발생
[2025-06-30 14:10:39] [INFO] : [자식 index 0, pid : 5624] 서버의 부모 프로세스에게 메시지(데이터) 작성 SIGNAL 알림: /WHISPER testas1:testas1 asdfg
[2025-06-30 14:10:39] [INFO] : [부모 pid 5622] SIGUSR1 핸들러 발생
[2025-06-30 14:10:39] [INFO] : SIGUSR1 핸들러: 클라이언트 index 0 로부터 메시지 수신을 담당 서버 자식프로세스로부터 받음 : /WHISPER testas1:testas1 asdfg
[2025-06-30 14:10:39] [INFO] : [자식 pid 5624] SIGUSR2 핸들러 발생
[2025-06-30 14:10:44] [INFO] : [자식 index 0, pid : 5624] 서버의 부모 프로세스에게 메시지(데이터) 작성 SIGNAL 알림: /MSG testas1:fsdf
[2025-06-30 14:10:44] [INFO] : [부모 pid 5622] SIGUSR1 핸들러 발생
[2025-06-30 14:10:44] [INFO] : SIGUSR1 핸들러: 클라이언트 index 0 로부터 메시지 수신을 담당 서버 자식프로세스로부터 받음 : /MSG testas1:fsdf
[2025-06-30 14:10:44] [INFO] : [자식 pid 5624] SIGUSR2 핸들러 발생
[2025-06-30 14:10:49] [INFO] : [자식 index 0, pid : 5624] 서버의 부모 프로세스에게 메시지(데이터) 작성 SIGNAL 알림: /ADD testase2
[2025-06-30 14:10:49] [INFO] : [부모 pid 5622] SIGUSR1 핸들러 발생
[2025-06-30 14:10:49] [INFO] : SIGUSR1 핸들러: 클라이언트 index 0 로부터 메시지 수신을 담당 서버 자식프로세스로부터 받음 : /ADD testase2
[2025-06-30 14:10:49] [INFO] : [자식 pid 5624] SIGUSR2 핸들러 발생
[2025-06-30 14:10:50] [INFO] : [자식 index 0, pid : 5624] 서버의 부모 프로세스에게 메시지(데이터) 작성 SIGNAL 알림: /MSG testas1:sdfsa
[2025-06-30 14:10:50] [INFO] : [부모 pid 5622] SIGUSR1 핸들러 발생
[2025-06-30 14:10:50] [INFO] : SIGUSR1 핸들러: 클라이언트 index 0 로부터 메시지 수신을 담당 서버 자식프로세스로부터 받음 : /MSG testas1:sdfsa
[2025-06-30 14:10:50] [INFO] : [자식 pid 5624] SIGUSR2 핸들러 발생
[2025-06-30 14:10:58] [INFO] : 클라이언트 연결됨: 127.0.0.1
[2025-06-30 14:11:02] [INFO] : [자식 index 1, pid : 5628] 서버의 부모 프로세스에게 메시지(데이터) 작성 SIGNAL 알림: /NICK testas2
[2025-06-30 14:10:58] [INFO] : 클라이언트 연결됨: 127.0.0.1
[2025-06-30 14:11:02] [INFO] : [부모 pid 5622] SIGUSR1 핸들러 발생
[2025-06-30 14:11:02] [INFO] : SIGUSR1 핸들러: 클라이언트 index 1 로부터 메시지 수신을 담당 서버 자식프로세스로부터 받음 : /NICK testas2
[2025-06-30 14:11:02] [INFO] : [자식 pid 5628] SIGUSR2 핸들러 발생
[2025-06-30 14:11:09] [INFO] : [자식 index 1, pid : 5628] 서버의 부모 프로세스에게 메시지(데이터) 작성 SIGNAL 알림: /WHISPER testas2:testas1 asdg
[2025-06-30 14:11:09] [INFO] : [부모 pid 5622] SIGUSR1 핸들러 발생
[2025-06-30 14:11:09] [INFO] : SIGUSR1 핸들러: 클라이언트 index 1 로부터 메시지 수신을 담당 서버 자식프로세스로부터 받음 : /WHISPER testas2:testas1 asdg
[2025-06-30 14:11:09] [INFO] : [자식 pid 5624] SIGUSR2 핸들러 발생
[2025-06-30 14:11:11] [INFO] : [자식 index 1, pid : 5628] 서버의 부모 프로세스에게 메시지(데이터) 작성 SIGNAL 알림: /MSG testas2:sdfsdaf
[2025-06-30 14:11:11] [INFO] : [부모 pid 5622] SIGUSR1 핸들러 발생
[2025-06-30 14:11:11] [INFO] : SIGUSR1 핸들러: 클라이언트 index 1 로부터 메시지 수신을 담당 서버 자식프로세스로부터 받음 : /MSG testas2:sdfsdaf
[2025-06-30 14:11:11] [INFO] : [자식 pid 5628] SIGUSR2 핸들러 발생
[2025-06-30 14:11:27] [INFO] : [자식 index 0, pid : 5624] 서버의 부모 프로세스에게 메시지(데이터) 작성 SIGNAL 알림: /WHISPER testas1:testas2 sdfasg
[2025-06-30 14:11:27] [INFO] : [부모 pid 5622] SIGUSR1 핸들러 발생
[2025-06-30 14:11:27] [INFO] : SIGUSR1 핸들러: 클라이언트 index 0 로부터 메시지 수신을 담당 서버 자식프로세스로부터 받음 : /WHISPER testas1:testas2 sdfasg
[2025-06-30 14:11:27] [INFO] : [자식 pid 5628] SIGUSR2 핸들러 발생
[2025-06-30 14:12:50] [WARNING] : [자식 index 1, pid 5628] 클라이언트 연결 종료가 감지되어 해당 클라이언트 연결을 종료합니다.
[2025-06-30 14:12:50] [INFO] : 클라이언트 1 (pid: 5628, nick: testas2) 접속 종료. 자원 회수 완료.

[2025-06-30 14:12:50] [WARNING] : [자식 index 0, pid 5624] 클라이언트 연결 종료가 감지되어 해당 클라이언트 연결을 종료합니다.
[2025-06-30 14:12:50] [INFO] : 클라이언트 0 (pid: 5624, nick: testas1) 접속 종료. 자원 회수 완료.

[2025-06-30 14:13:02] [INFO] : [부모 pid 5622] 서버 종료 시그널 수신 : 모든 자식 종료 중 ...
[2025-06-30 14:13:02] [INFO] : [부모 pid 5622] 서버 종료 완료. 자원 회수 완료.
[2025-06-30 14:13:04] [INFO] : 서버가 5101 번 포트에서 대기하고 있습니다......

[2025-06-30 14:13:05] [INFO] : 클라이언트 연결됨: 127.0.0.1
[2025-06-30 14:13:07] [INFO] : [자식 index 0, pid : 5714] 서버의 부모 프로세스에게 메시지(데이터) 작성 SIGNAL 알림: /NICK testas1
[2025-06-30 14:13:05] [INFO] : 클라이언트 연결됨: 127.0.0.1
[2025-06-30 14:13:07] [INFO] : [부모 pid 5712] SIGUSR1 핸들러 발생
[2025-06-30 14:13:07] [INFO] : SIGUSR1 핸들러: 클라이언트 index 0 로부터 메시지 수신을 담당 서버 자식프로세스로부터 받음 : /NICK testas1
[2025-06-30 14:13:07] [INFO] : [자식 pid 5714] SIGUSR2 핸들러 발생
[2025-06-30 14:13:12] [INFO] : [자식 index 0, pid : 5714] 서버의 부모 프로세스에게 메시지(데이터) 작성 SIGNAL 알림: /WHISPER testas1:testas1 asdf
[2025-06-30 14:13:12] [INFO] : [부모 pid 5712] SIGUSR1 핸들러 발생
[2025-06-30 14:13:12] [INFO] : SIGUSR1 핸들러: 클라이언트 index 0 로부터 메시지 수신을 담당 서버 자식프로세스로부터 받음 : /WHISPER testas1:testas1 asdf
[2025-06-30 14:13:12] [INFO] : [자식 pid 5714] SIGUSR2 핸들러 발생
[2025-06-30 14:25:45] [WARNING] : [자식 index 0, pid 5714] 클라이언트 연결 종료가 감지되어 해당 클라이언트 연결을 종료합니다.
[2025-06-30 14:25:45] [INFO] : 클라이언트 0 (pid: 5714, nick: testas1) 접속 종료. 자원 회수 완료.

[2025-06-30 14:29:27] [INFO] : [부모 pid 5712] 서버 종료 시그널 수신 : 모든 자식 종료 중 ...
[2025-06-30 14:29:27] [INFO] : [부모 pid 5712] 서버 종료 완료. 자원 회수 완료.
[2025-06-30 14:29:31] [INFO] : 서버가 5101 번 포트에서 대기하고 있습니다......

[2025-06-30 14:29:34] [INFO] : 클라이언트 연결됨: 127.0.0.1
[2025-06-30 14:29:36] [INFO] : [자식 index 0, pid : 5875] 서버의 부모 프로세스에게 메시지(데이터) 작성 SIGNAL 알림: /NICK testas1
[2025-06-30 14:29:34] [INFO] : 클라이언트 연결됨: 127.0.0.1
[2025-06-30 14:29:36] [INFO] : [부모 pid 5873] SIGUSR1 핸들러 발생
[2025-06-30 14:29:36] [INFO] : SIGUSR1 핸들러: 클라이언트 index 0 로부터 메시지 수신을 담당 서버 자식프로세스로부터 받음 : /NICK testas1
[2025-06-30 14:29:36] [INFO] : [자식 pid 5875] SIGUSR2 핸들러 발생
[2025-06-30 14:29:45] [INFO] : [자식 index 0, pid : 5875] 서버의 부모 프로세스에게 메시지(데이터) 작성 SIGNAL 알림: /WHISPER testas1:testas2 sadf
[2025-06-30 14:29:45] [INFO] : [부모 pid 5873] SIGUSR1 핸들러 발생
[2025-06-30 14:29:45] [INFO] : SIGUSR1 핸들러: 클라이언트 index 0 로부터 메시지 수신을 담당 서버 자식프로세스로부터 받음 : /WHISPER testas1:testas2 sadf
[2025-06-30 14:29:45] [INFO] : [자식 pid 5875] SIGUSR2 핸들러 발생
[2025-06-30 14:29:53] [INFO] : [자식 index 0, pid : 5875] 서버의 부모 프로세스에게 메시지(데이터) 작성 SIGNAL 알림: /WHISPER testas1:testas1 asetas
[2025-06-30 14:29:53] [INFO] : [부모 pid 5873] SIGUSR1 핸들러 발생
[2025-06-30 14:29:53] [INFO] : SIGUSR1 핸들러: 클라이언트 index 0 로부터 메시지 수신을 담당 서버 자식프로세스로부터 받음 : /WHISPER testas1:testas1 asetas
[2025-06-30 14:29:53] [INFO] : [자식 pid 5875] SIGUSR2 핸들러 발생
[2025-06-30 14:30:00] [INFO] : 클라이언트 연결됨: 127.0.0.1
[2025-06-30 14:30:02] [INFO] : [자식 index 1, pid : 5878] 서버의 부모 프로세스에게 메시지(데이터) 작성 SIGNAL 알림: /NICK testas2
[2025-06-30 14:30:00] [INFO] : 클라이언트 연결됨: 127.0.0.1
[2025-06-30 14:30:02] [INFO] : [부모 pid 5873] SIGUSR1 핸들러 발생
[2025-06-30 14:30:02] [INFO] : SIGUSR1 핸들러: 클라이언트 index 1 로부터 메시지 수신을 담당 서버 자식프로세스로부터 받음 : /NICK testas2
[2025-06-30 14:30:02] [INFO] : [자식 pid 5878] SIGUSR2 핸들러 발생
[2025-06-30 14:30:12] [INFO] : [자식 index 1, pid : 5878] 서버의 부모 프로세스에게 메시지(데이터) 작성 SIGNAL 알림: /WHISPER testas2:testas1 sadf
[2025-06-30 14:30:12] [INFO] : [부모 pid 5873] SIGUSR1 핸들러 발생
[2025-06-30 14:30:12] [INFO] : SIGUSR1 핸들러: 클라이언트 index 1 로부터 메시지 수신을 담당 서버 자식프로세스로부터 받음 : /WHISPER testas2:testas1 sadf
[2025-06-30 14:30:12] [INFO] : [자식 pid 5875] SIGUSR2 핸들러 발생
[2025-06-30 14:30:12] [INFO] : [자식 pid 5878] SIGUSR2 핸들러 발생
[2025-06-30 14:30:37] [INFO] : [자식 index 0, pid : 5875] 서버의 부모 프로세스에게 메시지(데이터) 작성 SIGNAL 알림: /WHISPER testas1:testas2 asdf2
[2025-06-30 14:30:37] [INFO] : [부모 pid 5873] SIGUSR1 핸들러 발생
[2025-06-30 14:30:37] [INFO] : SIGUSR1 핸들러: 클라이언트 index 0 로부터 메시지 수신을 담당 서버 자식프로세스로부터 받음 : /WHISPER testas1:testas2 asdf2
[2025-06-30 14:30:37] [INFO] : [자식 pid 5878] SIGUSR2 핸들러 발생
[2025-06-30 14:30:37] [INFO] : [자식 pid 5875] SIGUSR2 핸들러 발생
[2025-06-30 14:30:49] [INFO] : [자식 index 1, pid : 5878] 서버의 부모 프로세스에게 메시지(데이터) 작성 SIGNAL 알림: /ADD testas22
[2025-06-30 14:30:49] [INFO] : [부모 pid 5873] SIGUSR1 핸들러 발생
[2025-06-30 14:30:49] [INFO] : SIGUSR1 핸들러: 클라이언트 index 1 로부터 메시지 수신을 담당 서버 자식프로세스로부터 받음 : /ADD testas22
[2025-06-30 14:30:49] [INFO] : [자식 pid 5878] SIGUSR2 핸들러 발생
[2025-06-30 14:30:50] [INFO] : [자식 index 1, pid : 5878] 서버의 부모 프로세스에게 메시지(데이터) 작성 SIGNAL 알림: /MSG testas2:sdf
[2025-06-30 14:30:50] [INFO] : [부모 pid 5873] SIGUSR1 핸들러 발생
[2025-06-30 14:30:50] [INFO] : SIGUSR1 핸들러: 클라이언트 index 1 로부터 메시지 수신을 담당 서버 자식프로세스로부터 받음 : /MSG testas2:sdf
[2025-06-30 14:30:50] [INFO] : [자식 pid 5878] SIGUSR2 핸들러 발생
[2025-06-30 14:30:59] [INFO] : [자식 index 1, pid : 5878] 서버의 부모 프로세스에게 메시지(데이터) 작성 SIGNAL 알림: /WHISPER testas2:testas1 asdf111
[2025-06-30 14:30:59] [INFO] : [부모 pid 5873] SIGUSR1 핸들러 발생
[2025-06-30 14:30:59] [INFO] : SIGUSR1 핸들러: 클라이언트 index 1 로부터 메시지 수신을 담당 서버 자식프로세스로부터 받음 : /WHISPER testas2:testas1 asdf111
[2025-06-30 14:30:59] [INFO] : [자식 pid 5875] SIGUSR2 핸들러 발생
[2025-06-30 14:30:59] [INFO] : [자식 pid 5878] SIGUSR2 핸들러 발생
[2025-06-30 14:31:02] [INFO] : [자식 index 1, pid : 5878] 서버의 부모 프로세스에게 메시지(데이터) 작성 SIGNAL 알림: /MSG testas2:asdfasdf
[2025-06-30 14:31:02] [INFO] : [부모 pid 5873] SIGUSR1 핸들러 발생
[2025-06-30 14:31:02] [INFO] : SIGUSR1 핸들러: 클라이언트 index 1 로부터 메시지 수신을 담당 서버 자식프로세스로부터 받음 : /MSG testas2:asdfasdf
[2025-06-30 14:31:02] [INFO] : [자식 pid 5878] SIGUSR2 핸들러 발생
[2025-06-30 14:31:04] [INFO] : [자식 index 0, pid : 5875] 서버의 부모 프로세스에게 메시지(데이터) 작성 SIGNAL 알림: /MSG testas1:asdf
[2025-06-30 14:31:04] [INFO] : [부모 pid 5873] SIGUSR1 핸들러 발생
[2025-06-30 14:31:04] [INFO] : SIGUSR1 핸들러: 클라이언트 index 0 로부터 메시지 수신을 담당 서버 자식프로세스로부터 받음 : /MSG testas1:asdf
[2025-06-30 14:31:04] [INFO] : [자식 pid 5875] SIGUSR2 핸들러 발생
[2025-06-30 14:31:09] [INFO] : [자식 index 0, pid : 5875] 서버의 부모 프로세스에게 메시지(데이터) 작성 SIGNAL 알림: /WHISPER testas1:testas2 asdf222
[2025-06-30 14:31:09] [INFO] : [부모 pid 5873] SIGUSR1 핸들러 발생
[2025-06-30 14:31:09] [INFO] : SIGUSR1 핸들러: 클라이언트 index 0 로부터 메시지 수신을 담당 서버 자식프로세스로부터 받음 : /WHISPER testas1:testas2 asdf222
[2025-06-30 14:31:09] [INFO] : [자식 pid 5875] SIGUSR2 핸들러 발생
[2025-06-30 14:31:09] [INFO] : [자식 pid 5878] SIGUSR2 핸들러 발생
[2025-06-30 14:31:13] [WARNING] : [자식 index 0, pid 5875] 클라이언트 연결 종료가 감지되어 해당 클라이언트 연결을 종료합니다.
[2025-06-30 14:31:13] [INFO] : 클라이언트 0 (pid: 5875, nick: testas1) 접속 종료. 자원 회수 완료.

[2025-06-30 14:31:13] [WARNING] : [자식 index 1, pid 5878] 클라이언트 연결 종료가 감지되어 해당 클라이언트 연결을 종료합니다.
[2025-06-30 14:31:13] [INFO] : 클라이언트 1 (pid: 5878, nick: testas2) 접속 종료. 자원 회수 완료.

[2025-06-30 14:31:22] [INFO] : [부모 pid 5873] 서버 종료 시그널 수신 : 모든 자식 종료 중 ...
[2025-06-30 14:31:22] [INFO] : [부모 pid 5873] 서버 종료 완료. 자원 회수 완료.
[2025-06-30 15:52:07] [INFO] : 서버가 5101 번 포트에서 대기하고 있습니다......

[2025-06-30 15:52:10] [INFO] : 클라이언트 연결됨: 127.0.0.1
[2025-06-30 15:52:12] [INFO] : [자식 index 0, pid : 6958] 서버의 부모 프로세스에게 메시지(데이터) 작성 SIGNAL 알림: /NICK testas1
[2025-06-30 15:52:10] [INFO] : 클라이언트 연결됨: 127.0.0.1
[2025-06-30 15:52:12] [INFO] : [부모 pid 6956] SIGUSR1 핸들러 발생
[2025-06-30 15:52:12] [INFO] : SIGUSR1 핸들러: 클라이언트 index 0 로부터 메시지 수신을 담당 서버 자식프로세스로부터 받음 : /NICK testas1
[2025-06-30 15:52:12] [INFO] : [자식 pid 6958] SIGUSR2 핸들러 발생
[2025-06-30 15:52:20] [INFO] : [자식 index 0, pid : 6958] 서버의 부모 프로세스에게 메시지(데이터) 작성 SIGNAL 알림: /WHISPER testas1:TESTAS2 sdf
[2025-06-30 15:52:20] [INFO] : [부모 pid 6956] SIGUSR1 핸들러 발생
[2025-06-30 15:52:20] [INFO] : SIGUSR1 핸들러: 클라이언트 index 0 로부터 메시지 수신을 담당 서버 자식프로세스로부터 받음 : /WHISPER testas1:TESTAS2 sdf
[2025-06-30 15:52:20] [INFO] : [자식 pid 6958] SIGUSR2 핸들러 발생
[2025-06-30 15:54:01] [WARNING] : [자식 index 0, pid 6958] 클라이언트 연결 종료가 감지되어 해당 클라이언트 연결을 종료합니다.
[2025-06-30 15:54:01] [INFO] : 클라이언트 0 (pid: 6958, nick: testas1) 접속 종료. 자원 회수 완료.

[2025-06-30 15:54:09] [INFO] : 클라이언트 연결됨: 127.0.0.1
[2025-06-30 15:54:11] [INFO] : [자식 index 0, pid : 7065] 서버의 부모 프로세스에게 메시지(데이터) 작성 SIGNAL 알림: /NICK testas1
[2025-06-30 15:54:09] [INFO] : 클라이언트 연결됨: 127.0.0.1
[2025-06-30 15:54:11] [INFO] : [부모 pid 6956] SIGUSR1 핸들러 발생
[2025-06-30 15:54:11] [INFO] : SIGUSR1 핸들러: 클라이언트 index 0 로부터 메시지 수신을 담당 서버 자식프로세스로부터 받음 : /NICK testas1
[2025-06-30 15:54:11] [INFO] : [자식 pid 7065] SIGUSR2 핸들러 발생
[2025-06-30 15:54:18] [INFO] : [자식 index 0, pid : 7065] 서버의 부모 프로세스에게 메시지(데이터) 작성 SIGNAL 알림: /WHISPER testas1:testas2
[2025-06-30 15:54:18] [INFO] : [부모 pid 6956] SIGUSR1 핸들러 발생
[2025-06-30 15:54:18] [INFO] : SIGUSR1 핸들러: 클라이언트 index 0 로부터 메시지 수신을 담당 서버 자식프로세스로부터 받음 : /WHISPER testas1:testas2
[2025-06-30 15:54:18] [INFO] : [자식 pid 7065] SIGUSR2 핸들러 발생
[2025-06-30 15:54:57] [INFO] : [자식 index 0, pid : 7065] 서버의 부모 프로세스에게 메시지(데이터) 작성 SIGNAL 알림: /MSG testas1:sdfsdf
[2025-06-30 15:54:57] [INFO] : [부모 pid 6956] SIGUSR1 핸들러 발생
[2025-06-30 15:54:57] [INFO] : SIGUSR1 핸들러: 클라이언트 index 0 로부터 메시지 수신을 담당 서버 자식프로세스로부터 받음 : /MSG testas1:sdfsdf
[2025-06-30 15:54:57] [INFO] : [자식 pid 7065] SIGUSR2 핸들러 발생
[2025-06-30 15:55:29] [WARNING] : [자식 index 0, pid 7065] 클라이언트 연결 종료가 감지되어 해당 클라이언트 연결을 종료합니다.
[2025-06-30 15:55:29] [INFO] : 클라이언트 0 (pid: 7065, nick: testas1) 접속 종료. 자원 회수 완료.

[2025-06-30 15:55:30] [INFO] : 클라이언트 연결됨: 127.0.0.1
[2025-06-30 15:55:32] [INFO] : [자식 index 0, pid : 7153] 서버의 부모 프로세스에게 메시지(데이터) 작성 SIGNAL 알림: /NICK testas1
[2025-06-30 15:55:30] [INFO] : 클라이언트 연결됨: 127.0.0.1
[2025-06-30 15:55:32] [INFO] : [부모 pid 6956] SIGUSR1 핸들러 발생
[2025-06-30 15:55:32] [INFO] : SIGUSR1 핸들러: 클라이언트 index 0 로부터 메시지 수신을 담당 서버 자식프로세스로부터 받음 : /NICK testas1
[2025-06-30 15:55:32] [INFO] : [자식 pid 7153] SIGUSR2 핸들러 발생
[2025-06-30 15:55:35] [INFO] : [자식 index 0, pid : 7153] 서버의 부모 프로세스에게 메시지(데이터) 작성 SIGNAL 알림: /WHISPER testas1:testas1
[2025-06-30 15:55:35] [INFO] : [부모 pid 6956] SIGUSR1 핸들러 발생
[2025-06-30 15:55:35] [INFO] : SIGUSR1 핸들러: 클라이언트 index 0 로부터 메시지 수신을 담당 서버 자식프로세스로부터 받음 : /WHISPER testas1:testas1
[2025-06-30 15:55:35] [INFO] : [자식 pid 7153] SIGUSR2 핸들러 발생
[2025-06-30 15:55:45] [INFO] : [자식 index 0, pid : 7153] 서버의 부모 프로세스에게 메시지(데이터) 작성 SIGNAL 알림: /MSG testas1:sdf
[2025-06-30 15:55:45] [INFO] : [부모 pid 6956] SIGUSR1 핸들러 발생
[2025-06-30 15:55:45] [INFO] : SIGUSR1 핸들러: 클라이언트 index 0 로부터 메시지 수신을 담당 서버 자식프로세스로부터 받음 : /MSG testas1:sdf
[2025-06-30 15:55:45] [INFO] : [자식 pid 7153] SIGUSR2 핸들러 발생
[2025-06-30 15:55:50] [INFO] : [자식 index 0, pid : 7153] 서버의 부모 프로세스에게 메시지(데이터) 작성 SIGNAL 알림: /WHISPER testas1:testas1 asdf
[2025-06-30 15:55:50] [INFO] : [부모 pid 6956] SIGUSR1 핸들러 발생
[2025-06-30 15:55:50] [INFO] : SIGUSR1 핸들러: 클라이언트 index 0 로부터 메시지 수신을 담당 서버 자식프로세스로부터 받음 : /WHISPER testas1:testas1 asdf
[2025-06-30 15:55:50] [INFO] : [자식 pid 7153] SIGUSR2 핸들러 발생
[2025-06-30 16:00:14] [WARNING] : [자식 index 0, pid 7153] 클라이언트 연결 종료가 감지되어 해당 클라이언트 연결을 종료합니다.
[2025-06-30 16:00:14] [INFO] : 클라이언트 0 (pid: 7153, nick: testas1) 접속 종료. 자원 회수 완료.

[2025-06-30 16:00:22] [INFO] : [부모 pid 6956] 서버 종료 시그널 수신 : 모든 자식 종료 중 ...
[2025-06-30 16:00:22] [INFO] : [부모 pid 6956] 서버 종료 완료. 자원 회수 완료.
[2025-06-30 16:00:24] [INFO] : 서버가 5101 번 포트에서 대기하고 있습니다......

[2025-06-30 16:00:25] [INFO] : 클라이언트 연결됨: 127.0.0.1
[2025-06-30 16:00:28] [INFO] : [자식 index 0, pid : 7250] 서버의 부모 프로세스에게 메시지(데이터) 작성 SIGNAL 알림: /NICK testas1
[2025-06-30 16:00:25] [INFO] : 클라이언트 연결됨: 127.0.0.1
[2025-06-30 16:00:28] [INFO] : [부모 pid 7248] SIGUSR1 핸들러 발생
[2025-06-30 16:00:28] [INFO] : SIGUSR1 핸들러: 클라이언트 index 0 로부터 메시지 수신을 담당 서버 자식프로세스로부터 받음 : /NICK testas1
[2025-06-30 16:00:28] [INFO] : [자식 pid 7250] SIGUSR2 핸들러 발생
[2025-06-30 16:00:33] [INFO] : [자식 index 0, pid : 7250] 서버의 부모 프로세스에게 메시지(데이터) 작성 SIGNAL 알림: /WHISPER testas1:tesa
[2025-06-30 16:00:33] [INFO] : [부모 pid 7248] SIGUSR1 핸들러 발생
[2025-06-30 16:00:33] [INFO] : SIGUSR1 핸들러: 클라이언트 index 0 로부터 메시지 수신을 담당 서버 자식프로세스로부터 받음 : /WHISPER testas1:tesa
[2025-06-30 16:00:33] [INFO] : [자식 pid 7250] SIGUSR2 핸들러 발생
[2025-06-30 16:08:19] [WARNING] : [자식 index 0, pid 7250] 클라이언트 연결 종료가 감지되어 해당 클라이언트 연결을 종료합니다.
[2025-06-30 16:08:19] [INFO] : 클라이언트 0 (pid: 7250, nick: testas1) 접속 종료. 자원 회수 완료.

[2025-06-30 16:08:33] [INFO] : [부모 pid 7248] 서버 종료 시그널 수신 : 모든 자식 종료 중 ...
[2025-06-30 16:08:33] [INFO] : [부모 pid 7248] 서버 종료 완료. 자원 회수 완료.
[2025-06-30 16:08:34] [INFO] : 서버가 5101 번 포트에서 대기하고 있습니다......

[2025-06-30 16:08:37] [INFO] : 클라이언트 연결됨: 127.0.0.1
[2025-06-30 16:08:40] [INFO] : [자식 index 0, pid : 7486] 서버의 부모 프로세스에게 메시지(데이터) 작성 SIGNAL 알림: /NICK testas1
[2025-06-30 16:08:37] [INFO] : 클라이언트 연결됨: 127.0.0.1
[2025-06-30 16:08:40] [INFO] : [부모 pid 7484] SIGUSR1 핸들러 발생
[2025-06-30 16:08:40] [INFO] : SIGUSR1 핸들러: 클라이언트 index 0 로부터 메시지 수신을 담당 서버 자식프로세스로부터 받음 : /NICK testas1
[2025-06-30 16:08:40] [INFO] : [자식 pid 7486] SIGUSR2 핸들러 발생
[2025-06-30 16:08:45] [INFO] : [자식 index 0, pid : 7486] 서버의 부모 프로세스에게 메시지(데이터) 작성 SIGNAL 알림: /LIST all
[2025-06-30 16:08:45] [INFO] : [부모 pid 7484] SIGUSR1 핸들러 발생
[2025-06-30 16:08:45] [INFO] : SIGUSR1 핸들러: 클라이언트 index 0 로부터 메시지 수신을 담당 서버 자식프로세스로부터 받음 : /LIST all
[2025-06-30 16:08:45] [INFO] : [자식 pid 7486] SIGUSR2 핸들러 발생
[2025-06-30 16:08:54] [INFO] : [자식 index 0, pid : 7486] 서버의 부모 프로세스에게 메시지(데이터) 작성 SIGNAL 알림: /USER all
[2025-06-30 16:08:54] [INFO] : [부모 pid 7484] SIGUSR1 핸들러 발생
[2025-06-30 16:08:54] [INFO] : SIGUSR1 핸들러: 클라이언트 index 0 로부터 메시지 수신을 담당 서버 자식프로세스로부터 받음 : /USER all
[2025-06-30 16:08:54] [INFO] : [자식 pid 7486] SIGUSR2 핸들러 발생
[2025-06-30 16:09:02] [INFO] : [자식 index 0, pid : 7486] 서버의 부모 프로세스에게 메시지(데이터) 작성 SIGNAL 알림: /ADD testroom
[2025-06-30 16:09:02] [INFO] : [부모 pid 7484] SIGUSR1 핸들러 발생
[2025-06-30 16:09:02] [INFO] : SIGUSR1 핸들러: 클라이언트 index 0 로부터 메시지 수신을 담당 서버 자식프로세스로부터 받음 : /ADD testroom
[2025-06-30 16:09:02] [INFO] : [자식 pid 7486] SIGUSR2 핸들러 발생
[2025-06-30 16:09:05] [INFO] : [자식 index 0, pid : 7486] 서버의 부모 프로세스에게 메시지(데이터) 작성 SIGNAL 알림: /MSG testas1:hello
[2025-06-30 16:09:05] [INFO] : [부모 pid 7484] SIGUSR1 핸들러 발생
[2025-06-30 16:09:05] [INFO] : SIGUSR1 핸들러: 클라이언트 index 0 로부터 메시지 수신을 담당 서버 자식프로세스로부터 받음 : /MSG testas1:hello
[2025-06-30 16:09:05] [INFO] : [자식 pid 7486] SIGUSR2 핸들러 발생
[2025-06-30 16:09:31] [INFO] : [자식 index 0, pid : 7486] 서버의 부모 프로세스에게 메시지(데이터) 작성 SIGNAL 알림: /LEAVE lobby
[2025-06-30 16:09:31] [INFO] : [부모 pid 7484] SIGUSR1 핸들러 발생
[2025-06-30 16:09:31] [INFO] : SIGUSR1 핸들러: 클라이언트 index 0 로부터 메시지 수신을 담당 서버 자식프로세스로부터 받음 : /LEAVE lobby
[2025-06-30 16:09:31] [INFO] : [자식 pid 7486] SIGUSR2 핸들러 발생
[2025-06-30 16:09:38] [INFO] : [자식 index 0, pid : 7486] 서버의 부모 프로세스에게 메시지(데이터) 작성 SIGNAL 알림: /JOIN testroom1
[2025-06-30 16:09:38] [INFO] : [부모 pid 7484] SIGUSR1 핸들러 발생
[2025-06-30 16:09:38] [INFO] : SIGUSR1 핸들러: 클라이언트 index 0 로부터 메시지 수신을 담당 서버 자식프로세스로부터 받음 : /JOIN testroom1
[2025-06-30 16:09:38] [INFO] : [자식 pid 7486] SIGUSR2 핸들러 발생
[2025-06-30 16:09:42] [INFO] : [자식 index 0, pid : 7486] 서버의 부모 프로세스에게 메시지(데이터) 작성 SIGNAL 알림: /JOIN testromm
[2025-06-30 16:09:42] [INFO] : [부모 pid 7484] SIGUSR1 핸들러 발생
[2025-06-30 16:09:42] [INFO] : SIGUSR1 핸들러: 클라이언트 index 0 로부터 메시지 수신을 담당 서버 자식프로세스로부터 받음 : /JOIN testromm
[2025-06-30 16:09:42] [INFO] : [자식 pid 7486] SIGUSR2 핸들러 발생
[2025-06-30 16:09:47] [INFO] : [자식 index 0, pid : 7486] 서버의 부모 프로세스에게 메시지(데이터) 작성 SIGNAL 알림: /JOIN testroom
[2025-06-30 16:09:47] [INFO] : [부모 pid 7484] SIGUSR1 핸들러 발생
[2025-06-30 16:09:47] [INFO] : SIGUSR1 핸들러: 클라이언트 index 0 로부터 메시지 수신을 담당 서버 자식프로세스로부터 받음 : /JOIN testroom
[2025-06-30 16:09:47] [INFO] : [자식 pid 7486] SIGUSR2 핸들러 발생
[2025-06-30 16:09:48] [INFO] : [자식 index 0, pid : 7486] 서버의 부모 프로세스에게 메시지(데이터) 작성 SIGNAL 알림: /MSG testas1:sdfsdf
[2025-06-30 16:09:48] [INFO] : [부모 pid 7484] SIGUSR1 핸들러 발생
[2025-06-30 16:09:48] [INFO] : SIGUSR1 핸들러: 클라이언트 index 0 로부터 메시지 수신을 담당 서버 자식프로세스로부터 받음 : /MSG testas1:sdfsdf
[2025-06-30 16:09:48] [INFO] : [자식 pid 7486] SIGUSR2 핸들러 발생
[2025-06-30 16:09:57] [WARNING] : [자식 index 0, pid 7486] 클라이언트 연결 종료가 감지되어 해당 클라이언트 연결을 종료합니다.
[2025-06-30 16:09:57] [INFO] : 클라이언트 0 (pid: 7486, nick: testas1) 접속 종료. 자원 회수 완료.

[2025-06-30 16:10:08] [INFO] : 클라이언트 연결됨: 127.0.0.1
[2025-06-30 16:10:09] [INFO] : [자식 index 0, pid : 7528] 서버의 부모 프로세스에게 메시지(데이터) 작성 SIGNAL 알림: /NICK testas1
[2025-06-30 16:10:08] [INFO] : 클라이언트 연결됨: 127.0.0.1
[2025-06-30 16:10:09] [INFO] : [부모 pid 7484] SIGUSR1 핸들러 발생
[2025-06-30 16:10:09] [INFO] : SIGUSR1 핸들러: 클라이언트 index 0 로부터 메시지 수신을 담당 서버 자식프로세스로부터 받음 : /NICK testas1
[2025-06-30 16:10:09] [INFO] : [자식 pid 7528] SIGUSR2 핸들러 발생
[2025-06-30 16:10:13] [INFO] : [자식 index 0, pid : 7528] 서버의 부모 프로세스에게 메시지(데이터) 작성 SIGNAL 알림: /ADD testas1
[2025-06-30 16:10:13] [INFO] : [부모 pid 7484] SIGUSR1 핸들러 발생
[2025-06-30 16:10:13] [INFO] : SIGUSR1 핸들러: 클라이언트 index 0 로부터 메시지 수신을 담당 서버 자식프로세스로부터 받음 : /ADD testas1
[2025-06-30 16:10:13] [INFO] : [자식 pid 7528] SIGUSR2 핸들러 발생
[2025-06-30 16:10:22] [INFO] : 클라이언트 연결됨: 127.0.0.1
[2025-06-30 16:10:25] [INFO] : [자식 index 1, pid : 7543] 서버의 부모 프로세스에게 메시지(데이터) 작성 SIGNAL 알림: /NICK testas1
[2025-06-30 16:10:22] [INFO] : 클라이언트 연결됨: 127.0.0.1
[2025-06-30 16:10:25] [INFO] : [부모 pid 7484] SIGUSR1 핸들러 발생
[2025-06-30 16:10:25] [INFO] : SIGUSR1 핸들러: 클라이언트 index 1 로부터 메시지 수신을 담당 서버 자식프로세스로부터 받음 : /NICK testas1
[2025-06-30 16:10:25] [INFO] : [자식 pid 7543] SIGUSR2 핸들러 발생
[2025-06-30 16:10:26] [INFO] : [자식 index 1, pid : 7543] 서버의 부모 프로세스에게 메시지(데이터) 작성 SIGNAL 알림: /NICK testas2
[2025-06-30 16:10:26] [INFO] : [부모 pid 7484] SIGUSR1 핸들러 발생
[2025-06-30 16:10:26] [INFO] : SIGUSR1 핸들러: 클라이언트 index 1 로부터 메시지 수신을 담당 서버 자식프로세스로부터 받음 : /NICK testas2
[2025-06-30 16:10:26] [INFO] : [자식 pid 7543] SIGUSR2 핸들러 발생
[2025-06-30 16:10:32] [INFO] : [자식 index 1, pid : 7543] 서버의 부모 프로세스에게 메시지(데이터) 작성 SIGNAL 알림: /WHISPER testas2:testas2 asdf
[2025-06-30 16:10:32] [INFO] : [부모 pid 7484] SIGUSR1 핸들러 발생
[2025-06-30 16:10:32] [INFO] : SIGUSR1 핸들러: 클라이언트 index 1 로부터 메시지 수신을 담당 서버 자식프로세스로부터 받음 : /WHISPER testas2:testas2 asdf
[2025-06-30 16:10:32] [INFO] : [자식 pid 7543] SIGUSR2 핸들러 발생
[2025-06-30 16:10:37] [INFO] : [자식 index 1, pid : 7543] 서버의 부모 프로세스에게 메시지(데이터) 작성 SIGNAL 알림: /WHISPER testas2:testas1 asdf
[2025-06-30 16:10:37] [INFO] : [부모 pid 7484] SIGUSR1 핸들러 발생
[2025-06-30 16:10:37] [INFO] : SIGUSR1 핸들러: 클라이언트 index 1 로부터 메시지 수신을 담당 서버 자식프로세스로부터 받음 : /WHISPER testas2:testas1 asdf
[2025-06-30 16:10:37] [INFO] : [자식 pid 7543] SIGUSR2 핸들러 발생
[2025-06-30 16:10:37] [INFO] : [자식 pid 7528] SIGUSR2 핸들러 발생
[2025-06-30 16:10:40] [WARNING] : [자식 index 1, pid 7543] 클라이언트 연결 종료가 감지되어 해당 클라이언트 연결을 종료합니다.
[2025-06-30 16:10:40] [INFO] : 클라이언트 1 (pid: 7543, nick: testas2) 접속 종료. 자원 회수 완료.

[2025-06-30 16:10:42] [WARNING] : [자식 index 0, pid 7528] 클라이언트 연결 종료가 감지되어 해당 클라이언트 연결을 종료합니다.
[2025-06-30 16:10:42] [INFO] : 클라이언트 0 (pid: 7528, nick: testas1) 접속 종료. 자원 회수 완료.

[2025-06-30 16:22:22] [INFO] : 클라이언트 연결됨: 127.0.0.1
[2025-06-30 16:22:23] [INFO] : [자식 index 0, pid : 8182] 서버의 부모 프로세스에게 메시지(데이터) 작성 SIGNAL 알림: /NICK testas1
[2025-06-30 16:22:22] [INFO] : 클라이언트 연결됨: 127.0.0.1
[2025-06-30 16:22:23] [INFO] : [부모 pid 7484] SIGUSR1 핸들러 발생
[2025-06-30 16:22:23] [INFO] : SIGUSR1 핸들러: 클라이언트 index 0 로부터 메시지 수신을 담당 서버 자식프로세스로부터 받음 : /NICK testas1
[2025-06-30 16:22:23] [INFO] : [자식 pid 8182] SIGUSR2 핸들러 발생
[2025-06-30 16:22:29] [INFO] : [자식 index 0, pid : 8182] 서버의 부모 프로세스에게 메시지(데이터) 작성 SIGNAL 알림: /ADD tesatsd
[2025-06-30 16:22:29] [INFO] : [부모 pid 7484] SIGUSR1 핸들러 발생
[2025-06-30 16:22:29] [INFO] : SIGUSR1 핸들러: 클라이언트 index 0 로부터 메시지 수신을 담당 서버 자식프로세스로부터 받음 : /ADD tesatsd
[2025-06-30 16:22:29] [INFO] : [자식 pid 8182] SIGUSR2 핸들러 발생
[2025-06-30 16:22:31] [INFO] : [자식 index 0, pid : 8182] 서버의 부모 프로세스에게 메시지(데이터) 작성 SIGNAL 알림: /MSG testas1:laksdjfklsdfj
[2025-06-30 16:22:31] [INFO] : [부모 pid 7484] SIGUSR1 핸들러 발생
[2025-06-30 16:22:31] [INFO] : SIGUSR1 핸들러: 클라이언트 index 0 로부터 메시지 수신을 담당 서버 자식프로세스로부터 받음 : /MSG testas1:laksdjfklsdfj
[2025-06-30 16:22:31] [INFO] : [자식 pid 8182] SIGUSR2 핸들러 발생
[2025-06-30 16:22:37] [INFO] : [자식 index 0, pid : 8182] 서버의 부모 프로세스에게 메시지(데이터) 작성 SIGNAL 알림: /RM tesatsd
[2025-06-30 16:22:37] [INFO] : [부모 pid 7484] SIGUSR1 핸들러 발생
[2025-06-30 16:22:37] [INFO] : SIGUSR1 핸들러: 클라이언트 index 0 로부터 메시지 수신을 담당 서버 자식프로세스로부터 받음 : /RM tesatsd
[2025-06-30 16:22:37] [INFO] : [자식 pid 8182] SIGUSR2 핸들러 발생
[2025-06-30 16:22:38] [INFO] : [자식 index 0, pid : 8182] 서버의 부모 프로세스에게 메시지(데이터) 작성 SIGNAL 알림: /MSG testas1:asdklfj
[2025-06-30 16:22:38] [INFO] : [부모 pid 7484] SIGUSR1 핸들러 발생
[2025-06-30 16:22:38] [INFO] : SIGUSR1 핸들러: 클라이언트 index 0 로부터 메시지 수신을 담당 서버 자식프로세스로부터 받음 : /MSG testas1:asdklfj
[2025-06-30 16:22:38] [INFO] : [자식 pid 8182] SIGUSR2 핸들러 발생
[2025-06-30 16:22:52] [INFO] : [자식 index 0, pid : 8182] 서버의 부모 프로세스에게 메시지(데이터) 작성 SIGNAL 알림: /LEAVE lob
[2025-06-30 16:22:52] [INFO] : [부모 pid 7484] SIGUSR1 핸들러 발생
[2025-06-30 16:22:52] [INFO] : SIGUSR1 핸들러: 클라이언트 index 0 로부터 메시지 수신을 담당 서버 자식프로세스로부터 받음 : /LEAVE lob
[2025-06-30 16:22:52] [INFO] : [자식 pid 8182] SIGUSR2 핸들러 발생
[2025-06-30 16:22:57] [INFO] : [자식 index 0, pid : 8182] 서버의 부모 프로세스에게 메시지(데이터) 작성 SIGNAL 알림: /LEAVE lobby
[2025-06-30 16:22:57] [INFO] : [부모 pid 7484] SIGUSR1 핸들러 발생
[2025-06-30 16:22:57] [INFO] : SIGUSR1 핸들러: 클라이언트 index 0 로부터 메시지 수신을 담당 서버 자식프로세스로부터 받음 : /LEAVE lobby
[2025-06-30 16:22:57] [INFO] : [자식 pid 8182] SIGUSR2 핸들러 발생
[2025-06-30 16:23:01] [INFO] : [자식 index 0, pid : 8182] 서버의 부모 프로세스에게 메시지(데이터) 작성 SIGNAL 알림: /JOIN lobby
[2025-06-30 16:23:01] [INFO] : [부모 pid 7484] SIGUSR1 핸들러 발생
[2025-06-30 16:23:01] [INFO] : SIGUSR1 핸들러: 클라이언트 index 0 로부터 메시지 수신을 담당 서버 자식프로세스로부터 받음 : /JOIN lobby
[2025-06-30 16:23:01] [INFO] : [자식 pid 8182] SIGUSR2 핸들러 발생
[2025-06-30 16:23:05] [INFO] : [자식 index 0, pid : 8182] 서버의 부모 프로세스에게 메시지(데이터) 작성 SIGNAL 알림: /MSG testas1:skldjflsdkf
[2025-06-30 16:23:05] [INFO] : [부모 pid 7484] SIGUSR1 핸들러 발생
[2025-06-30 16:23:05] [INFO] : SIGUSR1 핸들러: 클라이언트 index 0 로부터 메시지 수신을 담당 서버 자식프로세스로부터 받음 : /MSG testas1:skldjflsdkf
[2025-06-30 16:23:05] [INFO] : [자식 pid 8182] SIGUSR2 핸들러 발생
[2025-06-30 16:23:12] [WARNING] : [자식 index 0, pid 8182] 클라이언트 연결 종료가 감지되어 해당 클라이언트 연결을 종료합니다.
[2025-06-30 16:23:12] [INFO] : 클라이언트 0 (pid: 8182, nick: testas1) 접속 종료. 자원 회수 완료.

[2025-06-30 16:28:55] [INFO] : 클라이언트 연결됨: 127.0.0.1
[2025-06-30 16:28:57] [INFO] : [자식 index 0, pid : 8349] 서버의 부모 프로세스에게 메시지(데이터) 작성 SIGNAL 알림: /NICK testsas1
[2025-06-30 16:28:55] [INFO] : 클라이언트 연결됨: 127.0.0.1
[2025-06-30 16:28:57] [INFO] : [부모 pid 7484] SIGUSR1 핸들러 발생
[2025-06-30 16:28:57] [INFO] : SIGUSR1 핸들러: 클라이언트 index 0 로부터 메시지 수신을 담당 서버 자식프로세스로부터 받음 : /NICK testsas1
[2025-06-30 16:28:57] [INFO] : [자식 pid 8349] SIGUSR2 핸들러 발생
[2025-06-30 16:29:41] [INFO] : [자식 index 0, pid : 8349] 서버의 부모 프로세스에게 메시지(데이터) 작성 SIGNAL 알림: /MSG testsas1:sdf
[2025-06-30 16:29:41] [INFO] : [부모 pid 7484] SIGUSR1 핸들러 발생
[2025-06-30 16:29:41] [INFO] : SIGUSR1 핸들러: 클라이언트 index 0 로부터 메시지 수신을 담당 서버 자식프로세스로부터 받음 : /MSG testsas1:sdf
[2025-06-30 16:29:41] [INFO] : [자식 pid 8349] SIGUSR2 핸들러 발생
[2025-06-30 16:30:42] [WARNING] : [자식 index 0, pid 8349] 클라이언트 연결 종료가 감지되어 해당 클라이언트 연결을 종료합니다.
[2025-06-30 16:30:42] [INFO] : 클라이언트 0 (pid: 8349, nick: testsas1) 접속 종료. 자원 회수 완료.

[2025-06-30 16:30:42] [INFO] : 클라이언트 연결됨: 127.0.0.1
[2025-06-30 16:30:43] [INFO] : [자식 index 0, pid : 8414] 서버의 부모 프로세스에게 메시지(데이터) 작성 SIGNAL 알림: /NICK asdfasdg
[2025-06-30 16:30:42] [INFO] : 클라이언트 연결됨: 127.0.0.1
[2025-06-30 16:30:43] [INFO] : [부모 pid 7484] SIGUSR1 핸들러 발생
[2025-06-30 16:30:43] [INFO] : SIGUSR1 핸들러: 클라이언트 index 0 로부터 메시지 수신을 담당 서버 자식프로세스로부터 받음 : /NICK asdfasdg
[2025-06-30 16:30:43] [INFO] : [자식 pid 8414] SIGUSR2 핸들러 발생
[2025-06-30 16:30:47] [INFO] : [자식 index 0, pid : 8414] 서버의 부모 프로세스에게 메시지(데이터) 작성 SIGNAL 알림: /MSG asdfasdg:
[2025-06-30 16:30:47] [INFO] : [부모 pid 7484] SIGUSR1 핸들러 발생
[2025-06-30 16:30:47] [INFO] : SIGUSR1 핸들러: 클라이언트 index 0 로부터 메시지 수신을 담당 서버 자식프로세스로부터 받음 : /MSG asdfasdg:
[2025-06-30 16:30:47] [INFO] : [자식 pid 8414] SIGUSR2 핸들러 발생
[2025-06-30 16:31:12] [INFO] : [자식 index 0, pid : 8414] 서버의 부모 프로세스에게 메시지(데이터) 작성 SIGNAL 알림: /MSG asdfasdg:
[2025-06-30 16:31:12] [INFO] : [부모 pid 7484] SIGUSR1 핸들러 발생
[2025-06-30 16:31:12] [INFO] : SIGUSR1 핸들러: 클라이언트 index 0 로부터 메시지 수신을 담당 서버 자식프로세스로부터 받음 : /MSG asdfasdg:
[2025-06-30 16:31:12] [INFO] : [자식 pid 8414] SIGUSR2 핸들러 발생
[2025-06-30 16:31:40] [INFO] : [자식 index 0, pid : 8414] 서버의 부모 프로세스에게 메시지(데이터) 작성 SIGNAL 알림: /LEAVE sdfsdf
[2025-06-30 16:31:40] [INFO] : [부모 pid 7484] SIGUSR1 핸들러 발생
[2025-06-30 16:31:40] [INFO] : SIGUSR1 핸들러: 클라이언트 index 0 로부터 메시지 수신을 담당 서버 자식프로세스로부터 받음 : /LEAVE sdfsdf
[2025-06-30 16:31:40] [INFO] : [자식 pid 8414] SIGUSR2 핸들러 발생
[2025-06-30 16:32:04] [WARNING] : [자식 index 0, pid 8414] 클라이언트 연결 종료가 감지되어 해당 클라이언트 연결을 종료합니다.
[2025-06-30 16:32:04] [INFO] : 클라이언트 0 (pid: 8414, nick: asdfasdg) 접속 종료. 자원 회수 완료.

[2025-06-30 16:32:05] [INFO] : 클라이언트 연결됨: 127.0.0.1
[2025-06-30 16:32:07] [INFO] : [자식 index 0, pid : 8472] 서버의 부모 프로세스에게 메시지(데이터) 작성 SIGNAL 알림: /NICK tesas22
[2025-06-30 16:32:05] [INFO] : 클라이언트 연결됨: 127.0.0.1
[2025-06-30 16:32:07] [INFO] : [부모 pid 7484] SIGUSR1 핸들러 발생
[2025-06-30 16:32:07] [INFO] : SIGUSR1 핸들러: 클라이언트 index 0 로부터 메시지 수신을 담당 서버 자식프로세스로부터 받음 : /NICK tesas22
[2025-06-30 16:32:07] [INFO] : [자식 pid 8472] SIGUSR2 핸들러 발생
[2025-06-30 16:34:11] [INFO] : [자식 index 0, pid : 8472] 서버의 부모 프로세스에게 메시지(데이터) 작성 SIGNAL 알림: /MSG tesas22:f
[2025-06-30 16:34:11] [INFO] : [부모 pid 7484] SIGUSR1 핸들러 발생
[2025-06-30 16:34:11] [INFO] : SIGUSR1 핸들러: 클라이언트 index 0 로부터 메시지 수신을 담당 서버 자식프로세스로부터 받음 : /MSG tesas22:f
[2025-06-30 16:34:11] [INFO] : [자식 pid 8472] SIGUSR2 핸들러 발생
[2025-06-30 16:34:25] [WARNING] : [자식 index 0, pid 8472] 클라이언트 연결 종료가 감지되어 해당 클라이언트 연결을 종료합니다.
[2025-06-30 16:34:25] [INFO] : 클라이언트 0 (pid: 8472, nick: tesas22) 접속 종료. 자원 회수 완료.

[2025-06-30 16:34:43] [INFO] : [부모 pid 7484] 서버 종료 시그널 수신 : 모든 자식 종료 중 ...
[2025-06-30 16:34:43] [INFO] : [부모 pid 7484] 서버 종료 완료. 자원 회수 완료.