
[2025-06-27 10:49:07] [INFO] : 서버가 5101 번 포트에서 대기하고 있습니다......

[2025-06-27 10:49:12] [INFO] : 클라이언트 연결됨: 127.0.0.1
[2025-06-27 10:49:14] [INFO] : [자식 index 0, pid : 3765] 서버의 부모 프로세스에게 메시지(데이터) 작성 SIGNAL 알림: /NICK sdfkjsdklf
[2025-06-27 10:49:12] [INFO] : 클라이언트 연결됨: 127.0.0.1
[2025-06-27 10:49:14] [INFO] : [부모 pid 3759] SIGUSR1 핸들러 발생
[2025-06-27 10:49:14] [INFO] : SIGUSR1 핸들러: 클라이언트 index 0 로부터 메시지 수신을 담당 서버 자식프로세스로부터 받음 : /NICK sdfkjsdklf
[2025-06-27 10:49:14] [INFO] : [자식 pid 3765] SIGUSR2 핸들러 발생
[2025-06-27 10:49:21] [INFO] : [자식 index 0, pid : 3765] 서버의 부모 프로세스에게 메시지(데이터) 작성 SIGNAL 알림: /RM FDS
[2025-06-27 10:49:21] [INFO] : [부모 pid 3759] SIGUSR1 핸들러 발생
[2025-06-27 10:49:21] [INFO] : SIGUSR1 핸들러: 클라이언트 index 0 로부터 메시지 수신을 담당 서버 자식프로세스로부터 받음 : /RM FDS
[2025-06-27 10:49:21] [INFO] : [자식 pid 3765] SIGUSR2 핸들러 발생
[2025-06-27 10:49:24] [INFO] : [자식 index 0, pid : 3765] 서버의 부모 프로세스에게 메시지(데이터) 작성 SIGNAL 알림: /RM lobby
[2025-06-27 10:49:24] [INFO] : [부모 pid 3759] SIGUSR1 핸들러 발생
[2025-06-27 10:49:24] [INFO] : SIGUSR1 핸들러: 클라이언트 index 0 로부터 메시지 수신을 담당 서버 자식프로세스로부터 받음 : /RM lobby
[2025-06-27 10:49:24] [INFO] : [자식 pid 3765] SIGUSR2 핸들러 발생
[2025-06-27 10:49:28] [INFO] : [자식 index 0, pid : 3765] 서버의 부모 프로세스에게 메시지(데이터) 작성 SIGNAL 알림: /MSG sdfkjsdklf:sldkfjlsdk
[2025-06-27 10:49:28] [INFO] : [부모 pid 3759] SIGUSR1 핸들러 발생
[2025-06-27 10:49:28] [INFO] : SIGUSR1 핸들러: 클라이언트 index 0 로부터 메시지 수신을 담당 서버 자식프로세스로부터 받음 : /MSG sdfkjsdklf:sldkfjlsdk
[2025-06-27 10:49:28] [INFO] : [자식 pid 3765] SIGUSR2 핸들러 발생
[2025-06-27 10:49:38] [INFO] : [자식 index 0, pid : 3765] 서버의 부모 프로세스에게 메시지(데이터) 작성 SIGNAL 알림: /ADD testat
[2025-06-27 10:49:38] [INFO] : [부모 pid 3759] SIGUSR1 핸들러 발생
[2025-06-27 10:49:38] [INFO] : SIGUSR1 핸들러: 클라이언트 index 0 로부터 메시지 수신을 담당 서버 자식프로세스로부터 받음 : /ADD testat
[2025-06-27 10:49:38] [INFO] : [자식 pid 3765] SIGUSR2 핸들러 발생
[2025-06-27 10:49:39] [INFO] : [자식 index 0, pid : 3765] 서버의 부모 프로세스에게 메시지(데이터) 작성 SIGNAL 알림: /MSG sdfkjsdklf:jsdklf
[2025-06-27 10:49:39] [INFO] : [부모 pid 3759] SIGUSR1 핸들러 발생
[2025-06-27 10:49:39] [INFO] : SIGUSR1 핸들러: 클라이언트 index 0 로부터 메시지 수신을 담당 서버 자식프로세스로부터 받음 : /MSG sdfkjsdklf:jsdklf
[2025-06-27 10:49:39] [INFO] : [자식 pid 3765] SIGUSR2 핸들러 발생
[2025-06-27 10:50:12] [INFO] : [자식 index 0, pid : 3765] 서버의 부모 프로세스에게 메시지(데이터) 작성 SIGNAL 알림: /RM testat
[2025-06-27 10:50:12] [INFO] : [부모 pid 3759] SIGUSR1 핸들러 발생
[2025-06-27 10:50:12] [INFO] : SIGUSR1 핸들러: 클라이언트 index 0 로부터 메시지 수신을 담당 서버 자식프로세스로부터 받음 : /RM testat
[2025-06-27 10:50:12] [INFO] : [자식 pid 3765] SIGUSR2 핸들러 발생
[2025-06-27 10:50:15] [INFO] : [자식 index 0, pid : 3765] 서버의 부모 프로세스에게 메시지(데이터) 작성 SIGNAL 알림: /MSG sdfkjsdklf:alskdjflksd
[2025-06-27 10:50:15] [INFO] : [부모 pid 3759] SIGUSR1 핸들러 발생
[2025-06-27 10:50:15] [INFO] : SIGUSR1 핸들러: 클라이언트 index 0 로부터 메시지 수신을 담당 서버 자식프로세스로부터 받음 : /MSG sdfkjsdklf:alskdjflksd
[2025-06-27 10:50:15] [INFO] : [자식 pid 3765] SIGUSR2 핸들러 발생
[2025-06-27 10:50:54] [WARNING] : [자식 index 0, pid 3765] 클라이언트 연결 종료가 감지되어 해당 클라이언트 연결을 종료합니다.
[2025-06-27 10:50:54] [INFO] : 클라이언트 0 (pid: 3765, nick: sdfkjsdklf) 접속 종료. 자원 회수 완료.

[2025-06-27 10:51:10] [INFO] : [부모 pid 3759] 서버 종료 시그널 수신 : 모든 자식 종료 중 ...
[2025-06-27 10:51:10] [INFO] : [부모 pid 3759] 서버 종료 완료. 자원 회수 완료.
[2025-06-27 10:51:14] [INFO] : 서버가 5101 번 포트에서 대기하고 있습니다......

[2025-06-27 10:51:20] [INFO] : 클라이언트 연결됨: 127.0.0.1
[2025-06-27 10:51:21] [INFO] : [자식 index 0, pid : 3823] 서버의 부모 프로세스에게 메시지(데이터) 작성 SIGNAL 알림: /NICK sdlfjslkdfj
[2025-06-27 10:51:20] [INFO] : 클라이언트 연결됨: 127.0.0.1
[2025-06-27 10:51:21] [INFO] : [부모 pid 3821] SIGUSR1 핸들러 발생
[2025-06-27 10:51:21] [INFO] : SIGUSR1 핸들러: 클라이언트 index 0 로부터 메시지 수신을 담당 서버 자식프로세스로부터 받음 : /NICK sdlfjslkdfj
[2025-06-27 10:51:21] [INFO] : [자식 pid 3823] SIGUSR2 핸들러 발생
[2025-06-27 10:52:00] [INFO] : [자식 index 0, pid : 3823] 서버의 부모 프로세스에게 메시지(데이터) 작성 SIGNAL 알림: /ADD sdfjlaksdjflk
[2025-06-27 10:52:00] [INFO] : [부모 pid 3821] SIGUSR1 핸들러 발생
[2025-06-27 10:52:00] [INFO] : SIGUSR1 핸들러: 클라이언트 index 0 로부터 메시지 수신을 담당 서버 자식프로세스로부터 받음 : /ADD sdfjlaksdjflk
[2025-06-27 10:52:00] [INFO] : [자식 pid 3823] SIGUSR2 핸들러 발생
[2025-06-27 10:52:05] [INFO] : [자식 index 0, pid : 3823] 서버의 부모 프로세스에게 메시지(데이터) 작성 SIGNAL 알림: /RM SDKLFJSDKL
[2025-06-27 10:52:05] [INFO] : [부모 pid 3821] SIGUSR1 핸들러 발생
[2025-06-27 10:52:05] [INFO] : SIGUSR1 핸들러: 클라이언트 index 0 로부터 메시지 수신을 담당 서버 자식프로세스로부터 받음 : /RM SDKLFJSDKL
[2025-06-27 10:52:05] [INFO] : [자식 pid 3823] SIGUSR2 핸들러 발생
[2025-06-27 10:52:11] [INFO] : [자식 index 0, pid : 3823] 서버의 부모 프로세스에게 메시지(데이터) 작성 SIGNAL 알림: /RM sdfjlaksdjflk
[2025-06-27 10:52:11] [INFO] : [부모 pid 3821] SIGUSR1 핸들러 발생
[2025-06-27 10:52:11] [INFO] : SIGUSR1 핸들러: 클라이언트 index 0 로부터 메시지 수신을 담당 서버 자식프로세스로부터 받음 : /RM sdfjlaksdjflk
[2025-06-27 10:52:11] [INFO] : [자식 pid 3823] SIGUSR2 핸들러 발생
[2025-06-27 10:52:13] [INFO] : [자식 index 0, pid : 3823] 서버의 부모 프로세스에게 메시지(데이터) 작성 SIGNAL 알림: /MSG sdlfjslkdfj:SDJLKFJSDLK
[2025-06-27 10:52:13] [INFO] : [부모 pid 3821] SIGUSR1 핸들러 발생
[2025-06-27 10:52:13] [INFO] : SIGUSR1 핸들러: 클라이언트 index 0 로부터 메시지 수신을 담당 서버 자식프로세스로부터 받음 : /MSG sdlfjslkdfj:SDJLKFJSDLK
[2025-06-27 10:52:13] [INFO] : [자식 pid 3823] SIGUSR2 핸들러 발생
[2025-06-27 10:52:25] [INFO] : [자식 index 0, pid : 3823] 서버의 부모 프로세스에게 메시지(데이터) 작성 SIGNAL 알림: /ADD TEST11
[2025-06-27 10:52:25] [INFO] : [부모 pid 3821] SIGUSR1 핸들러 발생
[2025-06-27 10:52:25] [INFO] : SIGUSR1 핸들러: 클라이언트 index 0 로부터 메시지 수신을 담당 서버 자식프로세스로부터 받음 : /ADD TEST11
[2025-06-27 10:52:25] [INFO] : [자식 pid 3823] SIGUSR2 핸들러 발생
[2025-06-27 10:52:35] [INFO] : [자식 index 0, pid : 3823] 서버의 부모 프로세스에게 메시지(데이터) 작성 SIGNAL 알림: /ADD TEST22
[2025-06-27 10:52:35] [INFO] : [부모 pid 3821] SIGUSR1 핸들러 발생
[2025-06-27 10:52:35] [INFO] : SIGUSR1 핸들러: 클라이언트 index 0 로부터 메시지 수신을 담당 서버 자식프로세스로부터 받음 : /ADD TEST22
[2025-06-27 10:52:35] [INFO] : [자식 pid 3823] SIGUSR2 핸들러 발생
[2025-06-27 10:52:42] [INFO] : [자식 index 0, pid : 3823] 서버의 부모 프로세스에게 메시지(데이터) 작성 SIGNAL 알림: /ADD TEST33
[2025-06-27 10:52:42] [INFO] : [부모 pid 3821] SIGUSR1 핸들러 발생
[2025-06-27 10:52:42] [INFO] : SIGUSR1 핸들러: 클라이언트 index 0 로부터 메시지 수신을 담당 서버 자식프로세스로부터 받음 : /ADD TEST33
[2025-06-27 10:52:42] [INFO] : [자식 pid 3823] SIGUSR2 핸들러 발생
[2025-06-27 10:52:45] [INFO] : [자식 index 0, pid : 3823] 서버의 부모 프로세스에게 메시지(데이터) 작성 SIGNAL 알림: /ADD TEST44
[2025-06-27 10:52:45] [INFO] : [부모 pid 3821] SIGUSR1 핸들러 발생
[2025-06-27 10:52:45] [INFO] : SIGUSR1 핸들러: 클라이언트 index 0 로부터 메시지 수신을 담당 서버 자식프로세스로부터 받음 : /ADD TEST44
[2025-06-27 10:52:45] [INFO] : [자식 pid 3823] SIGUSR2 핸들러 발생
[2025-06-27 10:52:48] [INFO] : [자식 index 0, pid : 3823] 서버의 부모 프로세스에게 메시지(데이터) 작성 SIGNAL 알림: /ADD TEST55
[2025-06-27 10:52:48] [INFO] : [부모 pid 3821] SIGUSR1 핸들러 발생
[2025-06-27 10:52:48] [INFO] : SIGUSR1 핸들러: 클라이언트 index 0 로부터 메시지 수신을 담당 서버 자식프로세스로부터 받음 : /ADD TEST55
[2025-06-27 10:52:48] [INFO] : [자식 pid 3823] SIGUSR2 핸들러 발생
[2025-06-27 10:52:49] [INFO] : [자식 index 0, pid : 3823] 서버의 부모 프로세스에게 메시지(데이터) 작성 SIGNAL 알림: /MSG sdlfjslkdfj:SDF
[2025-06-27 10:52:49] [INFO] : [부모 pid 3821] SIGUSR1 핸들러 발생
[2025-06-27 10:52:49] [INFO] : SIGUSR1 핸들러: 클라이언트 index 0 로부터 메시지 수신을 담당 서버 자식프로세스로부터 받음 : /MSG sdlfjslkdfj:SDF
[2025-06-27 10:52:49] [INFO] : [자식 pid 3823] SIGUSR2 핸들러 발생
[2025-06-27 10:53:21] [INFO] : 클라이언트 연결됨: 127.0.0.1
[2025-06-27 10:53:23] [INFO] : [자식 index 1, pid : 3865] 서버의 부모 프로세스에게 메시지(데이터) 작성 SIGNAL 알림: /NICK sakldjflaksdja
[2025-06-27 10:53:21] [INFO] : 클라이언트 연결됨: 127.0.0.1
[2025-06-27 10:53:23] [INFO] : [부모 pid 3821] SIGUSR1 핸들러 발생
[2025-06-27 10:53:23] [INFO] : SIGUSR1 핸들러: 클라이언트 index 1 로부터 메시지 수신을 담당 서버 자식프로세스로부터 받음 : /NICK sakldjflaksdja
[2025-06-27 10:53:23] [INFO] : [자식 pid 3865] SIGUSR2 핸들러 발생
[2025-06-27 10:53:34] [INFO] : [자식 index 1, pid : 3865] 서버의 부모 프로세스에게 메시지(데이터) 작성 SIGNAL 알림: /ADD SDFLKJSLKA
[2025-06-27 10:53:34] [INFO] : [부모 pid 3821] SIGUSR1 핸들러 발생
[2025-06-27 10:53:34] [INFO] : SIGUSR1 핸들러: 클라이언트 index 1 로부터 메시지 수신을 담당 서버 자식프로세스로부터 받음 : /ADD SDFLKJSLKA
[2025-06-27 10:53:34] [INFO] : [자식 pid 3865] SIGUSR2 핸들러 발생
[2025-06-27 10:53:40] [INFO] : [자식 index 1, pid : 3865] 서버의 부모 프로세스에게 메시지(데이터) 작성 SIGNAL 알림: /RM TEST44
[2025-06-27 10:53:40] [INFO] : [부모 pid 3821] SIGUSR1 핸들러 발생
[2025-06-27 10:53:40] [INFO] : SIGUSR1 핸들러: 클라이언트 index 1 로부터 메시지 수신을 담당 서버 자식프로세스로부터 받음 : /RM TEST44
[2025-06-27 10:53:40] [INFO] : [자식 pid 3865] SIGUSR2 핸들러 발생
[2025-06-27 10:53:42] [INFO] : [자식 index 1, pid : 3865] 서버의 부모 프로세스에게 메시지(데이터) 작성 SIGNAL 알림: /MSG sakldjflaksdja:DSFSD
[2025-06-27 10:53:42] [INFO] : [부모 pid 3821] SIGUSR1 핸들러 발생
[2025-06-27 10:53:42] [INFO] : SIGUSR1 핸들러: 클라이언트 index 1 로부터 메시지 수신을 담당 서버 자식프로세스로부터 받음 : /MSG sakldjflaksdja:DSFSD
[2025-06-27 10:53:42] [INFO] : [자식 pid 3823] SIGUSR2 핸들러 발생
[2025-06-27 10:53:42] [INFO] : [자식 pid 3865] SIGUSR2 핸들러 발생
[2025-06-27 10:53:48] [INFO] : [자식 index 0, pid : 3823] 서버의 부모 프로세스에게 메시지(데이터) 작성 SIGNAL 알림: /MSG sdlfjslkdfj:ASDFSDF
[2025-06-27 10:53:48] [INFO] : [부모 pid 3821] SIGUSR1 핸들러 발생
[2025-06-27 10:53:48] [INFO] : SIGUSR1 핸들러: 클라이언트 index 0 로부터 메시지 수신을 담당 서버 자식프로세스로부터 받음 : /MSG sdlfjslkdfj:ASDFSDF
[2025-06-27 10:53:48] [INFO] : [자식 pid 3823] SIGUSR2 핸들러 발생
[2025-06-27 10:53:48] [INFO] : [자식 pid 3865] SIGUSR2 핸들러 발생
[2025-06-27 10:56:19] [INFO] : [자식 index 0, pid : 3823] 서버의 부모 프로세스에게 메시지(데이터) 작성 SIGNAL 알림: /ADD test44
[2025-06-27 10:56:19] [INFO] : [부모 pid 3821] SIGUSR1 핸들러 발생
[2025-06-27 10:56:19] [INFO] : SIGUSR1 핸들러: 클라이언트 index 0 로부터 메시지 수신을 담당 서버 자식프로세스로부터 받음 : /ADD test44
[2025-06-27 10:56:19] [INFO] : [자식 pid 3823] SIGUSR2 핸들러 발생
[2025-06-27 10:56:21] [INFO] : [자식 index 0, pid : 3823] 서버의 부모 프로세스에게 메시지(데이터) 작성 SIGNAL 알림: /MSG sdlfjslkdfj:sdklfjsdl
[2025-06-27 10:56:21] [INFO] : [부모 pid 3821] SIGUSR1 핸들러 발생
[2025-06-27 10:56:21] [INFO] : SIGUSR1 핸들러: 클라이언트 index 0 로부터 메시지 수신을 담당 서버 자식프로세스로부터 받음 : /MSG sdlfjslkdfj:sdklfjsdl
[2025-06-27 10:56:21] [INFO] : [자식 pid 3823] SIGUSR2 핸들러 발생
[2025-06-27 10:56:25] [INFO] : [자식 index 0, pid : 3823] 서버의 부모 프로세스에게 메시지(데이터) 작성 SIGNAL 알림: /RM test22
[2025-06-27 10:56:25] [INFO] : [부모 pid 3821] SIGUSR1 핸들러 발생
[2025-06-27 10:56:25] [INFO] : SIGUSR1 핸들러: 클라이언트 index 0 로부터 메시지 수신을 담당 서버 자식프로세스로부터 받음 : /RM test22
[2025-06-27 10:56:25] [INFO] : [자식 pid 3823] SIGUSR2 핸들러 발생
[2025-06-27 10:56:31] [INFO] : [자식 index 0, pid : 3823] 서버의 부모 프로세스에게 메시지(데이터) 작성 SIGNAL 알림: /RM TEST22
[2025-06-27 10:56:31] [INFO] : [부모 pid 3821] SIGUSR1 핸들러 발생
[2025-06-27 10:56:31] [INFO] : SIGUSR1 핸들러: 클라이언트 index 0 로부터 메시지 수신을 담당 서버 자식프로세스로부터 받음 : /RM TEST22
[2025-06-27 10:56:31] [INFO] : [자식 pid 3823] SIGUSR2 핸들러 발생
[2025-06-27 10:56:41] [INFO] : [자식 index 0, pid : 3823] 서버의 부모 프로세스에게 메시지(데이터) 작성 SIGNAL 알림: /RM TEST22
[2025-06-27 10:56:41] [INFO] : [부모 pid 3821] SIGUSR1 핸들러 발생
[2025-06-27 10:56:41] [INFO] : SIGUSR1 핸들러: 클라이언트 index 0 로부터 메시지 수신을 담당 서버 자식프로세스로부터 받음 : /RM TEST22
[2025-06-27 10:56:41] [INFO] : [자식 pid 3823] SIGUSR2 핸들러 발생
[2025-06-27 10:56:48] [INFO] : [자식 index 0, pid : 3823] 서버의 부모 프로세스에게 메시지(데이터) 작성 SIGNAL 알림: /RM TEST222
[2025-06-27 10:56:48] [INFO] : [부모 pid 3821] SIGUSR1 핸들러 발생
[2025-06-27 10:56:48] [INFO] : SIGUSR1 핸들러: 클라이언트 index 0 로부터 메시지 수신을 담당 서버 자식프로세스로부터 받음 : /RM TEST222
[2025-06-27 10:56:48] [INFO] : [자식 pid 3823] SIGUSR2 핸들러 발생
[2025-06-27 10:56:52] [INFO] : [자식 index 0, pid : 3823] 서버의 부모 프로세스에게 메시지(데이터) 작성 SIGNAL 알림: /RM TEST33
[2025-06-27 10:56:52] [INFO] : [부모 pid 3821] SIGUSR1 핸들러 발생
[2025-06-27 10:56:52] [INFO] : SIGUSR1 핸들러: 클라이언트 index 0 로부터 메시지 수신을 담당 서버 자식프로세스로부터 받음 : /RM TEST33
[2025-06-27 10:56:52] [INFO] : [자식 pid 3823] SIGUSR2 핸들러 발생
[2025-06-27 10:56:56] [INFO] : [자식 index 0, pid : 3823] 서버의 부모 프로세스에게 메시지(데이터) 작성 SIGNAL 알림: /MSG sdlfjslkdfj:
[2025-06-27 10:56:56] [INFO] : [부모 pid 3821] SIGUSR1 핸들러 발생
[2025-06-27 10:56:56] [INFO] : SIGUSR1 핸들러: 클라이언트 index 0 로부터 메시지 수신을 담당 서버 자식프로세스로부터 받음 : /MSG sdlfjslkdfj:
[2025-06-27 10:56:56] [INFO] : [자식 pid 3823] SIGUSR2 핸들러 발생
[2025-06-27 10:56:57] [INFO] : [자식 index 0, pid : 3823] 서버의 부모 프로세스에게 메시지(데이터) 작성 SIGNAL 알림: /MSG sdlfjslkdfj:
[2025-06-27 10:56:57] [INFO] : [부모 pid 3821] SIGUSR1 핸들러 발생
[2025-06-27 10:56:57] [INFO] : SIGUSR1 핸들러: 클라이언트 index 0 로부터 메시지 수신을 담당 서버 자식프로세스로부터 받음 : /MSG sdlfjslkdfj:
[2025-06-27 10:56:57] [INFO] : [자식 pid 3823] SIGUSR2 핸들러 발생
[2025-06-27 10:56:59] [INFO] : [자식 index 0, pid : 3823] 서버의 부모 프로세스에게 메시지(데이터) 작성 SIGNAL 알림: /RM TEST22
[2025-06-27 10:56:59] [INFO] : [부모 pid 3821] SIGUSR1 핸들러 발생
[2025-06-27 10:56:59] [INFO] : SIGUSR1 핸들러: 클라이언트 index 0 로부터 메시지 수신을 담당 서버 자식프로세스로부터 받음 : /RM TEST22
[2025-06-27 10:56:59] [INFO] : [자식 pid 3823] SIGUSR2 핸들러 발생
[2025-06-27 10:57:03] [INFO] : [자식 index 0, pid : 3823] 서버의 부모 프로세스에게 메시지(데이터) 작성 SIGNAL 알림: /RM lobby
[2025-06-27 10:57:03] [INFO] : [부모 pid 3821] SIGUSR1 핸들러 발생
[2025-06-27 10:57:03] [INFO] : SIGUSR1 핸들러: 클라이언트 index 0 로부터 메시지 수신을 담당 서버 자식프로세스로부터 받음 : /RM lobby
[2025-06-27 10:57:03] [INFO] : [자식 pid 3823] SIGUSR2 핸들러 발생
[2025-06-27 10:57:08] [INFO] : [자식 index 0, pid : 3823] 서버의 부모 프로세스에게 메시지(데이터) 작성 SIGNAL 알림: /RM TEST11
[2025-06-27 10:57:08] [INFO] : [부모 pid 3821] SIGUSR1 핸들러 발생
[2025-06-27 10:57:08] [INFO] : SIGUSR1 핸들러: 클라이언트 index 0 로부터 메시지 수신을 담당 서버 자식프로세스로부터 받음 : /RM TEST11
[2025-06-27 10:57:08] [INFO] : [자식 pid 3823] SIGUSR2 핸들러 발생
[2025-06-27 10:57:53] [INFO] : [자식 index 0, pid : 3823] 서버의 부모 프로세스에게 메시지(데이터) 작성 SIGNAL 알림: /RM TEST11
[2025-06-27 10:57:53] [INFO] : [부모 pid 3821] SIGUSR1 핸들러 발생
[2025-06-27 10:57:53] [INFO] : SIGUSR1 핸들러: 클라이언트 index 0 로부터 메시지 수신을 담당 서버 자식프로세스로부터 받음 : /RM TEST11
[2025-06-27 10:57:53] [INFO] : [자식 pid 3823] SIGUSR2 핸들러 발생
[2025-06-27 10:59:22] [INFO] : [자식 index 0, pid : 3823] 서버의 부모 프로세스에게 메시지(데이터) 작성 SIGNAL 알림: /MSG sdlfjslkdfj:sadf
[2025-06-27 10:59:22] [INFO] : [부모 pid 3821] SIGUSR1 핸들러 발생
[2025-06-27 10:59:22] [INFO] : SIGUSR1 핸들러: 클라이언트 index 0 로부터 메시지 수신을 담당 서버 자식프로세스로부터 받음 : /MSG sdlfjslkdfj:sadf
[2025-06-27 10:59:22] [INFO] : [자식 pid 3823] SIGUSR2 핸들러 발생
[2025-06-27 10:59:29] [INFO] : [자식 index 0, pid : 3823] 서버의 부모 프로세스에게 메시지(데이터) 작성 SIGNAL 알림: /ADD TEST22
[2025-06-27 10:59:29] [INFO] : [부모 pid 3821] SIGUSR1 핸들러 발생
[2025-06-27 10:59:29] [INFO] : SIGUSR1 핸들러: 클라이언트 index 0 로부터 메시지 수신을 담당 서버 자식프로세스로부터 받음 : /ADD TEST22
[2025-06-27 10:59:29] [INFO] : [자식 pid 3823] SIGUSR2 핸들러 발생
[2025-06-27 10:59:30] [INFO] : [자식 index 0, pid : 3823] 서버의 부모 프로세스에게 메시지(데이터) 작성 SIGNAL 알림: /MSG sdlfjslkdfj:asdfsdf
[2025-06-27 10:59:30] [INFO] : [부모 pid 3821] SIGUSR1 핸들러 발생
[2025-06-27 10:59:30] [INFO] : SIGUSR1 핸들러: 클라이언트 index 0 로부터 메시지 수신을 담당 서버 자식프로세스로부터 받음 : /MSG sdlfjslkdfj:asdfsdf
[2025-06-27 10:59:30] [INFO] : [자식 pid 3823] SIGUSR2 핸들러 발생
[2025-06-27 11:03:30] [WARNING] : [자식 index 0, pid 3823] 클라이언트 연결 종료가 감지되어 해당 클라이언트 연결을 종료합니다.
[2025-06-27 11:03:30] [INFO] : 클라이언트 0 (pid: 3823, nick: sdlfjslkdfj) 접속 종료. 자원 회수 완료.

[2025-06-27 11:03:54] [INFO] : [부모 pid 3821] 서버 종료 시그널 수신 : 모든 자식 종료 중 ...
[2025-06-27 11:03:54] [INFO] : [자식 pid 3865] 종료 시그널 수신. 종료 중...
[2025-06-27 11:03:54] [INFO] : [부모 pid 3821] 서버 종료 완료. 자원 회수 완료.
[2025-06-27 11:04:04] [ERROR] : Address already in use
[2025-06-27 11:04:13] [ERROR] : Address already in use
[2025-06-27 11:04:30] [ERROR] : Address already in use
[2025-06-27 11:04:31] [ERROR] : Address already in use
[2025-06-27 11:04:32] [ERROR] : Address already in use
[2025-06-27 11:04:33] [ERROR] : Address already in use
[2025-06-27 11:04:33] [ERROR] : Address already in use
[2025-06-27 11:04:34] [ERROR] : Address already in use
[2025-06-27 11:04:35] [ERROR] : Address already in use
[2025-06-27 11:04:35] [ERROR] : Address already in use
[2025-06-27 11:04:36] [ERROR] : Address already in use
[2025-06-27 11:05:21] [INFO] : 서버가 5101 번 포트에서 대기하고 있습니다......

[2025-06-27 11:05:26] [INFO] : 클라이언트 연결됨: 127.0.0.1
[2025-06-27 11:05:27] [INFO] : [자식 index 0, pid : 4002] 서버의 부모 프로세스에게 메시지(데이터) 작성 SIGNAL 알림: /NICK asldkfjslkd
[2025-06-27 11:05:26] [INFO] : 클라이언트 연결됨: 127.0.0.1
[2025-06-27 11:05:27] [INFO] : [부모 pid 4000] SIGUSR1 핸들러 발생
[2025-06-27 11:05:27] [INFO] : SIGUSR1 핸들러: 클라이언트 index 0 로부터 메시지 수신을 담당 서버 자식프로세스로부터 받음 : /NICK asldkfjslkd
[2025-06-27 11:05:27] [INFO] : [자식 pid 4002] SIGUSR2 핸들러 발생
[2025-06-27 11:05:35] [INFO] : [자식 index 0, pid : 4002] 서버의 부모 프로세스에게 메시지(데이터) 작성 SIGNAL 알림: /MSG asldkfjslkd:sdf
[2025-06-27 11:05:35] [INFO] : [부모 pid 4000] SIGUSR1 핸들러 발생
[2025-06-27 11:05:35] [INFO] : SIGUSR1 핸들러: 클라이언트 index 0 로부터 메시지 수신을 담당 서버 자식프로세스로부터 받음 : /MSG asldkfjslkd:sdf
[2025-06-27 11:05:35] [INFO] : [자식 pid 4002] SIGUSR2 핸들러 발생
[2025-06-27 11:05:36] [INFO] : [자식 index 0, pid : 4002] 서버의 부모 프로세스에게 메시지(데이터) 작성 SIGNAL 알림: /MSG asldkfjslkd:aslkdfjksdjf
[2025-06-27 11:05:36] [INFO] : [부모 pid 4000] SIGUSR1 핸들러 발생
[2025-06-27 11:05:36] [INFO] : SIGUSR1 핸들러: 클라이언트 index 0 로부터 메시지 수신을 담당 서버 자식프로세스로부터 받음 : /MSG asldkfjslkd:aslkdfjksdjf
[2025-06-27 11:05:36] [INFO] : [자식 pid 4002] SIGUSR2 핸들러 발생
[2025-06-27 11:06:30] [INFO] : [자식 index 0, pid : 4002] 서버의 부모 프로세스에게 메시지(데이터) 작성 SIGNAL 알림: /ADD SDLFKJSDKL
[2025-06-27 11:06:30] [INFO] : [부모 pid 4000] SIGUSR1 핸들러 발생
[2025-06-27 11:06:30] [INFO] : SIGUSR1 핸들러: 클라이언트 index 0 로부터 메시지 수신을 담당 서버 자식프로세스로부터 받음 : /ADD SDLFKJSDKL
[2025-06-27 11:06:30] [INFO] : [자식 pid 4002] SIGUSR2 핸들러 발생
[2025-06-27 11:06:36] [INFO] : [자식 index 0, pid : 4002] 서버의 부모 프로세스에게 메시지(데이터) 작성 SIGNAL 알림: /ADD TEST11
[2025-06-27 11:06:36] [INFO] : [부모 pid 4000] SIGUSR1 핸들러 발생
[2025-06-27 11:06:36] [INFO] : SIGUSR1 핸들러: 클라이언트 index 0 로부터 메시지 수신을 담당 서버 자식프로세스로부터 받음 : /ADD TEST11
[2025-06-27 11:06:36] [INFO] : [자식 pid 4002] SIGUSR2 핸들러 발생
[2025-06-27 11:06:38] [INFO] : [자식 index 0, pid : 4002] 서버의 부모 프로세스에게 메시지(데이터) 작성 SIGNAL 알림: /ADD TEST22
[2025-06-27 11:06:38] [INFO] : [부모 pid 4000] SIGUSR1 핸들러 발생
[2025-06-27 11:06:38] [INFO] : SIGUSR1 핸들러: 클라이언트 index 0 로부터 메시지 수신을 담당 서버 자식프로세스로부터 받음 : /ADD TEST22
[2025-06-27 11:06:38] [INFO] : [자식 pid 4002] SIGUSR2 핸들러 발생
[2025-06-27 11:06:40] [INFO] : [자식 index 0, pid : 4002] 서버의 부모 프로세스에게 메시지(데이터) 작성 SIGNAL 알림: /ADD TEST33
[2025-06-27 11:06:40] [INFO] : [부모 pid 4000] SIGUSR1 핸들러 발생
[2025-06-27 11:06:40] [INFO] : SIGUSR1 핸들러: 클라이언트 index 0 로부터 메시지 수신을 담당 서버 자식프로세스로부터 받음 : /ADD TEST33
[2025-06-27 11:06:40] [INFO] : [자식 pid 4002] SIGUSR2 핸들러 발생
[2025-06-27 11:06:43] [INFO] : [자식 index 0, pid : 4002] 서버의 부모 프로세스에게 메시지(데이터) 작성 SIGNAL 알림: /ADD TEST44
[2025-06-27 11:06:43] [INFO] : [부모 pid 4000] SIGUSR1 핸들러 발생
[2025-06-27 11:06:43] [INFO] : SIGUSR1 핸들러: 클라이언트 index 0 로부터 메시지 수신을 담당 서버 자식프로세스로부터 받음 : /ADD TEST44
[2025-06-27 11:06:43] [INFO] : [자식 pid 4002] SIGUSR2 핸들러 발생
[2025-06-27 11:06:46] [INFO] : [자식 index 0, pid : 4002] 서버의 부모 프로세스에게 메시지(데이터) 작성 SIGNAL 알림: /ADD TEST44
[2025-06-27 11:06:46] [INFO] : [부모 pid 4000] SIGUSR1 핸들러 발생
[2025-06-27 11:06:46] [INFO] : SIGUSR1 핸들러: 클라이언트 index 0 로부터 메시지 수신을 담당 서버 자식프로세스로부터 받음 : /ADD TEST44
[2025-06-27 11:06:46] [INFO] : [자식 pid 4002] SIGUSR2 핸들러 발생
[2025-06-27 11:06:49] [INFO] : [자식 index 0, pid : 4002] 서버의 부모 프로세스에게 메시지(데이터) 작성 SIGNAL 알림: /RM TEST44
[2025-06-27 11:06:49] [INFO] : [부모 pid 4000] SIGUSR1 핸들러 발생
[2025-06-27 11:06:49] [INFO] : SIGUSR1 핸들러: 클라이언트 index 0 로부터 메시지 수신을 담당 서버 자식프로세스로부터 받음 : /RM TEST44
test: TEST44

[2025-06-27 11:06:49] [INFO] : [자식 pid 4002] SIGUSR2 핸들러 발생
[2025-06-27 11:06:53] [INFO] : [자식 index 0, pid : 4002] 서버의 부모 프로세스에게 메시지(데이터) 작성 SIGNAL 알림: /RM TEST22
[2025-06-27 11:06:53] [INFO] : [부모 pid 4000] SIGUSR1 핸들러 발생
[2025-06-27 11:06:53] [INFO] : SIGUSR1 핸들러: 클라이언트 index 0 로부터 메시지 수신을 담당 서버 자식프로세스로부터 받음 : /RM TEST22
test: TEST22

[2025-06-27 11:06:53] [INFO] : [자식 pid 4002] SIGUSR2 핸들러 발생
[2025-06-27 11:10:28] [INFO] : [자식 index 0, pid : 4002] 서버의 부모 프로세스에게 메시지(데이터) 작성 SIGNAL 알림: /ADD TEST44
[2025-06-27 11:10:28] [INFO] : [부모 pid 4000] SIGUSR1 핸들러 발생
[2025-06-27 11:10:28] [INFO] : SIGUSR1 핸들러: 클라이언트 index 0 로부터 메시지 수신을 담당 서버 자식프로세스로부터 받음 : /ADD TEST44
[2025-06-27 11:10:28] [INFO] : [자식 pid 4002] SIGUSR2 핸들러 발생
[2025-06-27 11:11:35] [INFO] : [자식 index 0, pid : 4002] 서버의 부모 프로세스에게 메시지(데이터) 작성 SIGNAL 알림: /RM TEST44
[2025-06-27 11:11:35] [INFO] : [부모 pid 4000] SIGUSR1 핸들러 발생
[2025-06-27 11:11:35] [INFO] : SIGUSR1 핸들러: 클라이언트 index 0 로부터 메시지 수신을 담당 서버 자식프로세스로부터 받음 : /RM TEST44
test: TEST44

[2025-06-27 11:11:35] [INFO] : [자식 pid 4002] SIGUSR2 핸들러 발생
[2025-06-27 11:11:39] [INFO] : [자식 index 0, pid : 4002] 서버의 부모 프로세스에게 메시지(데이터) 작성 SIGNAL 알림: /RM TEST44
[2025-06-27 11:11:39] [INFO] : [부모 pid 4000] SIGUSR1 핸들러 발생
[2025-06-27 11:11:39] [INFO] : SIGUSR1 핸들러: 클라이언트 index 0 로부터 메시지 수신을 담당 서버 자식프로세스로부터 받음 : /RM TEST44
test: TEST44

[2025-06-27 11:11:39] [INFO] : [자식 pid 4002] SIGUSR2 핸들러 발생
[2025-06-27 11:11:41] [INFO] : [자식 index 0, pid : 4002] 서버의 부모 프로세스에게 메시지(데이터) 작성 SIGNAL 알림: /RM TEST11
[2025-06-27 11:11:41] [INFO] : [부모 pid 4000] SIGUSR1 핸들러 발생
[2025-06-27 11:11:41] [INFO] : SIGUSR1 핸들러: 클라이언트 index 0 로부터 메시지 수신을 담당 서버 자식프로세스로부터 받음 : /RM TEST11
test: TEST11

[2025-06-27 11:11:41] [INFO] : [자식 pid 4002] SIGUSR2 핸들러 발생
[2025-06-27 11:23:25] [WARNING] : [자식 index 0, pid 4002] 클라이언트 연결 종료가 감지되어 해당 클라이언트 연결을 종료합니다.
[2025-06-27 11:23:25] [INFO] : 클라이언트 0 (pid: 4002, nick: asldkfjslkd) 접속 종료. 자원 회수 완료.

[2025-06-27 11:23:59] [INFO] : [부모 pid 4000] 서버 종료 시그널 수신 : 모든 자식 종료 중 ...
[2025-06-27 11:23:59] [INFO] : [부모 pid 4000] 서버 종료 완료. 자원 회수 완료.
[2025-06-27 11:24:01] [INFO] : 서버가 5101 번 포트에서 대기하고 있습니다......

[2025-06-27 11:24:07] [INFO] : 클라이언트 연결됨: 127.0.0.1
[2025-06-27 11:24:08] [INFO] : [자식 index 0, pid : 4136] 서버의 부모 프로세스에게 메시지(데이터) 작성 SIGNAL 알림: /NICK slkadfjskl
[2025-06-27 11:24:07] [INFO] : 클라이언트 연결됨: 127.0.0.1
[2025-06-27 11:24:08] [INFO] : [부모 pid 4134] SIGUSR1 핸들러 발생
[2025-06-27 11:24:08] [INFO] : SIGUSR1 핸들러: 클라이언트 index 0 로부터 메시지 수신을 담당 서버 자식프로세스로부터 받음 : /NICK slkadfjskl
[2025-06-27 11:24:08] [INFO] : [자식 pid 4136] SIGUSR2 핸들러 발생
[2025-06-27 11:24:10] [INFO] : [자식 index 0, pid : 4136] 서버의 부모 프로세스에게 메시지(데이터) 작성 SIGNAL 알림: /MSG slkadfjskl:asdf
[2025-06-27 11:24:10] [INFO] : [부모 pid 4134] SIGUSR1 핸들러 발생
[2025-06-27 11:24:10] [INFO] : SIGUSR1 핸들러: 클라이언트 index 0 로부터 메시지 수신을 담당 서버 자식프로세스로부터 받음 : /MSG slkadfjskl:asdf
[2025-06-27 11:24:10] [INFO] : [자식 pid 4136] SIGUSR2 핸들러 발생
[2025-06-27 11:24:12] [INFO] : [자식 index 0, pid : 4136] 서버의 부모 프로세스에게 메시지(데이터) 작성 SIGNAL 알림: /MSG slkadfjskl:sdf
[2025-06-27 11:24:12] [INFO] : [부모 pid 4134] SIGUSR1 핸들러 발생
[2025-06-27 11:24:12] [INFO] : SIGUSR1 핸들러: 클라이언트 index 0 로부터 메시지 수신을 담당 서버 자식프로세스로부터 받음 : /MSG slkadfjskl:sdf
[2025-06-27 11:24:12] [INFO] : [자식 pid 4136] SIGUSR2 핸들러 발생
[2025-06-27 11:24:12] [INFO] : [자식 index 0, pid : 4136] 서버의 부모 프로세스에게 메시지(데이터) 작성 SIGNAL 알림: /MSG slkadfjskl:sdfs d
[2025-06-27 11:24:12] [INFO] : [부모 pid 4134] SIGUSR1 핸들러 발생
[2025-06-27 11:24:12] [INFO] : SIGUSR1 핸들러: 클라이언트 index 0 로부터 메시지 수신을 담당 서버 자식프로세스로부터 받음 : /MSG slkadfjskl:sdfs d
[2025-06-27 11:24:12] [INFO] : [자식 pid 4136] SIGUSR2 핸들러 발생
[2025-06-27 11:24:13] [INFO] : [자식 index 0, pid : 4136] 서버의 부모 프로세스에게 메시지(데이터) 작성 SIGNAL 알림: /MSG slkadfjskl:sd
[2025-06-27 11:24:13] [INFO] : [부모 pid 4134] SIGUSR1 핸들러 발생
[2025-06-27 11:24:13] [INFO] : SIGUSR1 핸들러: 클라이언트 index 0 로부터 메시지 수신을 담당 서버 자식프로세스로부터 받음 : /MSG slkadfjskl:sd
[2025-06-27 11:24:13] [INFO] : [자식 pid 4136] SIGUSR2 핸들러 발생
[2025-06-27 11:24:13] [INFO] : [자식 index 0, pid : 4136] 서버의 부모 프로세스에게 메시지(데이터) 작성 SIGNAL 알림: /MSG slkadfjskl:fs
[2025-06-27 11:24:13] [INFO] : [부모 pid 4134] SIGUSR1 핸들러 발생
[2025-06-27 11:24:13] [INFO] : SIGUSR1 핸들러: 클라이언트 index 0 로부터 메시지 수신을 담당 서버 자식프로세스로부터 받음 : /MSG slkadfjskl:fs
[2025-06-27 11:24:13] [INFO] : [자식 pid 4136] SIGUSR2 핸들러 발생
[2025-06-27 11:24:13] [INFO] : [자식 index 0, pid : 4136] 서버의 부모 프로세스에게 메시지(데이터) 작성 SIGNAL 알림: /MSG slkadfjskl:df
[2025-06-27 11:24:13] [INFO] : [부모 pid 4134] SIGUSR1 핸들러 발생
[2025-06-27 11:24:13] [INFO] : SIGUSR1 핸들러: 클라이언트 index 0 로부터 메시지 수신을 담당 서버 자식프로세스로부터 받음 : /MSG slkadfjskl:df
[2025-06-27 11:24:13] [INFO] : [자식 pid 4136] SIGUSR2 핸들러 발생
[2025-06-27 11:24:13] [INFO] : [자식 index 0, pid : 4136] 서버의 부모 프로세스에게 메시지(데이터) 작성 SIGNAL 알림: /MSG slkadfjskl:sdf
[2025-06-27 11:24:13] [INFO] : [부모 pid 4134] SIGUSR1 핸들러 발생
[2025-06-27 11:24:13] [INFO] : SIGUSR1 핸들러: 클라이언트 index 0 로부터 메시지 수신을 담당 서버 자식프로세스로부터 받음 : /MSG slkadfjskl:sdf
[2025-06-27 11:24:13] [INFO] : [자식 pid 4136] SIGUSR2 핸들러 발생
[2025-06-27 11:24:13] [INFO] : [자식 index 0, pid : 4136] 서버의 부모 프로세스에게 메시지(데이터) 작성 SIGNAL 알림: /MSG slkadfjskl:sd
[2025-06-27 11:24:13] [INFO] : [부모 pid 4134] SIGUSR1 핸들러 발생
[2025-06-27 11:24:13] [INFO] : SIGUSR1 핸들러: 클라이언트 index 0 로부터 메시지 수신을 담당 서버 자식프로세스로부터 받음 : /MSG slkadfjskl:sd
[2025-06-27 11:24:13] [INFO] : [자식 pid 4136] SIGUSR2 핸들러 발생
[2025-06-27 11:24:13] [INFO] : [자식 index 0, pid : 4136] 서버의 부모 프로세스에게 메시지(데이터) 작성 SIGNAL 알림: /MSG slkadfjskl:fsd
[2025-06-27 11:24:13] [INFO] : [부모 pid 4134] SIGUSR1 핸들러 발생
[2025-06-27 11:24:13] [INFO] : SIGUSR1 핸들러: 클라이언트 index 0 로부터 메시지 수신을 담당 서버 자식프로세스로부터 받음 : /MSG slkadfjskl:fsd
[2025-06-27 11:24:13] [INFO] : [자식 pid 4136] SIGUSR2 핸들러 발생
[2025-06-27 11:24:13] [INFO] : [자식 index 0, pid : 4136] 서버의 부모 프로세스에게 메시지(데이터) 작성 SIGNAL 알림: /MSG slkadfjskl:f
[2025-06-27 11:24:13] [INFO] : [부모 pid 4134] SIGUSR1 핸들러 발생
[2025-06-27 11:24:13] [INFO] : SIGUSR1 핸들러: 클라이언트 index 0 로부터 메시지 수신을 담당 서버 자식프로세스로부터 받음 : /MSG slkadfjskl:f
[2025-06-27 11:24:13] [INFO] : [자식 pid 4136] SIGUSR2 핸들러 발생
[2025-06-27 11:24:14] [INFO] : [자식 index 0, pid : 4136] 서버의 부모 프로세스에게 메시지(데이터) 작성 SIGNAL 알림: /MSG slkadfjskl:sd
[2025-06-27 11:24:14] [INFO] : [부모 pid 4134] SIGUSR1 핸들러 발생
[2025-06-27 11:24:14] [INFO] : SIGUSR1 핸들러: 클라이언트 index 0 로부터 메시지 수신을 담당 서버 자식프로세스로부터 받음 : /MSG slkadfjskl:sd
[2025-06-27 11:24:14] [INFO] : [자식 pid 4136] SIGUSR2 핸들러 발생
[2025-06-27 11:24:14] [INFO] : [자식 index 0, pid : 4136] 서버의 부모 프로세스에게 메시지(데이터) 작성 SIGNAL 알림: /MSG slkadfjskl: s
[2025-06-27 11:24:14] [INFO] : [부모 pid 4134] SIGUSR1 핸들러 발생
[2025-06-27 11:24:14] [INFO] : SIGUSR1 핸들러: 클라이언트 index 0 로부터 메시지 수신을 담당 서버 자식프로세스로부터 받음 : /MSG slkadfjskl: s
[2025-06-27 11:24:14] [INFO] : [자식 pid 4136] SIGUSR2 핸들러 발생
[2025-06-27 11:24:14] [INFO] : [자식 index 0, pid : 4136] 서버의 부모 프로세스에게 메시지(데이터) 작성 SIGNAL 알림: /MSG slkadfjskl:df
[2025-06-27 11:24:14] [INFO] : [부모 pid 4134] SIGUSR1 핸들러 발생
[2025-06-27 11:24:14] [INFO] : SIGUSR1 핸들러: 클라이언트 index 0 로부터 메시지 수신을 담당 서버 자식프로세스로부터 받음 : /MSG slkadfjskl:df
[2025-06-27 11:24:14] [INFO] : [자식 pid 4136] SIGUSR2 핸들러 발생
[2025-06-27 11:24:14] [INFO] : [자식 index 0, pid : 4136] 서버의 부모 프로세스에게 메시지(데이터) 작성 SIGNAL 알림: /MSG slkadfjskl:sd 
[2025-06-27 11:24:14] [INFO] : [부모 pid 4134] SIGUSR1 핸들러 발생
[2025-06-27 11:24:14] [INFO] : SIGUSR1 핸들러: 클라이언트 index 0 로부터 메시지 수신을 담당 서버 자식프로세스로부터 받음 : /MSG slkadfjskl:sd 
[2025-06-27 11:24:14] [INFO] : [자식 pid 4136] SIGUSR2 핸들러 발생
[2025-06-27 11:24:14] [INFO] : [자식 index 0, pid : 4136] 서버의 부모 프로세스에게 메시지(데이터) 작성 SIGNAL 알림: /MSG slkadfjskl:s
[2025-06-27 11:24:14] [INFO] : [부모 pid 4134] SIGUSR1 핸들러 발생
[2025-06-27 11:24:14] [INFO] : SIGUSR1 핸들러: 클라이언트 index 0 로부터 메시지 수신을 담당 서버 자식프로세스로부터 받음 : /MSG slkadfjskl:s
[2025-06-27 11:24:14] [INFO] : [자식 pid 4136] SIGUSR2 핸들러 발생
[2025-06-27 11:24:15] [INFO] : [자식 index 0, pid : 4136] 서버의 부모 프로세스에게 메시지(데이터) 작성 SIGNAL 알림: /MSG slkadfjskl:df 
[2025-06-27 11:24:15] [INFO] : [부모 pid 4134] SIGUSR1 핸들러 발생
[2025-06-27 11:24:15] [INFO] : SIGUSR1 핸들러: 클라이언트 index 0 로부터 메시지 수신을 담당 서버 자식프로세스로부터 받음 : /MSG slkadfjskl:df 
[2025-06-27 11:24:15] [INFO] : [자식 pid 4136] SIGUSR2 핸들러 발생
[2025-06-27 11:24:15] [INFO] : [자식 index 0, pid : 4136] 서버의 부모 프로세스에게 메시지(데이터) 작성 SIGNAL 알림: /MSG slkadfjskl: 
[2025-06-27 11:24:15] [INFO] : [부모 pid 4134] SIGUSR1 핸들러 발생
[2025-06-27 11:24:15] [INFO] : SIGUSR1 핸들러: 클라이언트 index 0 로부터 메시지 수신을 담당 서버 자식프로세스로부터 받음 : /MSG slkadfjskl: 
[2025-06-27 11:24:15] [INFO] : [자식 pid 4136] SIGUSR2 핸들러 발생
[2025-06-27 11:24:15] [INFO] : [자식 index 0, pid : 4136] 서버의 부모 프로세스에게 메시지(데이터) 작성 SIGNAL 알림: /MSG slkadfjskl: sd
[2025-06-27 11:24:15] [INFO] : [부모 pid 4134] SIGUSR1 핸들러 발생
[2025-06-27 11:24:15] [INFO] : SIGUSR1 핸들러: 클라이언트 index 0 로부터 메시지 수신을 담당 서버 자식프로세스로부터 받음 : /MSG slkadfjskl: sd
[2025-06-27 11:24:15] [INFO] : [자식 pid 4136] SIGUSR2 핸들러 발생
[2025-06-27 11:24:15] [INFO] : [자식 index 0, pid : 4136] 서버의 부모 프로세스에게 메시지(데이터) 작성 SIGNAL 알림: /MSG slkadfjskl:
[2025-06-27 11:24:15] [INFO] : [부모 pid 4134] SIGUSR1 핸들러 발생
[2025-06-27 11:24:15] [INFO] : SIGUSR1 핸들러: 클라이언트 index 0 로부터 메시지 수신을 담당 서버 자식프로세스로부터 받음 : /MSG slkadfjskl:
[2025-06-27 11:24:15] [INFO] : [자식 pid 4136] SIGUSR2 핸들러 발생
[2025-06-27 11:24:16] [INFO] : [자식 index 0, pid : 4136] 서버의 부모 프로세스에게 메시지(데이터) 작성 SIGNAL 알림: /MSG slkadfjskl:fdf 
[2025-06-27 11:24:16] [INFO] : [부모 pid 4134] SIGUSR1 핸들러 발생
[2025-06-27 11:24:16] [INFO] : SIGUSR1 핸들러: 클라이언트 index 0 로부터 메시지 수신을 담당 서버 자식프로세스로부터 받음 : /MSG slkadfjskl:fdf 
[2025-06-27 11:24:16] [INFO] : [자식 pid 4136] SIGUSR2 핸들러 발생
[2025-06-27 11:24:16] [INFO] : [자식 index 0, pid : 4136] 서버의 부모 프로세스에게 메시지(데이터) 작성 SIGNAL 알림: /MSG slkadfjskl:df
[2025-06-27 11:24:16] [INFO] : [부모 pid 4134] SIGUSR1 핸들러 발생
[2025-06-27 11:24:16] [INFO] : SIGUSR1 핸들러: 클라이언트 index 0 로부터 메시지 수신을 담당 서버 자식프로세스로부터 받음 : /MSG slkadfjskl:df
[2025-06-27 11:24:16] [INFO] : [자식 pid 4136] SIGUSR2 핸들러 발생
[2025-06-27 11:24:17] [INFO] : [자식 index 0, pid : 4136] 서버의 부모 프로세스에게 메시지(데이터) 작성 SIGNAL 알림: /MSG slkadfjskl: d
[2025-06-27 11:24:17] [INFO] : [부모 pid 4134] SIGUSR1 핸들러 발생
[2025-06-27 11:24:17] [INFO] : SIGUSR1 핸들러: 클라이언트 index 0 로부터 메시지 수신을 담당 서버 자식프로세스로부터 받음 : /MSG slkadfjskl: d
[2025-06-27 11:24:17] [INFO] : [자식 pid 4136] SIGUSR2 핸들러 발생
[2025-06-27 11:24:17] [INFO] : [자식 index 0, pid : 4136] 서버의 부모 프로세스에게 메시지(데이터) 작성 SIGNAL 알림: /MSG slkadfjskl:f 
[2025-06-27 11:24:17] [INFO] : [부모 pid 4134] SIGUSR1 핸들러 발생
[2025-06-27 11:24:17] [INFO] : SIGUSR1 핸들러: 클라이언트 index 0 로부터 메시지 수신을 담당 서버 자식프로세스로부터 받음 : /MSG slkadfjskl:f 
[2025-06-27 11:24:17] [INFO] : [자식 pid 4136] SIGUSR2 핸들러 발생
[2025-06-27 11:24:17] [INFO] : [자식 index 0, pid : 4136] 서버의 부모 프로세스에게 메시지(데이터) 작성 SIGNAL 알림: /MSG slkadfjskl:
[2025-06-27 11:24:17] [INFO] : [부모 pid 4134] SIGUSR1 핸들러 발생
[2025-06-27 11:24:17] [INFO] : SIGUSR1 핸들러: 클라이언트 index 0 로부터 메시지 수신을 담당 서버 자식프로세스로부터 받음 : /MSG slkadfjskl:
[2025-06-27 11:24:17] [INFO] : [자식 pid 4136] SIGUSR2 핸들러 발생
[2025-06-27 11:24:17] [INFO] : [자식 index 0, pid : 4136] 서버의 부모 프로세스에게 메시지(데이터) 작성 SIGNAL 알림: /MSG slkadfjskl:
[2025-06-27 11:24:17] [INFO] : [부모 pid 4134] SIGUSR1 핸들러 발생
[2025-06-27 11:24:17] [INFO] : SIGUSR1 핸들러: 클라이언트 index 0 로부터 메시지 수신을 담당 서버 자식프로세스로부터 받음 : /MSG slkadfjskl:
[2025-06-27 11:24:17] [INFO] : [자식 pid 4136] SIGUSR2 핸들러 발생
[2025-06-27 11:24:17] [INFO] : [자식 index 0, pid : 4136] 서버의 부모 프로세스에게 메시지(데이터) 작성 SIGNAL 알림: /MSG slkadfjskl:
[2025-06-27 11:24:17] [INFO] : [부모 pid 4134] SIGUSR1 핸들러 발생
[2025-06-27 11:24:17] [INFO] : SIGUSR1 핸들러: 클라이언트 index 0 로부터 메시지 수신을 담당 서버 자식프로세스로부터 받음 : /MSG slkadfjskl:
[2025-06-27 11:24:17] [INFO] : [자식 pid 4136] SIGUSR2 핸들러 발생
[2025-06-27 11:24:18] [INFO] : [자식 index 0, pid : 4136] 서버의 부모 프로세스에게 메시지(데이터) 작성 SIGNAL 알림: /MSG slkadfjskl:sdf
[2025-06-27 11:24:18] [INFO] : [부모 pid 4134] SIGUSR1 핸들러 발생
[2025-06-27 11:24:18] [INFO] : SIGUSR1 핸들러: 클라이언트 index 0 로부터 메시지 수신을 담당 서버 자식프로세스로부터 받음 : /MSG slkadfjskl:sdf
[2025-06-27 11:24:18] [INFO] : [자식 pid 4136] SIGUSR2 핸들러 발생
[2025-06-27 11:24:23] [INFO] : [자식 index 0, pid : 4136] 서버의 부모 프로세스에게 메시지(데이터) 작성 SIGNAL 알림: /MSG slkadfjskl:sdf
[2025-06-27 11:24:23] [INFO] : [부모 pid 4134] SIGUSR1 핸들러 발생
[2025-06-27 11:24:23] [INFO] : SIGUSR1 핸들러: 클라이언트 index 0 로부터 메시지 수신을 담당 서버 자식프로세스로부터 받음 : /MSG slkadfjskl:sdf
[2025-06-27 11:24:23] [INFO] : [자식 pid 4136] SIGUSR2 핸들러 발생
[2025-06-27 11:24:29] [INFO] : [자식 index 0, pid : 4136] 서버의 부모 프로세스에게 메시지(데이터) 작성 SIGNAL 알림: /LEAVE 
[2025-06-27 11:24:29] [INFO] : [부모 pid 4134] SIGUSR1 핸들러 발생
[2025-06-27 11:24:29] [INFO] : SIGUSR1 핸들러: 클라이언트 index 0 로부터 메시지 수신을 담당 서버 자식프로세스로부터 받음 : /LEAVE 
[2025-06-27 11:24:29] [INFO] : [자식 pid 4136] SIGUSR2 핸들러 발생
[2025-06-27 11:24:31] [INFO] : [자식 index 0, pid : 4136] 서버의 부모 프로세스에게 메시지(데이터) 작성 SIGNAL 알림: /LEAVE SDF
[2025-06-27 11:24:31] [INFO] : [부모 pid 4134] SIGUSR1 핸들러 발생
[2025-06-27 11:24:31] [INFO] : SIGUSR1 핸들러: 클라이언트 index 0 로부터 메시지 수신을 담당 서버 자식프로세스로부터 받음 : /LEAVE SDF
[2025-06-27 11:24:31] [INFO] : [자식 pid 4136] SIGUSR2 핸들러 발생
[2025-06-27 11:24:38] [INFO] : [자식 index 0, pid : 4136] 서버의 부모 프로세스에게 메시지(데이터) 작성 SIGNAL 알림: /LEAVE lobby
[2025-06-27 11:24:38] [INFO] : [부모 pid 4134] SIGUSR1 핸들러 발생
[2025-06-27 11:24:38] [INFO] : SIGUSR1 핸들러: 클라이언트 index 0 로부터 메시지 수신을 담당 서버 자식프로세스로부터 받음 : /LEAVE lobby
[2025-06-27 11:24:38] [INFO] : [자식 pid 4136] SIGUSR2 핸들러 발생
[2025-06-27 11:24:59] [INFO] : [자식 index 0, pid : 4136] 서버의 부모 프로세스에게 메시지(데이터) 작성 SIGNAL 알림: /MSG slkadfjskl:asfd
[2025-06-27 11:24:59] [INFO] : [부모 pid 4134] SIGUSR1 핸들러 발생
[2025-06-27 11:24:59] [INFO] : SIGUSR1 핸들러: 클라이언트 index 0 로부터 메시지 수신을 담당 서버 자식프로세스로부터 받음 : /MSG slkadfjskl:asfd
[2025-06-27 11:24:59] [INFO] : [자식 pid 4136] SIGUSR2 핸들러 발생
[2025-06-27 11:25:10] [INFO] : [자식 index 0, pid : 4136] 서버의 부모 프로세스에게 메시지(데이터) 작성 SIGNAL 알림: /ADD test11
[2025-06-27 11:25:10] [INFO] : [부모 pid 4134] SIGUSR1 핸들러 발생
[2025-06-27 11:25:10] [INFO] : SIGUSR1 핸들러: 클라이언트 index 0 로부터 메시지 수신을 담당 서버 자식프로세스로부터 받음 : /ADD test11
[2025-06-27 11:25:10] [INFO] : [자식 pid 4136] SIGUSR2 핸들러 발생
[2025-06-27 11:25:13] [INFO] : [자식 index 0, pid : 4136] 서버의 부모 프로세스에게 메시지(데이터) 작성 SIGNAL 알림: /ADD test22
[2025-06-27 11:25:13] [INFO] : [부모 pid 4134] SIGUSR1 핸들러 발생
[2025-06-27 11:25:13] [INFO] : SIGUSR1 핸들러: 클라이언트 index 0 로부터 메시지 수신을 담당 서버 자식프로세스로부터 받음 : /ADD test22
[2025-06-27 11:25:13] [INFO] : [자식 pid 4136] SIGUSR2 핸들러 발생
[2025-06-27 11:25:17] [INFO] : [자식 index 0, pid : 4136] 서버의 부모 프로세스에게 메시지(데이터) 작성 SIGNAL 알림: /RM test11
[2025-06-27 11:25:17] [INFO] : [부모 pid 4134] SIGUSR1 핸들러 발생
[2025-06-27 11:25:17] [INFO] : SIGUSR1 핸들러: 클라이언트 index 0 로부터 메시지 수신을 담당 서버 자식프로세스로부터 받음 : /RM test11
[2025-06-27 11:25:17] [INFO] : [자식 pid 4136] SIGUSR2 핸들러 발생
[2025-06-27 11:25:19] [INFO] : [자식 index 0, pid : 4136] 서버의 부모 프로세스에게 메시지(데이터) 작성 SIGNAL 알림: /MSG slkadfjskl:
[2025-06-27 11:25:19] [INFO] : [부모 pid 4134] SIGUSR1 핸들러 발생
[2025-06-27 11:25:19] [INFO] : SIGUSR1 핸들러: 클라이언트 index 0 로부터 메시지 수신을 담당 서버 자식프로세스로부터 받음 : /MSG slkadfjskl:
[2025-06-27 11:25:19] [INFO] : [자식 pid 4136] SIGUSR2 핸들러 발생
[2025-06-27 11:25:21] [INFO] : [자식 index 0, pid : 4136] 서버의 부모 프로세스에게 메시지(데이터) 작성 SIGNAL 알림: /MSG slkadfjskl:fds
[2025-06-27 11:25:21] [INFO] : [부모 pid 4134] SIGUSR1 핸들러 발생
[2025-06-27 11:25:21] [INFO] : SIGUSR1 핸들러: 클라이언트 index 0 로부터 메시지 수신을 담당 서버 자식프로세스로부터 받음 : /MSG slkadfjskl:fds
[2025-06-27 11:25:21] [INFO] : [자식 pid 4136] SIGUSR2 핸들러 발생
[2025-06-27 11:25:29] [INFO] : [자식 index 0, pid : 4136] 서버의 부모 프로세스에게 메시지(데이터) 작성 SIGNAL 알림: /ADD test11
[2025-06-27 11:25:29] [INFO] : [부모 pid 4134] SIGUSR1 핸들러 발생
[2025-06-27 11:25:29] [INFO] : SIGUSR1 핸들러: 클라이언트 index 0 로부터 메시지 수신을 담당 서버 자식프로세스로부터 받음 : /ADD test11
[2025-06-27 11:25:29] [INFO] : [자식 pid 4136] SIGUSR2 핸들러 발생
[2025-06-27 11:25:30] [INFO] : [자식 index 0, pid : 4136] 서버의 부모 프로세스에게 메시지(데이터) 작성 SIGNAL 알림: /MSG slkadfjskl:
[2025-06-27 11:25:30] [INFO] : [부모 pid 4134] SIGUSR1 핸들러 발생
[2025-06-27 11:25:30] [INFO] : SIGUSR1 핸들러: 클라이언트 index 0 로부터 메시지 수신을 담당 서버 자식프로세스로부터 받음 : /MSG slkadfjskl:
[2025-06-27 11:25:30] [INFO] : [자식 pid 4136] SIGUSR2 핸들러 발생
[2025-06-27 11:25:53] [INFO] : [자식 index 0, pid : 4136] 서버의 부모 프로세스에게 메시지(데이터) 작성 SIGNAL 알림: /MSG slkadfjskl:sdf
[2025-06-27 11:25:53] [INFO] : [부모 pid 4134] SIGUSR1 핸들러 발생
[2025-06-27 11:25:53] [INFO] : SIGUSR1 핸들러: 클라이언트 index 0 로부터 메시지 수신을 담당 서버 자식프로세스로부터 받음 : /MSG slkadfjskl:sdf
[2025-06-27 11:25:53] [INFO] : [자식 pid 4136] SIGUSR2 핸들러 발생
[2025-06-27 11:26:14] [INFO] : [자식 index 0, pid : 4136] 서버의 부모 프로세스에게 메시지(데이터) 작성 SIGNAL 알림: /ADD test22
[2025-06-27 11:26:14] [INFO] : [부모 pid 4134] SIGUSR1 핸들러 발생
[2025-06-27 11:26:14] [INFO] : SIGUSR1 핸들러: 클라이언트 index 0 로부터 메시지 수신을 담당 서버 자식프로세스로부터 받음 : /ADD test22
[2025-06-27 11:26:14] [INFO] : [자식 pid 4136] SIGUSR2 핸들러 발생
[2025-06-27 11:26:19] [INFO] : [자식 index 0, pid : 4136] 서버의 부모 프로세스에게 메시지(데이터) 작성 SIGNAL 알림: /RM test22
[2025-06-27 11:26:19] [INFO] : [부모 pid 4134] SIGUSR1 핸들러 발생
[2025-06-27 11:26:19] [INFO] : SIGUSR1 핸들러: 클라이언트 index 0 로부터 메시지 수신을 담당 서버 자식프로세스로부터 받음 : /RM test22
/RM test22 방이 삭제되었으며, test22 채팅방 유저는 로비로 이동됩니다.

[2025-06-27 11:26:19] [INFO] : [자식 pid 4136] SIGUSR2 핸들러 발생
[2025-06-27 11:26:20] [INFO] : [자식 index 0, pid : 4136] 서버의 부모 프로세스에게 메시지(데이터) 작성 SIGNAL 알림: /MSG slkadfjskl:sdf
[2025-06-27 11:26:20] [INFO] : [부모 pid 4134] SIGUSR1 핸들러 발생
[2025-06-27 11:26:20] [INFO] : SIGUSR1 핸들러: 클라이언트 index 0 로부터 메시지 수신을 담당 서버 자식프로세스로부터 받음 : /MSG slkadfjskl:sdf
[2025-06-27 11:26:20] [INFO] : [자식 pid 4136] SIGUSR2 핸들러 발생
[2025-06-27 11:26:25] [INFO] : [자식 index 0, pid : 4136] 서버의 부모 프로세스에게 메시지(데이터) 작성 SIGNAL 알림: /RM lobby
[2025-06-27 11:26:25] [INFO] : [부모 pid 4134] SIGUSR1 핸들러 발생
[2025-06-27 11:26:25] [INFO] : SIGUSR1 핸들러: 클라이언트 index 0 로부터 메시지 수신을 담당 서버 자식프로세스로부터 받음 : /RM lobby
[2025-06-27 11:26:25] [INFO] : [자식 pid 4136] SIGUSR2 핸들러 발생
[2025-06-27 11:26:29] [INFO] : [자식 index 0, pid : 4136] 서버의 부모 프로세스에게 메시지(데이터) 작성 SIGNAL 알림: /ADD test33
[2025-06-27 11:26:29] [INFO] : [부모 pid 4134] SIGUSR1 핸들러 발생
[2025-06-27 11:26:29] [INFO] : SIGUSR1 핸들러: 클라이언트 index 0 로부터 메시지 수신을 담당 서버 자식프로세스로부터 받음 : /ADD test33
[2025-06-27 11:26:29] [INFO] : [자식 pid 4136] SIGUSR2 핸들러 발생
[2025-06-27 11:26:33] [INFO] : [자식 index 0, pid : 4136] 서버의 부모 프로세스에게 메시지(데이터) 작성 SIGNAL 알림: /ADD TEST33
[2025-06-27 11:26:33] [INFO] : [부모 pid 4134] SIGUSR1 핸들러 발생
[2025-06-27 11:26:33] [INFO] : SIGUSR1 핸들러: 클라이언트 index 0 로부터 메시지 수신을 담당 서버 자식프로세스로부터 받음 : /ADD TEST33
[2025-06-27 11:26:33] [INFO] : [자식 pid 4136] SIGUSR2 핸들러 발생
[2025-06-27 11:26:40] [WARNING] : [자식 index 0, pid 4136] 클라이언트 연결 종료가 감지되어 해당 클라이언트 연결을 종료합니다.
[2025-06-27 11:26:40] [INFO] : 클라이언트 0 (pid: 4136, nick: slkadfjskl) 접속 종료. 자원 회수 완료.

[2025-06-27 11:30:32] [INFO] : 클라이언트 연결됨: 127.0.0.1
[2025-06-27 11:30:33] [INFO] : [자식 index 0, pid : 4162] 서버의 부모 프로세스에게 메시지(데이터) 작성 SIGNAL 알림: /NICK asdlkfjalksdj
[2025-06-27 11:30:32] [INFO] : 클라이언트 연결됨: 127.0.0.1
[2025-06-27 11:30:33] [INFO] : [부모 pid 4134] SIGUSR1 핸들러 발생
[2025-06-27 11:30:33] [INFO] : SIGUSR1 핸들러: 클라이언트 index 0 로부터 메시지 수신을 담당 서버 자식프로세스로부터 받음 : /NICK asdlkfjalksdj
[2025-06-27 11:30:33] [INFO] : [자식 pid 4162] SIGUSR2 핸들러 발생
[2025-06-27 11:30:36] [INFO] : [자식 index 0, pid : 4162] 서버의 부모 프로세스에게 메시지(데이터) 작성 SIGNAL 알림: /ADD test22
[2025-06-27 11:30:36] [INFO] : [부모 pid 4134] SIGUSR1 핸들러 발생
[2025-06-27 11:30:36] [INFO] : SIGUSR1 핸들러: 클라이언트 index 0 로부터 메시지 수신을 담당 서버 자식프로세스로부터 받음 : /ADD test22
[2025-06-27 11:30:36] [INFO] : [자식 pid 4162] SIGUSR2 핸들러 발생
[2025-06-27 11:30:41] [INFO] : [자식 index 0, pid : 4162] 서버의 부모 프로세스에게 메시지(데이터) 작성 SIGNAL 알림: /ADD TEST22
[2025-06-27 11:30:41] [INFO] : [부모 pid 4134] SIGUSR1 핸들러 발생
[2025-06-27 11:30:41] [INFO] : SIGUSR1 핸들러: 클라이언트 index 0 로부터 메시지 수신을 담당 서버 자식프로세스로부터 받음 : /ADD TEST22
[2025-06-27 11:30:41] [INFO] : [자식 pid 4162] SIGUSR2 핸들러 발생
[2025-06-27 11:30:44] [INFO] : [자식 index 0, pid : 4162] 서버의 부모 프로세스에게 메시지(데이터) 작성 SIGNAL 알림: /RM TEST22
[2025-06-27 11:30:44] [INFO] : [부모 pid 4134] SIGUSR1 핸들러 발생
[2025-06-27 11:30:44] [INFO] : SIGUSR1 핸들러: 클라이언트 index 0 로부터 메시지 수신을 담당 서버 자식프로세스로부터 받음 : /RM TEST22
/RM TEST22 방이 삭제되었으며, TEST22 채팅방 유저는 로비로 이동됩니다.

[2025-06-27 11:30:44] [INFO] : [자식 pid 4162] SIGUSR2 핸들러 발생
[2025-06-27 11:30:46] [INFO] : [자식 index 0, pid : 4162] 서버의 부모 프로세스에게 메시지(데이터) 작성 SIGNAL 알림: /ADD TEST22
[2025-06-27 11:30:46] [INFO] : [부모 pid 4134] SIGUSR1 핸들러 발생
[2025-06-27 11:30:46] [INFO] : SIGUSR1 핸들러: 클라이언트 index 0 로부터 메시지 수신을 담당 서버 자식프로세스로부터 받음 : /ADD TEST22
[2025-06-27 11:30:46] [INFO] : [자식 pid 4162] SIGUSR2 핸들러 발생
[2025-06-27 11:30:54] [INFO] : [자식 index 0, pid : 4162] 서버의 부모 프로세스에게 메시지(데이터) 작성 SIGNAL 알림: /RM test22
[2025-06-27 11:30:54] [INFO] : [부모 pid 4134] SIGUSR1 핸들러 발생
[2025-06-27 11:30:54] [INFO] : SIGUSR1 핸들러: 클라이언트 index 0 로부터 메시지 수신을 담당 서버 자식프로세스로부터 받음 : /RM test22
[2025-06-27 11:30:54] [INFO] : [자식 pid 4162] SIGUSR2 핸들러 발생
[2025-06-27 11:30:56] [INFO] : [자식 index 0, pid : 4162] 서버의 부모 프로세스에게 메시지(데이터) 작성 SIGNAL 알림: /MSG asdlkfjalksdj:
[2025-06-27 11:30:56] [INFO] : [부모 pid 4134] SIGUSR1 핸들러 발생
[2025-06-27 11:30:56] [INFO] : SIGUSR1 핸들러: 클라이언트 index 0 로부터 메시지 수신을 담당 서버 자식프로세스로부터 받음 : /MSG asdlkfjalksdj:
[2025-06-27 11:30:56] [INFO] : [자식 pid 4162] SIGUSR2 핸들러 발생
[2025-06-27 11:30:59] [INFO] : [자식 index 0, pid : 4162] 서버의 부모 프로세스에게 메시지(데이터) 작성 SIGNAL 알림: /RM test22
[2025-06-27 11:30:59] [INFO] : [부모 pid 4134] SIGUSR1 핸들러 발생
[2025-06-27 11:30:59] [INFO] : SIGUSR1 핸들러: 클라이언트 index 0 로부터 메시지 수신을 담당 서버 자식프로세스로부터 받음 : /RM test22
[2025-06-27 11:30:59] [INFO] : [자식 pid 4162] SIGUSR2 핸들러 발생
[2025-06-27 11:31:05] [INFO] : [자식 index 0, pid : 4162] 서버의 부모 프로세스에게 메시지(데이터) 작성 SIGNAL 알림: /ADD test22
[2025-06-27 11:31:05] [INFO] : [부모 pid 4134] SIGUSR1 핸들러 발생
[2025-06-27 11:31:05] [INFO] : SIGUSR1 핸들러: 클라이언트 index 0 로부터 메시지 수신을 담당 서버 자식프로세스로부터 받음 : /ADD test22
[2025-06-27 11:31:05] [INFO] : [자식 pid 4162] SIGUSR2 핸들러 발생
[2025-06-27 11:31:18] [INFO] : [자식 index 0, pid : 4162] 서버의 부모 프로세스에게 메시지(데이터) 작성 SIGNAL 알림: /ADD test11
[2025-06-27 11:31:18] [INFO] : [부모 pid 4134] SIGUSR1 핸들러 발생
[2025-06-27 11:31:18] [INFO] : SIGUSR1 핸들러: 클라이언트 index 0 로부터 메시지 수신을 담당 서버 자식프로세스로부터 받음 : /ADD test11
[2025-06-27 11:31:18] [INFO] : [자식 pid 4162] SIGUSR2 핸들러 발생
[2025-06-27 11:31:29] [INFO] : [자식 index 0, pid : 4162] 서버의 부모 프로세스에게 메시지(데이터) 작성 SIGNAL 알림: /ADD test22
[2025-06-27 11:31:29] [INFO] : [부모 pid 4134] SIGUSR1 핸들러 발생
[2025-06-27 11:31:29] [INFO] : SIGUSR1 핸들러: 클라이언트 index 0 로부터 메시지 수신을 담당 서버 자식프로세스로부터 받음 : /ADD test22
[2025-06-27 11:31:29] [INFO] : [자식 pid 4162] SIGUSR2 핸들러 발생
[2025-06-27 11:31:33] [INFO] : [자식 index 0, pid : 4162] 서버의 부모 프로세스에게 메시지(데이터) 작성 SIGNAL 알림: /ADD TEST22
[2025-06-27 11:31:33] [INFO] : [부모 pid 4134] SIGUSR1 핸들러 발생
[2025-06-27 11:31:33] [INFO] : SIGUSR1 핸들러: 클라이언트 index 0 로부터 메시지 수신을 담당 서버 자식프로세스로부터 받음 : /ADD TEST22
[2025-06-27 11:31:33] [INFO] : [자식 pid 4162] SIGUSR2 핸들러 발생
[2025-06-27 11:31:36] [INFO] : [자식 index 0, pid : 4162] 서버의 부모 프로세스에게 메시지(데이터) 작성 SIGNAL 알림: /ADD TEST33
[2025-06-27 11:31:36] [INFO] : [부모 pid 4134] SIGUSR1 핸들러 발생
[2025-06-27 11:31:36] [INFO] : SIGUSR1 핸들러: 클라이언트 index 0 로부터 메시지 수신을 담당 서버 자식프로세스로부터 받음 : /ADD TEST33
[2025-06-27 11:31:36] [INFO] : [자식 pid 4162] SIGUSR2 핸들러 발생
[2025-06-27 11:31:38] [INFO] : [자식 index 0, pid : 4162] 서버의 부모 프로세스에게 메시지(데이터) 작성 SIGNAL 알림: /ADD TEST44
[2025-06-27 11:31:38] [INFO] : [부모 pid 4134] SIGUSR1 핸들러 발생
[2025-06-27 11:31:38] [INFO] : SIGUSR1 핸들러: 클라이언트 index 0 로부터 메시지 수신을 담당 서버 자식프로세스로부터 받음 : /ADD TEST44
[2025-06-27 11:31:38] [INFO] : [자식 pid 4162] SIGUSR2 핸들러 발생
[2025-06-27 11:31:41] [INFO] : [자식 index 0, pid : 4162] 서버의 부모 프로세스에게 메시지(데이터) 작성 SIGNAL 알림: /RM TEST33
[2025-06-27 11:31:41] [INFO] : [부모 pid 4134] SIGUSR1 핸들러 발생
[2025-06-27 11:31:41] [INFO] : SIGUSR1 핸들러: 클라이언트 index 0 로부터 메시지 수신을 담당 서버 자식프로세스로부터 받음 : /RM TEST33
[2025-06-27 11:31:41] [INFO] : [자식 pid 4162] SIGUSR2 핸들러 발생
[2025-06-27 11:36:25] [INFO] : [자식 index 0, pid : 4162] 서버의 부모 프로세스에게 메시지(데이터) 작성 SIGNAL 알림: /MSG asdlkfjalksdj:sdf
[2025-06-27 11:36:25] [INFO] : [부모 pid 4134] SIGUSR1 핸들러 발생
[2025-06-27 11:36:25] [INFO] : SIGUSR1 핸들러: 클라이언트 index 0 로부터 메시지 수신을 담당 서버 자식프로세스로부터 받음 : /MSG asdlkfjalksdj:sdf
[2025-06-27 11:36:25] [INFO] : [자식 pid 4162] SIGUSR2 핸들러 발생
[2025-06-27 11:36:34] [INFO] : [자식 index 0, pid : 4162] 서버의 부모 프로세스에게 메시지(데이터) 작성 SIGNAL 알림: /RM test11
[2025-06-27 11:36:34] [INFO] : [부모 pid 4134] SIGUSR1 핸들러 발생
[2025-06-27 11:36:34] [INFO] : SIGUSR1 핸들러: 클라이언트 index 0 로부터 메시지 수신을 담당 서버 자식프로세스로부터 받음 : /RM test11
/RM test11 방이 삭제되었으며, test11 채팅방 유저는 로비로 이동됩니다.

[2025-06-27 11:36:34] [INFO] : [자식 pid 4162] SIGUSR2 핸들러 발생
[2025-06-27 11:36:35] [INFO] : [자식 index 0, pid : 4162] 서버의 부모 프로세스에게 메시지(데이터) 작성 SIGNAL 알림: /MSG asdlkfjalksdj:sdfsd
[2025-06-27 11:36:35] [INFO] : [부모 pid 4134] SIGUSR1 핸들러 발생
[2025-06-27 11:36:35] [INFO] : SIGUSR1 핸들러: 클라이언트 index 0 로부터 메시지 수신을 담당 서버 자식프로세스로부터 받음 : /MSG asdlkfjalksdj:sdfsd
[2025-06-27 11:36:35] [INFO] : [자식 pid 4162] SIGUSR2 핸들러 발생
[2025-06-27 11:36:38] [INFO] : [자식 index 0, pid : 4162] 서버의 부모 프로세스에게 메시지(데이터) 작성 SIGNAL 알림: /ADD test11
[2025-06-27 11:36:38] [INFO] : [부모 pid 4134] SIGUSR1 핸들러 발생
[2025-06-27 11:36:38] [INFO] : SIGUSR1 핸들러: 클라이언트 index 0 로부터 메시지 수신을 담당 서버 자식프로세스로부터 받음 : /ADD test11
[2025-06-27 11:36:38] [INFO] : [자식 pid 4162] SIGUSR2 핸들러 발생
[2025-06-27 11:36:42] [INFO] : [자식 index 0, pid : 4162] 서버의 부모 프로세스에게 메시지(데이터) 작성 SIGNAL 알림: /ADD test22
[2025-06-27 11:36:42] [INFO] : [부모 pid 4134] SIGUSR1 핸들러 발생
[2025-06-27 11:36:42] [INFO] : SIGUSR1 핸들러: 클라이언트 index 0 로부터 메시지 수신을 담당 서버 자식프로세스로부터 받음 : /ADD test22
[2025-06-27 11:36:42] [INFO] : [자식 pid 4162] SIGUSR2 핸들러 발생
[2025-06-27 11:36:47] [INFO] : [자식 index 0, pid : 4162] 서버의 부모 프로세스에게 메시지(데이터) 작성 SIGNAL 알림: /RM test11
[2025-06-27 11:36:47] [INFO] : [부모 pid 4134] SIGUSR1 핸들러 발생
[2025-06-27 11:36:47] [INFO] : SIGUSR1 핸들러: 클라이언트 index 0 로부터 메시지 수신을 담당 서버 자식프로세스로부터 받음 : /RM test11
[2025-06-27 11:36:47] [INFO] : [자식 pid 4162] SIGUSR2 핸들러 발생
[2025-06-27 11:36:51] [INFO] : [자식 index 0, pid : 4162] 서버의 부모 프로세스에게 메시지(데이터) 작성 SIGNAL 알림: /MSG asdlkfjalksdj:sdf
[2025-06-27 11:36:51] [INFO] : [부모 pid 4134] SIGUSR1 핸들러 발생
[2025-06-27 11:36:51] [INFO] : SIGUSR1 핸들러: 클라이언트 index 0 로부터 메시지 수신을 담당 서버 자식프로세스로부터 받음 : /MSG asdlkfjalksdj:sdf
[2025-06-27 11:36:51] [INFO] : [자식 pid 4162] SIGUSR2 핸들러 발생
[2025-06-27 11:37:03] [INFO] : [자식 index 0, pid : 4162] 서버의 부모 프로세스에게 메시지(데이터) 작성 SIGNAL 알림: /ADD test11
[2025-06-27 11:37:03] [INFO] : [부모 pid 4134] SIGUSR1 핸들러 발생
[2025-06-27 11:37:03] [INFO] : SIGUSR1 핸들러: 클라이언트 index 0 로부터 메시지 수신을 담당 서버 자식프로세스로부터 받음 : /ADD test11
[2025-06-27 11:37:03] [INFO] : [자식 pid 4162] SIGUSR2 핸들러 발생
[2025-06-27 11:37:16] [INFO] : [자식 index 0, pid : 4162] 서버의 부모 프로세스에게 메시지(데이터) 작성 SIGNAL 알림: /ADD test33
[2025-06-27 11:37:16] [INFO] : [부모 pid 4134] SIGUSR1 핸들러 발생
[2025-06-27 11:37:16] [INFO] : SIGUSR1 핸들러: 클라이언트 index 0 로부터 메시지 수신을 담당 서버 자식프로세스로부터 받음 : /ADD test33
[2025-06-27 11:37:16] [INFO] : [자식 pid 4162] SIGUSR2 핸들러 발생
[2025-06-27 11:37:21] [INFO] : [자식 index 0, pid : 4162] 서버의 부모 프로세스에게 메시지(데이터) 작성 SIGNAL 알림: /ADD test333
[2025-06-27 11:37:21] [INFO] : [부모 pid 4134] SIGUSR1 핸들러 발생
[2025-06-27 11:37:21] [INFO] : SIGUSR1 핸들러: 클라이언트 index 0 로부터 메시지 수신을 담당 서버 자식프로세스로부터 받음 : /ADD test333
[2025-06-27 11:37:21] [INFO] : [자식 pid 4162] SIGUSR2 핸들러 발생
[2025-06-27 11:42:47] [WARNING] : [자식 index 0, pid 4162] 클라이언트 연결 종료가 감지되어 해당 클라이언트 연결을 종료합니다.
[2025-06-27 11:42:47] [INFO] : 클라이언트 0 (pid: 4162, nick: asdlkfjalksdj) 접속 종료. 자원 회수 완료.

[2025-06-27 11:42:55] [INFO] : [부모 pid 4134] 서버 종료 시그널 수신 : 모든 자식 종료 중 ...
[2025-06-27 11:42:55] [INFO] : [부모 pid 4134] 서버 종료 완료. 자원 회수 완료.
[2025-06-27 11:42:57] [INFO] : 서버가 5101 번 포트에서 대기하고 있습니다......

[2025-06-27 11:42:59] [INFO] : 클라이언트 연결됨: 127.0.0.1
[2025-06-27 11:43:02] [INFO] : [자식 index 0, pid : 4372] 서버의 부모 프로세스에게 메시지(데이터) 작성 SIGNAL 알림: /NICK jslkdjfklsdjg
[2025-06-27 11:42:59] [INFO] : 클라이언트 연결됨: 127.0.0.1
[2025-06-27 11:43:02] [INFO] : [부모 pid 4370] SIGUSR1 핸들러 발생
[2025-06-27 11:43:02] [INFO] : SIGUSR1 핸들러: 클라이언트 index 0 로부터 메시지 수신을 담당 서버 자식프로세스로부터 받음 : /NICK jslkdjfklsdjg
[2025-06-27 11:43:02] [INFO] : [자식 pid 4372] SIGUSR2 핸들러 발생
[2025-06-27 11:43:11] [INFO] : [자식 index 0, pid : 4372] 서버의 부모 프로세스에게 메시지(데이터) 작성 SIGNAL 알림: /ADD ASDFASDF
[2025-06-27 11:43:11] [INFO] : [부모 pid 4370] SIGUSR1 핸들러 발생
[2025-06-27 11:43:11] [INFO] : SIGUSR1 핸들러: 클라이언트 index 0 로부터 메시지 수신을 담당 서버 자식프로세스로부터 받음 : /ADD ASDFASDF
[2025-06-27 11:43:11] [INFO] : [자식 pid 4372] SIGUSR2 핸들러 발생
[2025-06-27 11:43:24] [INFO] : [자식 index 0, pid : 4372] 서버의 부모 프로세스에게 메시지(데이터) 작성 SIGNAL 알림: /ADD ASDFASDF2
[2025-06-27 11:43:24] [INFO] : [부모 pid 4370] SIGUSR1 핸들러 발생
[2025-06-27 11:43:24] [INFO] : SIGUSR1 핸들러: 클라이언트 index 0 로부터 메시지 수신을 담당 서버 자식프로세스로부터 받음 : /ADD ASDFASDF2
[2025-06-27 11:43:24] [INFO] : [자식 pid 4372] SIGUSR2 핸들러 발생
[2025-06-27 11:43:27] [INFO] : [자식 index 0, pid : 4372] 서버의 부모 프로세스에게 메시지(데이터) 작성 SIGNAL 알림: /ADD ASDFASDF3
[2025-06-27 11:43:27] [INFO] : [부모 pid 4370] SIGUSR1 핸들러 발생
[2025-06-27 11:43:27] [INFO] : SIGUSR1 핸들러: 클라이언트 index 0 로부터 메시지 수신을 담당 서버 자식프로세스로부터 받음 : /ADD ASDFASDF3
[2025-06-27 11:43:27] [INFO] : [자식 pid 4372] SIGUSR2 핸들러 발생
[2025-06-27 11:43:29] [INFO] : [자식 index 0, pid : 4372] 서버의 부모 프로세스에게 메시지(데이터) 작성 SIGNAL 알림: /ADD ASDFASDF4
[2025-06-27 11:43:29] [INFO] : [부모 pid 4370] SIGUSR1 핸들러 발생
[2025-06-27 11:43:29] [INFO] : SIGUSR1 핸들러: 클라이언트 index 0 로부터 메시지 수신을 담당 서버 자식프로세스로부터 받음 : /ADD ASDFASDF4
[2025-06-27 11:43:29] [INFO] : [자식 pid 4372] SIGUSR2 핸들러 발생
[2025-06-27 11:43:31] [INFO] : [자식 index 0, pid : 4372] 서버의 부모 프로세스에게 메시지(데이터) 작성 SIGNAL 알림: /ADD ASDFASDF5
[2025-06-27 11:43:31] [INFO] : [부모 pid 4370] SIGUSR1 핸들러 발생
[2025-06-27 11:43:31] [INFO] : SIGUSR1 핸들러: 클라이언트 index 0 로부터 메시지 수신을 담당 서버 자식프로세스로부터 받음 : /ADD ASDFASDF5
[2025-06-27 11:43:31] [INFO] : [자식 pid 4372] SIGUSR2 핸들러 발생
[2025-06-27 11:43:34] [INFO] : [자식 index 0, pid : 4372] 서버의 부모 프로세스에게 메시지(데이터) 작성 SIGNAL 알림: /RM ASDFASDF2
[2025-06-27 11:43:34] [INFO] : [부모 pid 4370] SIGUSR1 핸들러 발생
[2025-06-27 11:43:34] [INFO] : SIGUSR1 핸들러: 클라이언트 index 0 로부터 메시지 수신을 담당 서버 자식프로세스로부터 받음 : /RM ASDFASDF2
[2025-06-27 11:43:34] [INFO] : [자식 pid 4372] SIGUSR2 핸들러 발생
[2025-06-27 11:43:40] [INFO] : [자식 index 0, pid : 4372] 서버의 부모 프로세스에게 메시지(데이터) 작성 SIGNAL 알림: /MSG jslkdjfklsdjg:
[2025-06-27 11:43:40] [INFO] : [부모 pid 4370] SIGUSR1 핸들러 발생
[2025-06-27 11:43:40] [INFO] : SIGUSR1 핸들러: 클라이언트 index 0 로부터 메시지 수신을 담당 서버 자식프로세스로부터 받음 : /MSG jslkdjfklsdjg:
[2025-06-27 11:43:40] [INFO] : [자식 pid 4372] SIGUSR2 핸들러 발생
[2025-06-27 11:43:41] [INFO] : [자식 index 0, pid : 4372] 서버의 부모 프로세스에게 메시지(데이터) 작성 SIGNAL 알림: /MSG jslkdjfklsdjg:LDKJF
[2025-06-27 11:43:41] [INFO] : [부모 pid 4370] SIGUSR1 핸들러 발생
[2025-06-27 11:43:41] [INFO] : SIGUSR1 핸들러: 클라이언트 index 0 로부터 메시지 수신을 담당 서버 자식프로세스로부터 받음 : /MSG jslkdjfklsdjg:LDKJF
[2025-06-27 11:43:41] [INFO] : [자식 pid 4372] SIGUSR2 핸들러 발생
[2025-06-27 11:43:46] [INFO] : [자식 index 0, pid : 4372] 서버의 부모 프로세스에게 메시지(데이터) 작성 SIGNAL 알림: /ADD ASDFASDF2
[2025-06-27 11:43:46] [INFO] : [부모 pid 4370] SIGUSR1 핸들러 발생
[2025-06-27 11:43:46] [INFO] : SIGUSR1 핸들러: 클라이언트 index 0 로부터 메시지 수신을 담당 서버 자식프로세스로부터 받음 : /ADD ASDFASDF2
tests:djg

[2025-06-27 11:43:46] [INFO] : [자식 pid 4372] SIGUSR2 핸들러 발생
[2025-06-27 11:44:37] [WARNING] : [자식 index 0, pid 4372] 클라이언트 연결 종료가 감지되어 해당 클라이언트 연결을 종료합니다.
[2025-06-27 11:44:37] [INFO] : 클라이언트 0 (pid: 4372, nick: jslkdjfklsdjg) 접속 종료. 자원 회수 완료.

[2025-06-27 11:44:44] [INFO] : [부모 pid 4370] 서버 종료 시그널 수신 : 모든 자식 종료 중 ...
[2025-06-27 11:44:44] [INFO] : [부모 pid 4370] 서버 종료 완료. 자원 회수 완료.
[2025-06-27 11:44:45] [INFO] : 서버가 5101 번 포트에서 대기하고 있습니다......

[2025-06-27 11:44:47] [INFO] : 클라이언트 연결됨: 127.0.0.1
[2025-06-27 11:44:47] [INFO] : [자식 index 0, pid : 4394] 서버의 부모 프로세스에게 메시지(데이터) 작성 SIGNAL 알림: /NICK sdlkfjalgj
[2025-06-27 11:44:47] [INFO] : 클라이언트 연결됨: 127.0.0.1
[2025-06-27 11:44:47] [INFO] : [부모 pid 4392] SIGUSR1 핸들러 발생
[2025-06-27 11:44:47] [INFO] : SIGUSR1 핸들러: 클라이언트 index 0 로부터 메시지 수신을 담당 서버 자식프로세스로부터 받음 : /NICK sdlkfjalgj
[2025-06-27 11:44:47] [INFO] : [자식 pid 4394] SIGUSR2 핸들러 발생
[2025-06-27 11:44:50] [INFO] : [자식 index 0, pid : 4394] 서버의 부모 프로세스에게 메시지(데이터) 작성 SIGNAL 알림: /ADD asdfasdf
[2025-06-27 11:44:50] [INFO] : [부모 pid 4392] SIGUSR1 핸들러 발생
[2025-06-27 11:44:50] [INFO] : SIGUSR1 핸들러: 클라이언트 index 0 로부터 메시지 수신을 담당 서버 자식프로세스로부터 받음 : /ADD asdfasdf
[2025-06-27 11:44:50] [INFO] : [자식 pid 4394] SIGUSR2 핸들러 발생
[2025-06-27 11:44:53] [INFO] : [자식 index 0, pid : 4394] 서버의 부모 프로세스에게 메시지(데이터) 작성 SIGNAL 알림: /ADD asdfasdf2
[2025-06-27 11:44:53] [INFO] : [부모 pid 4392] SIGUSR1 핸들러 발생
[2025-06-27 11:44:53] [INFO] : SIGUSR1 핸들러: 클라이언트 index 0 로부터 메시지 수신을 담당 서버 자식프로세스로부터 받음 : /ADD asdfasdf2
[2025-06-27 11:44:53] [INFO] : [자식 pid 4394] SIGUSR2 핸들러 발생
[2025-06-27 11:45:04] [INFO] : [자식 index 0, pid : 4394] 서버의 부모 프로세스에게 메시지(데이터) 작성 SIGNAL 알림: /RM asdfasdf
[2025-06-27 11:45:04] [INFO] : [부모 pid 4392] SIGUSR1 핸들러 발생
[2025-06-27 11:45:04] [INFO] : SIGUSR1 핸들러: 클라이언트 index 0 로부터 메시지 수신을 담당 서버 자식프로세스로부터 받음 : /RM asdfasdf
[2025-06-27 11:45:04] [INFO] : [자식 pid 4394] SIGUSR2 핸들러 발생
[2025-06-27 11:45:14] [INFO] : [자식 index 0, pid : 4394] 서버의 부모 프로세스에게 메시지(데이터) 작성 SIGNAL 알림: /MSG sdlkfjalgj:df
[2025-06-27 11:45:14] [INFO] : [부모 pid 4392] SIGUSR1 핸들러 발생
[2025-06-27 11:45:14] [INFO] : SIGUSR1 핸들러: 클라이언트 index 0 로부터 메시지 수신을 담당 서버 자식프로세스로부터 받음 : /MSG sdlkfjalgj:df
[2025-06-27 11:45:14] [INFO] : [자식 pid 4394] SIGUSR2 핸들러 발생
[2025-06-27 11:45:17] [INFO] : [자식 index 0, pid : 4394] 서버의 부모 프로세스에게 메시지(데이터) 작성 SIGNAL 알림: /ADD asdfasdf
[2025-06-27 11:45:17] [INFO] : [부모 pid 4392] SIGUSR1 핸들러 발생
[2025-06-27 11:45:17] [INFO] : SIGUSR1 핸들러: 클라이언트 index 0 로부터 메시지 수신을 담당 서버 자식프로세스로부터 받음 : /ADD asdfasdf
tests:j

[2025-06-27 11:45:17] [INFO] : [자식 pid 4394] SIGUSR2 핸들러 발생
[2025-06-27 11:46:24] [WARNING] : [자식 index 0, pid 4394] 클라이언트 연결 종료가 감지되어 해당 클라이언트 연결을 종료합니다.
[2025-06-27 11:46:24] [INFO] : 클라이언트 0 (pid: 4394, nick: sdlkfjalgj) 접속 종료. 자원 회수 완료.

[2025-06-27 11:47:44] [INFO] : [부모 pid 4392] 서버 종료 시그널 수신 : 모든 자식 종료 중 ...
[2025-06-27 11:47:44] [INFO] : [부모 pid 4392] 서버 종료 완료. 자원 회수 완료.
[2025-06-27 11:47:50] [INFO] : 서버가 5101 번 포트에서 대기하고 있습니다......

[2025-06-27 11:47:55] [INFO] : 클라이언트 연결됨: 127.0.0.1
[2025-06-27 11:47:56] [INFO] : [자식 index 0, pid : 4425] 서버의 부모 프로세스에게 메시지(데이터) 작성 SIGNAL 알림: /NICK alksdjflkasdjg
[2025-06-27 11:47:55] [INFO] : 클라이언트 연결됨: 127.0.0.1
[2025-06-27 11:47:56] [INFO] : [부모 pid 4423] SIGUSR1 핸들러 발생
[2025-06-27 11:47:56] [INFO] : SIGUSR1 핸들러: 클라이언트 index 0 로부터 메시지 수신을 담당 서버 자식프로세스로부터 받음 : /NICK alksdjflkasdjg
[2025-06-27 11:47:56] [INFO] : [자식 pid 4425] SIGUSR2 핸들러 발생
[2025-06-27 11:48:02] [INFO] : [자식 index 0, pid : 4425] 서버의 부모 프로세스에게 메시지(데이터) 작성 SIGNAL 알림: /ADD asdfasdf
[2025-06-27 11:48:02] [INFO] : [부모 pid 4423] SIGUSR1 핸들러 발생
[2025-06-27 11:48:02] [INFO] : SIGUSR1 핸들러: 클라이언트 index 0 로부터 메시지 수신을 담당 서버 자식프로세스로부터 받음 : /ADD asdfasdf
[2025-06-27 11:48:02] [INFO] : [자식 pid 4425] SIGUSR2 핸들러 발생
[2025-06-27 11:48:07] [INFO] : [자식 index 0, pid : 4425] 서버의 부모 프로세스에게 메시지(데이터) 작성 SIGNAL 알림: /ADD asdfasdf2
[2025-06-27 11:48:07] [INFO] : [부모 pid 4423] SIGUSR1 핸들러 발생
[2025-06-27 11:48:07] [INFO] : SIGUSR1 핸들러: 클라이언트 index 0 로부터 메시지 수신을 담당 서버 자식프로세스로부터 받음 : /ADD asdfasdf2
[2025-06-27 11:48:07] [INFO] : [자식 pid 4425] SIGUSR2 핸들러 발생
[2025-06-27 11:48:10] [INFO] : [자식 index 0, pid : 4425] 서버의 부모 프로세스에게 메시지(데이터) 작성 SIGNAL 알림: /RM asdfasdf
[2025-06-27 11:48:10] [INFO] : [부모 pid 4423] SIGUSR1 핸들러 발생
[2025-06-27 11:48:10] [INFO] : SIGUSR1 핸들러: 클라이언트 index 0 로부터 메시지 수신을 담당 서버 자식프로세스로부터 받음 : /RM asdfasdf
[2025-06-27 11:48:10] [INFO] : [자식 pid 4425] SIGUSR2 핸들러 발생
[2025-06-27 11:48:58] [WARNING] : [자식 index 0, pid 4425] 클라이언트 연결 종료가 감지되어 해당 클라이언트 연결을 종료합니다.
[2025-06-27 11:48:58] [INFO] : 클라이언트 0 (pid: 4425, nick: alksdjflkasdjg) 접속 종료. 자원 회수 완료.

[2025-06-27 11:49:05] [INFO] : [부모 pid 4423] 서버 종료 시그널 수신 : 모든 자식 종료 중 ...
[2025-06-27 11:49:05] [INFO] : [부모 pid 4423] 서버 종료 완료. 자원 회수 완료.
[2025-06-27 11:49:07] [INFO] : 서버가 5101 번 포트에서 대기하고 있습니다......

[2025-06-27 11:49:09] [INFO] : 클라이언트 연결됨: 127.0.0.1
[2025-06-27 11:49:10] [INFO] : [자식 index 0, pid : 4465] 서버의 부모 프로세스에게 메시지(데이터) 작성 SIGNAL 알림: /NICK sadfsadg
[2025-06-27 11:49:09] [INFO] : 클라이언트 연결됨: 127.0.0.1
[2025-06-27 11:49:10] [INFO] : [부모 pid 4463] SIGUSR1 핸들러 발생
[2025-06-27 11:49:10] [INFO] : SIGUSR1 핸들러: 클라이언트 index 0 로부터 메시지 수신을 담당 서버 자식프로세스로부터 받음 : /NICK sadfsadg
[2025-06-27 11:49:10] [INFO] : [자식 pid 4465] SIGUSR2 핸들러 발생
[2025-06-27 11:49:14] [INFO] : [자식 index 0, pid : 4465] 서버의 부모 프로세스에게 메시지(데이터) 작성 SIGNAL 알림: /ADD ASDFASDF
[2025-06-27 11:49:14] [INFO] : [부모 pid 4463] SIGUSR1 핸들러 발생
[2025-06-27 11:49:14] [INFO] : SIGUSR1 핸들러: 클라이언트 index 0 로부터 메시지 수신을 담당 서버 자식프로세스로부터 받음 : /ADD ASDFASDF
[2025-06-27 11:49:14] [INFO] : [자식 pid 4465] SIGUSR2 핸들러 발생
[2025-06-27 11:49:16] [INFO] : [자식 index 0, pid : 4465] 서버의 부모 프로세스에게 메시지(데이터) 작성 SIGNAL 알림: /ADD ASDFASDF2
[2025-06-27 11:49:16] [INFO] : [부모 pid 4463] SIGUSR1 핸들러 발생
[2025-06-27 11:49:16] [INFO] : SIGUSR1 핸들러: 클라이언트 index 0 로부터 메시지 수신을 담당 서버 자식프로세스로부터 받음 : /ADD ASDFASDF2
[2025-06-27 11:49:16] [INFO] : [자식 pid 4465] SIGUSR2 핸들러 발생
[2025-06-27 11:49:18] [INFO] : [자식 index 0, pid : 4465] 서버의 부모 프로세스에게 메시지(데이터) 작성 SIGNAL 알림: /RM ASDFASDF
[2025-06-27 11:49:18] [INFO] : [부모 pid 4463] SIGUSR1 핸들러 발생
[2025-06-27 11:49:18] [INFO] : SIGUSR1 핸들러: 클라이언트 index 0 로부터 메시지 수신을 담당 서버 자식프로세스로부터 받음 : /RM ASDFASDF
[2025-06-27 11:49:18] [INFO] : [자식 pid 4465] SIGUSR2 핸들러 발생
[2025-06-27 11:49:19] [INFO] : [자식 index 0, pid : 4465] 서버의 부모 프로세스에게 메시지(데이터) 작성 SIGNAL 알림: /MSG sadfsadg:
[2025-06-27 11:49:19] [INFO] : [부모 pid 4463] SIGUSR1 핸들러 발생
[2025-06-27 11:49:19] [INFO] : SIGUSR1 핸들러: 클라이언트 index 0 로부터 메시지 수신을 담당 서버 자식프로세스로부터 받음 : /MSG sadfsadg:
[2025-06-27 11:49:19] [INFO] : [자식 pid 4465] SIGUSR2 핸들러 발생
[2025-06-27 11:49:21] [INFO] : [자식 index 0, pid : 4465] 서버의 부모 프로세스에게 메시지(데이터) 작성 SIGNAL 알림: /MSG sadfsadg:SDJFLKJS
[2025-06-27 11:49:21] [INFO] : [부모 pid 4463] SIGUSR1 핸들러 발생
[2025-06-27 11:49:21] [INFO] : SIGUSR1 핸들러: 클라이언트 index 0 로부터 메시지 수신을 담당 서버 자식프로세스로부터 받음 : /MSG sadfsadg:SDJFLKJS
[2025-06-27 11:49:21] [INFO] : [자식 pid 4465] SIGUSR2 핸들러 발생
[2025-06-27 11:50:14] [INFO] : [자식 index 0, pid : 4465] 서버의 부모 프로세스에게 메시지(데이터) 작성 SIGNAL 알림: /RM lobby
[2025-06-27 11:50:14] [INFO] : [부모 pid 4463] SIGUSR1 핸들러 발생
[2025-06-27 11:50:14] [INFO] : SIGUSR1 핸들러: 클라이언트 index 0 로부터 메시지 수신을 담당 서버 자식프로세스로부터 받음 : /RM lobby
[2025-06-27 11:50:14] [INFO] : [자식 pid 4465] SIGUSR2 핸들러 발생
[2025-06-27 11:50:17] [INFO] : [자식 index 0, pid : 4465] 서버의 부모 프로세스에게 메시지(데이터) 작성 SIGNAL 알림: /RM lobby
[2025-06-27 11:50:17] [INFO] : [부모 pid 4463] SIGUSR1 핸들러 발생
[2025-06-27 11:50:17] [INFO] : SIGUSR1 핸들러: 클라이언트 index 0 로부터 메시지 수신을 담당 서버 자식프로세스로부터 받음 : /RM lobby
[2025-06-27 11:50:17] [INFO] : [자식 pid 4465] SIGUSR2 핸들러 발생
[2025-06-27 11:50:20] [INFO] : [자식 index 0, pid : 4465] 서버의 부모 프로세스에게 메시지(데이터) 작성 SIGNAL 알림: /RM asdfasdf
[2025-06-27 11:50:20] [INFO] : [부모 pid 4463] SIGUSR1 핸들러 발생
[2025-06-27 11:50:20] [INFO] : SIGUSR1 핸들러: 클라이언트 index 0 로부터 메시지 수신을 담당 서버 자식프로세스로부터 받음 : /RM asdfasdf
[2025-06-27 11:50:20] [INFO] : [자식 pid 4465] SIGUSR2 핸들러 발생
[2025-06-27 11:50:25] [INFO] : [자식 index 0, pid : 4465] 서버의 부모 프로세스에게 메시지(데이터) 작성 SIGNAL 알림: /RM ASDFASDF2
[2025-06-27 11:50:25] [INFO] : [부모 pid 4463] SIGUSR1 핸들러 발생
[2025-06-27 11:50:25] [INFO] : SIGUSR1 핸들러: 클라이언트 index 0 로부터 메시지 수신을 담당 서버 자식프로세스로부터 받음 : /RM ASDFASDF2
[2025-06-27 11:50:25] [INFO] : [자식 pid 4465] SIGUSR2 핸들러 발생
[2025-06-27 11:50:28] [INFO] : [자식 index 0, pid : 4465] 서버의 부모 프로세스에게 메시지(데이터) 작성 SIGNAL 알림: /RM ASDFASDF2
[2025-06-27 11:50:28] [INFO] : [부모 pid 4463] SIGUSR1 핸들러 발생
[2025-06-27 11:50:28] [INFO] : SIGUSR1 핸들러: 클라이언트 index 0 로부터 메시지 수신을 담당 서버 자식프로세스로부터 받음 : /RM ASDFASDF2
[2025-06-27 11:50:28] [INFO] : [자식 pid 4465] SIGUSR2 핸들러 발생
[2025-06-27 11:50:30] [INFO] : [자식 index 0, pid : 4465] 서버의 부모 프로세스에게 메시지(데이터) 작성 SIGNAL 알림: /RM ASDFASDF
[2025-06-27 11:50:30] [INFO] : [부모 pid 4463] SIGUSR1 핸들러 발생
[2025-06-27 11:50:30] [INFO] : SIGUSR1 핸들러: 클라이언트 index 0 로부터 메시지 수신을 담당 서버 자식프로세스로부터 받음 : /RM ASDFASDF
[2025-06-27 11:50:30] [INFO] : [자식 pid 4465] SIGUSR2 핸들러 발생
[2025-06-27 11:50:35] [INFO] : [자식 index 0, pid : 4465] 서버의 부모 프로세스에게 메시지(데이터) 작성 SIGNAL 알림: /ADD ASDFASDF
[2025-06-27 11:50:35] [INFO] : [부모 pid 4463] SIGUSR1 핸들러 발생
[2025-06-27 11:50:35] [INFO] : SIGUSR1 핸들러: 클라이언트 index 0 로부터 메시지 수신을 담당 서버 자식프로세스로부터 받음 : /ADD ASDFASDF
tests:

[2025-06-27 11:50:35] [INFO] : [자식 pid 4465] SIGUSR2 핸들러 발생
[2025-06-27 11:56:40] [WARNING] : [자식 index 0, pid 4465] 클라이언트 연결 종료가 감지되어 해당 클라이언트 연결을 종료합니다.
[2025-06-27 11:56:40] [INFO] : 클라이언트 0 (pid: 4465, nick: sadfsadg) 접속 종료. 자원 회수 완료.

[2025-06-27 11:56:47] [INFO] : [부모 pid 4463] 서버 종료 시그널 수신 : 모든 자식 종료 중 ...
[2025-06-27 11:56:47] [INFO] : [부모 pid 4463] 서버 종료 완료. 자원 회수 완료.
[2025-06-27 11:56:49] [INFO] : 서버가 5101 번 포트에서 대기하고 있습니다......

[2025-06-27 11:56:51] [INFO] : 클라이언트 연결됨: 127.0.0.1
[2025-06-27 11:56:53] [INFO] : [자식 index 0, pid : 4541] 서버의 부모 프로세스에게 메시지(데이터) 작성 SIGNAL 알림: /NICK aklsdjgalskdgj
[2025-06-27 11:56:51] [INFO] : 클라이언트 연결됨: 127.0.0.1
[2025-06-27 11:56:53] [INFO] : [부모 pid 4539] SIGUSR1 핸들러 발생
[2025-06-27 11:56:53] [INFO] : SIGUSR1 핸들러: 클라이언트 index 0 로부터 메시지 수신을 담당 서버 자식프로세스로부터 받음 : /NICK aklsdjgalskdgj
[2025-06-27 11:56:53] [INFO] : [자식 pid 4541] SIGUSR2 핸들러 발생
[2025-06-27 11:56:59] [INFO] : [자식 index 0, pid : 4541] 서버의 부모 프로세스에게 메시지(데이터) 작성 SIGNAL 알림: /ADD asdfasdf
[2025-06-27 11:56:59] [INFO] : [부모 pid 4539] SIGUSR1 핸들러 발생
[2025-06-27 11:56:59] [INFO] : SIGUSR1 핸들러: 클라이언트 index 0 로부터 메시지 수신을 담당 서버 자식프로세스로부터 받음 : /ADD asdfasdf
[2025-06-27 11:56:59] [INFO] : [자식 pid 4541] SIGUSR2 핸들러 발생
[2025-06-27 11:57:02] [INFO] : [자식 index 0, pid : 4541] 서버의 부모 프로세스에게 메시지(데이터) 작성 SIGNAL 알림: /ADD asdfasdf2
[2025-06-27 11:57:02] [INFO] : [부모 pid 4539] SIGUSR1 핸들러 발생
[2025-06-27 11:57:02] [INFO] : SIGUSR1 핸들러: 클라이언트 index 0 로부터 메시지 수신을 담당 서버 자식프로세스로부터 받음 : /ADD asdfasdf2
[2025-06-27 11:57:02] [INFO] : [자식 pid 4541] SIGUSR2 핸들러 발생
[2025-06-27 11:57:04] [INFO] : [자식 index 0, pid : 4541] 서버의 부모 프로세스에게 메시지(데이터) 작성 SIGNAL 알림: /RM asdfasdf
[2025-06-27 11:57:04] [INFO] : [부모 pid 4539] SIGUSR1 핸들러 발생
[2025-06-27 11:57:04] [INFO] : SIGUSR1 핸들러: 클라이언트 index 0 로부터 메시지 수신을 담당 서버 자식프로세스로부터 받음 : /RM asdfasdf
[2025-06-27 11:57:04] [INFO] : [자식 pid 4541] SIGUSR2 핸들러 발생
[2025-06-27 11:57:05] [INFO] : [자식 index 0, pid : 4541] 서버의 부모 프로세스에게 메시지(데이터) 작성 SIGNAL 알림: /MSG aklsdjgalskdgj:
[2025-06-27 11:57:05] [INFO] : [부모 pid 4539] SIGUSR1 핸들러 발생
[2025-06-27 11:57:05] [INFO] : SIGUSR1 핸들러: 클라이언트 index 0 로부터 메시지 수신을 담당 서버 자식프로세스로부터 받음 : /MSG aklsdjgalskdgj:
[2025-06-27 11:57:05] [INFO] : [자식 pid 4541] SIGUSR2 핸들러 발생
[2025-06-27 11:57:10] [INFO] : [자식 index 0, pid : 4541] 서버의 부모 프로세스에게 메시지(데이터) 작성 SIGNAL 알림: /ADD asdfasdf
[2025-06-27 11:57:10] [INFO] : [부모 pid 4539] SIGUSR1 핸들러 발생
[2025-06-27 11:57:10] [INFO] : SIGUSR1 핸들러: 클라이언트 index 0 로부터 메시지 수신을 담당 서버 자식프로세스로부터 받음 : /ADD asdfasdf
tests:skdgj

[2025-06-27 11:57:10] [INFO] : [자식 pid 4541] SIGUSR2 핸들러 발생
[2025-06-27 12:01:33] [WARNING] : [자식 index 0, pid 4541] 클라이언트 연결 종료가 감지되어 해당 클라이언트 연결을 종료합니다.
[2025-06-27 12:01:33] [INFO] : 클라이언트 0 (pid: 4541, nick: aklsdjgalskdgj) 접속 종료. 자원 회수 완료.

[2025-06-27 12:01:55] [INFO] : [부모 pid 4539] 서버 종료 시그널 수신 : 모든 자식 종료 중 ...
[2025-06-27 12:01:55] [INFO] : [부모 pid 4539] 서버 종료 완료. 자원 회수 완료.
[2025-06-27 12:01:58] [INFO] : 서버가 5101 번 포트에서 대기하고 있습니다......

[2025-06-27 12:02:00] [INFO] : 클라이언트 연결됨: 127.0.0.1
[2025-06-27 12:02:01] [INFO] : [자식 index 0, pid : 4657] 서버의 부모 프로세스에게 메시지(데이터) 작성 SIGNAL 알림: /NICK asdgjalksg
[2025-06-27 12:02:00] [INFO] : 클라이언트 연결됨: 127.0.0.1
[2025-06-27 12:02:01] [INFO] : [부모 pid 4655] SIGUSR1 핸들러 발생
[2025-06-27 12:02:01] [INFO] : SIGUSR1 핸들러: 클라이언트 index 0 로부터 메시지 수신을 담당 서버 자식프로세스로부터 받음 : /NICK asdgjalksg
[2025-06-27 12:02:01] [INFO] : [자식 pid 4657] SIGUSR2 핸들러 발생
[2025-06-27 12:02:06] [INFO] : [자식 index 0, pid : 4657] 서버의 부모 프로세스에게 메시지(데이터) 작성 SIGNAL 알림: /ADD asdfasdf
[2025-06-27 12:02:06] [INFO] : [부모 pid 4655] SIGUSR1 핸들러 발생
[2025-06-27 12:02:06] [INFO] : SIGUSR1 핸들러: 클라이언트 index 0 로부터 메시지 수신을 담당 서버 자식프로세스로부터 받음 : /ADD asdfasdf
[2025-06-27 12:02:06] [INFO] : [자식 pid 4657] SIGUSR2 핸들러 발생
[2025-06-27 12:02:08] [INFO] : [자식 index 0, pid : 4657] 서버의 부모 프로세스에게 메시지(데이터) 작성 SIGNAL 알림: /ADD asdfasdf2
[2025-06-27 12:02:08] [INFO] : [부모 pid 4655] SIGUSR1 핸들러 발생
[2025-06-27 12:02:08] [INFO] : SIGUSR1 핸들러: 클라이언트 index 0 로부터 메시지 수신을 담당 서버 자식프로세스로부터 받음 : /ADD asdfasdf2
[2025-06-27 12:02:08] [INFO] : [자식 pid 4657] SIGUSR2 핸들러 발생
[2025-06-27 12:02:12] [INFO] : [자식 index 0, pid : 4657] 서버의 부모 프로세스에게 메시지(데이터) 작성 SIGNAL 알림: /RM asdfasdf
[2025-06-27 12:02:12] [INFO] : [부모 pid 4655] SIGUSR1 핸들러 발생
[2025-06-27 12:02:12] [INFO] : SIGUSR1 핸들러: 클라이언트 index 0 로부터 메시지 수신을 담당 서버 자식프로세스로부터 받음 : /RM asdfasdf
[2025-06-27 12:02:12] [INFO] : [자식 pid 4657] SIGUSR2 핸들러 발생
[2025-06-27 12:02:14] [INFO] : [자식 index 0, pid : 4657] 서버의 부모 프로세스에게 메시지(데이터) 작성 SIGNAL 알림: /MSG asdgjalksg:
[2025-06-27 12:02:14] [INFO] : [부모 pid 4655] SIGUSR1 핸들러 발생
[2025-06-27 12:02:14] [INFO] : SIGUSR1 핸들러: 클라이언트 index 0 로부터 메시지 수신을 담당 서버 자식프로세스로부터 받음 : /MSG asdgjalksg:
[2025-06-27 12:02:14] [INFO] : [자식 pid 4657] SIGUSR2 핸들러 발생
[2025-06-27 12:02:24] [INFO] : [자식 index 0, pid : 4657] 서버의 부모 프로세스에게 메시지(데이터) 작성 SIGNAL 알림: /ADD asdfasdf
[2025-06-27 12:02:24] [INFO] : [부모 pid 4655] SIGUSR1 핸들러 발생
[2025-06-27 12:02:24] [INFO] : SIGUSR1 핸들러: 클라이언트 index 0 로부터 메시지 수신을 담당 서버 자식프로세스로부터 받음 : /ADD asdfasdf
[2025-06-27 12:02:24] [INFO] : [자식 pid 4657] SIGUSR2 핸들러 발생
[2025-06-27 12:15:52] [WARNING] : [자식 index 0, pid 4657] 클라이언트 연결 종료가 감지되어 해당 클라이언트 연결을 종료합니다.
[2025-06-27 12:15:52] [INFO] : 클라이언트 0 (pid: 4657, nick: asdgjalksg) 접속 종료. 자원 회수 완료.

[2025-06-27 12:16:01] [INFO] : [부모 pid 4655] 서버 종료 시그널 수신 : 모든 자식 종료 중 ...
[2025-06-27 12:16:01] [INFO] : [부모 pid 4655] 서버 종료 완료. 자원 회수 완료.
[2025-06-27 12:16:02] [INFO] : 서버가 5101 번 포트에서 대기하고 있습니다......

[2025-06-27 12:16:04] [INFO] : 클라이언트 연결됨: 127.0.0.1
[2025-06-27 12:16:05] [INFO] : [자식 index 0, pid : 4848] 서버의 부모 프로세스에게 메시지(데이터) 작성 SIGNAL 알림: /NICK alsdkfjslkgj
[2025-06-27 12:16:04] [INFO] : 클라이언트 연결됨: 127.0.0.1
[2025-06-27 12:16:05] [INFO] : [부모 pid 4845] SIGUSR1 핸들러 발생
[2025-06-27 12:16:05] [INFO] : SIGUSR1 핸들러: 클라이언트 index 0 로부터 메시지 수신을 담당 서버 자식프로세스로부터 받음 : /NICK alsdkfjslkgj
[2025-06-27 12:16:05] [INFO] : [자식 pid 4848] SIGUSR2 핸들러 발생
[2025-06-27 12:16:08] [INFO] : [자식 index 0, pid : 4848] 서버의 부모 프로세스에게 메시지(데이터) 작성 SIGNAL 알림: /ADD asdfasdf
[2025-06-27 12:16:08] [INFO] : [부모 pid 4845] SIGUSR1 핸들러 발생
[2025-06-27 12:16:08] [INFO] : SIGUSR1 핸들러: 클라이언트 index 0 로부터 메시지 수신을 담당 서버 자식프로세스로부터 받음 : /ADD asdfasdf
[2025-06-27 12:16:08] [INFO] : [자식 pid 4848] SIGUSR2 핸들러 발생
[2025-06-27 12:16:11] [INFO] : [자식 index 0, pid : 4848] 서버의 부모 프로세스에게 메시지(데이터) 작성 SIGNAL 알림: /ADD asdfasdf2
[2025-06-27 12:16:11] [INFO] : [부모 pid 4845] SIGUSR1 핸들러 발생
[2025-06-27 12:16:11] [INFO] : SIGUSR1 핸들러: 클라이언트 index 0 로부터 메시지 수신을 담당 서버 자식프로세스로부터 받음 : /ADD asdfasdf2
[2025-06-27 12:16:11] [INFO] : [자식 pid 4848] SIGUSR2 핸들러 발생
[2025-06-27 12:16:17] [INFO] : [자식 index 0, pid : 4848] 서버의 부모 프로세스에게 메시지(데이터) 작성 SIGNAL 알림: /RM asdfasdf
[2025-06-27 12:16:17] [INFO] : [부모 pid 4845] SIGUSR1 핸들러 발생
[2025-06-27 12:16:17] [INFO] : SIGUSR1 핸들러: 클라이언트 index 0 로부터 메시지 수신을 담당 서버 자식프로세스로부터 받음 : /RM asdfasdf
[2025-06-27 12:16:17] [INFO] : [자식 pid 4848] SIGUSR2 핸들러 발생
[2025-06-27 12:16:19] [INFO] : [자식 index 0, pid : 4848] 서버의 부모 프로세스에게 메시지(데이터) 작성 SIGNAL 알림: /MSG alsdkfjslkgj:sdf
[2025-06-27 12:16:19] [INFO] : [부모 pid 4845] SIGUSR1 핸들러 발생
[2025-06-27 12:16:19] [INFO] : SIGUSR1 핸들러: 클라이언트 index 0 로부터 메시지 수신을 담당 서버 자식프로세스로부터 받음 : /MSG alsdkfjslkgj:sdf
[2025-06-27 12:16:19] [INFO] : [자식 pid 4848] SIGUSR2 핸들러 발생
[2025-06-27 12:16:23] [INFO] : [자식 index 0, pid : 4848] 서버의 부모 프로세스에게 메시지(데이터) 작성 SIGNAL 알림: /ADD asdfasdf
[2025-06-27 12:16:23] [INFO] : [부모 pid 4845] SIGUSR1 핸들러 발생
[2025-06-27 12:16:23] [INFO] : SIGUSR1 핸들러: 클라이언트 index 0 로부터 메시지 수신을 담당 서버 자식프로세스로부터 받음 : /ADD asdfasdf
[2025-06-27 12:16:23] [INFO] : [자식 pid 4848] SIGUSR2 핸들러 발생