
[2025-06-26 09:46:54] [INFO] : μ„λ²„κ°€ 5101 λ² ν¬νΈμ—μ„ λ€κΈ°ν•κ³  μμµλ‹λ‹¤......

[2025-06-26 09:47:01] [INFO] : ν΄λΌμ΄μ–ΈνΈ μ—°κ²°λ¨: 127.0.0.1
[2025-06-26 09:47:04] [INFO] : [μμ‹ index 0, pid : 16975] μ„λ²„μ λ¶€λ¨ ν”„λ΅μ„Έμ¤μ—κ² λ©”μ‹μ§€(λ°μ΄ν„°) μ‘μ„± SIGNAL μ•λ¦Ό: /NICK κ±΄μ°
[2025-06-26 09:47:01] [INFO] : ν΄λΌμ΄μ–ΈνΈ μ—°κ²°λ¨: 127.0.0.1
[2025-06-26 09:47:04] [INFO] : [λ¶€λ¨ pid 16962] SIGUSR1 ν•Έλ“¤λ¬ λ°μƒ
[2025-06-26 09:47:04] [INFO] : SIGUSR1 ν•Έλ“¤λ¬: ν΄λΌμ΄μ–ΈνΈ index 0 λ΅λ¶€ν„° λ©”μ‹μ§€ μμ‹ μ„ λ‹΄λ‹Ή μ„λ²„ μμ‹ν”„λ΅μ„Έμ¤λ΅λ¶€ν„° λ°›μ : /NICK κ±΄μ°
[2025-06-26 09:47:04] [INFO] : [μμ‹ pid 16975] SIGUSR2 ν•Έλ“¤λ¬ λ°μƒ
[2025-06-26 09:47:07] [INFO] : [μμ‹ index 0, pid : 16975] μ„λ²„μ λ¶€λ¨ ν”„λ΅μ„Έμ¤μ—κ² λ©”μ‹μ§€(λ°μ΄ν„°) μ‘μ„± SIGNAL μ•λ¦Ό: /MSG κ±΄μ°:γ…γ…‡
[2025-06-26 09:47:07] [INFO] : [λ¶€λ¨ pid 16962] SIGUSR1 ν•Έλ“¤λ¬ λ°μƒ
[2025-06-26 09:47:07] [INFO] : SIGUSR1 ν•Έλ“¤λ¬: ν΄λΌμ΄μ–ΈνΈ index 0 λ΅λ¶€ν„° λ©”μ‹μ§€ μμ‹ μ„ λ‹΄λ‹Ή μ„λ²„ μμ‹ν”„λ΅μ„Έμ¤λ΅λ¶€ν„° λ°›μ : /MSG κ±΄μ°:γ…γ…‡
[2025-06-26 09:47:07] [INFO] : [μμ‹ pid 16975] SIGUSR2 ν•Έλ“¤λ¬ λ°μƒ
[2025-06-26 09:48:02] [INFO] : ν΄λΌμ΄μ–ΈνΈ μ—°κ²°λ¨: 127.0.0.1
[2025-06-26 09:48:05] [INFO] : [μμ‹ index 1, pid : 17219] μ„λ²„μ λ¶€λ¨ ν”„λ΅μ„Έμ¤μ—κ² λ©”μ‹μ§€(λ°μ΄ν„°) μ‘μ„± SIGNAL μ•λ¦Ό: /NICK κ±΄μ°
[2025-06-26 09:48:02] [INFO] : ν΄λΌμ΄μ–ΈνΈ μ—°κ²°λ¨: 127.0.0.1
[2025-06-26 09:48:05] [INFO] : [λ¶€λ¨ pid 16962] SIGUSR1 ν•Έλ“¤λ¬ λ°μƒ
[2025-06-26 09:48:05] [INFO] : SIGUSR1 ν•Έλ“¤λ¬: ν΄λΌμ΄μ–ΈνΈ index 1 λ΅λ¶€ν„° λ©”μ‹μ§€ μμ‹ μ„ λ‹΄λ‹Ή μ„λ²„ μμ‹ν”„λ΅μ„Έμ¤λ΅λ¶€ν„° λ°›μ : /NICK κ±΄μ°
[2025-06-26 09:48:05] [INFO] : [μμ‹ pid 17219] SIGUSR2 ν•Έλ“¤λ¬ λ°μƒ
[2025-06-26 09:48:24] [INFO] : [μμ‹ index 1, pid : 17219] μ„λ²„μ λ¶€λ¨ ν”„λ΅μ„Έμ¤μ—κ² λ©”μ‹μ§€(λ°μ΄ν„°) μ‘μ„± SIGNAL μ•λ¦Ό: /NICK κ±΄μ°2
[2025-06-26 09:48:24] [INFO] : [λ¶€λ¨ pid 16962] SIGUSR1 ν•Έλ“¤λ¬ λ°μƒ
[2025-06-26 09:48:24] [INFO] : SIGUSR1 ν•Έλ“¤λ¬: ν΄λΌμ΄μ–ΈνΈ index 1 λ΅λ¶€ν„° λ©”μ‹μ§€ μμ‹ μ„ λ‹΄λ‹Ή μ„λ²„ μμ‹ν”„λ΅μ„Έμ¤λ΅λ¶€ν„° λ°›μ : /NICK κ±΄μ°2
[2025-06-26 09:48:24] [INFO] : [μμ‹ pid 17219] SIGUSR2 ν•Έλ“¤λ¬ λ°μƒ
[2025-06-26 09:48:26] [INFO] : [μμ‹ index 1, pid : 17219] μ„λ²„μ λ¶€λ¨ ν”„λ΅μ„Έμ¤μ—κ² λ©”μ‹μ§€(λ°μ΄ν„°) μ‘μ„± SIGNAL μ•λ¦Ό: /MSG κ±΄μ°2:γ…γ…‡
[2025-06-26 09:48:26] [INFO] : [λ¶€λ¨ pid 16962] SIGUSR1 ν•Έλ“¤λ¬ λ°μƒ
[2025-06-26 09:48:26] [INFO] : SIGUSR1 ν•Έλ“¤λ¬: ν΄λΌμ΄μ–ΈνΈ index 1 λ΅λ¶€ν„° λ©”μ‹μ§€ μμ‹ μ„ λ‹΄λ‹Ή μ„λ²„ μμ‹ν”„λ΅μ„Έμ¤λ΅λ¶€ν„° λ°›μ : /MSG κ±΄μ°2:γ…γ…‡
[2025-06-26 09:48:26] [INFO] : [μμ‹ pid 17219] SIGUSR2 ν•Έλ“¤λ¬ λ°μƒ
[2025-06-26 09:48:26] [INFO] : [μμ‹ pid 16975] SIGUSR2 ν•Έλ“¤λ¬ λ°μƒ
[2025-06-26 09:48:47] [INFO] : [μμ‹ index 1, pid : 17219] μ„λ²„μ λ¶€λ¨ ν”„λ΅μ„Έμ¤μ—κ² λ©”μ‹μ§€(λ°μ΄ν„°) μ‘μ„± SIGNAL μ•λ¦Ό: /MSG κ±΄μ°2:γ…γ„΄γ…‡γ„Ή
[2025-06-26 09:48:47] [INFO] : [λ¶€λ¨ pid 16962] SIGUSR1 ν•Έλ“¤λ¬ λ°μƒ
[2025-06-26 09:48:47] [INFO] : SIGUSR1 ν•Έλ“¤λ¬: ν΄λΌμ΄μ–ΈνΈ index 1 λ΅λ¶€ν„° λ©”μ‹μ§€ μμ‹ μ„ λ‹΄λ‹Ή μ„λ²„ μμ‹ν”„λ΅μ„Έμ¤λ΅λ¶€ν„° λ°›μ : /MSG κ±΄μ°2:γ…γ„΄γ…‡γ„Ή
[2025-06-26 09:48:47] [INFO] : [μμ‹ pid 17219] SIGUSR2 ν•Έλ“¤λ¬ λ°μƒ
[2025-06-26 09:48:47] [INFO] : [μμ‹ pid 16975] SIGUSR2 ν•Έλ“¤λ¬ λ°μƒ
[2025-06-26 09:48:49] [INFO] : [μμ‹ index 1, pid : 17219] μ„λ²„μ λ¶€λ¨ ν”„λ΅μ„Έμ¤μ—κ² λ©”μ‹μ§€(λ°μ΄ν„°) μ‘μ„± SIGNAL μ•λ¦Ό: /MSG κ±΄μ°2:γ…γ…‡γ…γ…‡
[2025-06-26 09:48:49] [INFO] : [λ¶€λ¨ pid 16962] SIGUSR1 ν•Έλ“¤λ¬ λ°μƒ
[2025-06-26 09:48:49] [INFO] : SIGUSR1 ν•Έλ“¤λ¬: ν΄λΌμ΄μ–ΈνΈ index 1 λ΅λ¶€ν„° λ©”μ‹μ§€ μμ‹ μ„ λ‹΄λ‹Ή μ„λ²„ μμ‹ν”„λ΅μ„Έμ¤λ΅λ¶€ν„° λ°›μ : /MSG κ±΄μ°2:γ…γ…‡γ…γ…‡
[2025-06-26 09:48:49] [INFO] : [μμ‹ pid 17219] SIGUSR2 ν•Έλ“¤λ¬ λ°μƒ
[2025-06-26 09:48:49] [INFO] : [μμ‹ pid 16975] SIGUSR2 ν•Έλ“¤λ¬ λ°μƒ
[2025-06-26 09:49:06] [INFO] : [μμ‹ index 1, pid : 17219] μ„λ²„μ λ¶€λ¨ ν”„λ΅μ„Έμ¤μ—κ² λ©”μ‹μ§€(λ°μ΄ν„°) μ‘μ„± SIGNAL μ•λ¦Ό: /ADD μ±„ν…λ°©
[2025-06-26 09:49:06] [INFO] : [λ¶€λ¨ pid 16962] SIGUSR1 ν•Έλ“¤λ¬ λ°μƒ
[2025-06-26 09:49:06] [INFO] : SIGUSR1 ν•Έλ“¤λ¬: ν΄λΌμ΄μ–ΈνΈ index 1 λ΅λ¶€ν„° λ©”μ‹μ§€ μμ‹ μ„ λ‹΄λ‹Ή μ„λ²„ μμ‹ν”„λ΅μ„Έμ¤λ΅λ¶€ν„° λ°›μ : /ADD μ±„ν…λ°©

test: 1
μ±„ν…λ°©


[2025-06-26 09:49:06] [INFO] : [μμ‹ pid 17219] SIGUSR2 ν•Έλ“¤λ¬ λ°μƒ
[2025-06-26 09:49:10] [INFO] : [μμ‹ index 1, pid : 17219] μ„λ²„μ λ¶€λ¨ ν”„λ΅μ„Έμ¤μ—κ² λ©”μ‹μ§€(λ°μ΄ν„°) μ‘μ„± SIGNAL μ•λ¦Ό: /MSG κ±΄μ°2:λ γ„Ή
[2025-06-26 09:49:10] [INFO] : [λ¶€λ¨ pid 16962] SIGUSR1 ν•Έλ“¤λ¬ λ°μƒ
[2025-06-26 09:49:10] [INFO] : SIGUSR1 ν•Έλ“¤λ¬: ν΄λΌμ΄μ–ΈνΈ index 1 λ΅λ¶€ν„° λ©”μ‹μ§€ μμ‹ μ„ λ‹΄λ‹Ή μ„λ²„ μμ‹ν”„λ΅μ„Έμ¤λ΅λ¶€ν„° λ°›μ : /MSG κ±΄μ°2:λ γ„Ή
[2025-06-26 09:49:10] [INFO] : [μμ‹ pid 17219] SIGUSR2 ν•Έλ“¤λ¬ λ°μƒ
[2025-06-26 09:50:53] [INFO] : [μμ‹ index 1, pid : 17219] μ„λ²„μ λ¶€λ¨ ν”„λ΅μ„Έμ¤μ—κ² λ©”μ‹μ§€(λ°μ΄ν„°) μ‘μ„± SIGNAL μ•λ¦Ό: /ADD μ±„ν…λ°©
[2025-06-26 09:50:53] [INFO] : [λ¶€λ¨ pid 16962] SIGUSR1 ν•Έλ“¤λ¬ λ°μƒ
[2025-06-26 09:50:53] [INFO] : SIGUSR1 ν•Έλ“¤λ¬: ν΄λΌμ΄μ–ΈνΈ index 1 λ΅λ¶€ν„° λ©”μ‹μ§€ μμ‹ μ„ λ‹΄λ‹Ή μ„λ²„ μμ‹ν”„λ΅μ„Έμ¤λ΅λ¶€ν„° λ°›μ : /ADD μ±„ν…λ°©
[2025-06-26 09:50:53] [INFO] : [μμ‹ pid 17219] SIGUSR2 ν•Έλ“¤λ¬ λ°μƒ
[2025-06-26 09:50:58] [INFO] : [μμ‹ index 1, pid : 17219] μ„λ²„μ λ¶€λ¨ ν”„λ΅μ„Έμ¤μ—κ² λ©”μ‹μ§€(λ°μ΄ν„°) μ‘μ„± SIGNAL μ•λ¦Ό: /ADD γ„΄γ…‡
[2025-06-26 09:50:58] [INFO] : [λ¶€λ¨ pid 16962] SIGUSR1 ν•Έλ“¤λ¬ λ°μƒ
[2025-06-26 09:50:58] [INFO] : SIGUSR1 ν•Έλ“¤λ¬: ν΄λΌμ΄μ–ΈνΈ index 1 λ΅λ¶€ν„° λ©”μ‹μ§€ μμ‹ μ„ λ‹΄λ‹Ή μ„λ²„ μμ‹ν”„λ΅μ„Έμ¤λ΅λ¶€ν„° λ°›μ : /ADD γ„΄γ…‡

test: 2
γ„΄γ…‡


[2025-06-26 09:50:58] [INFO] : [μμ‹ pid 17219] SIGUSR2 ν•Έλ“¤λ¬ λ°μƒ
[2025-06-26 09:51:00] [INFO] : [μμ‹ index 1, pid : 17219] μ„λ²„μ λ¶€λ¨ ν”„λ΅μ„Έμ¤μ—κ² λ©”μ‹μ§€(λ°μ΄ν„°) μ‘μ„± SIGNAL μ•λ¦Ό: /MSG κ±΄μ°2:γ„΄γ…‡γ„Ή
[2025-06-26 09:51:00] [INFO] : [λ¶€λ¨ pid 16962] SIGUSR1 ν•Έλ“¤λ¬ λ°μƒ
[2025-06-26 09:51:00] [INFO] : SIGUSR1 ν•Έλ“¤λ¬: ν΄λΌμ΄μ–ΈνΈ index 1 λ΅λ¶€ν„° λ©”μ‹μ§€ μμ‹ μ„ λ‹΄λ‹Ή μ„λ²„ μμ‹ν”„λ΅μ„Έμ¤λ΅λ¶€ν„° λ°›μ : /MSG κ±΄μ°2:γ„΄γ…‡γ„Ή
[2025-06-26 09:51:00] [INFO] : [μμ‹ pid 17219] SIGUSR2 ν•Έλ“¤λ¬ λ°μƒ
[2025-06-26 09:51:10] [INFO] : [μμ‹ index 0, pid : 16975] μ„λ²„μ λ¶€λ¨ ν”„λ΅μ„Έμ¤μ—κ² λ©”μ‹μ§€(λ°μ΄ν„°) μ‘μ„± SIGNAL μ•λ¦Ό: /MSG κ±΄μ°:γ…‡γ„΄γ„Ή
[2025-06-26 09:51:10] [INFO] : [λ¶€λ¨ pid 16962] SIGUSR1 ν•Έλ“¤λ¬ λ°μƒ
[2025-06-26 09:51:10] [INFO] : SIGUSR1 ν•Έλ“¤λ¬: ν΄λΌμ΄μ–ΈνΈ index 0 λ΅λ¶€ν„° λ©”μ‹μ§€ μμ‹ μ„ λ‹΄λ‹Ή μ„λ²„ μμ‹ν”„λ΅μ„Έμ¤λ΅λ¶€ν„° λ°›μ : /MSG κ±΄μ°:γ…‡γ„΄γ„Ή
[2025-06-26 09:51:10] [INFO] : [μμ‹ pid 16975] SIGUSR2 ν•Έλ“¤λ¬ λ°μƒ
[2025-06-26 09:51:50] [WARNING] : [μμ‹ index 1, pid 17219] ν΄λΌμ΄μ–ΈνΈ μ—°κ²° μΆ…λ£κ°€ κ°μ§€λμ–΄ ν•΄λ‹Ή ν΄λΌμ΄μ–ΈνΈ μ—°κ²°μ„ μΆ…λ£ν•©λ‹λ‹¤.
[2025-06-26 09:51:50] [INFO] : ν΄λΌμ΄μ–ΈνΈ 1 (pid: 17219, nick: κ±΄μ°2) μ ‘μ† μΆ…λ£. μμ› νμ μ™„λ£.

[2025-06-26 09:51:51] [WARNING] : [μμ‹ index 0, pid 16975] ν΄λΌμ΄μ–ΈνΈ μ—°κ²° μΆ…λ£κ°€ κ°μ§€λμ–΄ ν•΄λ‹Ή ν΄λΌμ΄μ–ΈνΈ μ—°κ²°μ„ μΆ…λ£ν•©λ‹λ‹¤.
[2025-06-26 09:51:51] [INFO] : ν΄λΌμ΄μ–ΈνΈ 0 (pid: 16975, nick: κ±΄μ°) μ ‘μ† μΆ…λ£. μμ› νμ μ™„λ£.

[2025-06-26 16:21:29] [INFO] : [λ¶€λ¨ pid 16962] μ„λ²„ μΆ…λ£ μ‹κ·Έλ„ μμ‹  : λ¨λ“  μμ‹ μΆ…λ£ μ¤‘ ...
[2025-06-26 16:21:29] [INFO] : [λ¶€λ¨ pid 16962] μ„λ²„ μΆ…λ£ μ™„λ£. μμ› νμ μ™„λ£.
[2025-06-26 16:21:34] [INFO] : μ„λ²„κ°€ 5101 λ² ν¬νΈμ—μ„ λ€κΈ°ν•κ³  μμµλ‹λ‹¤......

[2025-06-26 16:21:38] [INFO] : ν΄λΌμ΄μ–ΈνΈ μ—°κ²°λ¨: 127.0.0.1
[2025-06-26 16:21:40] [INFO] : [μμ‹ index 0, pid : 23952] μ„λ²„μ λ¶€λ¨ ν”„λ΅μ„Έμ¤μ—κ² λ©”μ‹μ§€(λ°μ΄ν„°) μ‘μ„± SIGNAL μ•λ¦Ό: /NICK κ±΄μ°
[2025-06-26 16:21:38] [INFO] : ν΄λΌμ΄μ–ΈνΈ μ—°κ²°λ¨: 127.0.0.1
[2025-06-26 16:21:40] [INFO] : [λ¶€λ¨ pid 23950] SIGUSR1 ν•Έλ“¤λ¬ λ°μƒ
[2025-06-26 16:21:40] [INFO] : SIGUSR1 ν•Έλ“¤λ¬: ν΄λΌμ΄μ–ΈνΈ index 0 λ΅λ¶€ν„° λ©”μ‹μ§€ μμ‹ μ„ λ‹΄λ‹Ή μ„λ²„ μμ‹ν”„λ΅μ„Έμ¤λ΅λ¶€ν„° λ°›μ : /NICK κ±΄μ°
[2025-06-26 16:21:40] [INFO] : [μμ‹ pid 23952] SIGUSR2 ν•Έλ“¤λ¬ λ°μƒ
[2025-06-26 16:21:41] [INFO] : [μμ‹ index 0, pid : 23952] μ„λ²„μ λ¶€λ¨ ν”„λ΅μ„Έμ¤μ—κ² λ©”μ‹μ§€(λ°μ΄ν„°) μ‘μ„± SIGNAL μ•λ¦Ό: /MSG κ±΄μ°:γ…γ„΄γ…‡γ„Ή
[2025-06-26 16:21:41] [INFO] : [λ¶€λ¨ pid 23950] SIGUSR1 ν•Έλ“¤λ¬ λ°μƒ
[2025-06-26 16:21:41] [INFO] : SIGUSR1 ν•Έλ“¤λ¬: ν΄λΌμ΄μ–ΈνΈ index 0 λ΅λ¶€ν„° λ©”μ‹μ§€ μμ‹ μ„ λ‹΄λ‹Ή μ„λ²„ μμ‹ν”„λ΅μ„Έμ¤λ΅λ¶€ν„° λ°›μ : /MSG κ±΄μ°:γ…γ„΄γ…‡γ„Ή
[2025-06-26 16:21:41] [INFO] : [μμ‹ pid 23952] SIGUSR2 ν•Έλ“¤λ¬ λ°μƒ
[2025-06-26 16:21:46] [INFO] : [μμ‹ index 0, pid : 23952] μ„λ²„μ λ¶€λ¨ ν”„λ΅μ„Έμ¤μ—κ² λ©”μ‹μ§€(λ°μ΄ν„°) μ‘μ„± SIGNAL μ•λ¦Ό: /ADD κ±΄μ°λ‹
[2025-06-26 16:21:46] [INFO] : [λ¶€λ¨ pid 23950] SIGUSR1 ν•Έλ“¤λ¬ λ°μƒ
[2025-06-26 16:21:46] [INFO] : SIGUSR1 ν•Έλ“¤λ¬: ν΄λΌμ΄μ–ΈνΈ index 0 λ΅λ¶€ν„° λ©”μ‹μ§€ μμ‹ μ„ λ‹΄λ‹Ή μ„λ²„ μμ‹ν”„λ΅μ„Έμ¤λ΅λ¶€ν„° λ°›μ : /ADD κ±΄μ°λ‹
[2025-06-26 16:21:46] [INFO] : [μμ‹ pid 23952] SIGUSR2 ν•Έλ“¤λ¬ λ°μƒ
[2025-06-26 16:21:48] [INFO] : [μμ‹ index 0, pid : 23952] μ„λ²„μ λ¶€λ¨ ν”„λ΅μ„Έμ¤μ—κ² λ©”μ‹μ§€(λ°μ΄ν„°) μ‘μ„± SIGNAL μ•λ¦Ό: /MSG κ±΄μ°:γ„΄γ…‡γ„Ή
[2025-06-26 16:21:48] [INFO] : [λ¶€λ¨ pid 23950] SIGUSR1 ν•Έλ“¤λ¬ λ°μƒ
[2025-06-26 16:21:48] [INFO] : SIGUSR1 ν•Έλ“¤λ¬: ν΄λΌμ΄μ–ΈνΈ index 0 λ΅λ¶€ν„° λ©”μ‹μ§€ μμ‹ μ„ λ‹΄λ‹Ή μ„λ²„ μμ‹ν”„λ΅μ„Έμ¤λ΅λ¶€ν„° λ°›μ : /MSG κ±΄μ°:γ„΄γ…‡γ„Ή
[2025-06-26 16:21:48] [INFO] : [μμ‹ pid 23952] SIGUSR2 ν•Έλ“¤λ¬ λ°μƒ
[2025-06-26 16:21:55] [WARNING] : [μμ‹ index 0, pid 23952] ν΄λΌμ΄μ–ΈνΈ μ—°κ²° μΆ…λ£κ°€ κ°μ§€λμ–΄ ν•΄λ‹Ή ν΄λΌμ΄μ–ΈνΈ μ—°κ²°μ„ μΆ…λ£ν•©λ‹λ‹¤.
[2025-06-26 16:21:55] [INFO] : ν΄λΌμ΄μ–ΈνΈ 0 (pid: 23952, nick: κ±΄μ°) μ ‘μ† μΆ…λ£. μμ› νμ μ™„λ£.

[2025-06-26 18:36:53] [INFO] : [λ¶€λ¨ pid 23950] μ„λ²„ μΆ…λ£ μ‹κ·Έλ„ μμ‹  : λ¨λ“  μμ‹ μΆ…λ£ μ¤‘ ...
[2025-06-26 18:36:53] [INFO] : [λ¶€λ¨ pid 23950] μ„λ²„ μΆ…λ£ μ™„λ£. μμ› νμ μ™„λ£.
[2025-06-26 19:50:03] [INFO] : μ„λ²„κ°€ 5101 λ² ν¬νΈμ—μ„ λ€κΈ°ν•κ³  μμµλ‹λ‹¤......

[2025-06-26 19:50:25] [INFO] : ν΄λΌμ΄μ–ΈνΈ μ—°κ²°λ¨: 127.0.0.1
[2025-06-26 19:50:28] [INFO] : [μμ‹ index 0, pid : 24511] μ„λ²„μ λ¶€λ¨ ν”„λ΅μ„Έμ¤μ—κ² λ©”μ‹μ§€(λ°μ΄ν„°) μ‘μ„± SIGNAL μ•λ¦Ό: /NICK κ±΄μ°
[2025-06-26 19:50:25] [INFO] : ν΄λΌμ΄μ–ΈνΈ μ—°κ²°λ¨: 127.0.0.1
[2025-06-26 19:50:28] [INFO] : [λ¶€λ¨ pid 24509] SIGUSR1 ν•Έλ“¤λ¬ λ°μƒ
[2025-06-26 19:50:28] [INFO] : SIGUSR1 ν•Έλ“¤λ¬: ν΄λΌμ΄μ–ΈνΈ index 0 λ΅λ¶€ν„° λ©”μ‹μ§€ μμ‹ μ„ λ‹΄λ‹Ή μ„λ²„ μμ‹ν”„λ΅μ„Έμ¤λ΅λ¶€ν„° λ°›μ : /NICK κ±΄μ°
[2025-06-26 19:50:28] [INFO] : [μμ‹ pid 24511] SIGUSR2 ν•Έλ“¤λ¬ λ°μƒ
[2025-06-26 19:50:35] [INFO] : [μμ‹ index 0, pid : 24511] μ„λ²„μ λ¶€λ¨ ν”„λ΅μ„Έμ¤μ—κ² λ©”μ‹μ§€(λ°μ΄ν„°) μ‘μ„± SIGNAL μ•λ¦Ό: /MSG κ±΄μ°:κ±΄μ°
[2025-06-26 19:50:35] [INFO] : [λ¶€λ¨ pid 24509] SIGUSR1 ν•Έλ“¤λ¬ λ°μƒ
[2025-06-26 19:50:35] [INFO] : SIGUSR1 ν•Έλ“¤λ¬: ν΄λΌμ΄μ–ΈνΈ index 0 λ΅λ¶€ν„° λ©”μ‹μ§€ μμ‹ μ„ λ‹΄λ‹Ή μ„λ²„ μμ‹ν”„λ΅μ„Έμ¤λ΅λ¶€ν„° λ°›μ : /MSG κ±΄μ°:κ±΄μ°
[2025-06-26 19:50:35] [INFO] : [μμ‹ pid 24511] SIGUSR2 ν•Έλ“¤λ¬ λ°μƒ
[2025-06-26 19:50:37] [INFO] : [μμ‹ index 0, pid : 24511] μ„λ²„μ λ¶€λ¨ ν”„λ΅μ„Έμ¤μ—κ² λ©”μ‹μ§€(λ°μ΄ν„°) μ‘μ„± SIGNAL μ•λ¦Ό: /MSG κ±΄μ°:κ±΄μ°
[2025-06-26 19:50:37] [INFO] : [λ¶€λ¨ pid 24509] SIGUSR1 ν•Έλ“¤λ¬ λ°μƒ
[2025-06-26 19:50:37] [INFO] : SIGUSR1 ν•Έλ“¤λ¬: ν΄λΌμ΄μ–ΈνΈ index 0 λ΅λ¶€ν„° λ©”μ‹μ§€ μμ‹ μ„ λ‹΄λ‹Ή μ„λ²„ μμ‹ν”„λ΅μ„Έμ¤λ΅λ¶€ν„° λ°›μ : /MSG κ±΄μ°:κ±΄μ°
[2025-06-26 19:50:37] [INFO] : [μμ‹ pid 24511] SIGUSR2 ν•Έλ“¤λ¬ λ°μƒ
[2025-06-26 19:51:00] [WARNING] : [μμ‹ index 0, pid 24511] ν΄λΌμ΄μ–ΈνΈ μ—°κ²° μΆ…λ£κ°€ κ°μ§€λμ–΄ ν•΄λ‹Ή ν΄λΌμ΄μ–ΈνΈ μ—°κ²°μ„ μΆ…λ£ν•©λ‹λ‹¤.
[2025-06-26 19:51:00] [INFO] : ν΄λΌμ΄μ–ΈνΈ 0 (pid: 24511, nick: κ±΄μ°) μ ‘μ† μΆ…λ£. μμ› νμ μ™„λ£.

[2025-06-26 19:52:48] [INFO] : ν΄λΌμ΄μ–ΈνΈ μ—°κ²°λ¨: 127.0.0.1
[2025-06-26 19:52:49] [INFO] : [μμ‹ index 0, pid : 24524] μ„λ²„μ λ¶€λ¨ ν”„λ΅μ„Έμ¤μ—κ² λ©”μ‹μ§€(λ°μ΄ν„°) μ‘μ„± SIGNAL μ•λ¦Ό: /NICK κ±΄μ°λ‹
[2025-06-26 19:52:48] [INFO] : ν΄λΌμ΄μ–ΈνΈ μ—°κ²°λ¨: 127.0.0.1
[2025-06-26 19:52:49] [INFO] : [λ¶€λ¨ pid 24509] SIGUSR1 ν•Έλ“¤λ¬ λ°μƒ
[2025-06-26 19:52:49] [INFO] : SIGUSR1 ν•Έλ“¤λ¬: ν΄λΌμ΄μ–ΈνΈ index 0 λ΅λ¶€ν„° λ©”μ‹μ§€ μμ‹ μ„ λ‹΄λ‹Ή μ„λ²„ μμ‹ν”„λ΅μ„Έμ¤λ΅λ¶€ν„° λ°›μ : /NICK κ±΄μ°λ‹
[2025-06-26 19:52:49] [INFO] : [μμ‹ pid 24524] SIGUSR2 ν•Έλ“¤λ¬ λ°μƒ
[2025-06-26 19:52:55] [INFO] : [μμ‹ index 0, pid : 24524] μ„λ²„μ λ¶€λ¨ ν”„λ΅μ„Έμ¤μ—κ² λ©”μ‹μ§€(λ°μ΄ν„°) μ‘μ„± SIGNAL μ•λ¦Ό: /NICK κ±΄μ°λ‹
[2025-06-26 19:52:55] [INFO] : [λ¶€λ¨ pid 24509] SIGUSR1 ν•Έλ“¤λ¬ λ°μƒ
[2025-06-26 19:52:55] [INFO] : SIGUSR1 ν•Έλ“¤λ¬: ν΄λΌμ΄μ–ΈνΈ index 0 λ΅λ¶€ν„° λ©”μ‹μ§€ μμ‹ μ„ λ‹΄λ‹Ή μ„λ²„ μμ‹ν”„λ΅μ„Έμ¤λ΅λ¶€ν„° λ°›μ : /NICK κ±΄μ°λ‹
[2025-06-26 19:52:55] [INFO] : [μμ‹ pid 24524] SIGUSR2 ν•Έλ“¤λ¬ λ°μƒ
[2025-06-26 19:53:03] [INFO] : [μμ‹ index 0, pid : 24524] μ„λ²„μ λ¶€λ¨ ν”„λ΅μ„Έμ¤μ—κ² λ©”μ‹μ§€(λ°μ΄ν„°) μ‘μ„± SIGNAL μ•λ¦Ό: /NICK κ±΄μ°λ‹
[2025-06-26 19:53:03] [INFO] : [λ¶€λ¨ pid 24509] SIGUSR1 ν•Έλ“¤λ¬ λ°μƒ
[2025-06-26 19:53:03] [INFO] : SIGUSR1 ν•Έλ“¤λ¬: ν΄λΌμ΄μ–ΈνΈ index 0 λ΅λ¶€ν„° λ©”μ‹μ§€ μμ‹ μ„ λ‹΄λ‹Ή μ„λ²„ μμ‹ν”„λ΅μ„Έμ¤λ΅λ¶€ν„° λ°›μ : /NICK κ±΄μ°λ‹
[2025-06-26 19:53:03] [INFO] : [μμ‹ pid 24524] SIGUSR2 ν•Έλ“¤λ¬ λ°μƒ
[2025-06-26 19:55:50] [WARNING] : [μμ‹ index 0, pid 24524] ν΄λΌμ΄μ–ΈνΈ μ—°κ²° μΆ…λ£κ°€ κ°μ§€λμ–΄ ν•΄λ‹Ή ν΄λΌμ΄μ–ΈνΈ μ—°κ²°μ„ μΆ…λ£ν•©λ‹λ‹¤.
[2025-06-26 19:55:50] [INFO] : ν΄λΌμ΄μ–ΈνΈ 0 (pid: 24524, nick: κ±΄μ°λ‹) μ ‘μ† μΆ…λ£. μμ› νμ μ™„λ£.

[2025-06-26 19:56:10] [INFO] : [λ¶€λ¨ pid 24509] μ„λ²„ μΆ…λ£ μ‹κ·Έλ„ μμ‹  : λ¨λ“  μμ‹ μΆ…λ£ μ¤‘ ...
[2025-06-26 19:56:10] [INFO] : [λ¶€λ¨ pid 24509] μ„λ²„ μΆ…λ£ μ™„λ£. μμ› νμ μ™„λ£.
[2025-06-26 19:56:16] [INFO] : μ„λ²„κ°€ 5101 λ² ν¬νΈμ—μ„ λ€κΈ°ν•κ³  μμµλ‹λ‹¤......

[2025-06-26 19:56:21] [INFO] : ν΄λΌμ΄μ–ΈνΈ μ—°κ²°λ¨: 127.0.0.1
[2025-06-26 19:56:24] [INFO] : [μμ‹ index 0, pid : 24655] μ„λ²„μ λ¶€λ¨ ν”„λ΅μ„Έμ¤μ—κ² λ©”μ‹μ§€(λ°μ΄ν„°) μ‘μ„± SIGNAL μ•λ¦Ό: /NICK κ±΄μ°λ‹
[2025-06-26 19:56:21] [INFO] : ν΄λΌμ΄μ–ΈνΈ μ—°κ²°λ¨: 127.0.0.1
[2025-06-26 19:56:24] [INFO] : [λ¶€λ¨ pid 24652] SIGUSR1 ν•Έλ“¤λ¬ λ°μƒ
[2025-06-26 19:56:24] [INFO] : SIGUSR1 ν•Έλ“¤λ¬: ν΄λΌμ΄μ–ΈνΈ index 0 λ΅λ¶€ν„° λ©”μ‹μ§€ μμ‹ μ„ λ‹΄λ‹Ή μ„λ²„ μμ‹ν”„λ΅μ„Έμ¤λ΅λ¶€ν„° λ°›μ : /NICK κ±΄μ°λ‹
[2025-06-26 19:56:24] [INFO] : [μμ‹ pid 24655] SIGUSR2 ν•Έλ“¤λ¬ λ°μƒ
[2025-06-26 19:56:31] [INFO] : [μμ‹ index 0, pid : 24655] μ„λ²„μ λ¶€λ¨ ν”„λ΅μ„Έμ¤μ—κ² λ©”μ‹μ§€(λ°μ΄ν„°) μ‘μ„± SIGNAL μ•λ¦Ό: /LEAVE 
[2025-06-26 19:56:31] [INFO] : [λ¶€λ¨ pid 24652] SIGUSR1 ν•Έλ“¤λ¬ λ°μƒ
[2025-06-26 19:56:31] [INFO] : SIGUSR1 ν•Έλ“¤λ¬: ν΄λΌμ΄μ–ΈνΈ index 0 λ΅λ¶€ν„° λ©”μ‹μ§€ μμ‹ μ„ λ‹΄λ‹Ή μ„λ²„ μμ‹ν”„λ΅μ„Έμ¤λ΅λ¶€ν„° λ°›μ : /LEAVE 
[2025-06-26 19:56:31] [INFO] : [μμ‹ pid 24655] SIGUSR2 ν•Έλ“¤λ¬ λ°μƒ
[2025-06-26 19:56:59] [INFO] : [μμ‹ index 0, pid : 24655] μ„λ²„μ λ¶€λ¨ ν”„λ΅μ„Έμ¤μ—κ² λ©”μ‹μ§€(λ°μ΄ν„°) μ‘μ„± SIGNAL μ•λ¦Ό: /ADD testtest
[2025-06-26 19:56:59] [INFO] : [λ¶€λ¨ pid 24652] SIGUSR1 ν•Έλ“¤λ¬ λ°μƒ
[2025-06-26 19:56:59] [INFO] : SIGUSR1 ν•Έλ“¤λ¬: ν΄λΌμ΄μ–ΈνΈ index 0 λ΅λ¶€ν„° λ©”μ‹μ§€ μμ‹ μ„ λ‹΄λ‹Ή μ„λ²„ μμ‹ν”„λ΅μ„Έμ¤λ΅λ¶€ν„° λ°›μ : /ADD testtest
[2025-06-26 19:56:59] [INFO] : [μμ‹ pid 24655] SIGUSR2 ν•Έλ“¤λ¬ λ°μƒ
[2025-06-26 19:57:03] [INFO] : [μμ‹ index 0, pid : 24655] μ„λ²„μ λ¶€λ¨ ν”„λ΅μ„Έμ¤μ—κ² λ©”μ‹μ§€(λ°μ΄ν„°) μ‘μ„± SIGNAL μ•λ¦Ό: /MSG κ±΄μ°λ‹:sdf
[2025-06-26 19:57:03] [INFO] : [λ¶€λ¨ pid 24652] SIGUSR1 ν•Έλ“¤λ¬ λ°μƒ
[2025-06-26 19:57:03] [INFO] : SIGUSR1 ν•Έλ“¤λ¬: ν΄λΌμ΄μ–ΈνΈ index 0 λ΅λ¶€ν„° λ©”μ‹μ§€ μμ‹ μ„ λ‹΄λ‹Ή μ„λ²„ μμ‹ν”„λ΅μ„Έμ¤λ΅λ¶€ν„° λ°›μ : /MSG κ±΄μ°λ‹:sdf
[2025-06-26 19:57:03] [INFO] : [μμ‹ pid 24655] SIGUSR2 ν•Έλ“¤λ¬ λ°μƒ
[2025-06-26 19:57:06] [INFO] : [μμ‹ index 0, pid : 24655] μ„λ²„μ λ¶€λ¨ ν”„λ΅μ„Έμ¤μ—κ² λ©”μ‹μ§€(λ°μ΄ν„°) μ‘μ„± SIGNAL μ•λ¦Ό: /LEAVE 
[2025-06-26 19:57:06] [INFO] : [λ¶€λ¨ pid 24652] SIGUSR1 ν•Έλ“¤λ¬ λ°μƒ
[2025-06-26 19:57:06] [INFO] : SIGUSR1 ν•Έλ“¤λ¬: ν΄λΌμ΄μ–ΈνΈ index 0 λ΅λ¶€ν„° λ©”μ‹μ§€ μμ‹ μ„ λ‹΄λ‹Ή μ„λ²„ μμ‹ν”„λ΅μ„Έμ¤λ΅λ¶€ν„° λ°›μ : /LEAVE 
[2025-06-26 19:57:06] [INFO] : [μμ‹ pid 24655] SIGUSR2 ν•Έλ“¤λ¬ λ°μƒ
[2025-06-26 19:57:08] [INFO] : [μμ‹ index 0, pid : 24655] μ„λ²„μ λ¶€λ¨ ν”„λ΅μ„Έμ¤μ—κ² λ©”μ‹μ§€(λ°μ΄ν„°) μ‘μ„± SIGNAL μ•λ¦Ό: /MSG κ±΄μ°λ‹:sdfs
[2025-06-26 19:57:08] [INFO] : [λ¶€λ¨ pid 24652] SIGUSR1 ν•Έλ“¤λ¬ λ°μƒ
[2025-06-26 19:57:08] [INFO] : SIGUSR1 ν•Έλ“¤λ¬: ν΄λΌμ΄μ–ΈνΈ index 0 λ΅λ¶€ν„° λ©”μ‹μ§€ μμ‹ μ„ λ‹΄λ‹Ή μ„λ²„ μμ‹ν”„λ΅μ„Έμ¤λ΅λ¶€ν„° λ°›μ : /MSG κ±΄μ°λ‹:sdfs
[2025-06-26 19:57:08] [INFO] : [μμ‹ pid 24655] SIGUSR2 ν•Έλ“¤λ¬ λ°μƒ
[2025-06-26 19:58:48] [WARNING] : [μμ‹ index 0, pid 24655] ν΄λΌμ΄μ–ΈνΈ μ—°κ²° μΆ…λ£κ°€ κ°μ§€λμ–΄ ν•΄λ‹Ή ν΄λΌμ΄μ–ΈνΈ μ—°κ²°μ„ μΆ…λ£ν•©λ‹λ‹¤.
[2025-06-26 19:58:48] [INFO] : ν΄λΌμ΄μ–ΈνΈ 0 (pid: 24655, nick: κ±΄μ°λ‹) μ ‘μ† μΆ…λ£. μμ› νμ μ™„λ£.

[2025-06-26 19:58:56] [INFO] : [λ¶€λ¨ pid 24652] μ„λ²„ μΆ…λ£ μ‹κ·Έλ„ μμ‹  : λ¨λ“  μμ‹ μΆ…λ£ μ¤‘ ...
[2025-06-26 19:58:56] [INFO] : [λ¶€λ¨ pid 24652] μ„λ²„ μΆ…λ£ μ™„λ£. μμ› νμ μ™„λ£.
[2025-06-26 19:58:59] [INFO] : μ„λ²„κ°€ 5101 λ² ν¬νΈμ—μ„ λ€κΈ°ν•κ³  μμµλ‹λ‹¤......

[2025-06-26 19:59:07] [INFO] : ν΄λΌμ΄μ–ΈνΈ μ—°κ²°λ¨: 127.0.0.1
[2025-06-26 19:59:09] [INFO] : [μμ‹ index 0, pid : 24723] μ„λ²„μ λ¶€λ¨ ν”„λ΅μ„Έμ¤μ—κ² λ©”μ‹μ§€(λ°μ΄ν„°) μ‘μ„± SIGNAL μ•λ¦Ό: /NICK κ±΄μ°λ‹
[2025-06-26 19:59:07] [INFO] : ν΄λΌμ΄μ–ΈνΈ μ—°κ²°λ¨: 127.0.0.1
[2025-06-26 19:59:09] [INFO] : [λ¶€λ¨ pid 24721] SIGUSR1 ν•Έλ“¤λ¬ λ°μƒ
[2025-06-26 19:59:09] [INFO] : SIGUSR1 ν•Έλ“¤λ¬: ν΄λΌμ΄μ–ΈνΈ index 0 λ΅λ¶€ν„° λ©”μ‹μ§€ μμ‹ μ„ λ‹΄λ‹Ή μ„λ²„ μμ‹ν”„λ΅μ„Έμ¤λ΅λ¶€ν„° λ°›μ : /NICK κ±΄μ°λ‹
[2025-06-26 19:59:09] [INFO] : [μμ‹ pid 24723] SIGUSR2 ν•Έλ“¤λ¬ λ°μƒ
[2025-06-26 19:59:16] [WARNING] : [μμ‹ index 0, pid 24723] ν΄λΌμ΄μ–ΈνΈ μ—°κ²° μΆ…λ£κ°€ κ°μ§€λμ–΄ ν•΄λ‹Ή ν΄λΌμ΄μ–ΈνΈ μ—°κ²°μ„ μΆ…λ£ν•©λ‹λ‹¤.
[2025-06-26 19:59:16] [INFO] : ν΄λΌμ΄μ–ΈνΈ 0 (pid: 24723, nick: κ±΄μ°λ‹) μ ‘μ† μΆ…λ£. μμ› νμ μ™„λ£.

[2025-06-26 19:59:22] [INFO] : ν΄λΌμ΄μ–ΈνΈ μ—°κ²°λ¨: 127.0.0.1
[2025-06-26 19:59:23] [INFO] : [μμ‹ index 0, pid : 24726] μ„λ²„μ λ¶€λ¨ ν”„λ΅μ„Έμ¤μ—κ² λ©”μ‹μ§€(λ°μ΄ν„°) μ‘μ„± SIGNAL μ•λ¦Ό: /NICK rjssdn
[2025-06-26 19:59:22] [INFO] : ν΄λΌμ΄μ–ΈνΈ μ—°κ²°λ¨: 127.0.0.1
[2025-06-26 19:59:23] [INFO] : [λ¶€λ¨ pid 24721] SIGUSR1 ν•Έλ“¤λ¬ λ°μƒ
[2025-06-26 19:59:23] [INFO] : SIGUSR1 ν•Έλ“¤λ¬: ν΄λΌμ΄μ–ΈνΈ index 0 λ΅λ¶€ν„° λ©”μ‹μ§€ μμ‹ μ„ λ‹΄λ‹Ή μ„λ²„ μμ‹ν”„λ΅μ„Έμ¤λ΅λ¶€ν„° λ°›μ : /NICK rjssdn
[2025-06-26 19:59:23] [INFO] : [μμ‹ pid 24726] SIGUSR2 ν•Έλ“¤λ¬ λ°μƒ
[2025-06-26 19:59:28] [INFO] : [μμ‹ index 0, pid : 24726] μ„λ²„μ λ¶€λ¨ ν”„λ΅μ„Έμ¤μ—κ² λ©”μ‹μ§€(λ°μ΄ν„°) μ‘μ„± SIGNAL μ•λ¦Ό: /MSG rjssdn:[A
[2025-06-26 19:59:28] [INFO] : [λ¶€λ¨ pid 24721] SIGUSR1 ν•Έλ“¤λ¬ λ°μƒ
[2025-06-26 19:59:28] [INFO] : SIGUSR1 ν•Έλ“¤λ¬: ν΄λΌμ΄μ–ΈνΈ index 0 λ΅λ¶€ν„° λ©”μ‹μ§€ μμ‹ μ„ λ‹΄λ‹Ή μ„λ²„ μμ‹ν”„λ΅μ„Έμ¤λ΅λ¶€ν„° λ°›μ : /MSG rjssdn:[A
[2025-06-26 19:59:28] [INFO] : [μμ‹ pid 24726] SIGUSR2 ν•Έλ“¤λ¬ λ°μƒ
[2025-06-26 19:59:30] [INFO] : [μμ‹ index 0, pid : 24726] μ„λ²„μ λ¶€λ¨ ν”„λ΅μ„Έμ¤μ—κ² λ©”μ‹μ§€(λ°μ΄ν„°) μ‘μ„± SIGNAL μ•λ¦Ό: /MSG rjssdn:SDLKFJSDLK
[2025-06-26 19:59:30] [INFO] : [λ¶€λ¨ pid 24721] SIGUSR1 ν•Έλ“¤λ¬ λ°μƒ
[2025-06-26 19:59:30] [INFO] : SIGUSR1 ν•Έλ“¤λ¬: ν΄λΌμ΄μ–ΈνΈ index 0 λ΅λ¶€ν„° λ©”μ‹μ§€ μμ‹ μ„ λ‹΄λ‹Ή μ„λ²„ μμ‹ν”„λ΅μ„Έμ¤λ΅λ¶€ν„° λ°›μ : /MSG rjssdn:SDLKFJSDLK
[2025-06-26 19:59:30] [INFO] : [μμ‹ pid 24726] SIGUSR2 ν•Έλ“¤λ¬ λ°μƒ
[2025-06-26 19:59:31] [INFO] : [μμ‹ index 0, pid : 24726] μ„λ²„μ λ¶€λ¨ ν”„λ΅μ„Έμ¤μ—κ² λ©”μ‹μ§€(λ°μ΄ν„°) μ‘μ„± SIGNAL μ•λ¦Ό: /MSG rjssdn:SDJFKL
[2025-06-26 19:59:31] [INFO] : [λ¶€λ¨ pid 24721] SIGUSR1 ν•Έλ“¤λ¬ λ°μƒ
[2025-06-26 19:59:31] [INFO] : SIGUSR1 ν•Έλ“¤λ¬: ν΄λΌμ΄μ–ΈνΈ index 0 λ΅λ¶€ν„° λ©”μ‹μ§€ μμ‹ μ„ λ‹΄λ‹Ή μ„λ²„ μμ‹ν”„λ΅μ„Έμ¤λ΅λ¶€ν„° λ°›μ : /MSG rjssdn:SDJFKL
[2025-06-26 19:59:31] [INFO] : [μμ‹ pid 24726] SIGUSR2 ν•Έλ“¤λ¬ λ°μƒ
[2025-06-26 19:59:32] [INFO] : [μμ‹ index 0, pid : 24726] μ„λ²„μ λ¶€λ¨ ν”„λ΅μ„Έμ¤μ—κ² λ©”μ‹μ§€(λ°μ΄ν„°) μ‘μ„± SIGNAL μ•λ¦Ό: /MSG rjssdn:SLKDFJ
[2025-06-26 19:59:32] [INFO] : [λ¶€λ¨ pid 24721] SIGUSR1 ν•Έλ“¤λ¬ λ°μƒ
[2025-06-26 19:59:32] [INFO] : SIGUSR1 ν•Έλ“¤λ¬: ν΄λΌμ΄μ–ΈνΈ index 0 λ΅λ¶€ν„° λ©”μ‹μ§€ μμ‹ μ„ λ‹΄λ‹Ή μ„λ²„ μμ‹ν”„λ΅μ„Έμ¤λ΅λ¶€ν„° λ°›μ : /MSG rjssdn:SLKDFJ
[2025-06-26 19:59:32] [INFO] : [μμ‹ pid 24726] SIGUSR2 ν•Έλ“¤λ¬ λ°μƒ
[2025-06-26 19:59:32] [INFO] : [μμ‹ index 0, pid : 24726] μ„λ²„μ λ¶€λ¨ ν”„λ΅μ„Έμ¤μ—κ² λ©”μ‹μ§€(λ°μ΄ν„°) μ‘μ„± SIGNAL μ•λ¦Ό: /MSG rjssdn:SD
[2025-06-26 19:59:32] [INFO] : [λ¶€λ¨ pid 24721] SIGUSR1 ν•Έλ“¤λ¬ λ°μƒ
[2025-06-26 19:59:32] [INFO] : SIGUSR1 ν•Έλ“¤λ¬: ν΄λΌμ΄μ–ΈνΈ index 0 λ΅λ¶€ν„° λ©”μ‹μ§€ μμ‹ μ„ λ‹΄λ‹Ή μ„λ²„ μμ‹ν”„λ΅μ„Έμ¤λ΅λ¶€ν„° λ°›μ : /MSG rjssdn:SD
[2025-06-26 19:59:32] [INFO] : [μμ‹ pid 24726] SIGUSR2 ν•Έλ“¤λ¬ λ°μƒ
[2025-06-26 19:59:32] [INFO] : [μμ‹ index 0, pid : 24726] μ„λ²„μ λ¶€λ¨ ν”„λ΅μ„Έμ¤μ—κ² λ©”μ‹μ§€(λ°μ΄ν„°) μ‘μ„± SIGNAL μ•λ¦Ό: /MSG rjssdn:FS
[2025-06-26 19:59:32] [INFO] : [λ¶€λ¨ pid 24721] SIGUSR1 ν•Έλ“¤λ¬ λ°μƒ
[2025-06-26 19:59:32] [INFO] : SIGUSR1 ν•Έλ“¤λ¬: ν΄λΌμ΄μ–ΈνΈ index 0 λ΅λ¶€ν„° λ©”μ‹μ§€ μμ‹ μ„ λ‹΄λ‹Ή μ„λ²„ μμ‹ν”„λ΅μ„Έμ¤λ΅λ¶€ν„° λ°›μ : /MSG rjssdn:FS
[2025-06-26 19:59:32] [INFO] : [μμ‹ pid 24726] SIGUSR2 ν•Έλ“¤λ¬ λ°μƒ
[2025-06-26 19:59:32] [INFO] : [μμ‹ index 0, pid : 24726] μ„λ²„μ λ¶€λ¨ ν”„λ΅μ„Έμ¤μ—κ² λ©”μ‹μ§€(λ°μ΄ν„°) μ‘μ„± SIGNAL μ•λ¦Ό: /MSG rjssdn:DF
[2025-06-26 19:59:32] [INFO] : [λ¶€λ¨ pid 24721] SIGUSR1 ν•Έλ“¤λ¬ λ°μƒ
[2025-06-26 19:59:32] [INFO] : SIGUSR1 ν•Έλ“¤λ¬: ν΄λΌμ΄μ–ΈνΈ index 0 λ΅λ¶€ν„° λ©”μ‹μ§€ μμ‹ μ„ λ‹΄λ‹Ή μ„λ²„ μμ‹ν”„λ΅μ„Έμ¤λ΅λ¶€ν„° λ°›μ : /MSG rjssdn:DF
[2025-06-26 19:59:32] [INFO] : [μμ‹ pid 24726] SIGUSR2 ν•Έλ“¤λ¬ λ°μƒ
[2025-06-26 19:59:32] [INFO] : [μμ‹ index 0, pid : 24726] μ„λ²„μ λ¶€λ¨ ν”„λ΅μ„Έμ¤μ—κ² λ©”μ‹μ§€(λ°μ΄ν„°) μ‘μ„± SIGNAL μ•λ¦Ό: /MSG rjssdn:SD
[2025-06-26 19:59:32] [INFO] : [λ¶€λ¨ pid 24721] SIGUSR1 ν•Έλ“¤λ¬ λ°μƒ
[2025-06-26 19:59:32] [INFO] : SIGUSR1 ν•Έλ“¤λ¬: ν΄λΌμ΄μ–ΈνΈ index 0 λ΅λ¶€ν„° λ©”μ‹μ§€ μμ‹ μ„ λ‹΄λ‹Ή μ„λ²„ μμ‹ν”„λ΅μ„Έμ¤λ΅λ¶€ν„° λ°›μ : /MSG rjssdn:SD
[2025-06-26 19:59:32] [INFO] : [μμ‹ pid 24726] SIGUSR2 ν•Έλ“¤λ¬ λ°μƒ
[2025-06-26 19:59:33] [INFO] : [μμ‹ index 0, pid : 24726] μ„λ²„μ λ¶€λ¨ ν”„λ΅μ„Έμ¤μ—κ² λ©”μ‹μ§€(λ°μ΄ν„°) μ‘μ„± SIGNAL μ•λ¦Ό: /MSG rjssdn:F
[2025-06-26 19:59:33] [INFO] : [λ¶€λ¨ pid 24721] SIGUSR1 ν•Έλ“¤λ¬ λ°μƒ
[2025-06-26 19:59:33] [INFO] : SIGUSR1 ν•Έλ“¤λ¬: ν΄λΌμ΄μ–ΈνΈ index 0 λ΅λ¶€ν„° λ©”μ‹μ§€ μμ‹ μ„ λ‹΄λ‹Ή μ„λ²„ μμ‹ν”„λ΅μ„Έμ¤λ΅λ¶€ν„° λ°›μ : /MSG rjssdn:F
[2025-06-26 19:59:33] [INFO] : [μμ‹ pid 24726] SIGUSR2 ν•Έλ“¤λ¬ λ°μƒ
[2025-06-26 19:59:33] [INFO] : [μμ‹ index 0, pid : 24726] μ„λ²„μ λ¶€λ¨ ν”„λ΅μ„Έμ¤μ—κ² λ©”μ‹μ§€(λ°μ΄ν„°) μ‘μ„± SIGNAL μ•λ¦Ό: /MSG rjssdn:SD
[2025-06-26 19:59:33] [INFO] : [λ¶€λ¨ pid 24721] SIGUSR1 ν•Έλ“¤λ¬ λ°μƒ
[2025-06-26 19:59:33] [INFO] : SIGUSR1 ν•Έλ“¤λ¬: ν΄λΌμ΄μ–ΈνΈ index 0 λ΅λ¶€ν„° λ©”μ‹μ§€ μμ‹ μ„ λ‹΄λ‹Ή μ„λ²„ μμ‹ν”„λ΅μ„Έμ¤λ΅λ¶€ν„° λ°›μ : /MSG rjssdn:SD
[2025-06-26 19:59:33] [INFO] : [μμ‹ pid 24726] SIGUSR2 ν•Έλ“¤λ¬ λ°μƒ
[2025-06-26 19:59:33] [INFO] : [μμ‹ index 0, pid : 24726] μ„λ²„μ λ¶€λ¨ ν”„λ΅μ„Έμ¤μ—κ² λ©”μ‹μ§€(λ°μ΄ν„°) μ‘μ„± SIGNAL μ•λ¦Ό: /MSG rjssdn:F
[2025-06-26 19:59:33] [INFO] : [λ¶€λ¨ pid 24721] SIGUSR1 ν•Έλ“¤λ¬ λ°μƒ
[2025-06-26 19:59:33] [INFO] : SIGUSR1 ν•Έλ“¤λ¬: ν΄λΌμ΄μ–ΈνΈ index 0 λ΅λ¶€ν„° λ©”μ‹μ§€ μμ‹ μ„ λ‹΄λ‹Ή μ„λ²„ μμ‹ν”„λ΅μ„Έμ¤λ΅λ¶€ν„° λ°›μ : /MSG rjssdn:F
[2025-06-26 19:59:33] [INFO] : [μμ‹ pid 24726] SIGUSR2 ν•Έλ“¤λ¬ λ°μƒ
[2025-06-26 19:59:33] [INFO] : [μμ‹ index 0, pid : 24726] μ„λ²„μ λ¶€λ¨ ν”„λ΅μ„Έμ¤μ—κ² λ©”μ‹μ§€(λ°μ΄ν„°) μ‘μ„± SIGNAL μ•λ¦Ό: /MSG rjssdn: S
[2025-06-26 19:59:33] [INFO] : [λ¶€λ¨ pid 24721] SIGUSR1 ν•Έλ“¤λ¬ λ°μƒ
[2025-06-26 19:59:33] [INFO] : SIGUSR1 ν•Έλ“¤λ¬: ν΄λΌμ΄μ–ΈνΈ index 0 λ΅λ¶€ν„° λ©”μ‹μ§€ μμ‹ μ„ λ‹΄λ‹Ή μ„λ²„ μμ‹ν”„λ΅μ„Έμ¤λ΅λ¶€ν„° λ°›μ : /MSG rjssdn: S
[2025-06-26 19:59:33] [INFO] : [μμ‹ pid 24726] SIGUSR2 ν•Έλ“¤λ¬ λ°μƒ
[2025-06-26 19:59:33] [INFO] : [μμ‹ index 0, pid : 24726] μ„λ²„μ λ¶€λ¨ ν”„λ΅μ„Έμ¤μ—κ² λ©”μ‹μ§€(λ°μ΄ν„°) μ‘μ„± SIGNAL μ•λ¦Ό: /MSG rjssdn:DF
[2025-06-26 19:59:33] [INFO] : [λ¶€λ¨ pid 24721] SIGUSR1 ν•Έλ“¤λ¬ λ°μƒ
[2025-06-26 19:59:33] [INFO] : SIGUSR1 ν•Έλ“¤λ¬: ν΄λΌμ΄μ–ΈνΈ index 0 λ΅λ¶€ν„° λ©”μ‹μ§€ μμ‹ μ„ λ‹΄λ‹Ή μ„λ²„ μμ‹ν”„λ΅μ„Έμ¤λ΅λ¶€ν„° λ°›μ : /MSG rjssdn:DF
[2025-06-26 19:59:33] [INFO] : [μμ‹ pid 24726] SIGUSR2 ν•Έλ“¤λ¬ λ°μƒ
[2025-06-26 19:59:33] [INFO] : [μμ‹ index 0, pid : 24726] μ„λ²„μ λ¶€λ¨ ν”„λ΅μ„Έμ¤μ—κ² λ©”μ‹μ§€(λ°μ΄ν„°) μ‘μ„± SIGNAL μ•λ¦Ό: /MSG rjssdn:S
[2025-06-26 19:59:33] [INFO] : [λ¶€λ¨ pid 24721] SIGUSR1 ν•Έλ“¤λ¬ λ°μƒ
[2025-06-26 19:59:33] [INFO] : SIGUSR1 ν•Έλ“¤λ¬: ν΄λΌμ΄μ–ΈνΈ index 0 λ΅λ¶€ν„° λ©”μ‹μ§€ μμ‹ μ„ λ‹΄λ‹Ή μ„λ²„ μμ‹ν”„λ΅μ„Έμ¤λ΅λ¶€ν„° λ°›μ : /MSG rjssdn:S
[2025-06-26 19:59:33] [INFO] : [μμ‹ pid 24726] SIGUSR2 ν•Έλ“¤λ¬ λ°μƒ
[2025-06-26 19:59:34] [INFO] : [μμ‹ index 0, pid : 24726] μ„λ²„μ λ¶€λ¨ ν”„λ΅μ„Έμ¤μ—κ² λ©”μ‹μ§€(λ°μ΄ν„°) μ‘μ„± SIGNAL μ•λ¦Ό: /MSG rjssdn: FDF 
[2025-06-26 19:59:34] [INFO] : [λ¶€λ¨ pid 24721] SIGUSR1 ν•Έλ“¤λ¬ λ°μƒ
[2025-06-26 19:59:34] [INFO] : SIGUSR1 ν•Έλ“¤λ¬: ν΄λΌμ΄μ–ΈνΈ index 0 λ΅λ¶€ν„° λ©”μ‹μ§€ μμ‹ μ„ λ‹΄λ‹Ή μ„λ²„ μμ‹ν”„λ΅μ„Έμ¤λ΅λ¶€ν„° λ°›μ : /MSG rjssdn: FDF 
[2025-06-26 19:59:34] [INFO] : [μμ‹ pid 24726] SIGUSR2 ν•Έλ“¤λ¬ λ°μƒ
[2025-06-26 19:59:35] [INFO] : [μμ‹ index 0, pid : 24726] μ„λ²„μ λ¶€λ¨ ν”„λ΅μ„Έμ¤μ—κ² λ©”μ‹μ§€(λ°μ΄ν„°) μ‘μ„± SIGNAL μ•λ¦Ό: /MSG rjssdn:D
[2025-06-26 19:59:35] [INFO] : [λ¶€λ¨ pid 24721] SIGUSR1 ν•Έλ“¤λ¬ λ°μƒ
[2025-06-26 19:59:35] [INFO] : SIGUSR1 ν•Έλ“¤λ¬: ν΄λΌμ΄μ–ΈνΈ index 0 λ΅λ¶€ν„° λ©”μ‹μ§€ μμ‹ μ„ λ‹΄λ‹Ή μ„λ²„ μμ‹ν”„λ΅μ„Έμ¤λ΅λ¶€ν„° λ°›μ : /MSG rjssdn:D
[2025-06-26 19:59:35] [INFO] : [μμ‹ pid 24726] SIGUSR2 ν•Έλ“¤λ¬ λ°μƒ
[2025-06-26 19:59:36] [INFO] : [μμ‹ index 0, pid : 24726] μ„λ²„μ λ¶€λ¨ ν”„λ΅μ„Έμ¤μ—κ² λ©”μ‹μ§€(λ°μ΄ν„°) μ‘μ„± SIGNAL μ•λ¦Ό: /MSG rjssdn:F
[2025-06-26 19:59:36] [INFO] : [λ¶€λ¨ pid 24721] SIGUSR1 ν•Έλ“¤λ¬ λ°μƒ
[2025-06-26 19:59:36] [INFO] : SIGUSR1 ν•Έλ“¤λ¬: ν΄λΌμ΄μ–ΈνΈ index 0 λ΅λ¶€ν„° λ©”μ‹μ§€ μμ‹ μ„ λ‹΄λ‹Ή μ„λ²„ μμ‹ν”„λ΅μ„Έμ¤λ΅λ¶€ν„° λ°›μ : /MSG rjssdn:F
[2025-06-26 19:59:36] [INFO] : [μμ‹ pid 24726] SIGUSR2 ν•Έλ“¤λ¬ λ°μƒ
[2025-06-26 19:59:36] [INFO] : [μμ‹ index 0, pid : 24726] μ„λ²„μ λ¶€λ¨ ν”„λ΅μ„Έμ¤μ—κ² λ©”μ‹μ§€(λ°μ΄ν„°) μ‘μ„± SIGNAL μ•λ¦Ό: /MSG rjssdn:
[2025-06-26 19:59:36] [INFO] : [λ¶€λ¨ pid 24721] SIGUSR1 ν•Έλ“¤λ¬ λ°μƒ
[2025-06-26 19:59:36] [INFO] : SIGUSR1 ν•Έλ“¤λ¬: ν΄λΌμ΄μ–ΈνΈ index 0 λ΅λ¶€ν„° λ©”μ‹μ§€ μμ‹ μ„ λ‹΄λ‹Ή μ„λ²„ μμ‹ν”„λ΅μ„Έμ¤λ΅λ¶€ν„° λ°›μ : /MSG rjssdn:
[2025-06-26 19:59:36] [INFO] : [μμ‹ pid 24726] SIGUSR2 ν•Έλ“¤λ¬ λ°μƒ
[2025-06-26 19:59:36] [INFO] : [μμ‹ index 0, pid : 24726] μ„λ²„μ λ¶€λ¨ ν”„λ΅μ„Έμ¤μ—κ² λ©”μ‹μ§€(λ°μ΄ν„°) μ‘μ„± SIGNAL μ•λ¦Ό: /MSG rjssdn:
[2025-06-26 19:59:36] [INFO] : [λ¶€λ¨ pid 24721] SIGUSR1 ν•Έλ“¤λ¬ λ°μƒ
[2025-06-26 19:59:36] [INFO] : SIGUSR1 ν•Έλ“¤λ¬: ν΄λΌμ΄μ–ΈνΈ index 0 λ΅λ¶€ν„° λ©”μ‹μ§€ μμ‹ μ„ λ‹΄λ‹Ή μ„λ²„ μμ‹ν”„λ΅μ„Έμ¤λ΅λ¶€ν„° λ°›μ : /MSG rjssdn:
[2025-06-26 19:59:36] [INFO] : [μμ‹ pid 24726] SIGUSR2 ν•Έλ“¤λ¬ λ°μƒ
[2025-06-26 19:59:37] [INFO] : [μμ‹ index 0, pid : 24726] μ„λ²„μ λ¶€λ¨ ν”„λ΅μ„Έμ¤μ—κ² λ©”μ‹μ§€(λ°μ΄ν„°) μ‘μ„± SIGNAL μ•λ¦Ό: /MSG rjssdn:
[2025-06-26 19:59:37] [INFO] : [λ¶€λ¨ pid 24721] SIGUSR1 ν•Έλ“¤λ¬ λ°μƒ
[2025-06-26 19:59:37] [INFO] : SIGUSR1 ν•Έλ“¤λ¬: ν΄λΌμ΄μ–ΈνΈ index 0 λ΅λ¶€ν„° λ©”μ‹μ§€ μμ‹ μ„ λ‹΄λ‹Ή μ„λ²„ μμ‹ν”„λ΅μ„Έμ¤λ΅λ¶€ν„° λ°›μ : /MSG rjssdn:
[2025-06-26 19:59:37] [INFO] : [μμ‹ pid 24726] SIGUSR2 ν•Έλ“¤λ¬ λ°μƒ
[2025-06-26 19:59:37] [INFO] : [μμ‹ index 0, pid : 24726] μ„λ²„μ λ¶€λ¨ ν”„λ΅μ„Έμ¤μ—κ² λ©”μ‹μ§€(λ°μ΄ν„°) μ‘μ„± SIGNAL μ•λ¦Ό: /MSG rjssdn:
[2025-06-26 19:59:37] [INFO] : [λ¶€λ¨ pid 24721] SIGUSR1 ν•Έλ“¤λ¬ λ°μƒ
[2025-06-26 19:59:37] [INFO] : SIGUSR1 ν•Έλ“¤λ¬: ν΄λΌμ΄μ–ΈνΈ index 0 λ΅λ¶€ν„° λ©”μ‹μ§€ μμ‹ μ„ λ‹΄λ‹Ή μ„λ²„ μμ‹ν”„λ΅μ„Έμ¤λ΅λ¶€ν„° λ°›μ : /MSG rjssdn:
[2025-06-26 19:59:37] [INFO] : [μμ‹ pid 24726] SIGUSR2 ν•Έλ“¤λ¬ λ°μƒ
[2025-06-26 19:59:37] [INFO] : [μμ‹ index 0, pid : 24726] μ„λ²„μ λ¶€λ¨ ν”„λ΅μ„Έμ¤μ—κ² λ©”μ‹μ§€(λ°μ΄ν„°) μ‘μ„± SIGNAL μ•λ¦Ό: /MSG rjssdn:
[2025-06-26 19:59:37] [INFO] : [λ¶€λ¨ pid 24721] SIGUSR1 ν•Έλ“¤λ¬ λ°μƒ
[2025-06-26 19:59:37] [INFO] : SIGUSR1 ν•Έλ“¤λ¬: ν΄λΌμ΄μ–ΈνΈ index 0 λ΅λ¶€ν„° λ©”μ‹μ§€ μμ‹ μ„ λ‹΄λ‹Ή μ„λ²„ μμ‹ν”„λ΅μ„Έμ¤λ΅λ¶€ν„° λ°›μ : /MSG rjssdn:
[2025-06-26 19:59:37] [INFO] : [μμ‹ pid 24726] SIGUSR2 ν•Έλ“¤λ¬ λ°μƒ
[2025-06-26 19:59:49] [INFO] : [μμ‹ index 0, pid : 24726] μ„λ²„μ λ¶€λ¨ ν”„λ΅μ„Έμ¤μ—κ² λ©”μ‹μ§€(λ°μ΄ν„°) μ‘μ„± SIGNAL μ•λ¦Ό: /MSG rjssdn:
[2025-06-26 19:59:49] [INFO] : [λ¶€λ¨ pid 24721] SIGUSR1 ν•Έλ“¤λ¬ λ°μƒ
[2025-06-26 19:59:49] [INFO] : SIGUSR1 ν•Έλ“¤λ¬: ν΄λΌμ΄μ–ΈνΈ index 0 λ΅λ¶€ν„° λ©”μ‹μ§€ μμ‹ μ„ λ‹΄λ‹Ή μ„λ²„ μμ‹ν”„λ΅μ„Έμ¤λ΅λ¶€ν„° λ°›μ : /MSG rjssdn:
[2025-06-26 19:59:49] [INFO] : [μμ‹ pid 24726] SIGUSR2 ν•Έλ“¤λ¬ λ°μƒ
[2025-06-26 20:00:34] [WARNING] : [μμ‹ index 0, pid 24726] ν΄λΌμ΄μ–ΈνΈ μ—°κ²° μΆ…λ£κ°€ κ°μ§€λμ–΄ ν•΄λ‹Ή ν΄λΌμ΄μ–ΈνΈ μ—°κ²°μ„ μΆ…λ£ν•©λ‹λ‹¤.
[2025-06-26 20:00:34] [INFO] : ν΄λΌμ΄μ–ΈνΈ 0 (pid: 24726, nick: rjssdn) μ ‘μ† μΆ…λ£. μμ› νμ μ™„λ£.

[2025-06-26 20:00:43] [INFO] : [λ¶€λ¨ pid 24721] μ„λ²„ μΆ…λ£ μ‹κ·Έλ„ μμ‹  : λ¨λ“  μμ‹ μΆ…λ£ μ¤‘ ...
[2025-06-26 20:00:43] [INFO] : [λ¶€λ¨ pid 24721] μ„λ²„ μΆ…λ£ μ™„λ£. μμ› νμ μ™„λ£.
[2025-06-26 20:00:44] [INFO] : μ„λ²„κ°€ 5101 λ² ν¬νΈμ—μ„ λ€κΈ°ν•κ³  μμµλ‹λ‹¤......

[2025-06-26 20:00:47] [INFO] : ν΄λΌμ΄μ–ΈνΈ μ—°κ²°λ¨: 127.0.0.1
[2025-06-26 20:00:49] [INFO] : [μμ‹ index 0, pid : 24793] μ„λ²„μ λ¶€λ¨ ν”„λ΅μ„Έμ¤μ—κ² λ©”μ‹μ§€(λ°μ΄ν„°) μ‘μ„± SIGNAL μ•λ¦Ό: /NICK κ±΄μ°λ‹
[2025-06-26 20:00:47] [INFO] : ν΄λΌμ΄μ–ΈνΈ μ—°κ²°λ¨: 127.0.0.1
[2025-06-26 20:00:49] [INFO] : [λ¶€λ¨ pid 24791] SIGUSR1 ν•Έλ“¤λ¬ λ°μƒ
[2025-06-26 20:00:49] [INFO] : SIGUSR1 ν•Έλ“¤λ¬: ν΄λΌμ΄μ–ΈνΈ index 0 λ΅λ¶€ν„° λ©”μ‹μ§€ μμ‹ μ„ λ‹΄λ‹Ή μ„λ²„ μμ‹ν”„λ΅μ„Έμ¤λ΅λ¶€ν„° λ°›μ : /NICK κ±΄μ°λ‹
[2025-06-26 20:00:49] [INFO] : [μμ‹ pid 24793] SIGUSR2 ν•Έλ“¤λ¬ λ°μƒ
[2025-06-26 20:00:56] [INFO] : [μμ‹ index 0, pid : 24793] μ„λ²„μ λ¶€λ¨ ν”„λ΅μ„Έμ¤μ—κ² λ©”μ‹μ§€(λ°μ΄ν„°) μ‘μ„± SIGNAL μ•λ¦Ό: /NICK κ±΄μ°λ‹
[2025-06-26 20:00:56] [INFO] : [λ¶€λ¨ pid 24791] SIGUSR1 ν•Έλ“¤λ¬ λ°μƒ
[2025-06-26 20:00:56] [INFO] : SIGUSR1 ν•Έλ“¤λ¬: ν΄λΌμ΄μ–ΈνΈ index 0 λ΅λ¶€ν„° λ©”μ‹μ§€ μμ‹ μ„ λ‹΄λ‹Ή μ„λ²„ μμ‹ν”„λ΅μ„Έμ¤λ΅λ¶€ν„° λ°›μ : /NICK κ±΄μ°λ‹
[2025-06-26 20:00:56] [INFO] : [μμ‹ pid 24793] SIGUSR2 ν•Έλ“¤λ¬ λ°μƒ
[2025-06-26 20:01:01] [INFO] : [μμ‹ index 0, pid : 24793] μ„λ²„μ λ¶€λ¨ ν”„λ΅μ„Έμ¤μ—κ² λ©”μ‹μ§€(λ°μ΄ν„°) μ‘μ„± SIGNAL μ•λ¦Ό: /NICK κ±΄μ°λ‹
[2025-06-26 20:01:01] [INFO] : [λ¶€λ¨ pid 24791] SIGUSR1 ν•Έλ“¤λ¬ λ°μƒ
[2025-06-26 20:01:01] [INFO] : SIGUSR1 ν•Έλ“¤λ¬: ν΄λΌμ΄μ–ΈνΈ index 0 λ΅λ¶€ν„° λ©”μ‹μ§€ μμ‹ μ„ λ‹΄λ‹Ή μ„λ²„ μμ‹ν”„λ΅μ„Έμ¤λ΅λ¶€ν„° λ°›μ : /NICK κ±΄μ°λ‹
[2025-06-26 20:01:01] [INFO] : [μμ‹ pid 24793] SIGUSR2 ν•Έλ“¤λ¬ λ°μƒ
[2025-06-26 20:01:09] [INFO] : [μμ‹ index 0, pid : 24793] μ„λ²„μ λ¶€λ¨ ν”„λ΅μ„Έμ¤μ—κ² λ©”μ‹μ§€(λ°μ΄ν„°) μ‘μ„± SIGNAL μ•λ¦Ό: /LEAVE  OK
[2025-06-26 20:01:09] [INFO] : [λ¶€λ¨ pid 24791] SIGUSR1 ν•Έλ“¤λ¬ λ°μƒ
[2025-06-26 20:01:09] [INFO] : SIGUSR1 ν•Έλ“¤λ¬: ν΄λΌμ΄μ–ΈνΈ index 0 λ΅λ¶€ν„° λ©”μ‹μ§€ μμ‹ μ„ λ‹΄λ‹Ή μ„λ²„ μμ‹ν”„λ΅μ„Έμ¤λ΅λ¶€ν„° λ°›μ : /LEAVE  OK
[2025-06-26 20:01:09] [INFO] : [μμ‹ pid 24793] SIGUSR2 ν•Έλ“¤λ¬ λ°μƒ
[2025-06-26 20:01:52] [WARNING] : [μμ‹ index 0, pid 24793] ν΄λΌμ΄μ–ΈνΈ μ—°κ²° μΆ…λ£κ°€ κ°μ§€λμ–΄ ν•΄λ‹Ή ν΄λΌμ΄μ–ΈνΈ μ—°κ²°μ„ μΆ…λ£ν•©λ‹λ‹¤.
[2025-06-26 20:01:52] [INFO] : ν΄λΌμ΄μ–ΈνΈ 0 (pid: 24793, nick: κ±΄μ°λ‹) μ ‘μ† μΆ…λ£. μμ› νμ μ™„λ£.

[2025-06-26 20:01:53] [INFO] : ν΄λΌμ΄μ–ΈνΈ μ—°κ²°λ¨: 127.0.0.1
[2025-06-26 20:01:56] [INFO] : [μμ‹ index 0, pid : 24842] μ„λ²„μ λ¶€λ¨ ν”„λ΅μ„Έμ¤μ—κ² λ©”μ‹μ§€(λ°μ΄ν„°) μ‘μ„± SIGNAL μ•λ¦Ό: /NICK rjsdnsla
[2025-06-26 20:01:53] [INFO] : ν΄λΌμ΄μ–ΈνΈ μ—°κ²°λ¨: 127.0.0.1
[2025-06-26 20:01:56] [INFO] : [λ¶€λ¨ pid 24791] SIGUSR1 ν•Έλ“¤λ¬ λ°μƒ
[2025-06-26 20:01:56] [INFO] : SIGUSR1 ν•Έλ“¤λ¬: ν΄λΌμ΄μ–ΈνΈ index 0 λ΅λ¶€ν„° λ©”μ‹μ§€ μμ‹ μ„ λ‹΄λ‹Ή μ„λ²„ μμ‹ν”„λ΅μ„Έμ¤λ΅λ¶€ν„° λ°›μ : /NICK rjsdnsla
[2025-06-26 20:01:56] [INFO] : [μμ‹ pid 24842] SIGUSR2 ν•Έλ“¤λ¬ λ°μƒ
[2025-06-26 20:02:03] [WARNING] : [μμ‹ index 0, pid 24842] ν΄λΌμ΄μ–ΈνΈ μ—°κ²° μΆ…λ£κ°€ κ°μ§€λμ–΄ ν•΄λ‹Ή ν΄λΌμ΄μ–ΈνΈ μ—°κ²°μ„ μΆ…λ£ν•©λ‹λ‹¤.
[2025-06-26 20:02:03] [INFO] : ν΄λΌμ΄μ–ΈνΈ 0 (pid: 24842, nick: rjsdnsla) μ ‘μ† μΆ…λ£. μμ› νμ μ™„λ£.

[2025-06-26 20:06:31] [INFO] : ν΄λΌμ΄μ–ΈνΈ μ—°κ²°λ¨: 127.0.0.1
[2025-06-26 20:06:32] [INFO] : [μμ‹ index 0, pid : 24916] μ„λ²„μ λ¶€λ¨ ν”„λ΅μ„Έμ¤μ—κ² λ©”μ‹μ§€(λ°μ΄ν„°) μ‘μ„± SIGNAL μ•λ¦Ό: /NICK rjsdnsla
[2025-06-26 20:06:31] [INFO] : ν΄λΌμ΄μ–ΈνΈ μ—°κ²°λ¨: 127.0.0.1
[2025-06-26 20:06:32] [INFO] : [λ¶€λ¨ pid 24791] SIGUSR1 ν•Έλ“¤λ¬ λ°μƒ
[2025-06-26 20:06:32] [INFO] : SIGUSR1 ν•Έλ“¤λ¬: ν΄λΌμ΄μ–ΈνΈ index 0 λ΅λ¶€ν„° λ©”μ‹μ§€ μμ‹ μ„ λ‹΄λ‹Ή μ„λ²„ μμ‹ν”„λ΅μ„Έμ¤λ΅λ¶€ν„° λ°›μ : /NICK rjsdnsla
[2025-06-26 20:06:32] [INFO] : [μμ‹ pid 24916] SIGUSR2 ν•Έλ“¤λ¬ λ°μƒ
[2025-06-26 20:13:21] [WARNING] : [μμ‹ index 0, pid 24916] ν΄λΌμ΄μ–ΈνΈ μ—°κ²° μΆ…λ£κ°€ κ°μ§€λμ–΄ ν•΄λ‹Ή ν΄λΌμ΄μ–ΈνΈ μ—°κ²°μ„ μΆ…λ£ν•©λ‹λ‹¤.
[2025-06-26 20:13:21] [INFO] : ν΄λΌμ΄μ–ΈνΈ 0 (pid: 24916, nick: rjsdnsla) μ ‘μ† μΆ…λ£. μμ› νμ μ™„λ£.

[2025-06-26 20:13:27] [INFO] : [λ¶€λ¨ pid 24791] μ„λ²„ μΆ…λ£ μ‹κ·Έλ„ μμ‹  : λ¨λ“  μμ‹ μΆ…λ£ μ¤‘ ...
[2025-06-26 20:13:27] [INFO] : [λ¶€λ¨ pid 24791] μ„λ²„ μΆ…λ£ μ™„λ£. μμ› νμ μ™„λ£.
[2025-06-26 20:13:30] [INFO] : μ„λ²„κ°€ 5101 λ² ν¬νΈμ—μ„ λ€κΈ°ν•κ³  μμµλ‹λ‹¤......

[2025-06-26 20:13:31] [INFO] : ν΄λΌμ΄μ–ΈνΈ μ—°κ²°λ¨: 127.0.0.1
[2025-06-26 20:13:32] [INFO] : [μμ‹ index 0, pid : 25009] μ„λ²„μ λ¶€λ¨ ν”„λ΅μ„Έμ¤μ—κ² λ©”μ‹μ§€(λ°μ΄ν„°) μ‘μ„± SIGNAL μ•λ¦Ό: /NICK rjsdnsla
[2025-06-26 20:13:31] [INFO] : ν΄λΌμ΄μ–ΈνΈ μ—°κ²°λ¨: 127.0.0.1
[2025-06-26 20:13:32] [INFO] : [λ¶€λ¨ pid 25007] SIGUSR1 ν•Έλ“¤λ¬ λ°μƒ
[2025-06-26 20:13:32] [INFO] : SIGUSR1 ν•Έλ“¤λ¬: ν΄λΌμ΄μ–ΈνΈ index 0 λ΅λ¶€ν„° λ©”μ‹μ§€ μμ‹ μ„ λ‹΄λ‹Ή μ„λ²„ μμ‹ν”„λ΅μ„Έμ¤λ΅λ¶€ν„° λ°›μ : /NICK rjsdnsla
[2025-06-26 20:13:32] [INFO] : [μμ‹ pid 25009] SIGUSR2 ν•Έλ“¤λ¬ λ°μƒ
[2025-06-26 20:13:49] [WARNING] : [μμ‹ index 0, pid 25009] ν΄λΌμ΄μ–ΈνΈ μ—°κ²° μΆ…λ£κ°€ κ°μ§€λμ–΄ ν•΄λ‹Ή ν΄λΌμ΄μ–ΈνΈ μ—°κ²°μ„ μΆ…λ£ν•©λ‹λ‹¤.
[2025-06-26 20:13:49] [INFO] : ν΄λΌμ΄μ–ΈνΈ 0 (pid: 25009, nick: rjsdnsla) μ ‘μ† μΆ…λ£. μμ› νμ μ™„λ£.

[2025-06-26 20:14:01] [INFO] : [λ¶€λ¨ pid 25007] μ„λ²„ μΆ…λ£ μ‹κ·Έλ„ μμ‹  : λ¨λ“  μμ‹ μΆ…λ£ μ¤‘ ...
[2025-06-26 20:14:01] [INFO] : [λ¶€λ¨ pid 25007] μ„λ²„ μΆ…λ£ μ™„λ£. μμ› νμ μ™„λ£.
[2025-06-26 20:14:03] [INFO] : μ„λ²„κ°€ 5101 λ² ν¬νΈμ—μ„ λ€κΈ°ν•κ³  μμµλ‹λ‹¤......

[2025-06-26 20:14:05] [INFO] : ν΄λΌμ΄μ–ΈνΈ μ—°κ²°λ¨: 127.0.0.1
[2025-06-26 20:14:06] [INFO] : [μμ‹ index 0, pid : 25057] μ„λ²„μ λ¶€λ¨ ν”„λ΅μ„Έμ¤μ—κ² λ©”μ‹μ§€(λ°μ΄ν„°) μ‘μ„± SIGNAL μ•λ¦Ό: /NICK κ±΄μ°λ‹
[2025-06-26 20:14:05] [INFO] : ν΄λΌμ΄μ–ΈνΈ μ—°κ²°λ¨: 127.0.0.1
[2025-06-26 20:14:06] [INFO] : [λ¶€λ¨ pid 25055] SIGUSR1 ν•Έλ“¤λ¬ λ°μƒ
[2025-06-26 20:14:06] [INFO] : SIGUSR1 ν•Έλ“¤λ¬: ν΄λΌμ΄μ–ΈνΈ index 0 λ΅λ¶€ν„° λ©”μ‹μ§€ μμ‹ μ„ λ‹΄λ‹Ή μ„λ²„ μμ‹ν”„λ΅μ„Έμ¤λ΅λ¶€ν„° λ°›μ : /NICK κ±΄μ°λ‹
[2025-06-26 20:14:06] [INFO] : [μμ‹ pid 25057] SIGUSR2 ν•Έλ“¤λ¬ λ°μƒ
[2025-06-26 20:14:32] [WARNING] : [μμ‹ index 0, pid 25057] ν΄λΌμ΄μ–ΈνΈ μ—°κ²° μΆ…λ£κ°€ κ°μ§€λμ–΄ ν•΄λ‹Ή ν΄λΌμ΄μ–ΈνΈ μ—°κ²°μ„ μΆ…λ£ν•©λ‹λ‹¤.
[2025-06-26 20:14:32] [INFO] : ν΄λΌμ΄μ–ΈνΈ 0 (pid: 25057, nick: κ±΄μ°λ‹) μ ‘μ† μΆ…λ£. μμ› νμ μ™„λ£.

[2025-06-26 20:15:14] [INFO] : ν΄λΌμ΄μ–ΈνΈ μ—°κ²°λ¨: 127.0.0.1
[2025-06-26 20:15:17] [INFO] : [μμ‹ index 0, pid : 25110] μ„λ²„μ λ¶€λ¨ ν”„λ΅μ„Έμ¤μ—κ² λ©”μ‹μ§€(λ°μ΄ν„°) μ‘μ„± SIGNAL μ•λ¦Ό: /NICK κ±΄μ°λ‹
[2025-06-26 20:15:14] [INFO] : ν΄λΌμ΄μ–ΈνΈ μ—°κ²°λ¨: 127.0.0.1
[2025-06-26 20:15:17] [INFO] : [λ¶€λ¨ pid 25055] SIGUSR1 ν•Έλ“¤λ¬ λ°μƒ
[2025-06-26 20:15:17] [INFO] : SIGUSR1 ν•Έλ“¤λ¬: ν΄λΌμ΄μ–ΈνΈ index 0 λ΅λ¶€ν„° λ©”μ‹μ§€ μμ‹ μ„ λ‹΄λ‹Ή μ„λ²„ μμ‹ν”„λ΅μ„Έμ¤λ΅λ¶€ν„° λ°›μ : /NICK κ±΄μ°λ‹
[2025-06-26 20:15:17] [INFO] : [μμ‹ pid 25110] SIGUSR2 ν•Έλ“¤λ¬ λ°μƒ
[2025-06-26 20:15:18] [INFO] : [μμ‹ index 0, pid : 25110] μ„λ²„μ λ¶€λ¨ ν”„λ΅μ„Έμ¤μ—κ² λ©”μ‹μ§€(λ°μ΄ν„°) μ‘μ„± SIGNAL μ•λ¦Ό: /MSG κ±΄μ°λ‹:γ„΄γ…‡γ„Ή
[2025-06-26 20:15:18] [INFO] : [λ¶€λ¨ pid 25055] SIGUSR1 ν•Έλ“¤λ¬ λ°μƒ
[2025-06-26 20:15:18] [INFO] : SIGUSR1 ν•Έλ“¤λ¬: ν΄λΌμ΄μ–ΈνΈ index 0 λ΅λ¶€ν„° λ©”μ‹μ§€ μμ‹ μ„ λ‹΄λ‹Ή μ„λ²„ μμ‹ν”„λ΅μ„Έμ¤λ΅λ¶€ν„° λ°›μ : /MSG κ±΄μ°λ‹:γ„΄γ…‡γ„Ή
[2025-06-26 20:15:18] [INFO] : [μμ‹ pid 25110] SIGUSR2 ν•Έλ“¤λ¬ λ°μƒ
[2025-06-26 20:15:35] [WARNING] : [μμ‹ index 0, pid 25110] ν΄λΌμ΄μ–ΈνΈ μ—°κ²° μΆ…λ£κ°€ κ°μ§€λμ–΄ ν•΄λ‹Ή ν΄λΌμ΄μ–ΈνΈ μ—°κ²°μ„ μΆ…λ£ν•©λ‹λ‹¤.
[2025-06-26 20:15:35] [INFO] : ν΄λΌμ΄μ–ΈνΈ 0 (pid: 25110, nick: κ±΄μ°λ‹) μ ‘μ† μΆ…λ£. μμ› νμ μ™„λ£.

[2025-06-26 20:17:01] [INFO] : ν΄λΌμ΄μ–ΈνΈ μ—°κ²°λ¨: 127.0.0.1
[2025-06-26 20:17:03] [INFO] : [μμ‹ index 0, pid : 25165] μ„λ²„μ λ¶€λ¨ ν”„λ΅μ„Έμ¤μ—κ² λ©”μ‹μ§€(λ°μ΄ν„°) μ‘μ„± SIGNAL μ•λ¦Ό: /NICK rjsdnsla
[2025-06-26 20:17:01] [INFO] : ν΄λΌμ΄μ–ΈνΈ μ—°κ²°λ¨: 127.0.0.1
[2025-06-26 20:17:03] [INFO] : [λ¶€λ¨ pid 25055] SIGUSR1 ν•Έλ“¤λ¬ λ°μƒ
[2025-06-26 20:17:03] [INFO] : SIGUSR1 ν•Έλ“¤λ¬: ν΄λΌμ΄μ–ΈνΈ index 0 λ΅λ¶€ν„° λ©”μ‹μ§€ μμ‹ μ„ λ‹΄λ‹Ή μ„λ²„ μμ‹ν”„λ΅μ„Έμ¤λ΅λ¶€ν„° λ°›μ : /NICK rjsdnsla
[2025-06-26 20:17:03] [INFO] : [μμ‹ pid 25165] SIGUSR2 ν•Έλ“¤λ¬ λ°μƒ
[2025-06-26 20:18:05] [WARNING] : [μμ‹ index 0, pid 25165] ν΄λΌμ΄μ–ΈνΈ μ—°κ²° μΆ…λ£κ°€ κ°μ§€λμ–΄ ν•΄λ‹Ή ν΄λΌμ΄μ–ΈνΈ μ—°κ²°μ„ μΆ…λ£ν•©λ‹λ‹¤.
[2025-06-26 20:18:05] [INFO] : ν΄λΌμ΄μ–ΈνΈ 0 (pid: 25165, nick: rjsdnsla) μ ‘μ† μΆ…λ£. μμ› νμ μ™„λ£.

[2025-06-26 20:18:07] [INFO] : ν΄λΌμ΄μ–ΈνΈ μ—°κ²°λ¨: 127.0.0.1
[2025-06-26 20:18:09] [INFO] : [μμ‹ index 0, pid : 25250] μ„λ²„μ λ¶€λ¨ ν”„λ΅μ„Έμ¤μ—κ² λ©”μ‹μ§€(λ°μ΄ν„°) μ‘μ„± SIGNAL μ•λ¦Ό: /NICK κ±΄μ°λ‹
[2025-06-26 20:18:07] [INFO] : ν΄λΌμ΄μ–ΈνΈ μ—°κ²°λ¨: 127.0.0.1
[2025-06-26 20:18:09] [INFO] : [λ¶€λ¨ pid 25055] SIGUSR1 ν•Έλ“¤λ¬ λ°μƒ
[2025-06-26 20:18:09] [INFO] : SIGUSR1 ν•Έλ“¤λ¬: ν΄λΌμ΄μ–ΈνΈ index 0 λ΅λ¶€ν„° λ©”μ‹μ§€ μμ‹ μ„ λ‹΄λ‹Ή μ„λ²„ μμ‹ν”„λ΅μ„Έμ¤λ΅λ¶€ν„° λ°›μ : /NICK κ±΄μ°λ‹
[2025-06-26 20:18:09] [INFO] : [μμ‹ pid 25250] SIGUSR2 ν•Έλ“¤λ¬ λ°μƒ
[2025-06-26 20:18:16] [INFO] : [μμ‹ index 0, pid : 25250] μ„λ²„μ λ¶€λ¨ ν”„λ΅μ„Έμ¤μ—κ² λ©”μ‹μ§€(λ°μ΄ν„°) μ‘μ„± SIGNAL μ•λ¦Ό: /NICK κ±΄μ°λ‹
[2025-06-26 20:18:16] [INFO] : [λ¶€λ¨ pid 25055] SIGUSR1 ν•Έλ“¤λ¬ λ°μƒ
[2025-06-26 20:18:16] [INFO] : SIGUSR1 ν•Έλ“¤λ¬: ν΄λΌμ΄μ–ΈνΈ index 0 λ΅λ¶€ν„° λ©”μ‹μ§€ μμ‹ μ„ λ‹΄λ‹Ή μ„λ²„ μμ‹ν”„λ΅μ„Έμ¤λ΅λ¶€ν„° λ°›μ : /NICK κ±΄μ°λ‹
[2025-06-26 20:18:16] [INFO] : [μμ‹ pid 25250] SIGUSR2 ν•Έλ“¤λ¬ λ°μƒ
[2025-06-26 20:18:52] [WARNING] : [μμ‹ index 0, pid 25250] ν΄λΌμ΄μ–ΈνΈ μ—°κ²° μΆ…λ£κ°€ κ°μ§€λμ–΄ ν•΄λ‹Ή ν΄λΌμ΄μ–ΈνΈ μ—°κ²°μ„ μΆ…λ£ν•©λ‹λ‹¤.
[2025-06-26 20:18:52] [INFO] : ν΄λΌμ΄μ–ΈνΈ 0 (pid: 25250, nick: κ±΄μ°λ‹) μ ‘μ† μΆ…λ£. μμ› νμ μ™„λ£.

[2025-06-26 20:18:59] [INFO] : ν΄λΌμ΄μ–ΈνΈ μ—°κ²°λ¨: 127.0.0.1
[2025-06-26 20:19:00] [INFO] : [μμ‹ index 0, pid : 25310] μ„λ²„μ λ¶€λ¨ ν”„λ΅μ„Έμ¤μ—κ² λ©”μ‹μ§€(λ°μ΄ν„°) μ‘μ„± SIGNAL μ•λ¦Ό: /NICK κ±΄μ°λ‹
[2025-06-26 20:18:59] [INFO] : ν΄λΌμ΄μ–ΈνΈ μ—°κ²°λ¨: 127.0.0.1
[2025-06-26 20:19:00] [INFO] : [λ¶€λ¨ pid 25055] SIGUSR1 ν•Έλ“¤λ¬ λ°μƒ
[2025-06-26 20:19:00] [INFO] : SIGUSR1 ν•Έλ“¤λ¬: ν΄λΌμ΄μ–ΈνΈ index 0 λ΅λ¶€ν„° λ©”μ‹μ§€ μμ‹ μ„ λ‹΄λ‹Ή μ„λ²„ μμ‹ν”„λ΅μ„Έμ¤λ΅λ¶€ν„° λ°›μ : /NICK κ±΄μ°λ‹
[2025-06-26 20:19:00] [INFO] : [μμ‹ pid 25310] SIGUSR2 ν•Έλ“¤λ¬ λ°μƒ
[2025-06-26 20:19:12] [INFO] : [μμ‹ index 0, pid : 25310] μ„λ²„μ λ¶€λ¨ ν”„λ΅μ„Έμ¤μ—κ² λ©”μ‹μ§€(λ°μ΄ν„°) μ‘μ„± SIGNAL μ•λ¦Ό: /NICK κ±΄μ°λ‹
[2025-06-26 20:19:12] [INFO] : [λ¶€λ¨ pid 25055] SIGUSR1 ν•Έλ“¤λ¬ λ°μƒ
[2025-06-26 20:19:12] [INFO] : SIGUSR1 ν•Έλ“¤λ¬: ν΄λΌμ΄μ–ΈνΈ index 0 λ΅λ¶€ν„° λ©”μ‹μ§€ μμ‹ μ„ λ‹΄λ‹Ή μ„λ²„ μμ‹ν”„λ΅μ„Έμ¤λ΅λ¶€ν„° λ°›μ : /NICK κ±΄μ°λ‹
[2025-06-26 20:19:12] [INFO] : [μμ‹ pid 25310] SIGUSR2 ν•Έλ“¤λ¬ λ°μƒ
[2025-06-26 20:19:16] [INFO] : [μμ‹ index 0, pid : 25310] μ„λ²„μ λ¶€λ¨ ν”„λ΅μ„Έμ¤μ—κ² λ©”μ‹μ§€(λ°μ΄ν„°) μ‘μ„± SIGNAL μ•λ¦Ό: /LEAVE λ΅λΉ„ (null)
[2025-06-26 20:19:16] [INFO] : [λ¶€λ¨ pid 25055] SIGUSR1 ν•Έλ“¤λ¬ λ°μƒ
[2025-06-26 20:19:16] [INFO] : SIGUSR1 ν•Έλ“¤λ¬: ν΄λΌμ΄μ–ΈνΈ index 0 λ΅λ¶€ν„° λ©”μ‹μ§€ μμ‹ μ„ λ‹΄λ‹Ή μ„λ²„ μμ‹ν”„λ΅μ„Έμ¤λ΅λ¶€ν„° λ°›μ : /LEAVE λ΅λΉ„ (null)
[2025-06-26 20:19:16] [INFO] : [μμ‹ pid 25310] SIGUSR2 ν•Έλ“¤λ¬ λ°μƒ
[2025-06-26 20:19:36] [INFO] : [μμ‹ index 0, pid : 25310] μ„λ²„μ λ¶€λ¨ ν”„λ΅μ„Έμ¤μ—κ² λ©”μ‹μ§€(λ°μ΄ν„°) μ‘μ„± SIGNAL μ•λ¦Ό: /ADD λ΅λΉ„
[2025-06-26 20:19:36] [INFO] : [λ¶€λ¨ pid 25055] SIGUSR1 ν•Έλ“¤λ¬ λ°μƒ
[2025-06-26 20:19:36] [INFO] : SIGUSR1 ν•Έλ“¤λ¬: ν΄λΌμ΄μ–ΈνΈ index 0 λ΅λ¶€ν„° λ©”μ‹μ§€ μμ‹ μ„ λ‹΄λ‹Ή μ„λ²„ μμ‹ν”„λ΅μ„Έμ¤λ΅λ¶€ν„° λ°›μ : /ADD λ΅λΉ„
[2025-06-26 20:19:36] [INFO] : [μμ‹ pid 25310] SIGUSR2 ν•Έλ“¤λ¬ λ°μƒ
[2025-06-26 20:19:39] [INFO] : [μμ‹ index 0, pid : 25310] μ„λ²„μ λ¶€λ¨ ν”„λ΅μ„Έμ¤μ—κ² λ©”μ‹μ§€(λ°μ΄ν„°) μ‘μ„± SIGNAL μ•λ¦Ό: /MSG κ±΄μ°λ‹:λ γ„΄γ„Ή
[2025-06-26 20:19:39] [INFO] : [λ¶€λ¨ pid 25055] SIGUSR1 ν•Έλ“¤λ¬ λ°μƒ
[2025-06-26 20:19:39] [INFO] : SIGUSR1 ν•Έλ“¤λ¬: ν΄λΌμ΄μ–ΈνΈ index 0 λ΅λ¶€ν„° λ©”μ‹μ§€ μμ‹ μ„ λ‹΄λ‹Ή μ„λ²„ μμ‹ν”„λ΅μ„Έμ¤λ΅λ¶€ν„° λ°›μ : /MSG κ±΄μ°λ‹:λ γ„΄γ„Ή
[2025-06-26 20:19:39] [INFO] : [μμ‹ pid 25310] SIGUSR2 ν•Έλ“¤λ¬ λ°μƒ
[2025-06-26 20:19:47] [INFO] : [μμ‹ index 0, pid : 25310] μ„λ²„μ λ¶€λ¨ ν”„λ΅μ„Έμ¤μ—κ² λ©”μ‹μ§€(λ°μ΄ν„°) μ‘μ„± SIGNAL μ•λ¦Ό: /LEAVE λ΅λΉ„ /LEAVE λ΅λΉ„
[2025-06-26 20:19:47] [INFO] : [λ¶€λ¨ pid 25055] SIGUSR1 ν•Έλ“¤λ¬ λ°μƒ
[2025-06-26 20:19:47] [INFO] : SIGUSR1 ν•Έλ“¤λ¬: ν΄λΌμ΄μ–ΈνΈ index 0 λ΅λ¶€ν„° λ©”μ‹μ§€ μμ‹ μ„ λ‹΄λ‹Ή μ„λ²„ μμ‹ν”„λ΅μ„Έμ¤λ΅λ¶€ν„° λ°›μ : /LEAVE λ΅λΉ„ /LEAVE λ΅λΉ„
[2025-06-26 20:19:47] [INFO] : [μμ‹ pid 25310] SIGUSR2 ν•Έλ“¤λ¬ λ°μƒ
[2025-06-26 20:19:48] [INFO] : [μμ‹ index 0, pid : 25310] μ„λ²„μ λ¶€λ¨ ν”„λ΅μ„Έμ¤μ—κ² λ©”μ‹μ§€(λ°μ΄ν„°) μ‘μ„± SIGNAL μ•λ¦Ό: /MSG κ±΄μ°λ‹:γ„΄γ…‡γ„Ή
[2025-06-26 20:19:48] [INFO] : [λ¶€λ¨ pid 25055] SIGUSR1 ν•Έλ“¤λ¬ λ°μƒ
[2025-06-26 20:19:48] [INFO] : SIGUSR1 ν•Έλ“¤λ¬: ν΄λΌμ΄μ–ΈνΈ index 0 λ΅λ¶€ν„° λ©”μ‹μ§€ μμ‹ μ„ λ‹΄λ‹Ή μ„λ²„ μμ‹ν”„λ΅μ„Έμ¤λ΅λ¶€ν„° λ°›μ : /MSG κ±΄μ°λ‹:γ„΄γ…‡γ„Ή
[2025-06-26 20:19:48] [INFO] : [μμ‹ pid 25310] SIGUSR2 ν•Έλ“¤λ¬ λ°μƒ
[2025-06-26 20:19:59] [INFO] : [μμ‹ index 0, pid : 25310] μ„λ²„μ λ¶€λ¨ ν”„λ΅μ„Έμ¤μ—κ² λ©”μ‹μ§€(λ°μ΄ν„°) μ‘μ„± SIGNAL μ•λ¦Ό: /LEAVE /LEAVE
[2025-06-26 20:19:59] [INFO] : [λ¶€λ¨ pid 25055] SIGUSR1 ν•Έλ“¤λ¬ λ°μƒ
[2025-06-26 20:19:59] [INFO] : SIGUSR1 ν•Έλ“¤λ¬: ν΄λΌμ΄μ–ΈνΈ index 0 λ΅λ¶€ν„° λ©”μ‹μ§€ μμ‹ μ„ λ‹΄λ‹Ή μ„λ²„ μμ‹ν”„λ΅μ„Έμ¤λ΅λ¶€ν„° λ°›μ : /LEAVE /LEAVE
[2025-06-26 20:19:59] [INFO] : [μμ‹ pid 25310] SIGUSR2 ν•Έλ“¤λ¬ λ°μƒ
[2025-06-26 20:21:47] [WARNING] : [μμ‹ index 0, pid 25310] ν΄λΌμ΄μ–ΈνΈ μ—°κ²° μΆ…λ£κ°€ κ°μ§€λμ–΄ ν•΄λ‹Ή ν΄λΌμ΄μ–ΈνΈ μ—°κ²°μ„ μΆ…λ£ν•©λ‹λ‹¤.
[2025-06-26 20:21:47] [INFO] : ν΄λΌμ΄μ–ΈνΈ 0 (pid: 25310, nick: κ±΄μ°λ‹) μ ‘μ† μΆ…λ£. μμ› νμ μ™„λ£.

[2025-06-26 20:21:55] [INFO] : ν΄λΌμ΄μ–ΈνΈ μ—°κ²°λ¨: 127.0.0.1
[2025-06-26 20:21:57] [INFO] : [μμ‹ index 0, pid : 25385] μ„λ²„μ λ¶€λ¨ ν”„λ΅μ„Έμ¤μ—κ² λ©”μ‹μ§€(λ°μ΄ν„°) μ‘μ„± SIGNAL μ•λ¦Ό: /NICK κ±΄μ°λ‹
[2025-06-26 20:21:55] [INFO] : ν΄λΌμ΄μ–ΈνΈ μ—°κ²°λ¨: 127.0.0.1
[2025-06-26 20:21:57] [INFO] : [λ¶€λ¨ pid 25055] SIGUSR1 ν•Έλ“¤λ¬ λ°μƒ
[2025-06-26 20:21:57] [INFO] : SIGUSR1 ν•Έλ“¤λ¬: ν΄λΌμ΄μ–ΈνΈ index 0 λ΅λ¶€ν„° λ©”μ‹μ§€ μμ‹ μ„ λ‹΄λ‹Ή μ„λ²„ μμ‹ν”„λ΅μ„Έμ¤λ΅λ¶€ν„° λ°›μ : /NICK κ±΄μ°λ‹
[2025-06-26 20:21:57] [INFO] : [μμ‹ pid 25385] SIGUSR2 ν•Έλ“¤λ¬ λ°μƒ
[2025-06-26 20:22:01] [INFO] : [μμ‹ index 0, pid : 25385] μ„λ²„μ λ¶€λ¨ ν”„λ΅μ„Έμ¤μ—κ² λ©”μ‹μ§€(λ°μ΄ν„°) μ‘μ„± SIGNAL μ•λ¦Ό: /ADD γ„΄γ…‡γ„Ή
[2025-06-26 20:22:01] [INFO] : [λ¶€λ¨ pid 25055] SIGUSR1 ν•Έλ“¤λ¬ λ°μƒ
[2025-06-26 20:22:01] [INFO] : SIGUSR1 ν•Έλ“¤λ¬: ν΄λΌμ΄μ–ΈνΈ index 0 λ΅λ¶€ν„° λ©”μ‹μ§€ μμ‹ μ„ λ‹΄λ‹Ή μ„λ²„ μμ‹ν”„λ΅μ„Έμ¤λ΅λ¶€ν„° λ°›μ : /ADD γ„΄γ…‡γ„Ή
[2025-06-26 20:22:01] [INFO] : [μμ‹ pid 25385] SIGUSR2 ν•Έλ“¤λ¬ λ°μƒ
[2025-06-26 20:22:03] [INFO] : [μμ‹ index 0, pid : 25385] μ„λ²„μ λ¶€λ¨ ν”„λ΅μ„Έμ¤μ—κ² λ©”μ‹μ§€(λ°μ΄ν„°) μ‘μ„± SIGNAL μ•λ¦Ό: /MSG κ±΄μ°λ‹:γ„Ήγ„΄γ…‡
[2025-06-26 20:22:03] [INFO] : [λ¶€λ¨ pid 25055] SIGUSR1 ν•Έλ“¤λ¬ λ°μƒ
[2025-06-26 20:22:03] [INFO] : SIGUSR1 ν•Έλ“¤λ¬: ν΄λΌμ΄μ–ΈνΈ index 0 λ΅λ¶€ν„° λ©”μ‹μ§€ μμ‹ μ„ λ‹΄λ‹Ή μ„λ²„ μμ‹ν”„λ΅μ„Έμ¤λ΅λ¶€ν„° λ°›μ : /MSG κ±΄μ°λ‹:γ„Ήγ„΄γ…‡
[2025-06-26 20:22:03] [INFO] : [μμ‹ pid 25385] SIGUSR2 ν•Έλ“¤λ¬ λ°μƒ
[2025-06-26 20:22:07] [INFO] : [μμ‹ index 0, pid : 25385] μ„λ²„μ λ¶€λ¨ ν”„λ΅μ„Έμ¤μ—κ² λ©”μ‹μ§€(λ°μ΄ν„°) μ‘μ„± SIGNAL μ•λ¦Ό: /LEAVE
[2025-06-26 20:22:07] [INFO] : [λ¶€λ¨ pid 25055] SIGUSR1 ν•Έλ“¤λ¬ λ°μƒ
[2025-06-26 20:22:07] [INFO] : SIGUSR1 ν•Έλ“¤λ¬: ν΄λΌμ΄μ–ΈνΈ index 0 λ΅λ¶€ν„° λ©”μ‹μ§€ μμ‹ μ„ λ‹΄λ‹Ή μ„λ²„ μμ‹ν”„λ΅μ„Έμ¤λ΅λ¶€ν„° λ°›μ : /LEAVE
[2025-06-26 20:22:07] [INFO] : [μμ‹ pid 25385] SIGUSR2 ν•Έλ“¤λ¬ λ°μƒ
[2025-06-26 20:22:11] [INFO] : [μμ‹ index 0, pid : 25385] μ„λ²„μ λ¶€λ¨ ν”„λ΅μ„Έμ¤μ—κ² λ©”μ‹μ§€(λ°μ΄ν„°) μ‘μ„± SIGNAL μ•λ¦Ό: /MSG κ±΄μ°λ‹:SDF
[2025-06-26 20:22:11] [INFO] : [λ¶€λ¨ pid 25055] SIGUSR1 ν•Έλ“¤λ¬ λ°μƒ
[2025-06-26 20:22:11] [INFO] : SIGUSR1 ν•Έλ“¤λ¬: ν΄λΌμ΄μ–ΈνΈ index 0 λ΅λ¶€ν„° λ©”μ‹μ§€ μμ‹ μ„ λ‹΄λ‹Ή μ„λ²„ μμ‹ν”„λ΅μ„Έμ¤λ΅λ¶€ν„° λ°›μ : /MSG κ±΄μ°λ‹:SDF
[2025-06-26 20:22:11] [INFO] : [μμ‹ pid 25385] SIGUSR2 ν•Έλ“¤λ¬ λ°μƒ
[2025-06-26 20:22:12] [INFO] : [μμ‹ index 0, pid : 25385] μ„λ²„μ λ¶€λ¨ ν”„λ΅μ„Έμ¤μ—κ² λ©”μ‹μ§€(λ°μ΄ν„°) μ‘μ„± SIGNAL μ•λ¦Ό: /MSG κ±΄μ°λ‹:
[2025-06-26 20:22:12] [INFO] : [λ¶€λ¨ pid 25055] SIGUSR1 ν•Έλ“¤λ¬ λ°μƒ
[2025-06-26 20:22:12] [INFO] : SIGUSR1 ν•Έλ“¤λ¬: ν΄λΌμ΄μ–ΈνΈ index 0 λ΅λ¶€ν„° λ©”μ‹μ§€ μμ‹ μ„ λ‹΄λ‹Ή μ„λ²„ μμ‹ν”„λ΅μ„Έμ¤λ΅λ¶€ν„° λ°›μ : /MSG κ±΄μ°λ‹:
[2025-06-26 20:22:12] [INFO] : [μμ‹ pid 25385] SIGUSR2 ν•Έλ“¤λ¬ λ°μƒ
[2025-06-26 20:22:17] [INFO] : [μμ‹ index 0, pid : 25385] μ„λ²„μ λ¶€λ¨ ν”„λ΅μ„Έμ¤μ—κ² λ©”μ‹μ§€(λ°μ΄ν„°) μ‘μ„± SIGNAL μ•λ¦Ό: /LEAVE
[2025-06-26 20:22:17] [INFO] : [λ¶€λ¨ pid 25055] SIGUSR1 ν•Έλ“¤λ¬ λ°μƒ
[2025-06-26 20:22:17] [INFO] : SIGUSR1 ν•Έλ“¤λ¬: ν΄λΌμ΄μ–ΈνΈ index 0 λ΅λ¶€ν„° λ©”μ‹μ§€ μμ‹ μ„ λ‹΄λ‹Ή μ„λ²„ μμ‹ν”„λ΅μ„Έμ¤λ΅λ¶€ν„° λ°›μ : /LEAVE
[2025-06-26 20:22:17] [INFO] : [μμ‹ pid 25385] SIGUSR2 ν•Έλ“¤λ¬ λ°μƒ
[2025-06-26 20:23:38] [WARNING] : [μμ‹ index 0, pid 25385] ν΄λΌμ΄μ–ΈνΈ μ—°κ²° μΆ…λ£κ°€ κ°μ§€λμ–΄ ν•΄λ‹Ή ν΄λΌμ΄μ–ΈνΈ μ—°κ²°μ„ μΆ…λ£ν•©λ‹λ‹¤.
[2025-06-26 20:23:38] [INFO] : ν΄λΌμ΄μ–ΈνΈ 0 (pid: 25385, nick: κ±΄μ°λ‹) μ ‘μ† μΆ…λ£. μμ› νμ μ™„λ£.

[2025-06-26 20:23:39] [INFO] : ν΄λΌμ΄μ–ΈνΈ μ—°κ²°λ¨: 127.0.0.1
[2025-06-26 20:23:40] [INFO] : [μμ‹ index 0, pid : 25439] μ„λ²„μ λ¶€λ¨ ν”„λ΅μ„Έμ¤μ—κ² λ©”μ‹μ§€(λ°μ΄ν„°) μ‘μ„± SIGNAL μ•λ¦Ό: /NICK rjsdnsla
[2025-06-26 20:23:39] [INFO] : ν΄λΌμ΄μ–ΈνΈ μ—°κ²°λ¨: 127.0.0.1
[2025-06-26 20:23:40] [INFO] : [λ¶€λ¨ pid 25055] SIGUSR1 ν•Έλ“¤λ¬ λ°μƒ
[2025-06-26 20:23:40] [INFO] : SIGUSR1 ν•Έλ“¤λ¬: ν΄λΌμ΄μ–ΈνΈ index 0 λ΅λ¶€ν„° λ©”μ‹μ§€ μμ‹ μ„ λ‹΄λ‹Ή μ„λ²„ μμ‹ν”„λ΅μ„Έμ¤λ΅λ¶€ν„° λ°›μ : /NICK rjsdnsla
[2025-06-26 20:23:40] [INFO] : [μμ‹ pid 25439] SIGUSR2 ν•Έλ“¤λ¬ λ°μƒ
[2025-06-26 20:23:49] [INFO] : [μμ‹ index 0, pid : 25439] μ„λ²„μ λ¶€λ¨ ν”„λ΅μ„Έμ¤μ—κ² λ©”μ‹μ§€(λ°μ΄ν„°) μ‘μ„± SIGNAL μ•λ¦Ό: /MSG rjsdnsla:γ„΄γ…‡γ„Ή
[2025-06-26 20:23:49] [INFO] : [λ¶€λ¨ pid 25055] SIGUSR1 ν•Έλ“¤λ¬ λ°μƒ
[2025-06-26 20:23:49] [INFO] : SIGUSR1 ν•Έλ“¤λ¬: ν΄λΌμ΄μ–ΈνΈ index 0 λ΅λ¶€ν„° λ©”μ‹μ§€ μμ‹ μ„ λ‹΄λ‹Ή μ„λ²„ μμ‹ν”„λ΅μ„Έμ¤λ΅λ¶€ν„° λ°›μ : /MSG rjsdnsla:γ„΄γ…‡γ„Ή
[2025-06-26 20:23:49] [INFO] : [μμ‹ pid 25439] SIGUSR2 ν•Έλ“¤λ¬ λ°μƒ
[2025-06-26 20:24:00] [INFO] : [μμ‹ index 0, pid : 25439] μ„λ²„μ λ¶€λ¨ ν”„λ΅μ„Έμ¤μ—κ² λ©”μ‹μ§€(λ°μ΄ν„°) μ‘μ„± SIGNAL μ•λ¦Ό: /ADD SDFSDG
[2025-06-26 20:24:00] [INFO] : [λ¶€λ¨ pid 25055] SIGUSR1 ν•Έλ“¤λ¬ λ°μƒ
[2025-06-26 20:24:00] [INFO] : SIGUSR1 ν•Έλ“¤λ¬: ν΄λΌμ΄μ–ΈνΈ index 0 λ΅λ¶€ν„° λ©”μ‹μ§€ μμ‹ μ„ λ‹΄λ‹Ή μ„λ²„ μμ‹ν”„λ΅μ„Έμ¤λ΅λ¶€ν„° λ°›μ : /ADD SDFSDG
[2025-06-26 20:24:00] [INFO] : [μμ‹ pid 25439] SIGUSR2 ν•Έλ“¤λ¬ λ°μƒ
[2025-06-26 20:24:02] [INFO] : [μμ‹ index 0, pid : 25439] μ„λ²„μ λ¶€λ¨ ν”„λ΅μ„Έμ¤μ—κ² λ©”μ‹μ§€(λ°μ΄ν„°) μ‘μ„± SIGNAL μ•λ¦Ό: /MSG rjsdnsla:SLDKFJ
[2025-06-26 20:24:02] [INFO] : [λ¶€λ¨ pid 25055] SIGUSR1 ν•Έλ“¤λ¬ λ°μƒ
[2025-06-26 20:24:02] [INFO] : SIGUSR1 ν•Έλ“¤λ¬: ν΄λΌμ΄μ–ΈνΈ index 0 λ΅λ¶€ν„° λ©”μ‹μ§€ μμ‹ μ„ λ‹΄λ‹Ή μ„λ²„ μμ‹ν”„λ΅μ„Έμ¤λ΅λ¶€ν„° λ°›μ : /MSG rjsdnsla:SLDKFJ
[2025-06-26 20:24:02] [INFO] : [μμ‹ pid 25439] SIGUSR2 ν•Έλ“¤λ¬ λ°μƒ
[2025-06-26 20:24:19] [INFO] : [μμ‹ index 0, pid : 25439] μ„λ²„μ λ¶€λ¨ ν”„λ΅μ„Έμ¤μ—κ² λ©”μ‹μ§€(λ°μ΄ν„°) μ‘μ„± SIGNAL μ•λ¦Ό: /ADD
[2025-06-26 20:24:19] [INFO] : [λ¶€λ¨ pid 25055] SIGUSR1 ν•Έλ“¤λ¬ λ°μƒ
[2025-06-26 20:24:19] [INFO] : SIGUSR1 ν•Έλ“¤λ¬: ν΄λΌμ΄μ–ΈνΈ index 0 λ΅λ¶€ν„° λ©”μ‹μ§€ μμ‹ μ„ λ‹΄λ‹Ή μ„λ²„ μμ‹ν”„λ΅μ„Έμ¤λ΅λ¶€ν„° λ°›μ : /ADD
[2025-06-26 20:24:19] [INFO] : [μμ‹ pid 25439] SIGUSR2 ν•Έλ“¤λ¬ λ°μƒ
[2025-06-26 20:24:22] [INFO] : [μμ‹ index 0, pid : 25439] μ„λ²„μ λ¶€λ¨ ν”„λ΅μ„Έμ¤μ—κ² λ©”μ‹μ§€(λ°μ΄ν„°) μ‘μ„± SIGNAL μ•λ¦Ό: /ADD
[2025-06-26 20:24:22] [INFO] : [λ¶€λ¨ pid 25055] SIGUSR1 ν•Έλ“¤λ¬ λ°μƒ
[2025-06-26 20:24:22] [INFO] : SIGUSR1 ν•Έλ“¤λ¬: ν΄λΌμ΄μ–ΈνΈ index 0 λ΅λ¶€ν„° λ©”μ‹μ§€ μμ‹ μ„ λ‹΄λ‹Ή μ„λ²„ μμ‹ν”„λ΅μ„Έμ¤λ΅λ¶€ν„° λ°›μ : /ADD
[2025-06-26 20:24:22] [INFO] : [μμ‹ pid 25439] SIGUSR2 ν•Έλ“¤λ¬ λ°μƒ
[2025-06-26 20:24:25] [WARNING] : [μμ‹ index 0, pid 25439] ν΄λΌμ΄μ–ΈνΈ μ—°κ²° μΆ…λ£κ°€ κ°μ§€λμ–΄ ν•΄λ‹Ή ν΄λΌμ΄μ–ΈνΈ μ—°κ²°μ„ μΆ…λ£ν•©λ‹λ‹¤.
[2025-06-26 20:24:25] [INFO] : ν΄λΌμ΄μ–ΈνΈ 0 (pid: 25439, nick: rjsdnsla) μ ‘μ† μΆ…λ£. μμ› νμ μ™„λ£.

[2025-06-26 20:25:40] [INFO] : ν΄λΌμ΄μ–ΈνΈ μ—°κ²°λ¨: 127.0.0.1
[2025-06-26 20:25:41] [INFO] : [μμ‹ index 0, pid : 25463] μ„λ²„μ λ¶€λ¨ ν”„λ΅μ„Έμ¤μ—κ² λ©”μ‹μ§€(λ°μ΄ν„°) μ‘μ„± SIGNAL μ•λ¦Ό: /NICK RJSDAFDS
[2025-06-26 20:25:40] [INFO] : ν΄λΌμ΄μ–ΈνΈ μ—°κ²°λ¨: 127.0.0.1
[2025-06-26 20:25:41] [INFO] : [λ¶€λ¨ pid 25055] SIGUSR1 ν•Έλ“¤λ¬ λ°μƒ
[2025-06-26 20:25:41] [INFO] : SIGUSR1 ν•Έλ“¤λ¬: ν΄λΌμ΄μ–ΈνΈ index 0 λ΅λ¶€ν„° λ©”μ‹μ§€ μμ‹ μ„ λ‹΄λ‹Ή μ„λ²„ μμ‹ν”„λ΅μ„Έμ¤λ΅λ¶€ν„° λ°›μ : /NICK RJSDAFDS
[2025-06-26 20:25:41] [INFO] : [μμ‹ pid 25463] SIGUSR2 ν•Έλ“¤λ¬ λ°μƒ
[2025-06-26 20:28:53] [WARNING] : [μμ‹ index 0, pid 25463] ν΄λΌμ΄μ–ΈνΈ μ—°κ²° μΆ…λ£κ°€ κ°μ§€λμ–΄ ν•΄λ‹Ή ν΄λΌμ΄μ–ΈνΈ μ—°κ²°μ„ μΆ…λ£ν•©λ‹λ‹¤.
[2025-06-26 20:28:53] [INFO] : ν΄λΌμ΄μ–ΈνΈ 0 (pid: 25463, nick: RJSDAFDS) μ ‘μ† μΆ…λ£. μμ› νμ μ™„λ£.

[2025-06-26 20:28:53] [INFO] : ν΄λΌμ΄μ–ΈνΈ μ—°κ²°λ¨: 127.0.0.1
[2025-06-26 20:28:54] [INFO] : [μμ‹ index 0, pid : 25527] μ„λ²„μ λ¶€λ¨ ν”„λ΅μ„Έμ¤μ—κ² λ©”μ‹μ§€(λ°μ΄ν„°) μ‘μ„± SIGNAL μ•λ¦Ό: /NICK asdfagasdg
[2025-06-26 20:28:53] [INFO] : ν΄λΌμ΄μ–ΈνΈ μ—°κ²°λ¨: 127.0.0.1
[2025-06-26 20:28:54] [INFO] : [λ¶€λ¨ pid 25055] SIGUSR1 ν•Έλ“¤λ¬ λ°μƒ
[2025-06-26 20:28:54] [INFO] : SIGUSR1 ν•Έλ“¤λ¬: ν΄λΌμ΄μ–ΈνΈ index 0 λ΅λ¶€ν„° λ©”μ‹μ§€ μμ‹ μ„ λ‹΄λ‹Ή μ„λ²„ μμ‹ν”„λ΅μ„Έμ¤λ΅λ¶€ν„° λ°›μ : /NICK asdfagasdg
[2025-06-26 20:28:54] [INFO] : [μμ‹ pid 25527] SIGUSR2 ν•Έλ“¤λ¬ λ°μƒ
[2025-06-26 20:29:02] [WARNING] : [μμ‹ index 0, pid 25527] ν΄λΌμ΄μ–ΈνΈ μ—°κ²° μΆ…λ£κ°€ κ°μ§€λμ–΄ ν•΄λ‹Ή ν΄λΌμ΄μ–ΈνΈ μ—°κ²°μ„ μΆ…λ£ν•©λ‹λ‹¤.
[2025-06-26 20:29:02] [INFO] : ν΄λΌμ΄μ–ΈνΈ 0 (pid: 25527, nick: asdfagasdg) μ ‘μ† μΆ…λ£. μμ› νμ μ™„λ£.

[2025-06-26 20:29:20] [INFO] : ν΄λΌμ΄μ–ΈνΈ μ—°κ²°λ¨: 127.0.0.1
[2025-06-26 20:29:21] [INFO] : [μμ‹ index 0, pid : 25576] μ„λ²„μ λ¶€λ¨ ν”„λ΅μ„Έμ¤μ—κ² λ©”μ‹μ§€(λ°μ΄ν„°) μ‘μ„± SIGNAL μ•λ¦Ό: /NICK rjsdnslasdf
[2025-06-26 20:29:20] [INFO] : ν΄λΌμ΄μ–ΈνΈ μ—°κ²°λ¨: 127.0.0.1
[2025-06-26 20:29:21] [INFO] : [λ¶€λ¨ pid 25055] SIGUSR1 ν•Έλ“¤λ¬ λ°μƒ
[2025-06-26 20:29:21] [INFO] : SIGUSR1 ν•Έλ“¤λ¬: ν΄λΌμ΄μ–ΈνΈ index 0 λ΅λ¶€ν„° λ©”μ‹μ§€ μμ‹ μ„ λ‹΄λ‹Ή μ„λ²„ μμ‹ν”„λ΅μ„Έμ¤λ΅λ¶€ν„° λ°›μ : /NICK rjsdnslasdf
[2025-06-26 20:29:21] [INFO] : [μμ‹ pid 25576] SIGUSR2 ν•Έλ“¤λ¬ λ°μƒ
[2025-06-26 20:29:26] [WARNING] : [μμ‹ index 0, pid 25576] ν΄λΌμ΄μ–ΈνΈ μ—°κ²° μΆ…λ£κ°€ κ°μ§€λμ–΄ ν•΄λ‹Ή ν΄λΌμ΄μ–ΈνΈ μ—°κ²°μ„ μΆ…λ£ν•©λ‹λ‹¤.
[2025-06-26 20:29:26] [INFO] : ν΄λΌμ΄μ–ΈνΈ 0 (pid: 25576, nick: rjsdnslasdf) μ ‘μ† μΆ…λ£. μμ› νμ μ™„λ£.

[2025-06-26 20:43:04] [INFO] : ν΄λΌμ΄μ–ΈνΈ μ—°κ²°λ¨: 127.0.0.1
[2025-06-26 20:43:06] [INFO] : [μμ‹ index 0, pid : 25688] μ„λ²„μ λ¶€λ¨ ν”„λ΅μ„Έμ¤μ—κ² λ©”μ‹μ§€(λ°μ΄ν„°) μ‘μ„± SIGNAL μ•λ¦Ό: /NICK rjsdnsla
[2025-06-26 20:43:04] [INFO] : ν΄λΌμ΄μ–ΈνΈ μ—°κ²°λ¨: 127.0.0.1
[2025-06-26 20:43:06] [INFO] : [λ¶€λ¨ pid 25055] SIGUSR1 ν•Έλ“¤λ¬ λ°μƒ
[2025-06-26 20:43:06] [INFO] : SIGUSR1 ν•Έλ“¤λ¬: ν΄λΌμ΄μ–ΈνΈ index 0 λ΅λ¶€ν„° λ©”μ‹μ§€ μμ‹ μ„ λ‹΄λ‹Ή μ„λ²„ μμ‹ν”„λ΅μ„Έμ¤λ΅λ¶€ν„° λ°›μ : /NICK rjsdnsla
[2025-06-26 20:43:06] [INFO] : [μμ‹ pid 25688] SIGUSR2 ν•Έλ“¤λ¬ λ°μƒ
[2025-06-26 20:43:15] [WARNING] : [μμ‹ index 0, pid 25688] ν΄λΌμ΄μ–ΈνΈ μ—°κ²° μΆ…λ£κ°€ κ°μ§€λμ–΄ ν•΄λ‹Ή ν΄λΌμ΄μ–ΈνΈ μ—°κ²°μ„ μΆ…λ£ν•©λ‹λ‹¤.
[2025-06-26 20:43:15] [INFO] : ν΄λΌμ΄μ–ΈνΈ 0 (pid: 25688, nick: rjsdnsla) μ ‘μ† μΆ…λ£. μμ› νμ μ™„λ£.

[2025-06-26 20:44:57] [INFO] : ν΄λΌμ΄μ–ΈνΈ μ—°κ²°λ¨: 127.0.0.1
[2025-06-26 20:44:58] [INFO] : [μμ‹ index 0, pid : 25742] μ„λ²„μ λ¶€λ¨ ν”„λ΅μ„Έμ¤μ—κ² λ©”μ‹μ§€(λ°μ΄ν„°) μ‘μ„± SIGNAL μ•λ¦Ό: /NICK rjsadlkjfklsdjf
[2025-06-26 20:44:57] [INFO] : ν΄λΌμ΄μ–ΈνΈ μ—°κ²°λ¨: 127.0.0.1
[2025-06-26 20:44:58] [INFO] : [λ¶€λ¨ pid 25055] SIGUSR1 ν•Έλ“¤λ¬ λ°μƒ
[2025-06-26 20:44:58] [INFO] : SIGUSR1 ν•Έλ“¤λ¬: ν΄λΌμ΄μ–ΈνΈ index 0 λ΅λ¶€ν„° λ©”μ‹μ§€ μμ‹ μ„ λ‹΄λ‹Ή μ„λ²„ μμ‹ν”„λ΅μ„Έμ¤λ΅λ¶€ν„° λ°›μ : /NICK rjsadlkjfklsdjf
[2025-06-26 20:44:58] [INFO] : [μμ‹ pid 25742] SIGUSR2 ν•Έλ“¤λ¬ λ°μƒ
[2025-06-26 20:46:55] [WARNING] : [μμ‹ index 0, pid 25742] ν΄λΌμ΄μ–ΈνΈ μ—°κ²° μΆ…λ£κ°€ κ°μ§€λμ–΄ ν•΄λ‹Ή ν΄λΌμ΄μ–ΈνΈ μ—°κ²°μ„ μΆ…λ£ν•©λ‹λ‹¤.
[2025-06-26 20:46:55] [INFO] : ν΄λΌμ΄μ–ΈνΈ 0 (pid: 25742, nick: rjsadlkjfklsdjf) μ ‘μ† μΆ…λ£. μμ› νμ μ™„λ£.

[2025-06-26 20:47:02] [INFO] : ν΄λΌμ΄μ–ΈνΈ μ—°κ²°λ¨: 127.0.0.1
[2025-06-26 20:47:04] [INFO] : [μμ‹ index 0, pid : 25787] μ„λ²„μ λ¶€λ¨ ν”„λ΅μ„Έμ¤μ—κ² λ©”μ‹μ§€(λ°μ΄ν„°) μ‘μ„± SIGNAL μ•λ¦Ό: /NICK SADFSDAF
[2025-06-26 20:47:02] [INFO] : ν΄λΌμ΄μ–ΈνΈ μ—°κ²°λ¨: 127.0.0.1
[2025-06-26 20:47:04] [INFO] : [λ¶€λ¨ pid 25055] SIGUSR1 ν•Έλ“¤λ¬ λ°μƒ
[2025-06-26 20:47:04] [INFO] : SIGUSR1 ν•Έλ“¤λ¬: ν΄λΌμ΄μ–ΈνΈ index 0 λ΅λ¶€ν„° λ©”μ‹μ§€ μμ‹ μ„ λ‹΄λ‹Ή μ„λ²„ μμ‹ν”„λ΅μ„Έμ¤λ΅λ¶€ν„° λ°›μ : /NICK SADFSDAF
[2025-06-26 20:47:04] [INFO] : [μμ‹ pid 25787] SIGUSR2 ν•Έλ“¤λ¬ λ°μƒ
[2025-06-26 20:47:13] [INFO] : [μμ‹ index 0, pid : 25787] μ„λ²„μ λ¶€λ¨ ν”„λ΅μ„Έμ¤μ—κ² λ©”μ‹μ§€(λ°μ΄ν„°) μ‘μ„± SIGNAL μ•λ¦Ό: /ADD SDFSDF
[2025-06-26 20:47:13] [INFO] : [λ¶€λ¨ pid 25055] SIGUSR1 ν•Έλ“¤λ¬ λ°μƒ
[2025-06-26 20:47:13] [INFO] : SIGUSR1 ν•Έλ“¤λ¬: ν΄λΌμ΄μ–ΈνΈ index 0 λ΅λ¶€ν„° λ©”μ‹μ§€ μμ‹ μ„ λ‹΄λ‹Ή μ„λ²„ μμ‹ν”„λ΅μ„Έμ¤λ΅λ¶€ν„° λ°›μ : /ADD SDFSDF
[2025-06-26 20:47:13] [INFO] : [μμ‹ pid 25787] SIGUSR2 ν•Έλ“¤λ¬ λ°μƒ
[2025-06-26 20:47:15] [INFO] : [μμ‹ index 0, pid : 25787] μ„λ²„μ λ¶€λ¨ ν”„λ΅μ„Έμ¤μ—κ² λ©”μ‹μ§€(λ°μ΄ν„°) μ‘μ„± SIGNAL μ•λ¦Ό: /ADD
[2025-06-26 20:47:15] [INFO] : [λ¶€λ¨ pid 25055] SIGUSR1 ν•Έλ“¤λ¬ λ°μƒ
[2025-06-26 20:47:15] [INFO] : SIGUSR1 ν•Έλ“¤λ¬: ν΄λΌμ΄μ–ΈνΈ index 0 λ΅λ¶€ν„° λ©”μ‹μ§€ μμ‹ μ„ λ‹΄λ‹Ή μ„λ²„ μμ‹ν”„λ΅μ„Έμ¤λ΅λ¶€ν„° λ°›μ : /ADD
[2025-06-26 20:47:15] [INFO] : [μμ‹ pid 25787] SIGUSR2 ν•Έλ“¤λ¬ λ°μƒ
[2025-06-26 20:51:09] [WARNING] : [μμ‹ index 0, pid 25787] ν΄λΌμ΄μ–ΈνΈ μ—°κ²° μΆ…λ£κ°€ κ°μ§€λμ–΄ ν•΄λ‹Ή ν΄λΌμ΄μ–ΈνΈ μ—°κ²°μ„ μΆ…λ£ν•©λ‹λ‹¤.
[2025-06-26 20:51:09] [INFO] : ν΄λΌμ΄μ–ΈνΈ 0 (pid: 25787, nick: SADFSDAF) μ ‘μ† μΆ…λ£. μμ› νμ μ™„λ£.

[2025-06-26 20:51:09] [INFO] : ν΄λΌμ΄μ–ΈνΈ μ—°κ²°λ¨: 127.0.0.1
[2025-06-26 20:51:10] [INFO] : [μμ‹ index 0, pid : 25854] μ„λ²„μ λ¶€λ¨ ν”„λ΅μ„Έμ¤μ—κ² λ©”μ‹μ§€(λ°μ΄ν„°) μ‘μ„± SIGNAL μ•λ¦Ό: /NICK asdfasdg
[2025-06-26 20:51:09] [INFO] : ν΄λΌμ΄μ–ΈνΈ μ—°κ²°λ¨: 127.0.0.1
[2025-06-26 20:51:10] [INFO] : [λ¶€λ¨ pid 25055] SIGUSR1 ν•Έλ“¤λ¬ λ°μƒ
[2025-06-26 20:51:10] [INFO] : SIGUSR1 ν•Έλ“¤λ¬: ν΄λΌμ΄μ–ΈνΈ index 0 λ΅λ¶€ν„° λ©”μ‹μ§€ μμ‹ μ„ λ‹΄λ‹Ή μ„λ²„ μμ‹ν”„λ΅μ„Έμ¤λ΅λ¶€ν„° λ°›μ : /NICK asdfasdg
[2025-06-26 20:51:10] [INFO] : [μμ‹ pid 25854] SIGUSR2 ν•Έλ“¤λ¬ λ°μƒ
[2025-06-26 20:51:48] [WARNING] : [μμ‹ index 0, pid 25854] ν΄λΌμ΄μ–ΈνΈ μ—°κ²° μΆ…λ£κ°€ κ°μ§€λμ–΄ ν•΄λ‹Ή ν΄λΌμ΄μ–ΈνΈ μ—°κ²°μ„ μΆ…λ£ν•©λ‹λ‹¤.
[2025-06-26 20:51:48] [INFO] : ν΄λΌμ΄μ–ΈνΈ 0 (pid: 25854, nick: asdfasdg) μ ‘μ† μΆ…λ£. μμ› νμ μ™„λ£.

[2025-06-26 20:51:52] [INFO] : ν΄λΌμ΄μ–ΈνΈ μ—°κ²°λ¨: 127.0.0.1
[2025-06-26 20:51:52] [INFO] : [μμ‹ index 0, pid : 25900] μ„λ²„μ λ¶€λ¨ ν”„λ΅μ„Έμ¤μ—κ² λ©”μ‹μ§€(λ°μ΄ν„°) μ‘μ„± SIGNAL μ•λ¦Ό: /NICK SDFSDF
[2025-06-26 20:51:52] [INFO] : ν΄λΌμ΄μ–ΈνΈ μ—°κ²°λ¨: 127.0.0.1
[2025-06-26 20:51:52] [INFO] : [λ¶€λ¨ pid 25055] SIGUSR1 ν•Έλ“¤λ¬ λ°μƒ
[2025-06-26 20:51:52] [INFO] : SIGUSR1 ν•Έλ“¤λ¬: ν΄λΌμ΄μ–ΈνΈ index 0 λ΅λ¶€ν„° λ©”μ‹μ§€ μμ‹ μ„ λ‹΄λ‹Ή μ„λ²„ μμ‹ν”„λ΅μ„Έμ¤λ΅λ¶€ν„° λ°›μ : /NICK SDFSDF
[2025-06-26 20:51:52] [INFO] : [μμ‹ pid 25900] SIGUSR2 ν•Έλ“¤λ¬ λ°μƒ
[2025-06-26 20:53:41] [WARNING] : [μμ‹ index 0, pid 25900] ν΄λΌμ΄μ–ΈνΈ μ—°κ²° μΆ…λ£κ°€ κ°μ§€λμ–΄ ν•΄λ‹Ή ν΄λΌμ΄μ–ΈνΈ μ—°κ²°μ„ μΆ…λ£ν•©λ‹λ‹¤.
[2025-06-26 20:53:41] [INFO] : ν΄λΌμ΄μ–ΈνΈ 0 (pid: 25900, nick: SDFSDF) μ ‘μ† μΆ…λ£. μμ› νμ μ™„λ£.

[2025-06-26 20:53:45] [INFO] : ν΄λΌμ΄μ–ΈνΈ μ—°κ²°λ¨: 127.0.0.1
[2025-06-26 20:53:46] [INFO] : [μμ‹ index 0, pid : 25947] μ„λ²„μ λ¶€λ¨ ν”„λ΅μ„Έμ¤μ—κ² λ©”μ‹μ§€(λ°μ΄ν„°) μ‘μ„± SIGNAL μ•λ¦Ό: /NICK ASDFASDG
[2025-06-26 20:53:45] [INFO] : ν΄λΌμ΄μ–ΈνΈ μ—°κ²°λ¨: 127.0.0.1
[2025-06-26 20:53:46] [INFO] : [λ¶€λ¨ pid 25055] SIGUSR1 ν•Έλ“¤λ¬ λ°μƒ
[2025-06-26 20:53:46] [INFO] : SIGUSR1 ν•Έλ“¤λ¬: ν΄λΌμ΄μ–ΈνΈ index 0 λ΅λ¶€ν„° λ©”μ‹μ§€ μμ‹ μ„ λ‹΄λ‹Ή μ„λ²„ μμ‹ν”„λ΅μ„Έμ¤λ΅λ¶€ν„° λ°›μ : /NICK ASDFASDG
[2025-06-26 20:53:46] [INFO] : [μμ‹ pid 25947] SIGUSR2 ν•Έλ“¤λ¬ λ°μƒ
[2025-06-26 20:54:21] [WARNING] : [μμ‹ index 0, pid 25947] ν΄λΌμ΄μ–ΈνΈ μ—°κ²° μΆ…λ£κ°€ κ°μ§€λμ–΄ ν•΄λ‹Ή ν΄λΌμ΄μ–ΈνΈ μ—°κ²°μ„ μΆ…λ£ν•©λ‹λ‹¤.
[2025-06-26 20:54:21] [INFO] : ν΄λΌμ΄μ–ΈνΈ 0 (pid: 25947, nick: ASDFASDG) μ ‘μ† μΆ…λ£. μμ› νμ μ™„λ£.

[2025-06-26 20:54:21] [INFO] : ν΄λΌμ΄μ–ΈνΈ μ—°κ²°λ¨: 127.0.0.1
[2025-06-26 20:54:22] [INFO] : [μμ‹ index 0, pid : 25998] μ„λ²„μ λ¶€λ¨ ν”„λ΅μ„Έμ¤μ—κ² λ©”μ‹μ§€(λ°μ΄ν„°) μ‘μ„± SIGNAL μ•λ¦Ό: /NICK sdfsdag
[2025-06-26 20:54:21] [INFO] : ν΄λΌμ΄μ–ΈνΈ μ—°κ²°λ¨: 127.0.0.1
[2025-06-26 20:54:22] [INFO] : [λ¶€λ¨ pid 25055] SIGUSR1 ν•Έλ“¤λ¬ λ°μƒ
[2025-06-26 20:54:22] [INFO] : SIGUSR1 ν•Έλ“¤λ¬: ν΄λΌμ΄μ–ΈνΈ index 0 λ΅λ¶€ν„° λ©”μ‹μ§€ μμ‹ μ„ λ‹΄λ‹Ή μ„λ²„ μμ‹ν”„λ΅μ„Έμ¤λ΅λ¶€ν„° λ°›μ : /NICK sdfsdag
[2025-06-26 20:54:22] [INFO] : [μμ‹ pid 25998] SIGUSR2 ν•Έλ“¤λ¬ λ°μƒ
[2025-06-26 20:54:52] [WARNING] : [μμ‹ index 0, pid 25998] ν΄λΌμ΄μ–ΈνΈ μ—°κ²° μΆ…λ£κ°€ κ°μ§€λμ–΄ ν•΄λ‹Ή ν΄λΌμ΄μ–ΈνΈ μ—°κ²°μ„ μΆ…λ£ν•©λ‹λ‹¤.
[2025-06-26 20:54:52] [INFO] : ν΄λΌμ΄μ–ΈνΈ 0 (pid: 25998, nick: sdfsdag) μ ‘μ† μΆ…λ£. μμ› νμ μ™„λ£.

[2025-06-26 20:54:53] [INFO] : ν΄λΌμ΄μ–ΈνΈ μ—°κ²°λ¨: 127.0.0.1
[2025-06-26 20:54:54] [INFO] : [μμ‹ index 0, pid : 26049] μ„λ²„μ λ¶€λ¨ ν”„λ΅μ„Έμ¤μ—κ² λ©”μ‹μ§€(λ°μ΄ν„°) μ‘μ„± SIGNAL μ•λ¦Ό: /NICK SDFASDG
[2025-06-26 20:54:53] [INFO] : ν΄λΌμ΄μ–ΈνΈ μ—°κ²°λ¨: 127.0.0.1
[2025-06-26 20:54:54] [INFO] : [λ¶€λ¨ pid 25055] SIGUSR1 ν•Έλ“¤λ¬ λ°μƒ
[2025-06-26 20:54:54] [INFO] : SIGUSR1 ν•Έλ“¤λ¬: ν΄λΌμ΄μ–ΈνΈ index 0 λ΅λ¶€ν„° λ©”μ‹μ§€ μμ‹ μ„ λ‹΄λ‹Ή μ„λ²„ μμ‹ν”„λ΅μ„Έμ¤λ΅λ¶€ν„° λ°›μ : /NICK SDFASDG
[2025-06-26 20:54:54] [INFO] : [μμ‹ pid 26049] SIGUSR2 ν•Έλ“¤λ¬ λ°μƒ
[2025-06-26 20:56:35] [WARNING] : [μμ‹ index 0, pid 26049] ν΄λΌμ΄μ–ΈνΈ μ—°κ²° μΆ…λ£κ°€ κ°μ§€λμ–΄ ν•΄λ‹Ή ν΄λΌμ΄μ–ΈνΈ μ—°κ²°μ„ μΆ…λ£ν•©λ‹λ‹¤.
[2025-06-26 20:56:35] [INFO] : ν΄λΌμ΄μ–ΈνΈ 0 (pid: 26049, nick: SDFASDG) μ ‘μ† μΆ…λ£. μμ› νμ μ™„λ£.

[2025-06-26 20:56:36] [INFO] : ν΄λΌμ΄μ–ΈνΈ μ—°κ²°λ¨: 127.0.0.1
[2025-06-26 20:56:36] [INFO] : [μμ‹ index 0, pid : 26119] μ„λ²„μ λ¶€λ¨ ν”„λ΅μ„Έμ¤μ—κ² λ©”μ‹μ§€(λ°μ΄ν„°) μ‘μ„± SIGNAL μ•λ¦Ό: /NICK sadfsadg
[2025-06-26 20:56:36] [INFO] : ν΄λΌμ΄μ–ΈνΈ μ—°κ²°λ¨: 127.0.0.1
[2025-06-26 20:56:36] [INFO] : [λ¶€λ¨ pid 25055] SIGUSR1 ν•Έλ“¤λ¬ λ°μƒ
[2025-06-26 20:56:36] [INFO] : SIGUSR1 ν•Έλ“¤λ¬: ν΄λΌμ΄μ–ΈνΈ index 0 λ΅λ¶€ν„° λ©”μ‹μ§€ μμ‹ μ„ λ‹΄λ‹Ή μ„λ²„ μμ‹ν”„λ΅μ„Έμ¤λ΅λ¶€ν„° λ°›μ : /NICK sadfsadg
[2025-06-26 20:56:36] [INFO] : [μμ‹ pid 26119] SIGUSR2 ν•Έλ“¤λ¬ λ°μƒ
[2025-06-26 20:59:25] [WARNING] : [μμ‹ index 0, pid 26119] ν΄λΌμ΄μ–ΈνΈ μ—°κ²° μΆ…λ£κ°€ κ°μ§€λμ–΄ ν•΄λ‹Ή ν΄λΌμ΄μ–ΈνΈ μ—°κ²°μ„ μΆ…λ£ν•©λ‹λ‹¤.
[2025-06-26 20:59:25] [INFO] : ν΄λΌμ΄μ–ΈνΈ 0 (pid: 26119, nick: sadfsadg) μ ‘μ† μΆ…λ£. μμ› νμ μ™„λ£.

[2025-06-26 20:59:25] [INFO] : ν΄λΌμ΄μ–ΈνΈ μ—°κ²°λ¨: 127.0.0.1
[2025-06-26 20:59:26] [INFO] : [μμ‹ index 0, pid : 26184] μ„λ²„μ λ¶€λ¨ ν”„λ΅μ„Έμ¤μ—κ² λ©”μ‹μ§€(λ°μ΄ν„°) μ‘μ„± SIGNAL μ•λ¦Ό: /NICK sdafsdg
[2025-06-26 20:59:25] [INFO] : ν΄λΌμ΄μ–ΈνΈ μ—°κ²°λ¨: 127.0.0.1
[2025-06-26 20:59:26] [INFO] : [λ¶€λ¨ pid 25055] SIGUSR1 ν•Έλ“¤λ¬ λ°μƒ
[2025-06-26 20:59:26] [INFO] : SIGUSR1 ν•Έλ“¤λ¬: ν΄λΌμ΄μ–ΈνΈ index 0 λ΅λ¶€ν„° λ©”μ‹μ§€ μμ‹ μ„ λ‹΄λ‹Ή μ„λ²„ μμ‹ν”„λ΅μ„Έμ¤λ΅λ¶€ν„° λ°›μ : /NICK sdafsdg
[2025-06-26 20:59:26] [INFO] : [μμ‹ pid 26184] SIGUSR2 ν•Έλ“¤λ¬ λ°μƒ
[2025-06-26 20:59:29] [INFO] : [μμ‹ index 0, pid : 26184] μ„λ²„μ λ¶€λ¨ ν”„λ΅μ„Έμ¤μ—κ² λ©”μ‹μ§€(λ°μ΄ν„°) μ‘μ„± SIGNAL μ•λ¦Ό: /MSG sdafsdg:SDF
[2025-06-26 20:59:29] [INFO] : [λ¶€λ¨ pid 25055] SIGUSR1 ν•Έλ“¤λ¬ λ°μƒ
[2025-06-26 20:59:29] [INFO] : SIGUSR1 ν•Έλ“¤λ¬: ν΄λΌμ΄μ–ΈνΈ index 0 λ΅λ¶€ν„° λ©”μ‹μ§€ μμ‹ μ„ λ‹΄λ‹Ή μ„λ²„ μμ‹ν”„λ΅μ„Έμ¤λ΅λ¶€ν„° λ°›μ : /MSG sdafsdg:SDF
[2025-06-26 20:59:29] [INFO] : [μμ‹ pid 26184] SIGUSR2 ν•Έλ“¤λ¬ λ°μƒ
[2025-06-26 20:59:51] [WARNING] : [μμ‹ index 0, pid 26184] ν΄λΌμ΄μ–ΈνΈ μ—°κ²° μΆ…λ£κ°€ κ°μ§€λμ–΄ ν•΄λ‹Ή ν΄λΌμ΄μ–ΈνΈ μ—°κ²°μ„ μΆ…λ£ν•©λ‹λ‹¤.
[2025-06-26 20:59:51] [INFO] : ν΄λΌμ΄μ–ΈνΈ 0 (pid: 26184, nick: sdafsdg) μ ‘μ† μΆ…λ£. μμ› νμ μ™„λ£.

[2025-06-26 20:59:53] [INFO] : ν΄λΌμ΄μ–ΈνΈ μ—°κ²°λ¨: 127.0.0.1
[2025-06-26 20:59:54] [INFO] : [μμ‹ index 0, pid : 26238] μ„λ²„μ λ¶€λ¨ ν”„λ΅μ„Έμ¤μ—κ² λ©”μ‹μ§€(λ°μ΄ν„°) μ‘μ„± SIGNAL μ•λ¦Ό: /NICK ASDFASDG
[2025-06-26 20:59:53] [INFO] : ν΄λΌμ΄μ–ΈνΈ μ—°κ²°λ¨: 127.0.0.1
[2025-06-26 20:59:54] [INFO] : [λ¶€λ¨ pid 25055] SIGUSR1 ν•Έλ“¤λ¬ λ°μƒ
[2025-06-26 20:59:54] [INFO] : SIGUSR1 ν•Έλ“¤λ¬: ν΄λΌμ΄μ–ΈνΈ index 0 λ΅λ¶€ν„° λ©”μ‹μ§€ μμ‹ μ„ λ‹΄λ‹Ή μ„λ²„ μμ‹ν”„λ΅μ„Έμ¤λ΅λ¶€ν„° λ°›μ : /NICK ASDFASDG
[2025-06-26 20:59:54] [INFO] : [μμ‹ pid 26238] SIGUSR2 ν•Έλ“¤λ¬ λ°μƒ
[2025-06-26 21:00:00] [INFO] : [μμ‹ index 0, pid : 26238] μ„λ²„μ λ¶€λ¨ ν”„λ΅μ„Έμ¤μ—κ² λ©”μ‹μ§€(λ°μ΄ν„°) μ‘μ„± SIGNAL μ•λ¦Ό: /ADD SADFASDG
[2025-06-26 21:00:00] [INFO] : [λ¶€λ¨ pid 25055] SIGUSR1 ν•Έλ“¤λ¬ λ°μƒ
[2025-06-26 21:00:00] [INFO] : SIGUSR1 ν•Έλ“¤λ¬: ν΄λΌμ΄μ–ΈνΈ index 0 λ΅λ¶€ν„° λ©”μ‹μ§€ μμ‹ μ„ λ‹΄λ‹Ή μ„λ²„ μμ‹ν”„λ΅μ„Έμ¤λ΅λ¶€ν„° λ°›μ : /ADD SADFASDG
[2025-06-26 21:00:00] [INFO] : [μμ‹ pid 26238] SIGUSR2 ν•Έλ“¤λ¬ λ°μƒ
[2025-06-26 21:00:14] [INFO] : [μμ‹ index 0, pid : 26238] μ„λ²„μ λ¶€λ¨ ν”„λ΅μ„Έμ¤μ—κ² λ©”μ‹μ§€(λ°μ΄ν„°) μ‘μ„± SIGNAL μ•λ¦Ό: /LEAVE SDFASDGASDG
[2025-06-26 21:00:14] [INFO] : [λ¶€λ¨ pid 25055] SIGUSR1 ν•Έλ“¤λ¬ λ°μƒ
[2025-06-26 21:00:14] [INFO] : SIGUSR1 ν•Έλ“¤λ¬: ν΄λΌμ΄μ–ΈνΈ index 0 λ΅λ¶€ν„° λ©”μ‹μ§€ μμ‹ μ„ λ‹΄λ‹Ή μ„λ²„ μμ‹ν”„λ΅μ„Έμ¤λ΅λ¶€ν„° λ°›μ : /LEAVE SDFASDGASDG
[2025-06-26 21:00:14] [INFO] : [μμ‹ pid 26238] SIGUSR2 ν•Έλ“¤λ¬ λ°μƒ
[2025-06-26 21:00:18] [WARNING] : [μμ‹ index 0, pid 26238] ν΄λΌμ΄μ–ΈνΈ μ—°κ²° μΆ…λ£κ°€ κ°μ§€λμ–΄ ν•΄λ‹Ή ν΄λΌμ΄μ–ΈνΈ μ—°κ²°μ„ μΆ…λ£ν•©λ‹λ‹¤.
[2025-06-26 21:00:18] [INFO] : ν΄λΌμ΄μ–ΈνΈ 0 (pid: 26238, nick: ASDFASDG) μ ‘μ† μΆ…λ£. μμ› νμ μ™„λ£.

[2025-06-26 21:01:02] [INFO] : [λ¶€λ¨ pid 25055] μ„λ²„ μΆ…λ£ μ‹κ·Έλ„ μμ‹  : λ¨λ“  μμ‹ μΆ…λ£ μ¤‘ ...
[2025-06-26 21:01:02] [INFO] : [λ¶€λ¨ pid 25055] μ„λ²„ μΆ…λ£ μ™„λ£. μμ› νμ μ™„λ£.
[2025-06-26 21:01:08] [INFO] : μ„λ²„κ°€ 5101 λ² ν¬νΈμ—μ„ λ€κΈ°ν•κ³  μμµλ‹λ‹¤......

[2025-06-26 21:01:18] [INFO] : ν΄λΌμ΄μ–ΈνΈ μ—°κ²°λ¨: 127.0.0.1
[2025-06-26 21:01:19] [INFO] : [μμ‹ index 0, pid : 26260] μ„λ²„μ λ¶€λ¨ ν”„λ΅μ„Έμ¤μ—κ² λ©”μ‹μ§€(λ°μ΄ν„°) μ‘μ„± SIGNAL μ•λ¦Ό: /NICK asdlkfjalksdjg
[2025-06-26 21:01:18] [INFO] : ν΄λΌμ΄μ–ΈνΈ μ—°κ²°λ¨: 127.0.0.1
[2025-06-26 21:01:19] [INFO] : [λ¶€λ¨ pid 26258] SIGUSR1 ν•Έλ“¤λ¬ λ°μƒ
[2025-06-26 21:01:19] [INFO] : SIGUSR1 ν•Έλ“¤λ¬: ν΄λΌμ΄μ–ΈνΈ index 0 λ΅λ¶€ν„° λ©”μ‹μ§€ μμ‹ μ„ λ‹΄λ‹Ή μ„λ²„ μμ‹ν”„λ΅μ„Έμ¤λ΅λ¶€ν„° λ°›μ : /NICK asdlkfjalksdjg
[2025-06-26 21:01:19] [INFO] : [μμ‹ pid 26260] SIGUSR2 ν•Έλ“¤λ¬ λ°μƒ
[2025-06-26 21:01:44] [INFO] : [μμ‹ index 0, pid : 26260] μ„λ²„μ λ¶€λ¨ ν”„λ΅μ„Έμ¤μ—κ² λ©”μ‹μ§€(λ°μ΄ν„°) μ‘μ„± SIGNAL μ•λ¦Ό: /LEAVE γ„΄γ…‡γ„Ή
[2025-06-26 21:01:44] [INFO] : [λ¶€λ¨ pid 26258] SIGUSR1 ν•Έλ“¤λ¬ λ°μƒ
[2025-06-26 21:01:44] [INFO] : SIGUSR1 ν•Έλ“¤λ¬: ν΄λΌμ΄μ–ΈνΈ index 0 λ΅λ¶€ν„° λ©”μ‹μ§€ μμ‹ μ„ λ‹΄λ‹Ή μ„λ²„ μμ‹ν”„λ΅μ„Έμ¤λ΅λ¶€ν„° λ°›μ : /LEAVE γ„΄γ…‡γ„Ή
[2025-06-26 21:01:44] [INFO] : [μμ‹ pid 26260] SIGUSR2 ν•Έλ“¤λ¬ λ°μƒ
[2025-06-26 21:01:57] [INFO] : [μμ‹ index 0, pid : 26260] μ„λ²„μ λ¶€λ¨ ν”„λ΅μ„Έμ¤μ—κ² λ©”μ‹μ§€(λ°μ΄ν„°) μ‘μ„± SIGNAL μ•λ¦Ό: /ADD γ„΄γ…‡γ„Ήγ„΄γ…‡
[2025-06-26 21:01:57] [INFO] : [λ¶€λ¨ pid 26258] SIGUSR1 ν•Έλ“¤λ¬ λ°μƒ
[2025-06-26 21:01:57] [INFO] : SIGUSR1 ν•Έλ“¤λ¬: ν΄λΌμ΄μ–ΈνΈ index 0 λ΅λ¶€ν„° λ©”μ‹μ§€ μμ‹ μ„ λ‹΄λ‹Ή μ„λ²„ μμ‹ν”„λ΅μ„Έμ¤λ΅λ¶€ν„° λ°›μ : /ADD γ„΄γ…‡γ„Ήγ„΄γ…‡
[2025-06-26 21:01:57] [INFO] : [μμ‹ pid 26260] SIGUSR2 ν•Έλ“¤λ¬ λ°μƒ
[2025-06-26 21:02:01] [INFO] : [μμ‹ index 0, pid : 26260] μ„λ²„μ λ¶€λ¨ ν”„λ΅μ„Έμ¤μ—κ² λ©”μ‹μ§€(λ°μ΄ν„°) μ‘μ„± SIGNAL μ•λ¦Ό: /LEAVE γ„Ήγ„΄γ…‡γ„Ή
[2025-06-26 21:02:01] [INFO] : [λ¶€λ¨ pid 26258] SIGUSR1 ν•Έλ“¤λ¬ λ°μƒ
[2025-06-26 21:02:01] [INFO] : SIGUSR1 ν•Έλ“¤λ¬: ν΄λΌμ΄μ–ΈνΈ index 0 λ΅λ¶€ν„° λ©”μ‹μ§€ μμ‹ μ„ λ‹΄λ‹Ή μ„λ²„ μμ‹ν”„λ΅μ„Έμ¤λ΅λ¶€ν„° λ°›μ : /LEAVE γ„Ήγ„΄γ…‡γ„Ή
[2025-06-26 21:02:01] [INFO] : [μμ‹ pid 26260] SIGUSR2 ν•Έλ“¤λ¬ λ°μƒ
[2025-06-26 21:07:06] [WARNING] : [μμ‹ index 0, pid 26260] ν΄λΌμ΄μ–ΈνΈ μ—°κ²° μΆ…λ£κ°€ κ°μ§€λμ–΄ ν•΄λ‹Ή ν΄λΌμ΄μ–ΈνΈ μ—°κ²°μ„ μΆ…λ£ν•©λ‹λ‹¤.
[2025-06-26 21:07:06] [INFO] : ν΄λΌμ΄μ–ΈνΈ 0 (pid: 26260, nick: asdlkfjalksdjg) μ ‘μ† μΆ…λ£. μμ› νμ μ™„λ£.

[2025-06-26 21:08:16] [INFO] : [λ¶€λ¨ pid 26258] μ„λ²„ μΆ…λ£ μ‹κ·Έλ„ μμ‹  : λ¨λ“  μμ‹ μΆ…λ£ μ¤‘ ...
[2025-06-26 21:08:16] [INFO] : [λ¶€λ¨ pid 26258] μ„λ²„ μΆ…λ£ μ™„λ£. μμ› νμ μ™„λ£.
[2025-06-26 21:08:19] [INFO] : μ„λ²„κ°€ 5101 λ² ν¬νΈμ—μ„ λ€κΈ°ν•κ³  μμµλ‹λ‹¤......

[2025-06-26 21:08:22] [INFO] : ν΄λΌμ΄μ–ΈνΈ μ—°κ²°λ¨: 127.0.0.1
[2025-06-26 21:08:23] [INFO] : [μμ‹ index 0, pid : 26338] μ„λ²„μ λ¶€λ¨ ν”„λ΅μ„Έμ¤μ—κ² λ©”μ‹μ§€(λ°μ΄ν„°) μ‘μ„± SIGNAL μ•λ¦Ό: /NICK saldfjsdklfj
[2025-06-26 21:08:22] [INFO] : ν΄λΌμ΄μ–ΈνΈ μ—°κ²°λ¨: 127.0.0.1
[2025-06-26 21:08:23] [INFO] : [λ¶€λ¨ pid 26336] SIGUSR1 ν•Έλ“¤λ¬ λ°μƒ
[2025-06-26 21:08:23] [INFO] : SIGUSR1 ν•Έλ“¤λ¬: ν΄λΌμ΄μ–ΈνΈ index 0 λ΅λ¶€ν„° λ©”μ‹μ§€ μμ‹ μ„ λ‹΄λ‹Ή μ„λ²„ μμ‹ν”„λ΅μ„Έμ¤λ΅λ¶€ν„° λ°›μ : /NICK saldfjsdklfj
[2025-06-26 21:08:23] [INFO] : [μμ‹ pid 26338] SIGUSR2 ν•Έλ“¤λ¬ λ°μƒ
[2025-06-26 21:08:35] [INFO] : [μμ‹ index 0, pid : 26338] μ„λ²„μ λ¶€λ¨ ν”„λ΅μ„Έμ¤μ—κ² λ©”μ‹μ§€(λ°μ΄ν„°) μ‘μ„± SIGNAL μ•λ¦Ό: /LEAVE λ΅
[2025-06-26 21:08:35] [INFO] : [λ¶€λ¨ pid 26336] SIGUSR1 ν•Έλ“¤λ¬ λ°μƒ
[2025-06-26 21:08:35] [INFO] : SIGUSR1 ν•Έλ“¤λ¬: ν΄λΌμ΄μ–ΈνΈ index 0 λ΅λ¶€ν„° λ©”μ‹μ§€ μμ‹ μ„ λ‹΄λ‹Ή μ„λ²„ μμ‹ν”„λ΅μ„Έμ¤λ΅λ¶€ν„° λ°›μ : /LEAVE λ΅
[2025-06-26 21:08:35] [INFO] : [μμ‹ pid 26338] SIGUSR2 ν•Έλ“¤λ¬ λ°μƒ
[2025-06-26 21:08:40] [INFO] : [μμ‹ index 0, pid : 26338] μ„λ²„μ λ¶€λ¨ ν”„λ΅μ„Έμ¤μ—κ² λ©”μ‹μ§€(λ°μ΄ν„°) μ‘μ„± SIGNAL μ•λ¦Ό: /LEAVE λ΅λΉ„
[2025-06-26 21:08:40] [INFO] : [λ¶€λ¨ pid 26336] SIGUSR1 ν•Έλ“¤λ¬ λ°μƒ
[2025-06-26 21:08:40] [INFO] : SIGUSR1 ν•Έλ“¤λ¬: ν΄λΌμ΄μ–ΈνΈ index 0 λ΅λ¶€ν„° λ©”μ‹μ§€ μμ‹ μ„ λ‹΄λ‹Ή μ„λ²„ μμ‹ν”„λ΅μ„Έμ¤λ΅λ¶€ν„° λ°›μ : /LEAVE λ΅λΉ„
[2025-06-26 21:08:40] [INFO] : [μμ‹ pid 26338] SIGUSR2 ν•Έλ“¤λ¬ λ°μƒ
[2025-06-26 21:10:24] [WARNING] : [μμ‹ index 0, pid 26338] ν΄λΌμ΄μ–ΈνΈ μ—°κ²° μΆ…λ£κ°€ κ°μ§€λμ–΄ ν•΄λ‹Ή ν΄λΌμ΄μ–ΈνΈ μ—°κ²°μ„ μΆ…λ£ν•©λ‹λ‹¤.
[2025-06-26 21:10:24] [INFO] : ν΄λΌμ΄μ–ΈνΈ 0 (pid: 26338, nick: saldfjsdklfj) μ ‘μ† μΆ…λ£. μμ› νμ μ™„λ£.

[2025-06-26 21:10:36] [INFO] : [λ¶€λ¨ pid 26336] μ„λ²„ μΆ…λ£ μ‹κ·Έλ„ μμ‹  : λ¨λ“  μμ‹ μΆ…λ£ μ¤‘ ...
[2025-06-26 21:10:36] [INFO] : [λ¶€λ¨ pid 26336] μ„λ²„ μΆ…λ£ μ™„λ£. μμ› νμ μ™„λ£.
[2025-06-26 21:10:42] [INFO] : μ„λ²„κ°€ 5101 λ² ν¬νΈμ—μ„ λ€κΈ°ν•κ³  μμµλ‹λ‹¤......

[2025-06-26 21:10:44] [INFO] : ν΄λΌμ΄μ–ΈνΈ μ—°κ²°λ¨: 127.0.0.1
[2025-06-26 21:10:45] [INFO] : [μμ‹ index 0, pid : 26417] μ„λ²„μ λ¶€λ¨ ν”„λ΅μ„Έμ¤μ—κ² λ©”μ‹μ§€(λ°μ΄ν„°) μ‘μ„± SIGNAL μ•λ¦Ό: /NICK γ„΄γ…μ•„γ…£λ°γ…μ΄γ…γ„Ή
[2025-06-26 21:10:44] [INFO] : ν΄λΌμ΄μ–ΈνΈ μ—°κ²°λ¨: 127.0.0.1
[2025-06-26 21:10:45] [INFO] : [λ¶€λ¨ pid 26415] SIGUSR1 ν•Έλ“¤λ¬ λ°μƒ
[2025-06-26 21:10:45] [INFO] : SIGUSR1 ν•Έλ“¤λ¬: ν΄λΌμ΄μ–ΈνΈ index 0 λ΅λ¶€ν„° λ©”μ‹μ§€ μμ‹ μ„ λ‹΄λ‹Ή μ„λ²„ μμ‹ν”„λ΅μ„Έμ¤λ΅λ¶€ν„° λ°›μ : /NICK γ„΄γ…μ•„γ…£λ°γ…μ΄γ…γ„Ή
[2025-06-26 21:10:45] [INFO] : [μμ‹ pid 26417] SIGUSR2 ν•Έλ“¤λ¬ λ°μƒ
[2025-06-26 21:10:53] [INFO] : [μμ‹ index 0, pid : 26417] μ„λ²„μ λ¶€λ¨ ν”„λ΅μ„Έμ¤μ—κ² λ©”μ‹μ§€(λ°μ΄ν„°) μ‘μ„± SIGNAL μ•λ¦Ό: /LEAVE 
[2025-06-26 21:10:53] [INFO] : [λ¶€λ¨ pid 26415] SIGUSR1 ν•Έλ“¤λ¬ λ°μƒ
[2025-06-26 21:10:53] [INFO] : SIGUSR1 ν•Έλ“¤λ¬: ν΄λΌμ΄μ–ΈνΈ index 0 λ΅λ¶€ν„° λ©”μ‹μ§€ μμ‹ μ„ λ‹΄λ‹Ή μ„λ²„ μμ‹ν”„λ΅μ„Έμ¤λ΅λ¶€ν„° λ°›μ : /LEAVE 
[2025-06-26 21:10:53] [INFO] : [μμ‹ pid 26417] SIGUSR2 ν•Έλ“¤λ¬ λ°μƒ
[2025-06-26 21:10:56] [INFO] : [μμ‹ index 0, pid : 26417] μ„λ²„μ λ¶€λ¨ ν”„λ΅μ„Έμ¤μ—κ² λ©”μ‹μ§€(λ°μ΄ν„°) μ‘μ„± SIGNAL μ•λ¦Ό: /LEAVE lobby
[2025-06-26 21:10:56] [INFO] : [λ¶€λ¨ pid 26415] SIGUSR1 ν•Έλ“¤λ¬ λ°μƒ
[2025-06-26 21:10:56] [INFO] : SIGUSR1 ν•Έλ“¤λ¬: ν΄λΌμ΄μ–ΈνΈ index 0 λ΅λ¶€ν„° λ©”μ‹μ§€ μμ‹ μ„ λ‹΄λ‹Ή μ„λ²„ μμ‹ν”„λ΅μ„Έμ¤λ΅λ¶€ν„° λ°›μ : /LEAVE lobby
[2025-06-26 21:10:56] [INFO] : [μμ‹ pid 26417] SIGUSR2 ν•Έλ“¤λ¬ λ°μƒ
[2025-06-26 21:11:54] [WARNING] : [μμ‹ index 0, pid 26417] ν΄λΌμ΄μ–ΈνΈ μ—°κ²° μΆ…λ£κ°€ κ°μ§€λμ–΄ ν•΄λ‹Ή ν΄λΌμ΄μ–ΈνΈ μ—°κ²°μ„ μΆ…λ£ν•©λ‹λ‹¤.
[2025-06-26 21:11:54] [INFO] : ν΄λΌμ΄μ–ΈνΈ 0 (pid: 26417, nick: γ„΄γ…μ•„γ…£λ°γ…μ΄γ…γ„Ή) μ ‘μ† μΆ…λ£. μμ› νμ μ™„λ£.

[2025-06-26 21:12:12] [INFO] : [λ¶€λ¨ pid 26415] μ„λ²„ μΆ…λ£ μ‹κ·Έλ„ μμ‹  : λ¨λ“  μμ‹ μΆ…λ£ μ¤‘ ...
[2025-06-26 21:12:12] [INFO] : [λ¶€λ¨ pid 26415] μ„λ²„ μΆ…λ£ μ™„λ£. μμ› νμ μ™„λ£.
[2025-06-26 21:12:15] [INFO] : μ„λ²„κ°€ 5101 λ² ν¬νΈμ—μ„ λ€κΈ°ν•κ³  μμµλ‹λ‹¤......

[2025-06-26 21:12:17] [INFO] : ν΄λΌμ΄μ–ΈνΈ μ—°κ²°λ¨: 127.0.0.1
[2025-06-26 21:12:19] [INFO] : [μμ‹ index 0, pid : 26488] μ„λ²„μ λ¶€λ¨ ν”„λ΅μ„Έμ¤μ—κ² λ©”μ‹μ§€(λ°μ΄ν„°) μ‘μ„± SIGNAL μ•λ¦Ό: /NICK rjsdnals
[2025-06-26 21:12:17] [INFO] : ν΄λΌμ΄μ–ΈνΈ μ—°κ²°λ¨: 127.0.0.1
[2025-06-26 21:12:19] [INFO] : [λ¶€λ¨ pid 26485] SIGUSR1 ν•Έλ“¤λ¬ λ°μƒ
[2025-06-26 21:12:19] [INFO] : SIGUSR1 ν•Έλ“¤λ¬: ν΄λΌμ΄μ–ΈνΈ index 0 λ΅λ¶€ν„° λ©”μ‹μ§€ μμ‹ μ„ λ‹΄λ‹Ή μ„λ²„ μμ‹ν”„λ΅μ„Έμ¤λ΅λ¶€ν„° λ°›μ : /NICK rjsdnals
[2025-06-26 21:12:19] [INFO] : [μμ‹ pid 26488] SIGUSR2 ν•Έλ“¤λ¬ λ°μƒ
[2025-06-26 21:12:22] [INFO] : [μμ‹ index 0, pid : 26488] μ„λ²„μ λ¶€λ¨ ν”„λ΅μ„Έμ¤μ—κ² λ©”μ‹μ§€(λ°μ΄ν„°) μ‘μ„± SIGNAL μ•λ¦Ό: /LEAVE sdf
[2025-06-26 21:12:22] [INFO] : [λ¶€λ¨ pid 26485] SIGUSR1 ν•Έλ“¤λ¬ λ°μƒ
[2025-06-26 21:12:22] [INFO] : SIGUSR1 ν•Έλ“¤λ¬: ν΄λΌμ΄μ–ΈνΈ index 0 λ΅λ¶€ν„° λ©”μ‹μ§€ μμ‹ μ„ λ‹΄λ‹Ή μ„λ²„ μμ‹ν”„λ΅μ„Έμ¤λ΅λ¶€ν„° λ°›μ : /LEAVE sdf
[2025-06-26 21:12:22] [INFO] : [μμ‹ pid 26488] SIGUSR2 ν•Έλ“¤λ¬ λ°μƒ
[2025-06-26 21:12:27] [INFO] : [μμ‹ index 0, pid : 26488] μ„λ²„μ λ¶€λ¨ ν”„λ΅μ„Έμ¤μ—κ² λ©”μ‹μ§€(λ°μ΄ν„°) μ‘μ„± SIGNAL μ•λ¦Ό: /LEAVE lobby
[2025-06-26 21:12:27] [INFO] : [λ¶€λ¨ pid 26485] SIGUSR1 ν•Έλ“¤λ¬ λ°μƒ
[2025-06-26 21:12:27] [INFO] : SIGUSR1 ν•Έλ“¤λ¬: ν΄λΌμ΄μ–ΈνΈ index 0 λ΅λ¶€ν„° λ©”μ‹μ§€ μμ‹ μ„ λ‹΄λ‹Ή μ„λ²„ μμ‹ν”„λ΅μ„Έμ¤λ΅λ¶€ν„° λ°›μ : /LEAVE lobby
[2025-06-26 21:12:27] [INFO] : [μμ‹ pid 26488] SIGUSR2 ν•Έλ“¤λ¬ λ°μƒ
[2025-06-26 21:12:30] [INFO] : [μμ‹ index 0, pid : 26488] μ„λ²„μ λ¶€λ¨ ν”„λ΅μ„Έμ¤μ—κ² λ©”μ‹μ§€(λ°μ΄ν„°) μ‘μ„± SIGNAL μ•λ¦Ό: /LEAVE 
[2025-06-26 21:12:30] [INFO] : [λ¶€λ¨ pid 26485] SIGUSR1 ν•Έλ“¤λ¬ λ°μƒ
[2025-06-26 21:12:30] [INFO] : SIGUSR1 ν•Έλ“¤λ¬: ν΄λΌμ΄μ–ΈνΈ index 0 λ΅λ¶€ν„° λ©”μ‹μ§€ μμ‹ μ„ λ‹΄λ‹Ή μ„λ²„ μμ‹ν”„λ΅μ„Έμ¤λ΅λ¶€ν„° λ°›μ : /LEAVE 
[2025-06-26 21:12:30] [INFO] : [μμ‹ pid 26488] SIGUSR2 ν•Έλ“¤λ¬ λ°μƒ
[2025-06-26 21:12:38] [INFO] : [μμ‹ index 0, pid : 26488] μ„λ²„μ λ¶€λ¨ ν”„λ΅μ„Έμ¤μ—κ² λ©”μ‹μ§€(λ°μ΄ν„°) μ‘μ„± SIGNAL μ•λ¦Ό: /ADD ASDFSADF
[2025-06-26 21:12:38] [INFO] : [λ¶€λ¨ pid 26485] SIGUSR1 ν•Έλ“¤λ¬ λ°μƒ
[2025-06-26 21:12:38] [INFO] : SIGUSR1 ν•Έλ“¤λ¬: ν΄λΌμ΄μ–ΈνΈ index 0 λ΅λ¶€ν„° λ©”μ‹μ§€ μμ‹ μ„ λ‹΄λ‹Ή μ„λ²„ μμ‹ν”„λ΅μ„Έμ¤λ΅λ¶€ν„° λ°›μ : /ADD ASDFSADF
[2025-06-26 21:12:38] [INFO] : [μμ‹ pid 26488] SIGUSR2 ν•Έλ“¤λ¬ λ°μƒ
[2025-06-26 21:12:45] [INFO] : [μμ‹ index 0, pid : 26488] μ„λ²„μ λ¶€λ¨ ν”„λ΅μ„Έμ¤μ—κ² λ©”μ‹μ§€(λ°μ΄ν„°) μ‘μ„± SIGNAL μ•λ¦Ό: /ADD ASDFSADF
[2025-06-26 21:12:45] [INFO] : [λ¶€λ¨ pid 26485] SIGUSR1 ν•Έλ“¤λ¬ λ°μƒ
[2025-06-26 21:12:45] [INFO] : SIGUSR1 ν•Έλ“¤λ¬: ν΄λΌμ΄μ–ΈνΈ index 0 λ΅λ¶€ν„° λ©”μ‹μ§€ μμ‹ μ„ λ‹΄λ‹Ή μ„λ²„ μμ‹ν”„λ΅μ„Έμ¤λ΅λ¶€ν„° λ°›μ : /ADD ASDFSADF
[2025-06-26 21:12:45] [INFO] : [μμ‹ pid 26488] SIGUSR2 ν•Έλ“¤λ¬ λ°μƒ
[2025-06-26 21:13:48] [INFO] : [μμ‹ index 0, pid : 26488] μ„λ²„μ λ¶€λ¨ ν”„λ΅μ„Έμ¤μ—κ² λ©”μ‹μ§€(λ°μ΄ν„°) μ‘μ„± SIGNAL μ•λ¦Ό: /ADD ASDFSADF
[2025-06-26 21:13:48] [INFO] : [λ¶€λ¨ pid 26485] SIGUSR1 ν•Έλ“¤λ¬ λ°μƒ
[2025-06-26 21:13:48] [INFO] : SIGUSR1 ν•Έλ“¤λ¬: ν΄λΌμ΄μ–ΈνΈ index 0 λ΅λ¶€ν„° λ©”μ‹μ§€ μμ‹ μ„ λ‹΄λ‹Ή μ„λ²„ μμ‹ν”„λ΅μ„Έμ¤λ΅λ¶€ν„° λ°›μ : /ADD ASDFSADF
[2025-06-26 21:13:48] [INFO] : [μμ‹ pid 26488] SIGUSR2 ν•Έλ“¤λ¬ λ°μƒ
[2025-06-26 21:13:57] [INFO] : [μμ‹ index 0, pid : 26488] μ„λ²„μ λ¶€λ¨ ν”„λ΅μ„Έμ¤μ—κ² λ©”μ‹μ§€(λ°μ΄ν„°) μ‘μ„± SIGNAL μ•λ¦Ό: /LEAVE lobby
[2025-06-26 21:13:57] [INFO] : [λ¶€λ¨ pid 26485] SIGUSR1 ν•Έλ“¤λ¬ λ°μƒ
[2025-06-26 21:13:57] [INFO] : SIGUSR1 ν•Έλ“¤λ¬: ν΄λΌμ΄μ–ΈνΈ index 0 λ΅λ¶€ν„° λ©”μ‹μ§€ μμ‹ μ„ λ‹΄λ‹Ή μ„λ²„ μμ‹ν”„λ΅μ„Έμ¤λ΅λ¶€ν„° λ°›μ : /LEAVE lobby
[2025-06-26 21:13:57] [INFO] : [μμ‹ pid 26488] SIGUSR2 ν•Έλ“¤λ¬ λ°μƒ
[2025-06-26 21:13:58] [INFO] : [μμ‹ index 0, pid : 26488] μ„λ²„μ λ¶€λ¨ ν”„λ΅μ„Έμ¤μ—κ² λ©”μ‹μ§€(λ°μ΄ν„°) μ‘μ„± SIGNAL μ•λ¦Ό: /MSG rjsdnals:jj
[2025-06-26 21:13:58] [INFO] : [λ¶€λ¨ pid 26485] SIGUSR1 ν•Έλ“¤λ¬ λ°μƒ
[2025-06-26 21:13:58] [INFO] : SIGUSR1 ν•Έλ“¤λ¬: ν΄λΌμ΄μ–ΈνΈ index 0 λ΅λ¶€ν„° λ©”μ‹μ§€ μμ‹ μ„ λ‹΄λ‹Ή μ„λ²„ μμ‹ν”„λ΅μ„Έμ¤λ΅λ¶€ν„° λ°›μ : /MSG rjsdnals:jj
[2025-06-26 21:13:58] [INFO] : [μμ‹ pid 26488] SIGUSR2 ν•Έλ“¤λ¬ λ°μƒ
[2025-06-26 21:14:06] [INFO] : [μμ‹ index 0, pid : 26488] μ„λ²„μ λ¶€λ¨ ν”„λ΅μ„Έμ¤μ—κ² λ©”μ‹μ§€(λ°μ΄ν„°) μ‘μ„± SIGNAL μ•λ¦Ό: /ADD TEST2222
[2025-06-26 21:14:06] [INFO] : [λ¶€λ¨ pid 26485] SIGUSR1 ν•Έλ“¤λ¬ λ°μƒ
[2025-06-26 21:14:06] [INFO] : SIGUSR1 ν•Έλ“¤λ¬: ν΄λΌμ΄μ–ΈνΈ index 0 λ΅λ¶€ν„° λ©”μ‹μ§€ μμ‹ μ„ λ‹΄λ‹Ή μ„λ²„ μμ‹ν”„λ΅μ„Έμ¤λ΅λ¶€ν„° λ°›μ : /ADD TEST2222
[2025-06-26 21:14:06] [INFO] : [μμ‹ pid 26488] SIGUSR2 ν•Έλ“¤λ¬ λ°μƒ
[2025-06-26 21:14:07] [INFO] : [μμ‹ index 0, pid : 26488] μ„λ²„μ λ¶€λ¨ ν”„λ΅μ„Έμ¤μ—κ² λ©”μ‹μ§€(λ°μ΄ν„°) μ‘μ„± SIGNAL μ•λ¦Ό: /MSG rjsdnals:DSF
[2025-06-26 21:14:07] [INFO] : [λ¶€λ¨ pid 26485] SIGUSR1 ν•Έλ“¤λ¬ λ°μƒ
[2025-06-26 21:14:07] [INFO] : SIGUSR1 ν•Έλ“¤λ¬: ν΄λΌμ΄μ–ΈνΈ index 0 λ΅λ¶€ν„° λ©”μ‹μ§€ μμ‹ μ„ λ‹΄λ‹Ή μ„λ²„ μμ‹ν”„λ΅μ„Έμ¤λ΅λ¶€ν„° λ°›μ : /MSG rjsdnals:DSF
[2025-06-26 21:14:07] [INFO] : [μμ‹ pid 26488] SIGUSR2 ν•Έλ“¤λ¬ λ°μƒ
[2025-06-26 21:15:02] [WARNING] : [μμ‹ index 0, pid 26488] ν΄λΌμ΄μ–ΈνΈ μ—°κ²° μΆ…λ£κ°€ κ°μ§€λμ–΄ ν•΄λ‹Ή ν΄λΌμ΄μ–ΈνΈ μ—°κ²°μ„ μΆ…λ£ν•©λ‹λ‹¤.
[2025-06-26 21:15:02] [INFO] : ν΄λΌμ΄μ–ΈνΈ 0 (pid: 26488, nick: rjsdnals) μ ‘μ† μΆ…λ£. μμ› νμ μ™„λ£.

[2025-06-26 21:22:32] [INFO] : ν΄λΌμ΄μ–ΈνΈ μ—°κ²°λ¨: 127.0.0.1
[2025-06-26 21:22:34] [INFO] : [μμ‹ index 0, pid : 27508] μ„λ²„μ λ¶€λ¨ ν”„λ΅μ„Έμ¤μ—κ² λ©”μ‹μ§€(λ°μ΄ν„°) μ‘μ„± SIGNAL μ•λ¦Ό: /NICK sadfasdjgalkj
[2025-06-26 21:22:32] [INFO] : ν΄λΌμ΄μ–ΈνΈ μ—°κ²°λ¨: 127.0.0.1
[2025-06-26 21:22:34] [INFO] : [λ¶€λ¨ pid 26485] SIGUSR1 ν•Έλ“¤λ¬ λ°μƒ
[2025-06-26 21:22:34] [INFO] : SIGUSR1 ν•Έλ“¤λ¬: ν΄λΌμ΄μ–ΈνΈ index 0 λ΅λ¶€ν„° λ©”μ‹μ§€ μμ‹ μ„ λ‹΄λ‹Ή μ„λ²„ μμ‹ν”„λ΅μ„Έμ¤λ΅λ¶€ν„° λ°›μ : /NICK sadfasdjgalkj
[2025-06-26 21:22:34] [INFO] : [μμ‹ pid 27508] SIGUSR2 ν•Έλ“¤λ¬ λ°μƒ
[2025-06-26 21:22:42] [INFO] : [μμ‹ index 0, pid : 27508] μ„λ²„μ λ¶€λ¨ ν”„λ΅μ„Έμ¤μ—κ² λ©”μ‹μ§€(λ°μ΄ν„°) μ‘μ„± SIGNAL μ•λ¦Ό: /ADD SDFSDFSDF
[2025-06-26 21:22:42] [INFO] : [λ¶€λ¨ pid 26485] SIGUSR1 ν•Έλ“¤λ¬ λ°μƒ
[2025-06-26 21:22:42] [INFO] : SIGUSR1 ν•Έλ“¤λ¬: ν΄λΌμ΄μ–ΈνΈ index 0 λ΅λ¶€ν„° λ©”μ‹μ§€ μμ‹ μ„ λ‹΄λ‹Ή μ„λ²„ μμ‹ν”„λ΅μ„Έμ¤λ΅λ¶€ν„° λ°›μ : /ADD SDFSDFSDF
[2025-06-26 21:22:42] [INFO] : [μμ‹ pid 27508] SIGUSR2 ν•Έλ“¤λ¬ λ°μƒ
[2025-06-26 21:22:59] [INFO] : [μμ‹ index 0, pid : 27508] μ„λ²„μ λ¶€λ¨ ν”„λ΅μ„Έμ¤μ—κ² λ©”μ‹μ§€(λ°μ΄ν„°) μ‘μ„± SIGNAL μ•λ¦Ό: /ADD ASDFSDGSG
[2025-06-26 21:22:59] [INFO] : [λ¶€λ¨ pid 26485] SIGUSR1 ν•Έλ“¤λ¬ λ°μƒ
[2025-06-26 21:22:59] [INFO] : SIGUSR1 ν•Έλ“¤λ¬: ν΄λΌμ΄μ–ΈνΈ index 0 λ΅λ¶€ν„° λ©”μ‹μ§€ μμ‹ μ„ λ‹΄λ‹Ή μ„λ²„ μμ‹ν”„λ΅μ„Έμ¤λ΅λ¶€ν„° λ°›μ : /ADD ASDFSDGSG
[2025-06-26 21:22:59] [INFO] : [μμ‹ pid 27508] SIGUSR2 ν•Έλ“¤λ¬ λ°μƒ
[2025-06-26 21:23:05] [INFO] : [μμ‹ index 0, pid : 27508] μ„λ²„μ λ¶€λ¨ ν”„λ΅μ„Έμ¤μ—κ² λ©”μ‹μ§€(λ°μ΄ν„°) μ‘μ„± SIGNAL μ•λ¦Ό: /LEAVE SDFSDF
[2025-06-26 21:23:05] [INFO] : [λ¶€λ¨ pid 26485] SIGUSR1 ν•Έλ“¤λ¬ λ°μƒ
[2025-06-26 21:23:05] [INFO] : SIGUSR1 ν•Έλ“¤λ¬: ν΄λΌμ΄μ–ΈνΈ index 0 λ΅λ¶€ν„° λ©”μ‹μ§€ μμ‹ μ„ λ‹΄λ‹Ή μ„λ²„ μμ‹ν”„λ΅μ„Έμ¤λ΅λ¶€ν„° λ°›μ : /LEAVE SDFSDF
[2025-06-26 21:23:05] [INFO] : [μμ‹ pid 27508] SIGUSR2 ν•Έλ“¤λ¬ λ°μƒ
[2025-06-26 21:23:09] [INFO] : [μμ‹ index 0, pid : 27508] μ„λ²„μ λ¶€λ¨ ν”„λ΅μ„Έμ¤μ—κ² λ©”μ‹μ§€(λ°μ΄ν„°) μ‘μ„± SIGNAL μ•λ¦Ό: /LEAVE 
[2025-06-26 21:23:09] [INFO] : [λ¶€λ¨ pid 26485] SIGUSR1 ν•Έλ“¤λ¬ λ°μƒ
[2025-06-26 21:23:09] [INFO] : SIGUSR1 ν•Έλ“¤λ¬: ν΄λΌμ΄μ–ΈνΈ index 0 λ΅λ¶€ν„° λ©”μ‹μ§€ μμ‹ μ„ λ‹΄λ‹Ή μ„λ²„ μμ‹ν”„λ΅μ„Έμ¤λ΅λ¶€ν„° λ°›μ : /LEAVE 
[2025-06-26 21:23:09] [INFO] : [μμ‹ pid 27508] SIGUSR2 ν•Έλ“¤λ¬ λ°μƒ
[2025-06-26 21:23:20] [INFO] : [μμ‹ index 0, pid : 27508] μ„λ²„μ λ¶€λ¨ ν”„λ΅μ„Έμ¤μ—κ² λ©”μ‹μ§€(λ°μ΄ν„°) μ‘μ„± SIGNAL μ•λ¦Ό: /LEAVE lobby
[2025-06-26 21:23:20] [INFO] : [λ¶€λ¨ pid 26485] SIGUSR1 ν•Έλ“¤λ¬ λ°μƒ
[2025-06-26 21:23:20] [INFO] : SIGUSR1 ν•Έλ“¤λ¬: ν΄λΌμ΄μ–ΈνΈ index 0 λ΅λ¶€ν„° λ©”μ‹μ§€ μμ‹ μ„ λ‹΄λ‹Ή μ„λ²„ μμ‹ν”„λ΅μ„Έμ¤λ΅λ¶€ν„° λ°›μ : /LEAVE lobby
[2025-06-26 21:23:20] [INFO] : [μμ‹ pid 27508] SIGUSR2 ν•Έλ“¤λ¬ λ°μƒ
[2025-06-26 21:23:25] [INFO] : [μμ‹ index 0, pid : 27508] μ„λ²„μ λ¶€λ¨ ν”„λ΅μ„Έμ¤μ—κ² λ©”μ‹μ§€(λ°μ΄ν„°) μ‘μ„± SIGNAL μ•λ¦Ό: /MSG sadfasdjgalkj:sdlkfjsdklf
[2025-06-26 21:23:25] [INFO] : [λ¶€λ¨ pid 26485] SIGUSR1 ν•Έλ“¤λ¬ λ°μƒ
[2025-06-26 21:23:25] [INFO] : SIGUSR1 ν•Έλ“¤λ¬: ν΄λΌμ΄μ–ΈνΈ index 0 λ΅λ¶€ν„° λ©”μ‹μ§€ μμ‹ μ„ λ‹΄λ‹Ή μ„λ²„ μμ‹ν”„λ΅μ„Έμ¤λ΅λ¶€ν„° λ°›μ : /MSG sadfasdjgalkj:sdlkfjsdklf
[2025-06-26 21:23:25] [INFO] : [μμ‹ pid 27508] SIGUSR2 ν•Έλ“¤λ¬ λ°μƒ
[2025-06-26 21:23:28] [WARNING] : [μμ‹ index 0, pid 27508] ν΄λΌμ΄μ–ΈνΈ μ—°κ²° μΆ…λ£κ°€ κ°μ§€λμ–΄ ν•΄λ‹Ή ν΄λΌμ΄μ–ΈνΈ μ—°κ²°μ„ μΆ…λ£ν•©λ‹λ‹¤.
[2025-06-26 21:23:28] [INFO] : ν΄λΌμ΄μ–ΈνΈ 0 (pid: 27508, nick: sadfasdjgalkj) μ ‘μ† μΆ…λ£. μμ› νμ μ™„λ£.

[2025-06-26 21:29:17] [INFO] : ν΄λΌμ΄μ–ΈνΈ μ—°κ²°λ¨: 127.0.0.1
[2025-06-26 21:29:18] [INFO] : [μμ‹ index 0, pid : 27569] μ„λ²„μ λ¶€λ¨ ν”„λ΅μ„Έμ¤μ—κ² λ©”μ‹μ§€(λ°μ΄ν„°) μ‘μ„± SIGNAL μ•λ¦Ό: /NICK sdfsadfkjskldfj
[2025-06-26 21:29:17] [INFO] : ν΄λΌμ΄μ–ΈνΈ μ—°κ²°λ¨: 127.0.0.1
[2025-06-26 21:29:18] [INFO] : [λ¶€λ¨ pid 26485] SIGUSR1 ν•Έλ“¤λ¬ λ°μƒ
[2025-06-26 21:29:18] [INFO] : SIGUSR1 ν•Έλ“¤λ¬: ν΄λΌμ΄μ–ΈνΈ index 0 λ΅λ¶€ν„° λ©”μ‹μ§€ μμ‹ μ„ λ‹΄λ‹Ή μ„λ²„ μμ‹ν”„λ΅μ„Έμ¤λ΅λ¶€ν„° λ°›μ : /NICK sdfsadfkjskldfj
[2025-06-26 21:29:18] [INFO] : [μμ‹ pid 27569] SIGUSR2 ν•Έλ“¤λ¬ λ°μƒ
[2025-06-26 21:29:26] [INFO] : [μμ‹ index 0, pid : 27569] μ„λ²„μ λ¶€λ¨ ν”„λ΅μ„Έμ¤μ—κ² λ©”μ‹μ§€(λ°μ΄ν„°) μ‘μ„± SIGNAL μ•λ¦Ό: /LEAVE 
[2025-06-26 21:29:26] [INFO] : [λ¶€λ¨ pid 26485] SIGUSR1 ν•Έλ“¤λ¬ λ°μƒ
[2025-06-26 21:29:26] [INFO] : SIGUSR1 ν•Έλ“¤λ¬: ν΄λΌμ΄μ–ΈνΈ index 0 λ΅λ¶€ν„° λ©”μ‹μ§€ μμ‹ μ„ λ‹΄λ‹Ή μ„λ²„ μμ‹ν”„λ΅μ„Έμ¤λ΅λ¶€ν„° λ°›μ : /LEAVE 
[2025-06-26 21:29:26] [INFO] : [μμ‹ pid 27569] SIGUSR2 ν•Έλ“¤λ¬ λ°μƒ
[2025-06-26 21:29:29] [INFO] : [μμ‹ index 0, pid : 27569] μ„λ²„μ λ¶€λ¨ ν”„λ΅μ„Έμ¤μ—κ² λ©”μ‹μ§€(λ°μ΄ν„°) μ‘μ„± SIGNAL μ•λ¦Ό: /LEAVE SDF
[2025-06-26 21:29:29] [INFO] : [λ¶€λ¨ pid 26485] SIGUSR1 ν•Έλ“¤λ¬ λ°μƒ
[2025-06-26 21:29:29] [INFO] : SIGUSR1 ν•Έλ“¤λ¬: ν΄λΌμ΄μ–ΈνΈ index 0 λ΅λ¶€ν„° λ©”μ‹μ§€ μμ‹ μ„ λ‹΄λ‹Ή μ„λ²„ μμ‹ν”„λ΅μ„Έμ¤λ΅λ¶€ν„° λ°›μ : /LEAVE SDF
[2025-06-26 21:29:29] [INFO] : [μμ‹ pid 27569] SIGUSR2 ν•Έλ“¤λ¬ λ°μƒ
[2025-06-26 21:29:40] [INFO] : [μμ‹ index 0, pid : 27569] μ„λ²„μ λ¶€λ¨ ν”„λ΅μ„Έμ¤μ—κ² λ©”μ‹μ§€(λ°μ΄ν„°) μ‘μ„± SIGNAL μ•λ¦Ό: /LEAVE leave
[2025-06-26 21:29:40] [INFO] : [λ¶€λ¨ pid 26485] SIGUSR1 ν•Έλ“¤λ¬ λ°μƒ
[2025-06-26 21:29:40] [INFO] : SIGUSR1 ν•Έλ“¤λ¬: ν΄λΌμ΄μ–ΈνΈ index 0 λ΅λ¶€ν„° λ©”μ‹μ§€ μμ‹ μ„ λ‹΄λ‹Ή μ„λ²„ μμ‹ν”„λ΅μ„Έμ¤λ΅λ¶€ν„° λ°›μ : /LEAVE leave
[2025-06-26 21:29:40] [INFO] : [μμ‹ pid 27569] SIGUSR2 ν•Έλ“¤λ¬ λ°μƒ
[2025-06-26 21:29:44] [INFO] : [μμ‹ index 0, pid : 27569] μ„λ²„μ λ¶€λ¨ ν”„λ΅μ„Έμ¤μ—κ² λ©”μ‹μ§€(λ°μ΄ν„°) μ‘μ„± SIGNAL μ•λ¦Ό: /LEAVE lobby
[2025-06-26 21:29:44] [INFO] : [λ¶€λ¨ pid 26485] SIGUSR1 ν•Έλ“¤λ¬ λ°μƒ
[2025-06-26 21:29:44] [INFO] : SIGUSR1 ν•Έλ“¤λ¬: ν΄λΌμ΄μ–ΈνΈ index 0 λ΅λ¶€ν„° λ©”μ‹μ§€ μμ‹ μ„ λ‹΄λ‹Ή μ„λ²„ μμ‹ν”„λ΅μ„Έμ¤λ΅λ¶€ν„° λ°›μ : /LEAVE lobby
[2025-06-26 21:29:44] [INFO] : [μμ‹ pid 27569] SIGUSR2 ν•Έλ“¤λ¬ λ°μƒ
[2025-06-26 21:29:50] [INFO] : [μμ‹ index 0, pid : 27569] μ„λ²„μ λ¶€λ¨ ν”„λ΅μ„Έμ¤μ—κ² λ©”μ‹μ§€(λ°μ΄ν„°) μ‘μ„± SIGNAL μ•λ¦Ό: /ADD FJSDKLFJ
[2025-06-26 21:29:50] [INFO] : [λ¶€λ¨ pid 26485] SIGUSR1 ν•Έλ“¤λ¬ λ°μƒ
[2025-06-26 21:29:50] [INFO] : SIGUSR1 ν•Έλ“¤λ¬: ν΄λΌμ΄μ–ΈνΈ index 0 λ΅λ¶€ν„° λ©”μ‹μ§€ μμ‹ μ„ λ‹΄λ‹Ή μ„λ²„ μμ‹ν”„λ΅μ„Έμ¤λ΅λ¶€ν„° λ°›μ : /ADD FJSDKLFJ
[2025-06-26 21:29:50] [INFO] : [μμ‹ pid 27569] SIGUSR2 ν•Έλ“¤λ¬ λ°μƒ
[2025-06-26 21:30:03] [INFO] : [μμ‹ index 0, pid : 27569] μ„λ²„μ λ¶€λ¨ ν”„λ΅μ„Έμ¤μ—κ² λ©”μ‹μ§€(λ°μ΄ν„°) μ‘μ„± SIGNAL μ•λ¦Ό: /LEAVE FS
[2025-06-26 21:30:03] [INFO] : [λ¶€λ¨ pid 26485] SIGUSR1 ν•Έλ“¤λ¬ λ°μƒ
[2025-06-26 21:30:03] [INFO] : SIGUSR1 ν•Έλ“¤λ¬: ν΄λΌμ΄μ–ΈνΈ index 0 λ΅λ¶€ν„° λ©”μ‹μ§€ μμ‹ μ„ λ‹΄λ‹Ή μ„λ²„ μμ‹ν”„λ΅μ„Έμ¤λ΅λ¶€ν„° λ°›μ : /LEAVE FS
[2025-06-26 21:30:03] [INFO] : [μμ‹ pid 27569] SIGUSR2 ν•Έλ“¤λ¬ λ°μƒ
[2025-06-26 21:30:07] [INFO] : [μμ‹ index 0, pid : 27569] μ„λ²„μ λ¶€λ¨ ν”„λ΅μ„Έμ¤μ—κ² λ©”μ‹μ§€(λ°μ΄ν„°) μ‘μ„± SIGNAL μ•λ¦Ό: /LEAVE leave
[2025-06-26 21:30:07] [INFO] : [λ¶€λ¨ pid 26485] SIGUSR1 ν•Έλ“¤λ¬ λ°μƒ
[2025-06-26 21:30:07] [INFO] : SIGUSR1 ν•Έλ“¤λ¬: ν΄λΌμ΄μ–ΈνΈ index 0 λ΅λ¶€ν„° λ©”μ‹μ§€ μμ‹ μ„ λ‹΄λ‹Ή μ„λ²„ μμ‹ν”„λ΅μ„Έμ¤λ΅λ¶€ν„° λ°›μ : /LEAVE leave
[2025-06-26 21:30:07] [INFO] : [μμ‹ pid 27569] SIGUSR2 ν•Έλ“¤λ¬ λ°μƒ
[2025-06-26 21:30:09] [WARNING] : [μμ‹ index 0, pid 27569] ν΄λΌμ΄μ–ΈνΈ μ—°κ²° μΆ…λ£κ°€ κ°μ§€λμ–΄ ν•΄λ‹Ή ν΄λΌμ΄μ–ΈνΈ μ—°κ²°μ„ μΆ…λ£ν•©λ‹λ‹¤.
[2025-06-26 21:30:09] [INFO] : ν΄λΌμ΄μ–ΈνΈ 0 (pid: 27569, nick: sdfsadfkjskldfj) μ ‘μ† μΆ…λ£. μμ› νμ μ™„λ£.

[2025-06-26 21:30:35] [INFO] : [λ¶€λ¨ pid 26485] μ„λ²„ μΆ…λ£ μ‹κ·Έλ„ μμ‹  : λ¨λ“  μμ‹ μΆ…λ£ μ¤‘ ...
[2025-06-26 21:30:35] [INFO] : [λ¶€λ¨ pid 26485] μ„λ²„ μΆ…λ£ μ™„λ£. μμ› νμ μ™„λ£.
[2025-06-26 21:30:54] [INFO] : μ„λ²„κ°€ 5101 λ² ν¬νΈμ—μ„ λ€κΈ°ν•κ³  μμµλ‹λ‹¤......

[2025-06-26 21:30:56] [INFO] : ν΄λΌμ΄μ–ΈνΈ μ—°κ²°λ¨: 127.0.0.1
[2025-06-26 21:30:57] [INFO] : [μμ‹ index 0, pid : 27587] μ„λ²„μ λ¶€λ¨ ν”„λ΅μ„Έμ¤μ—κ² λ©”μ‹μ§€(λ°μ΄ν„°) μ‘μ„± SIGNAL μ•λ¦Ό: /NICK asdkjflkasdjfklasjdf
[2025-06-26 21:30:56] [INFO] : ν΄λΌμ΄μ–ΈνΈ μ—°κ²°λ¨: 127.0.0.1
[2025-06-26 21:30:57] [INFO] : [λ¶€λ¨ pid 27585] SIGUSR1 ν•Έλ“¤λ¬ λ°μƒ
[2025-06-26 21:30:57] [INFO] : SIGUSR1 ν•Έλ“¤λ¬: ν΄λΌμ΄μ–ΈνΈ index 0 λ΅λ¶€ν„° λ©”μ‹μ§€ μμ‹ μ„ λ‹΄λ‹Ή μ„λ²„ μμ‹ν”„λ΅μ„Έμ¤λ΅λ¶€ν„° λ°›μ : /NICK asdkjflkasdjfklasjdf
[2025-06-26 21:30:57] [INFO] : [μμ‹ pid 27587] SIGUSR2 ν•Έλ“¤λ¬ λ°μƒ
[2025-06-26 21:31:03] [INFO] : [μμ‹ index 0, pid : 27587] μ„λ²„μ λ¶€λ¨ ν”„λ΅μ„Έμ¤μ—κ² λ©”μ‹μ§€(λ°μ΄ν„°) μ‘μ„± SIGNAL μ•λ¦Ό: /ADD SDFSDF
[2025-06-26 21:31:03] [INFO] : [λ¶€λ¨ pid 27585] SIGUSR1 ν•Έλ“¤λ¬ λ°μƒ
[2025-06-26 21:31:03] [INFO] : SIGUSR1 ν•Έλ“¤λ¬: ν΄λΌμ΄μ–ΈνΈ index 0 λ΅λ¶€ν„° λ©”μ‹μ§€ μμ‹ μ„ λ‹΄λ‹Ή μ„λ²„ μμ‹ν”„λ΅μ„Έμ¤λ΅λ¶€ν„° λ°›μ : /ADD SDFSDF
[2025-06-26 21:31:03] [INFO] : [μμ‹ pid 27587] SIGUSR2 ν•Έλ“¤λ¬ λ°μƒ
[2025-06-26 21:31:07] [INFO] : [μμ‹ index 0, pid : 27587] μ„λ²„μ λ¶€λ¨ ν”„λ΅μ„Έμ¤μ—κ² λ©”μ‹μ§€(λ°μ΄ν„°) μ‘μ„± SIGNAL μ•λ¦Ό: /LEAVE 
[2025-06-26 21:31:07] [INFO] : [λ¶€λ¨ pid 27585] SIGUSR1 ν•Έλ“¤λ¬ λ°μƒ
[2025-06-26 21:31:07] [INFO] : SIGUSR1 ν•Έλ“¤λ¬: ν΄λΌμ΄μ–ΈνΈ index 0 λ΅λ¶€ν„° λ©”μ‹μ§€ μμ‹ μ„ λ‹΄λ‹Ή μ„λ²„ μμ‹ν”„λ΅μ„Έμ¤λ΅λ¶€ν„° λ°›μ : /LEAVE 
[2025-06-26 21:31:07] [INFO] : [μμ‹ pid 27587] SIGUSR2 ν•Έλ“¤λ¬ λ°μƒ
[2025-06-26 21:31:09] [INFO] : [μμ‹ index 0, pid : 27587] μ„λ²„μ λ¶€λ¨ ν”„λ΅μ„Έμ¤μ—κ² λ©”μ‹μ§€(λ°μ΄ν„°) μ‘μ„± SIGNAL μ•λ¦Ό: /LEAVE SDFSADFSD
[2025-06-26 21:31:09] [INFO] : [λ¶€λ¨ pid 27585] SIGUSR1 ν•Έλ“¤λ¬ λ°μƒ
[2025-06-26 21:31:09] [INFO] : SIGUSR1 ν•Έλ“¤λ¬: ν΄λΌμ΄μ–ΈνΈ index 0 λ΅λ¶€ν„° λ©”μ‹μ§€ μμ‹ μ„ λ‹΄λ‹Ή μ„λ²„ μμ‹ν”„λ΅μ„Έμ¤λ΅λ¶€ν„° λ°›μ : /LEAVE SDFSADFSD
[2025-06-26 21:31:09] [INFO] : [μμ‹ pid 27587] SIGUSR2 ν•Έλ“¤λ¬ λ°μƒ
[2025-06-26 21:31:12] [INFO] : [μμ‹ index 0, pid : 27587] μ„λ²„μ λ¶€λ¨ ν”„λ΅μ„Έμ¤μ—κ² λ©”μ‹μ§€(λ°μ΄ν„°) μ‘μ„± SIGNAL μ•λ¦Ό: /LEAVE SDFAKSDJ SDF
[2025-06-26 21:31:12] [INFO] : [λ¶€λ¨ pid 27585] SIGUSR1 ν•Έλ“¤λ¬ λ°μƒ
[2025-06-26 21:31:12] [INFO] : SIGUSR1 ν•Έλ“¤λ¬: ν΄λΌμ΄μ–ΈνΈ index 0 λ΅λ¶€ν„° λ©”μ‹μ§€ μμ‹ μ„ λ‹΄λ‹Ή μ„λ²„ μμ‹ν”„λ΅μ„Έμ¤λ΅λ¶€ν„° λ°›μ : /LEAVE SDFAKSDJ SDF
[2025-06-26 21:31:12] [INFO] : [μμ‹ pid 27587] SIGUSR2 ν•Έλ“¤λ¬ λ°μƒ
[2025-06-26 21:31:15] [INFO] : [μμ‹ index 0, pid : 27587] μ„λ²„μ λ¶€λ¨ ν”„λ΅μ„Έμ¤μ—κ² λ©”μ‹μ§€(λ°μ΄ν„°) μ‘μ„± SIGNAL μ•λ¦Ό: /LEAVE lobby
[2025-06-26 21:31:15] [INFO] : [λ¶€λ¨ pid 27585] SIGUSR1 ν•Έλ“¤λ¬ λ°μƒ
[2025-06-26 21:31:15] [INFO] : SIGUSR1 ν•Έλ“¤λ¬: ν΄λΌμ΄μ–ΈνΈ index 0 λ΅λ¶€ν„° λ©”μ‹μ§€ μμ‹ μ„ λ‹΄λ‹Ή μ„λ²„ μμ‹ν”„λ΅μ„Έμ¤λ΅λ¶€ν„° λ°›μ : /LEAVE lobby
[2025-06-26 21:31:15] [INFO] : [μμ‹ pid 27587] SIGUSR2 ν•Έλ“¤λ¬ λ°μƒ
[2025-06-26 21:31:16] [INFO] : [μμ‹ index 0, pid : 27587] μ„λ²„μ λ¶€λ¨ ν”„λ΅μ„Έμ¤μ—κ² λ©”μ‹μ§€(λ°μ΄ν„°) μ‘μ„± SIGNAL μ•λ¦Ό: /MSG asdkjflkasdjfklasjdf:sdfsdf
[2025-06-26 21:31:16] [INFO] : [λ¶€λ¨ pid 27585] SIGUSR1 ν•Έλ“¤λ¬ λ°μƒ
[2025-06-26 21:31:16] [INFO] : SIGUSR1 ν•Έλ“¤λ¬: ν΄λΌμ΄μ–ΈνΈ index 0 λ΅λ¶€ν„° λ©”μ‹μ§€ μμ‹ μ„ λ‹΄λ‹Ή μ„λ²„ μμ‹ν”„λ΅μ„Έμ¤λ΅λ¶€ν„° λ°›μ : /MSG asdkjflkasdjfklasjdf:sdfsdf
[2025-06-26 21:31:16] [INFO] : [μμ‹ pid 27587] SIGUSR2 ν•Έλ“¤λ¬ λ°μƒ
[2025-06-26 21:31:30] [INFO] : [μμ‹ index 0, pid : 27587] μ„λ²„μ λ¶€λ¨ ν”„λ΅μ„Έμ¤μ—κ² λ©”μ‹μ§€(λ°μ΄ν„°) μ‘μ„± SIGNAL μ•λ¦Ό: /LEAVE 
[2025-06-26 21:31:30] [INFO] : [λ¶€λ¨ pid 27585] SIGUSR1 ν•Έλ“¤λ¬ λ°μƒ
[2025-06-26 21:31:30] [INFO] : SIGUSR1 ν•Έλ“¤λ¬: ν΄λΌμ΄μ–ΈνΈ index 0 λ΅λ¶€ν„° λ©”μ‹μ§€ μμ‹ μ„ λ‹΄λ‹Ή μ„λ²„ μμ‹ν”„λ΅μ„Έμ¤λ΅λ¶€ν„° λ°›μ : /LEAVE 
[2025-06-26 21:31:30] [INFO] : [μμ‹ pid 27587] SIGUSR2 ν•Έλ“¤λ¬ λ°μƒ
[2025-06-26 21:31:40] [INFO] : [μμ‹ index 0, pid : 27587] μ„λ²„μ λ¶€λ¨ ν”„λ΅μ„Έμ¤μ—κ² λ©”μ‹μ§€(λ°μ΄ν„°) μ‘μ„± SIGNAL μ•λ¦Ό: /LEAVE JSDLKFJSDKLFJ
[2025-06-26 21:31:40] [INFO] : [λ¶€λ¨ pid 27585] SIGUSR1 ν•Έλ“¤λ¬ λ°μƒ
[2025-06-26 21:31:40] [INFO] : SIGUSR1 ν•Έλ“¤λ¬: ν΄λΌμ΄μ–ΈνΈ index 0 λ΅λ¶€ν„° λ©”μ‹μ§€ μμ‹ μ„ λ‹΄λ‹Ή μ„λ²„ μμ‹ν”„λ΅μ„Έμ¤λ΅λ¶€ν„° λ°›μ : /LEAVE JSDLKFJSDKLFJ
[2025-06-26 21:31:40] [INFO] : [μμ‹ pid 27587] SIGUSR2 ν•Έλ“¤λ¬ λ°μƒ
[2025-06-26 21:31:47] [INFO] : [μμ‹ index 0, pid : 27587] μ„λ²„μ λ¶€λ¨ ν”„λ΅μ„Έμ¤μ—κ² λ©”μ‹μ§€(λ°μ΄ν„°) μ‘μ„± SIGNAL μ•λ¦Ό: /LEAVE lobby
[2025-06-26 21:31:47] [INFO] : [λ¶€λ¨ pid 27585] SIGUSR1 ν•Έλ“¤λ¬ λ°μƒ
[2025-06-26 21:31:47] [INFO] : SIGUSR1 ν•Έλ“¤λ¬: ν΄λΌμ΄μ–ΈνΈ index 0 λ΅λ¶€ν„° λ©”μ‹μ§€ μμ‹ μ„ λ‹΄λ‹Ή μ„λ²„ μμ‹ν”„λ΅μ„Έμ¤λ΅λ¶€ν„° λ°›μ : /LEAVE lobby
[2025-06-26 21:31:47] [INFO] : [μμ‹ pid 27587] SIGUSR2 ν•Έλ“¤λ¬ λ°μƒ
[2025-06-26 21:31:51] [WARNING] : [μμ‹ index 0, pid 27587] ν΄λΌμ΄μ–ΈνΈ μ—°κ²° μΆ…λ£κ°€ κ°μ§€λμ–΄ ν•΄λ‹Ή ν΄λΌμ΄μ–ΈνΈ μ—°κ²°μ„ μΆ…λ£ν•©λ‹λ‹¤.
[2025-06-26 21:31:51] [INFO] : ν΄λΌμ΄μ–ΈνΈ 0 (pid: 27587, nick: asdkjflkasdjfklasjdf) μ ‘μ† μΆ…λ£. μμ› νμ μ™„λ£.
