
[2025-06-25 09:21:53] [INFO] : 서버가 5101 번 포트에서 대기하고 있습니다......

[2025-06-25 09:21:57] [INFO] : 클라이언트 연결됨: 127.0.0.1
[2025-06-25 09:22:00] [INFO] : [자식 index 0, pid : 2476] 서버에 메시지 전송: /NICK rjsdnsla
[2025-06-25 09:21:57] [INFO] : 클라이언트 연결됨: 127.0.0.1
[2025-06-25 09:22:00] [INFO] : [부모 pid 2470] SIGUSR1 핸들러 발생
[2025-06-25 09:22:00] [INFO] : SIGUSR1 핸들러: 클라이언트 index 0 로부터 메시지 수신: /NICK rjsdnsla
[2025-06-25 09:22:00] [INFO] : [자식 pid 2476] SIGUSR2 핸들러 발생
[2025-06-25 09:22:01] [INFO] : [자식 index 0, pid : 2476] 서버에 메시지 전송: /MSG rjsdnsla:sdf
[2025-06-25 09:22:01] [INFO] : [부모 pid 2470] SIGUSR1 핸들러 발생
[2025-06-25 09:22:01] [INFO] : SIGUSR1 핸들러: 클라이언트 index 0 로부터 메시지 수신: /MSG rjsdnsla:sdf
[2025-06-25 09:22:01] [INFO] : [자식 pid 2476] SIGUSR2 핸들러 발생
[2025-06-25 09:22:03] [INFO] : [자식 index 0, pid : 2476] 서버에 메시지 전송: /MSG rjsdnsla:safg
[2025-06-25 09:22:03] [INFO] : [부모 pid 2470] SIGUSR1 핸들러 발생
[2025-06-25 09:22:03] [INFO] : SIGUSR1 핸들러: 클라이언트 index 0 로부터 메시지 수신: /MSG rjsdnsla:safg
[2025-06-25 09:22:03] [INFO] : [자식 pid 2476] SIGUSR2 핸들러 발생
[2025-06-25 09:22:04] [WARNING] : [자식 index 0, pid 2476] 클라이언트 연결 종료가 감지되어 해당 클라이언트 연결을 종료합니다.
[2025-06-25 09:22:04] [INFO] : 클라이언트 0 (pid: 2476, nick: rjsdnsla) 접속 종료. 자원 회수 완료.

[2025-06-25 09:22:13] [INFO] : [부모 pid 2470] 서버 종료 시그널 수신 : 모든 자식 종료 중 ...
[2025-06-25 09:22:13] [INFO] : [부모 pid 2470] 서버 종료 완료. 자원 회수 완료.
[2025-06-25 14:20:15] [INFO] : 서버가 5101 번 포트에서 대기하고 있습니다......

[2025-06-25 14:20:21] [INFO] : 클라이언트 연결됨: 127.0.0.1
[2025-06-25 14:20:23] [INFO] : [자식 index 0, pid : 11310] 서버에 메시지 전송: /NICK 건우
[2025-06-25 14:20:21] [INFO] : 클라이언트 연결됨: 127.0.0.1
[2025-06-25 14:20:23] [INFO] : [부모 pid 11308] SIGUSR1 핸들러 발생
[2025-06-25 14:20:23] [INFO] : SIGUSR1 핸들러: 클라이언트 index 0 로부터 메시지 수신: /NICK 건우
[2025-06-25 14:20:23] [INFO] : [자식 pid 11310] SIGUSR2 핸들러 발생
[2025-06-25 14:20:32] [WARNING] : [자식 index 0, pid 11310] 클라이언트 연결 종료가 감지되어 해당 클라이언트 연결을 종료합니다.
[2025-06-25 14:20:32] [INFO] : 클라이언트 0 (pid: 11310, nick: 건우) 접속 종료. 자원 회수 완료.

[2025-06-25 14:31:48] [INFO] : 클라이언트 연결됨: 127.0.0.1
[2025-06-25 14:31:50] [INFO] : [자식 index 0, pid : 11401] 서버에 메시지 전송: /NICK rjsdnsla
[2025-06-25 14:31:48] [INFO] : 클라이언트 연결됨: 127.0.0.1
[2025-06-25 14:31:50] [INFO] : [부모 pid 11308] SIGUSR1 핸들러 발생
[2025-06-25 14:31:50] [INFO] : SIGUSR1 핸들러: 클라이언트 index 0 로부터 메시지 수신: /NICK rjsdnsla
[2025-06-25 14:31:50] [INFO] : [자식 pid 11401] SIGUSR2 핸들러 발생
[2025-06-25 14:36:46] [WARNING] : [자식 index 0, pid 11401] 클라이언트 연결 종료가 감지되어 해당 클라이언트 연결을 종료합니다.
[2025-06-25 14:36:46] [INFO] : 클라이언트 0 (pid: 11401, nick: rjsdnsla) 접속 종료. 자원 회수 완료.

[2025-06-25 14:36:47] [INFO] : 클라이언트 연결됨: 127.0.0.1
[2025-06-25 14:36:49] [INFO] : [자식 index 0, pid : 11458] 서버에 메시지 전송: /NICK 건우님
[2025-06-25 14:36:47] [INFO] : 클라이언트 연결됨: 127.0.0.1
[2025-06-25 14:36:49] [INFO] : [부모 pid 11308] SIGUSR1 핸들러 발생
[2025-06-25 14:36:49] [INFO] : SIGUSR1 핸들러: 클라이언트 index 0 로부터 메시지 수신: /NICK 건우님
[2025-06-25 14:36:49] [INFO] : [자식 pid 11458] SIGUSR2 핸들러 발생
[2025-06-25 14:37:42] [WARNING] : [자식 index 0, pid 11458] 클라이언트 연결 종료가 감지되어 해당 클라이언트 연결을 종료합니다.
[2025-06-25 14:37:42] [INFO] : 클라이언트 0 (pid: 11458, nick: 건우님) 접속 종료. 자원 회수 완료.

[2025-06-25 14:37:43] [INFO] : 클라이언트 연결됨: 127.0.0.1
[2025-06-25 14:37:45] [INFO] : [자식 index 0, pid : 11489] 서버에 메시지 전송: /NICK 건우님
[2025-06-25 14:37:43] [INFO] : 클라이언트 연결됨: 127.0.0.1
[2025-06-25 14:37:45] [INFO] : [부모 pid 11308] SIGUSR1 핸들러 발생
[2025-06-25 14:37:45] [INFO] : SIGUSR1 핸들러: 클라이언트 index 0 로부터 메시지 수신: /NICK 건우님
[2025-06-25 14:37:45] [INFO] : [자식 pid 11489] SIGUSR2 핸들러 발생
[2025-06-25 14:37:46] [INFO] : [자식 index 0, pid : 11489] 서버에 메시지 전송: /MSG 건우님:/MSG 건우님:ㄴㅇㄹㄶ
[2025-06-25 14:37:46] [INFO] : [부모 pid 11308] SIGUSR1 핸들러 발생
[2025-06-25 14:37:46] [INFO] : SIGUSR1 핸들러: 클라이언트 index 0 로부터 메시지 수신: /MSG 건우님:/MSG 건우님:ㄴㅇㄹㄶ
[2025-06-25 14:37:46] [INFO] : [자식 pid 11489] SIGUSR2 핸들러 발생
[2025-06-25 14:37:48] [INFO] : [자식 index 0, pid : 11489] 서버에 메시지 전송: /MSG 건우님:/MSG 건우님:런아ㅣ러ㅏㅣ
[2025-06-25 14:37:48] [INFO] : [부모 pid 11308] SIGUSR1 핸들러 발생
[2025-06-25 14:37:48] [INFO] : SIGUSR1 핸들러: 클라이언트 index 0 로부터 메시지 수신: /MSG 건우님:/MSG 건우님:런아ㅣ러ㅏㅣ
[2025-06-25 14:37:48] [INFO] : [자식 pid 11489] SIGUSR2 핸들러 발생
[2025-06-25 14:37:49] [WARNING] : [자식 index 0, pid 11489] 클라이언트 연결 종료가 감지되어 해당 클라이언트 연결을 종료합니다.
[2025-06-25 14:37:49] [INFO] : 클라이언트 0 (pid: 11489, nick: 건우님) 접속 종료. 자원 회수 완료.

[2025-06-25 14:39:40] [INFO] : 클라이언트 연결됨: 127.0.0.1
[2025-06-25 14:39:42] [INFO] : [자식 index 0, pid : 11540] 서버에 메시지 전송: /NICK 건우님
[2025-06-25 14:39:40] [INFO] : 클라이언트 연결됨: 127.0.0.1
[2025-06-25 14:39:42] [INFO] : [부모 pid 11308] SIGUSR1 핸들러 발생
[2025-06-25 14:39:42] [INFO] : SIGUSR1 핸들러: 클라이언트 index 0 로부터 메시지 수신: /NICK 건우님
[2025-06-25 14:39:42] [INFO] : [자식 pid 11540] SIGUSR2 핸들러 발생
[2025-06-25 14:39:42] [INFO] : [자식 index 0, pid : 11540] 서버에 메시지 전송: /MSG 건우님:ㄴㅇㄹㄶ
[2025-06-25 14:39:42] [INFO] : [부모 pid 11308] SIGUSR1 핸들러 발생
[2025-06-25 14:39:42] [INFO] : SIGUSR1 핸들러: 클라이언트 index 0 로부터 메시지 수신: /MSG 건우님:ㄴㅇㄹㄶ
[2025-06-25 14:39:42] [INFO] : [자식 pid 11540] SIGUSR2 핸들러 발생
[2025-06-25 14:39:44] [INFO] : [자식 index 0, pid : 11540] 서버에 메시지 전송: /MSG 건우님:ㅎㅇㅎㅇ
[2025-06-25 14:39:44] [INFO] : [부모 pid 11308] SIGUSR1 핸들러 발생
[2025-06-25 14:39:44] [INFO] : SIGUSR1 핸들러: 클라이언트 index 0 로부터 메시지 수신: /MSG 건우님:ㅎㅇㅎㅇ
[2025-06-25 14:39:44] [INFO] : [자식 pid 11540] SIGUSR2 핸들러 발생
[2025-06-25 14:39:57] [INFO] : 클라이언트 연결됨: 127.0.0.1
[2025-06-25 14:40:00] [INFO] : [자식 index 1, pid : 11579] 서버에 메시지 전송: /NICK 건우님
[2025-06-25 14:39:57] [INFO] : 클라이언트 연결됨: 127.0.0.1
[2025-06-25 14:40:00] [INFO] : [부모 pid 11308] SIGUSR1 핸들러 발생
[2025-06-25 14:40:00] [INFO] : SIGUSR1 핸들러: 클라이언트 index 1 로부터 메시지 수신: /NICK 건우님
[2025-06-25 14:40:00] [INFO] : [자식 pid 11579] SIGUSR2 핸들러 발생
[2025-06-25 14:40:02] [INFO] : [자식 index 1, pid : 11579] 서버에 메시지 전송: /NICK 건우
[2025-06-25 14:40:02] [INFO] : [부모 pid 11308] SIGUSR1 핸들러 발생
[2025-06-25 14:40:02] [INFO] : SIGUSR1 핸들러: 클라이언트 index 1 로부터 메시지 수신: /NICK 건우
[2025-06-25 14:40:02] [INFO] : [자식 pid 11579] SIGUSR2 핸들러 발생
[2025-06-25 14:40:04] [INFO] : [자식 index 1, pid : 11579] 서버에 메시지 전송: /MSG 건우:ㅎㅇㅎㅇ
[2025-06-25 14:40:04] [INFO] : [부모 pid 11308] SIGUSR1 핸들러 발생
[2025-06-25 14:40:04] [INFO] : SIGUSR1 핸들러: 클라이언트 index 1 로부터 메시지 수신: /MSG 건우:ㅎㅇㅎㅇ
[2025-06-25 14:40:04] [INFO] : [자식 pid 11579] SIGUSR2 핸들러 발생
[2025-06-25 14:40:04] [INFO] : [자식 pid 11540] SIGUSR2 핸들러 발생
[2025-06-25 14:40:08] [INFO] : [자식 index 0, pid : 11540] 서버에 메시지 전송: /MSG 건우님:ㅎㅇ2
[2025-06-25 14:40:08] [INFO] : [부모 pid 11308] SIGUSR1 핸들러 발생
[2025-06-25 14:40:08] [INFO] : SIGUSR1 핸들러: 클라이언트 index 0 로부터 메시지 수신: /MSG 건우님:ㅎㅇ2
[2025-06-25 14:40:08] [INFO] : [자식 pid 11579] SIGUSR2 핸들러 발생
[2025-06-25 14:40:08] [INFO] : [자식 pid 11540] SIGUSR2 핸들러 발생
[2025-06-25 14:40:11] [INFO] : [자식 index 1, pid : 11579] 서버에 메시지 전송: /MSG 건우:ㅎㄴㅇㅁ
[2025-06-25 14:40:11] [INFO] : [부모 pid 11308] SIGUSR1 핸들러 발생
[2025-06-25 14:40:11] [INFO] : SIGUSR1 핸들러: 클라이언트 index 1 로부터 메시지 수신: /MSG 건우:ㅎㄴㅇㅁ
[2025-06-25 14:40:11] [INFO] : [자식 pid 11540] SIGUSR2 핸들러 발생
[2025-06-25 14:40:11] [INFO] : [자식 pid 11579] SIGUSR2 핸들러 발생
[2025-06-25 14:40:14] [WARNING] : [자식 index 1, pid 11579] 클라이언트 연결 종료가 감지되어 해당 클라이언트 연결을 종료합니다.
[2025-06-25 14:40:14] [INFO] : 클라이언트 1 (pid: 11579, nick: 건우) 접속 종료. 자원 회수 완료.

[2025-06-25 14:40:17] [WARNING] : [자식 index 0, pid 11540] 클라이언트 연결 종료가 감지되어 해당 클라이언트 연결을 종료합니다.
[2025-06-25 14:40:17] [INFO] : 클라이언트 0 (pid: 11540, nick: 건우님) 접속 종료. 자원 회수 완료.

[2025-06-25 14:40:19] [INFO] : 클라이언트 연결됨: 127.0.0.1
[2025-06-25 14:40:20] [INFO] : [자식 index 0, pid : 11584] 서버에 메시지 전송: /NICK 건우
[2025-06-25 14:40:19] [INFO] : 클라이언트 연결됨: 127.0.0.1
[2025-06-25 14:40:20] [INFO] : [부모 pid 11308] SIGUSR1 핸들러 발생
[2025-06-25 14:40:20] [INFO] : SIGUSR1 핸들러: 클라이언트 index 0 로부터 메시지 수신: /NICK 건우
[2025-06-25 14:40:20] [INFO] : [자식 pid 11584] SIGUSR2 핸들러 발생
[2025-06-25 14:40:22] [INFO] : [자식 index 0, pid : 11584] 서버에 메시지 전송: /MSG 건우:ㅎㅇㅎㅇ
[2025-06-25 14:40:22] [INFO] : [부모 pid 11308] SIGUSR1 핸들러 발생
[2025-06-25 14:40:22] [INFO] : SIGUSR1 핸들러: 클라이언트 index 0 로부터 메시지 수신: /MSG 건우:ㅎㅇㅎㅇ
[2025-06-25 14:40:22] [INFO] : [자식 pid 11584] SIGUSR2 핸들러 발생
[2025-06-25 14:40:56] [WARNING] : [자식 index 0, pid 11584] 클라이언트 연결 종료가 감지되어 해당 클라이언트 연결을 종료합니다.
[2025-06-25 14:40:56] [INFO] : 클라이언트 0 (pid: 11584, nick: 건우) 접속 종료. 자원 회수 완료.

[2025-06-25 14:40:59] [INFO] : 클라이언트 연결됨: 127.0.0.1
[2025-06-25 14:41:00] [INFO] : [자식 index 0, pid : 11590] 서버에 메시지 전송: /NICK 건우님
[2025-06-25 14:40:59] [INFO] : 클라이언트 연결됨: 127.0.0.1
[2025-06-25 14:41:00] [INFO] : [부모 pid 11308] SIGUSR1 핸들러 발생
[2025-06-25 14:41:00] [INFO] : SIGUSR1 핸들러: 클라이언트 index 0 로부터 메시지 수신: /NICK 건우님
[2025-06-25 14:41:00] [INFO] : [자식 pid 11590] SIGUSR2 핸들러 발생
[2025-06-25 14:41:02] [INFO] : 클라이언트 연결됨: 127.0.0.1
[2025-06-25 14:41:04] [INFO] : [자식 index 1, pid : 11593] 서버에 메시지 전송: /NICK rjsdnsla
[2025-06-25 14:41:02] [INFO] : 클라이언트 연결됨: 127.0.0.1
[2025-06-25 14:41:04] [INFO] : [부모 pid 11308] SIGUSR1 핸들러 발생
[2025-06-25 14:41:04] [INFO] : SIGUSR1 핸들러: 클라이언트 index 1 로부터 메시지 수신: /NICK rjsdnsla
[2025-06-25 14:41:04] [INFO] : [자식 pid 11593] SIGUSR2 핸들러 발생
[2025-06-25 14:41:15] [WARNING] : [자식 index 1, pid 11593] 클라이언트 연결 종료가 감지되어 해당 클라이언트 연결을 종료합니다.
[2025-06-25 14:41:15] [INFO] : 클라이언트 1 (pid: 11593, nick: rjsdnsla) 접속 종료. 자원 회수 완료.

[2025-06-25 14:41:17] [WARNING] : [자식 index 0, pid 11590] 클라이언트 연결 종료가 감지되어 해당 클라이언트 연결을 종료합니다.
[2025-06-25 14:41:17] [INFO] : 클라이언트 0 (pid: 11590, nick: 건우님) 접속 종료. 자원 회수 완료.

[2025-06-25 14:41:43] [INFO] : [부모 pid 11308] 서버 종료 시그널 수신 : 모든 자식 종료 중 ...
[2025-06-25 14:41:43] [INFO] : [부모 pid 11308] 서버 종료 완료. 자원 회수 완료.
[2025-06-25 19:50:40] [INFO] : 서버가 5101 번 포트에서 대기하고 있습니다......

[2025-06-25 19:50:48] [INFO] : 클라이언트 연결됨: 127.0.0.1
[2025-06-25 19:50:49] [INFO] : [자식 index 0, pid : 13979] 서버의 부모 프로세스에 메시지(데이터) 작성 SIGNAL 알림: /NICK 건우님
[2025-06-25 19:50:48] [INFO] : 클라이언트 연결됨: 127.0.0.1
[2025-06-25 19:50:49] [INFO] : [부모 pid 13977] SIGUSR1 핸들러 발생
[2025-06-25 20:17:37] [WARNING] : [자식 index 0, pid 13979] 클라이언트 연결 종료가 감지되어 해당 클라이언트 연결을 종료합니다.
[2025-06-25 20:17:37] [INFO] : 클라이언트 0 (pid: 13979, nick: GUEST) 접속 종료. 자원 회수 완료.

[2025-06-25 20:17:53] [INFO] : [부모 pid 13977] 서버 종료 시그널 수신 : 모든 자식 종료 중 ...
[2025-06-25 20:17:53] [INFO] : [부모 pid 13977] 서버 종료 완료. 자원 회수 완료.
[2025-06-25 20:17:57] [INFO] : 서버가 5101 번 포트에서 대기하고 있습니다......

[2025-06-25 20:17:59] [INFO] : 클라이언트 연결됨: 127.0.0.1
[2025-06-25 20:18:01] [INFO] : [자식 index 0, pid : 14062] 서버의 부모 프로세스에 메시지(데이터) 작성 SIGNAL 알림: /NICK 건우님
[2025-06-25 20:17:59] [INFO] : 클라이언트 연결됨: 127.0.0.1
[2025-06-25 20:18:01] [INFO] : [부모 pid 14060] SIGUSR1 핸들러 발생
[2025-06-25 20:18:06] [WARNING] : [자식 index 0, pid 14062] 클라이언트 연결 종료가 감지되어 해당 클라이언트 연결을 종료합니다.
[2025-06-25 20:18:06] [INFO] : 클라이언트 0 (pid: 14062, nick: GUEST) 접속 종료. 자원 회수 완료.

[2025-06-25 20:18:17] [INFO] : [부모 pid 14060] 서버 종료 시그널 수신 : 모든 자식 종료 중 ...
[2025-06-25 20:18:17] [INFO] : [부모 pid 14060] 서버 종료 완료. 자원 회수 완료.
[2025-06-25 20:21:26] [INFO] : 서버가 5101 번 포트에서 대기하고 있습니다......

[2025-06-25 20:21:28] [INFO] : 클라이언트 연결됨: 127.0.0.1
[2025-06-25 20:21:30] [INFO] : [자식 index 0, pid : 14101] 서버의 부모 프로세스에 메시지(데이터) 작성 SIGNAL 알림: /NICK 건우님
[2025-06-25 20:21:28] [INFO] : 클라이언트 연결됨: 127.0.0.1
[2025-06-25 20:21:30] [INFO] : [부모 pid 14099] SIGUSR1 핸들러 발생
[2025-06-25 20:21:36] [WARNING] : [자식 index 0, pid 14101] 클라이언트 연결 종료가 감지되어 해당 클라이언트 연결을 종료합니다.
[2025-06-25 20:21:36] [INFO] : 클라이언트 0 (pid: 14101, nick: GUEST) 접속 종료. 자원 회수 완료.

[2025-06-25 20:21:53] [INFO] : [부모 pid 14099] 서버 종료 시그널 수신 : 모든 자식 종료 중 ...
[2025-06-25 20:21:53] [INFO] : [부모 pid 14099] 서버 종료 완료. 자원 회수 완료.
[2025-06-25 20:27:06] [INFO] : 서버가 5101 번 포트에서 대기하고 있습니다......

[2025-06-25 20:27:08] [INFO] : 클라이언트 연결됨: 127.0.0.1
[2025-06-25 20:27:09] [INFO] : [자식 index 0, pid : 14133] 서버의 부모 프로세스에 메시지(데이터) 작성 SIGNAL 알림: /NICK ㄹㄴ아러
[2025-06-25 20:27:08] [INFO] : 클라이언트 연결됨: 127.0.0.1
[2025-06-25 20:27:09] [INFO] : [부모 pid 14131] SIGUSR1 핸들러 발생
[2025-06-25 20:28:24] [WARNING] : [자식 index 0, pid 14133] 클라이언트 연결 종료가 감지되어 해당 클라이언트 연결을 종료합니다.
[2025-06-25 20:28:24] [INFO] : 클라이언트 0 (pid: 14133, nick: GUEST) 접속 종료. 자원 회수 완료.

[2025-06-25 20:28:33] [INFO] : [부모 pid 14131] 서버 종료 시그널 수신 : 모든 자식 종료 중 ...
[2025-06-25 20:28:33] [INFO] : [부모 pid 14131] 서버 종료 완료. 자원 회수 완료.
[2025-06-25 20:28:35] [INFO] : 서버가 5101 번 포트에서 대기하고 있습니다......

[2025-06-25 20:28:37] [INFO] : 클라이언트 연결됨: 127.0.0.1
[2025-06-25 20:28:39] [INFO] : [자식 index 0, pid : 14166] 서버의 부모 프로세스에 메시지(데이터) 작성 SIGNAL 알림: /NICK 건우님
[2025-06-25 20:28:37] [INFO] : 클라이언트 연결됨: 127.0.0.1
[2025-06-25 20:28:39] [INFO] : [부모 pid 14164] SIGUSR1 핸들러 발생
[2025-06-25 20:30:54] [WARNING] : [자식 index 0, pid 14166] 클라이언트 연결 종료가 감지되어 해당 클라이언트 연결을 종료합니다.
[2025-06-25 20:30:54] [INFO] : 클라이언트 0 (pid: 14166, nick: GUEST) 접속 종료. 자원 회수 완료.

[2025-06-25 20:31:06] [INFO] : [부모 pid 14164] 서버 종료 시그널 수신 : 모든 자식 종료 중 ...
[2025-06-25 20:31:06] [INFO] : [부모 pid 14164] 서버 종료 완료. 자원 회수 완료.
[2025-06-25 20:31:08] [INFO] : 서버가 5101 번 포트에서 대기하고 있습니다......

[2025-06-25 20:31:09] [INFO] : 클라이언트 연결됨: 127.0.0.1
[2025-06-25 20:31:10] [INFO] : [자식 index 0, pid : 14185] 서버의 부모 프로세스에 메시지(데이터) 작성 SIGNAL 알림: /NICK 건우님
[2025-06-25 20:31:09] [INFO] : 클라이언트 연결됨: 127.0.0.1
[2025-06-25 20:31:10] [INFO] : [부모 pid 14183] SIGUSR1 핸들러 발생
[2025-06-25 20:32:01] [WARNING] : [자식 index 0, pid 14185] 클라이언트 연결 종료가 감지되어 해당 클라이언트 연결을 종료합니다.
[2025-06-25 20:32:01] [INFO] : 클라이언트 0 (pid: 14185, nick: GUEST) 접속 종료. 자원 회수 완료.

[2025-06-25 20:33:43] [INFO] : [부모 pid 14183] 서버 종료 시그널 수신 : 모든 자식 종료 중 ...
[2025-06-25 20:33:43] [INFO] : [부모 pid 14183] 서버 종료 완료. 자원 회수 완료.
[2025-06-25 20:33:44] [INFO] : 서버가 5101 번 포트에서 대기하고 있습니다......

[2025-06-25 20:33:47] [INFO] : 클라이언트 연결됨: 127.0.0.1
[2025-06-25 20:33:49] [INFO] : [자식 index 0, pid : 14214] 서버의 부모 프로세스에 메시지(데이터) 작성 SIGNAL 알림: /NICK 건우님
[2025-06-25 20:33:47] [INFO] : 클라이언트 연결됨: 127.0.0.1
[2025-06-25 20:33:49] [INFO] : [부모 pid 14212] SIGUSR1 핸들러 발생
[2025-06-25 20:34:03] [WARNING] : [자식 index 0, pid 14214] 클라이언트 연결 종료가 감지되어 해당 클라이언트 연결을 종료합니다.
[2025-06-25 20:34:03] [INFO] : 클라이언트 0 (pid: 14214, nick: GUEST) 접속 종료. 자원 회수 완료.

[2025-06-25 20:37:19] [INFO] : [부모 pid 14212] 서버 종료 시그널 수신 : 모든 자식 종료 중 ...
[2025-06-25 20:37:19] [INFO] : [부모 pid 14212] 서버 종료 완료. 자원 회수 완료.
[2025-06-25 20:37:21] [INFO] : 서버가 5101 번 포트에서 대기하고 있습니다......

[2025-06-25 20:37:23] [INFO] : 클라이언트 연결됨: 127.0.0.1


testsaetest



[2025-06-25 20:37:23] [INFO] : 클라이언트 연결됨: 127.0.0.1
[2025-06-25 20:37:24] [INFO] : [부모 pid 14309] SIGUSR1 핸들러 발생
[2025-06-25 20:38:36] [WARNING] : [자식 index 0, pid 14311] 클라이언트 연결 종료가 감지되어 해당 클라이언트 연결을 종료합니다.
[2025-06-25 20:38:36] [INFO] : 클라이언트 0 (pid: 14311, nick: GUEST) 접속 종료. 자원 회수 완료.

[2025-06-25 20:38:45] [INFO] : [부모 pid 14309] 서버 종료 시그널 수신 : 모든 자식 종료 중 ...
[2025-06-25 20:38:45] [INFO] : [부모 pid 14309] 서버 종료 완료. 자원 회수 완료.
[2025-06-25 20:38:47] [INFO] : 서버가 5101 번 포트에서 대기하고 있습니다......

[2025-06-25 20:38:49] [INFO] : 클라이언트 연결됨: 127.0.0.1
[2025-06-25 20:38:50] [INFO] : [자식 index 0, pid : 14370] 서버의 부모 프로세스에게 메시지(데이터) 작성 SIGNAL 알림: /NICK 건우님
[2025-06-25 20:38:49] [INFO] : 클라이언트 연결됨: 127.0.0.1
[2025-06-25 20:38:50] [INFO] : [부모 pid 14368] SIGUSR1 핸들러 발생
[2025-06-25 20:38:50] [INFO] : SIGUSR1 핸들러: 클라이언트 index 0 로부터 메시지 수신을 담당 서버 자식프로세스로부터 받음 : /NICK 건우님
[2025-06-25 20:38:50] [INFO] : [자식 pid 14370] SIGUSR2 핸들러 발생
[2025-06-25 20:39:02] [INFO] : [자식 index 0, pid : 14370] 서버의 부모 프로세스에게 메시지(데이터) 작성 SIGNAL 알림: /MSG 건우님:ㅎㅇ
[2025-06-25 20:39:02] [INFO] : [부모 pid 14368] SIGUSR1 핸들러 발생
[2025-06-25 20:39:02] [INFO] : SIGUSR1 핸들러: 클라이언트 index 0 로부터 메시지 수신을 담당 서버 자식프로세스로부터 받음 : /MSG 건우님:ㅎㅇ
[2025-06-25 20:39:02] [INFO] : [자식 pid 14370] SIGUSR2 핸들러 발생
[2025-06-25 20:39:30] [INFO] : [자식 index 0, pid : 14370] 서버의 부모 프로세스에게 메시지(데이터) 작성 SIGNAL 알림: /MSG 건우님:
[2025-06-25 20:39:30] [INFO] : [부모 pid 14368] SIGUSR1 핸들러 발생
[2025-06-25 20:39:30] [INFO] : SIGUSR1 핸들러: 클라이언트 index 0 로부터 메시지 수신을 담당 서버 자식프로세스로부터 받음 : /MSG 건우님:
[2025-06-25 20:39:30] [INFO] : [자식 pid 14370] SIGUSR2 핸들러 발생
[2025-06-25 20:39:31] [INFO] : [자식 index 0, pid : 14370] 서버의 부모 프로세스에게 메시지(데이터) 작성 SIGNAL 알림: /MSG 건우님:
[2025-06-25 20:39:31] [INFO] : [부모 pid 14368] SIGUSR1 핸들러 발생
[2025-06-25 20:39:31] [INFO] : SIGUSR1 핸들러: 클라이언트 index 0 로부터 메시지 수신을 담당 서버 자식프로세스로부터 받음 : /MSG 건우님:
[2025-06-25 20:39:31] [INFO] : [자식 pid 14370] SIGUSR2 핸들러 발생
[2025-06-25 20:39:32] [INFO] : [자식 index 0, pid : 14370] 서버의 부모 프로세스에게 메시지(데이터) 작성 SIGNAL 알림: /MSG 건우님:sdfsdf
[2025-06-25 20:39:32] [INFO] : [부모 pid 14368] SIGUSR1 핸들러 발생
[2025-06-25 20:39:32] [INFO] : SIGUSR1 핸들러: 클라이언트 index 0 로부터 메시지 수신을 담당 서버 자식프로세스로부터 받음 : /MSG 건우님:sdfsdf
[2025-06-25 20:39:32] [INFO] : [자식 pid 14370] SIGUSR2 핸들러 발생
[2025-06-25 20:39:59] [INFO] : [자식 index 0, pid : 14370] 서버의 부모 프로세스에게 메시지(데이터) 작성 SIGNAL 알림: /MSG 건우님:ㅁㄴㅇㄹ
[2025-06-25 20:39:59] [INFO] : [부모 pid 14368] SIGUSR1 핸들러 발생
[2025-06-25 20:39:59] [INFO] : SIGUSR1 핸들러: 클라이언트 index 0 로부터 메시지 수신을 담당 서버 자식프로세스로부터 받음 : /MSG 건우님:ㅁㄴㅇㄹ
[2025-06-25 20:39:59] [INFO] : [자식 pid 14370] SIGUSR2 핸들러 발생
[2025-06-25 20:42:05] [WARNING] : [자식 index 0, pid 14370] 클라이언트 연결 종료가 감지되어 해당 클라이언트 연결을 종료합니다.
[2025-06-25 20:42:05] [INFO] : 클라이언트 0 (pid: 14370, nick: 건우님) 접속 종료. 자원 회수 완료.

[2025-06-25 20:42:09] [INFO] : 클라이언트 연결됨: 127.0.0.1
[2025-06-25 20:42:11] [INFO] : [자식 index 0, pid : 14410] 서버의 부모 프로세스에게 메시지(데이터) 작성 SIGNAL 알림: /NICK 건우님
[2025-06-25 20:42:09] [INFO] : 클라이언트 연결됨: 127.0.0.1
[2025-06-25 20:42:11] [INFO] : [부모 pid 14368] SIGUSR1 핸들러 발생
[2025-06-25 20:42:11] [INFO] : SIGUSR1 핸들러: 클라이언트 index 0 로부터 메시지 수신을 담당 서버 자식프로세스로부터 받음 : /NICK 건우님
[2025-06-25 20:42:11] [INFO] : [자식 pid 14410] SIGUSR2 핸들러 발생
[2025-06-25 20:42:12] [INFO] : [자식 index 0, pid : 14410] 서버의 부모 프로세스에게 메시지(데이터) 작성 SIGNAL 알림: /MSG 건우님:ㄴㅇㄹ
[2025-06-25 20:42:12] [INFO] : [부모 pid 14368] SIGUSR1 핸들러 발생
[2025-06-25 20:42:12] [INFO] : SIGUSR1 핸들러: 클라이언트 index 0 로부터 메시지 수신을 담당 서버 자식프로세스로부터 받음 : /MSG 건우님:ㄴㅇㄹ
[2025-06-25 20:42:12] [INFO] : [자식 pid 14410] SIGUSR2 핸들러 발생
[2025-06-25 20:42:24] [INFO] : [자식 index 0, pid : 14410] 서버의 부모 프로세스에게 메시지(데이터) 작성 SIGNAL 알림: /MSG 건우님:ㅇㄴㄹ
[2025-06-25 20:42:24] [INFO] : [부모 pid 14368] SIGUSR1 핸들러 발생
[2025-06-25 20:42:24] [INFO] : SIGUSR1 핸들러: 클라이언트 index 0 로부터 메시지 수신을 담당 서버 자식프로세스로부터 받음 : /MSG 건우님:ㅇㄴㄹ
[2025-06-25 20:42:24] [INFO] : [자식 pid 14410] SIGUSR2 핸들러 발생
[2025-06-25 20:43:25] [WARNING] : [자식 index 0, pid 14410] 클라이언트 연결 종료가 감지되어 해당 클라이언트 연결을 종료합니다.
[2025-06-25 20:43:25] [INFO] : 클라이언트 0 (pid: 14410, nick: 건우님) 접속 종료. 자원 회수 완료.

[2025-06-25 20:43:29] [INFO] : 클라이언트 연결됨: 127.0.0.1
[2025-06-25 20:43:34] [WARNING] : [자식 index 0, pid 14469] 클라이언트 연결 종료가 감지되어 해당 클라이언트 연결을 종료합니다.
[2025-06-25 20:43:29] [INFO] : 클라이언트 연결됨: 127.0.0.1
[2025-06-25 20:43:34] [INFO] : 클라이언트 0 (pid: 14469, nick: GUEST) 접속 종료. 자원 회수 완료.

[2025-06-25 20:43:54] [INFO] : [부모 pid 14368] 서버 종료 시그널 수신 : 모든 자식 종료 중 ...
[2025-06-25 20:43:54] [INFO] : [부모 pid 14368] 서버 종료 완료. 자원 회수 완료.
[2025-06-25 20:43:56] [INFO] : 서버가 5101 번 포트에서 대기하고 있습니다......

[2025-06-25 20:44:00] [INFO] : 클라이언트 연결됨: 127.0.0.1


test
NICK
건우님

[2025-06-25 20:44:02] [INFO] : [자식 index 0, pid : 14486] 서버의 부모 프로세스에게 메시지(데이터) 작성 SIGNAL 알림: /NICK 건우님
[2025-06-25 20:44:00] [INFO] : 클라이언트 연결됨: 127.0.0.1
[2025-06-25 20:44:02] [INFO] : [부모 pid 14484] SIGUSR1 핸들러 발생
[2025-06-25 20:44:02] [INFO] : SIGUSR1 핸들러: 클라이언트 index 0 로부터 메시지 수신을 담당 서버 자식프로세스로부터 받음 : /NICK 건우님
[2025-06-25 20:44:02] [INFO] : [자식 pid 14486] SIGUSR2 핸들러 발생
[2025-06-25 20:45:06] [WARNING] : [자식 index 0, pid 14486] 클라이언트 연결 종료가 감지되어 해당 클라이언트 연결을 종료합니다.
[2025-06-25 20:45:06] [INFO] : 클라이언트 0 (pid: 14486, nick: 건우님) 접속 종료. 자원 회수 완료.

[2025-06-25 20:46:17] [INFO] : [부모 pid 14484] 서버 종료 시그널 수신 : 모든 자식 종료 중 ...
[2025-06-25 20:46:17] [INFO] : [부모 pid 14484] 서버 종료 완료. 자원 회수 완료.
[2025-06-25 20:46:20] [INFO] : 서버가 5101 번 포트에서 대기하고 있습니다......

[2025-06-25 20:46:24] [INFO] : 클라이언트 연결됨: 127.0.0.1


test
NICK
건우님

[2025-06-25 20:46:25] [INFO] : [자식 index 0, pid : 14556] 서버의 부모 프로세스에게 메시지(데이터) 작성 SIGNAL 알림: /NICK 건우님
[2025-06-25 20:46:24] [INFO] : 클라이언트 연결됨: 127.0.0.1
[2025-06-25 20:46:25] [INFO] : [부모 pid 14553] SIGUSR1 핸들러 발생
[2025-06-25 20:46:25] [INFO] : SIGUSR1 핸들러: 클라이언트 index 0 로부터 메시지 수신을 담당 서버 자식프로세스로부터 받음 : /NICK 건우님
[2025-06-25 20:46:25] [INFO] : [자식 pid 14556] SIGUSR2 핸들러 발생


test
MSG
건우님:ㄴㅇㄹ

[2025-06-25 20:46:26] [INFO] : [자식 index 0, pid : 14556] 서버의 부모 프로세스에게 메시지(데이터) 작성 SIGNAL 알림: /MSG 건우님:ㄴㅇㄹ
[2025-06-25 20:46:26] [INFO] : [부모 pid 14553] SIGUSR1 핸들러 발생
[2025-06-25 20:46:26] [INFO] : SIGUSR1 핸들러: 클라이언트 index 0 로부터 메시지 수신을 담당 서버 자식프로세스로부터 받음 : /MSG 건우님:ㄴㅇㄹ
[2025-06-25 20:46:26] [INFO] : [자식 pid 14556] SIGUSR2 핸들러 발생


test
MSG
건우님:ㄴㅇㄹ

[2025-06-25 20:46:53] [INFO] : [자식 index 0, pid : 14556] 서버의 부모 프로세스에게 메시지(데이터) 작성 SIGNAL 알림: /MSG 건우님:ㄴㅇㄹ
[2025-06-25 20:46:53] [INFO] : [부모 pid 14553] SIGUSR1 핸들러 발생
[2025-06-25 20:46:53] [INFO] : SIGUSR1 핸들러: 클라이언트 index 0 로부터 메시지 수신을 담당 서버 자식프로세스로부터 받음 : /MSG 건우님:ㄴㅇㄹ
[2025-06-25 20:46:53] [INFO] : [자식 pid 14556] SIGUSR2 핸들러 발생


test
MSG
건우님:ㅁㅎ

[2025-06-25 20:46:54] [INFO] : [자식 index 0, pid : 14556] 서버의 부모 프로세스에게 메시지(데이터) 작성 SIGNAL 알림: /MSG 건우님:ㅁㅎ
[2025-06-25 20:46:54] [INFO] : [부모 pid 14553] SIGUSR1 핸들러 발생
[2025-06-25 20:46:54] [INFO] : SIGUSR1 핸들러: 클라이언트 index 0 로부터 메시지 수신을 담당 서버 자식프로세스로부터 받음 : /MSG 건우님:ㅁㅎ
[2025-06-25 20:46:54] [INFO] : [자식 pid 14556] SIGUSR2 핸들러 발생
[2025-06-25 20:48:24] [WARNING] : [자식 index 0, pid 14556] 클라이언트 연결 종료가 감지되어 해당 클라이언트 연결을 종료합니다.
[2025-06-25 20:48:24] [INFO] : 클라이언트 0 (pid: 14556, nick: 건우님) 접속 종료. 자원 회수 완료.

[2025-06-25 20:48:27] [INFO] : 클라이언트 연결됨: 127.0.0.1


test
NICK
건우님

[2025-06-25 20:48:28] [INFO] : [자식 index 0, pid : 14608] 서버의 부모 프로세스에게 메시지(데이터) 작성 SIGNAL 알림: /NICK 건우님
[2025-06-25 20:48:27] [INFO] : 클라이언트 연결됨: 127.0.0.1
[2025-06-25 20:48:28] [INFO] : [부모 pid 14553] SIGUSR1 핸들러 발생
[2025-06-25 20:48:28] [INFO] : SIGUSR1 핸들러: 클라이언트 index 0 로부터 메시지 수신을 담당 서버 자식프로세스로부터 받음 : /NICK 건우님
[2025-06-25 20:48:28] [INFO] : [자식 pid 14608] SIGUSR2 핸들러 발생


test
MSG
건우님:ㅎㄴㅇㅎ

[2025-06-25 20:48:30] [INFO] : [자식 index 0, pid : 14608] 서버의 부모 프로세스에게 메시지(데이터) 작성 SIGNAL 알림: /MSG 건우님:ㅎㄴㅇㅎ
[2025-06-25 20:48:30] [INFO] : [부모 pid 14553] SIGUSR1 핸들러 발생
[2025-06-25 20:48:30] [INFO] : SIGUSR1 핸들러: 클라이언트 index 0 로부터 메시지 수신을 담당 서버 자식프로세스로부터 받음 : /MSG 건우님:ㅎㄴㅇㅎ
[2025-06-25 20:48:30] [INFO] : [자식 pid 14608] SIGUSR2 핸들러 발생
[2025-06-25 20:50:24] [WARNING] : [자식 index 0, pid 14608] 클라이언트 연결 종료가 감지되어 해당 클라이언트 연결을 종료합니다.
[2025-06-25 20:50:24] [INFO] : 클라이언트 0 (pid: 14608, nick: 건우님) 접속 종료. 자원 회수 완료.

[2025-06-25 20:50:32] [INFO] : [부모 pid 14553] 서버 종료 시그널 수신 : 모든 자식 종료 중 ...
[2025-06-25 20:50:32] [INFO] : [부모 pid 14553] 서버 종료 완료. 자원 회수 완료.
[2025-06-25 20:50:34] [INFO] : 서버가 5101 번 포트에서 대기하고 있습니다......

[2025-06-25 20:50:35] [INFO] : 클라이언트 연결됨: 127.0.0.1


test
NICK
건우님

[2025-06-25 20:50:36] [INFO] : [자식 index 0, pid : 14678] 서버의 부모 프로세스에게 메시지(데이터) 작성 SIGNAL 알림: /NICK 건우님
[2025-06-25 20:50:35] [INFO] : 클라이언트 연결됨: 127.0.0.1
[2025-06-25 20:50:36] [INFO] : [부모 pid 14676] SIGUSR1 핸들러 발생
[2025-06-25 20:50:36] [INFO] : SIGUSR1 핸들러: 클라이언트 index 0 로부터 메시지 수신을 담당 서버 자식프로세스로부터 받음 : /NICK 건우님
[2025-06-25 20:50:36] [INFO] : [자식 pid 14678] SIGUSR2 핸들러 발생


test
MSG
건우님:ㄴㅇ리ㅏ

[2025-06-25 20:50:38] [INFO] : [자식 index 0, pid : 14678] 서버의 부모 프로세스에게 메시지(데이터) 작성 SIGNAL 알림: /MSG 건우님:ㄴㅇ리ㅏ
[2025-06-25 20:50:38] [INFO] : [부모 pid 14676] SIGUSR1 핸들러 발생
[2025-06-25 20:50:38] [INFO] : SIGUSR1 핸들러: 클라이언트 index 0 로부터 메시지 수신을 담당 서버 자식프로세스로부터 받음 : /MSG 건우님:ㄴㅇ리ㅏ
[2025-06-25 20:50:38] [INFO] : [자식 pid 14678] SIGUSR2 핸들러 발생
[2025-06-25 20:51:37] [WARNING] : [자식 index 0, pid 14678] 클라이언트 연결 종료가 감지되어 해당 클라이언트 연결을 종료합니다.
[2025-06-25 20:51:37] [INFO] : 클라이언트 0 (pid: 14678, nick: 건우님) 접속 종료. 자원 회수 완료.

[2025-06-25 20:51:38] [INFO] : 클라이언트 연결됨: 127.0.0.1


test
NICK
건우님

[2025-06-25 20:51:39] [INFO] : [자식 index 0, pid : 14715] 서버의 부모 프로세스에게 메시지(데이터) 작성 SIGNAL 알림: /NICK 건우님
[2025-06-25 20:51:38] [INFO] : 클라이언트 연결됨: 127.0.0.1
[2025-06-25 20:51:39] [INFO] : [부모 pid 14676] SIGUSR1 핸들러 발생
[2025-06-25 20:51:39] [INFO] : SIGUSR1 핸들러: 클라이언트 index 0 로부터 메시지 수신을 담당 서버 자식프로세스로부터 받음 : /NICK 건우님
[2025-06-25 20:51:39] [INFO] : [자식 pid 14715] SIGUSR2 핸들러 발생
[2025-06-25 20:51:56] [WARNING] : [자식 index 0, pid 14715] 클라이언트 연결 종료가 감지되어 해당 클라이언트 연결을 종료합니다.
[2025-06-25 20:51:56] [INFO] : 클라이언트 0 (pid: 14715, nick: 건우님) 접속 종료. 자원 회수 완료.

[2025-06-25 20:54:51] [INFO] : [부모 pid 14676] 서버 종료 시그널 수신 : 모든 자식 종료 중 ...
[2025-06-25 20:54:51] [INFO] : [부모 pid 14676] 서버 종료 완료. 자원 회수 완료.
[2025-06-25 20:54:52] [INFO] : 서버가 5101 번 포트에서 대기하고 있습니다......

[2025-06-25 20:54:56] [INFO] : 클라이언트 연결됨: 127.0.0.1
[2025-06-25 20:54:58] [INFO] : [자식 index 0, pid : 14858] 서버의 부모 프로세스에게 메시지(데이터) 작성 SIGNAL 알림: /NICK 건우님
[2025-06-25 20:54:56] [INFO] : 클라이언트 연결됨: 127.0.0.1
[2025-06-25 20:54:58] [INFO] : [부모 pid 14856] SIGUSR1 핸들러 발생
[2025-06-25 20:54:58] [INFO] : SIGUSR1 핸들러: 클라이언트 index 0 로부터 메시지 수신을 담당 서버 자식프로세스로부터 받음 : /NICK 건우님
[2025-06-25 20:54:58] [INFO] : [자식 pid 14858] SIGUSR2 핸들러 발생
[2025-06-25 20:54:59] [INFO] : [자식 index 0, pid : 14858] 서버의 부모 프로세스에게 메시지(데이터) 작성 SIGNAL 알림: /MSG 건우님:ㄴㅇㄹ
[2025-06-25 20:54:59] [INFO] : [부모 pid 14856] SIGUSR1 핸들러 발생
[2025-06-25 20:54:59] [INFO] : SIGUSR1 핸들러: 클라이언트 index 0 로부터 메시지 수신을 담당 서버 자식프로세스로부터 받음 : /MSG 건우님:ㄴㅇㄹ
[2025-06-25 20:54:59] [INFO] : [자식 pid 14858] SIGUSR2 핸들러 발생
[2025-06-25 20:58:12] [WARNING] : [자식 index 0, pid 14858] 클라이언트 연결 종료가 감지되어 해당 클라이언트 연결을 종료합니다.
[2025-06-25 20:58:12] [INFO] : 클라이언트 0 (pid: 14858, nick: 건우님) 접속 종료. 자원 회수 완료.

[2025-06-25 20:58:20] [INFO] : [부모 pid 14856] 서버 종료 시그널 수신 : 모든 자식 종료 중 ...
[2025-06-25 20:58:20] [INFO] : [부모 pid 14856] 서버 종료 완료. 자원 회수 완료.
[2025-06-25 20:58:21] [INFO] : 서버가 5101 번 포트에서 대기하고 있습니다......

[2025-06-25 20:58:24] [INFO] : 클라이언트 연결됨: 127.0.0.1

test건우님\n
[2025-06-25 20:58:27] [INFO] : [자식 index 0, pid : 14961] 서버의 부모 프로세스에게 메시지(데이터) 작성 SIGNAL 알림: /NICK 건우님
[2025-06-25 20:58:24] [INFO] : 클라이언트 연결됨: 127.0.0.1
[2025-06-25 20:58:27] [INFO] : [부모 pid 14958] SIGUSR1 핸들러 발생
[2025-06-25 20:58:27] [INFO] : SIGUSR1 핸들러: 클라이언트 index 0 로부터 메시지 수신을 담당 서버 자식프로세스로부터 받음 : /NICK 건우님
[2025-06-25 20:58:27] [INFO] : [자식 pid 14961] SIGUSR2 핸들러 발생

test건우\n
[2025-06-25 20:58:31] [INFO] : [자식 index 0, pid : 14961] 서버의 부모 프로세스에게 메시지(데이터) 작성 SIGNAL 알림: /ADD 1건우
[2025-06-25 20:58:31] [INFO] : [부모 pid 14958] SIGUSR1 핸들러 발생
[2025-06-25 20:58:31] [INFO] : SIGUSR1 핸들러: 클라이언트 index 0 로부터 메시지 수신을 담당 서버 자식프로세스로부터 받음 : /ADD 1건우
[2025-06-25 20:58:31] [INFO] : [자식 pid 14961] SIGUSR2 핸들러 발생
[2025-06-25 21:04:40] [WARNING] : [자식 index 0, pid 14961] 클라이언트 연결 종료가 감지되어 해당 클라이언트 연결을 종료합니다.
[2025-06-25 21:04:40] [INFO] : 클라이언트 0 (pid: 14961, nick: 건우님) 접속 종료. 자원 회수 완료.

[2025-06-25 21:05:12] [INFO] : [부모 pid 14958] 서버 종료 시그널 수신 : 모든 자식 종료 중 ...
[2025-06-25 21:05:12] [INFO] : [부모 pid 14958] 서버 종료 완료. 자원 회수 완료.
[2025-06-25 21:05:16] [INFO] : 서버가 5101 번 포트에서 대기하고 있습니다......

[2025-06-25 21:05:17] [INFO] : 클라이언트 연결됨: 127.0.0.1

test건우님\n
[2025-06-25 21:05:19] [INFO] : [자식 index 0, pid : 15012] 서버의 부모 프로세스에게 메시지(데이터) 작성 SIGNAL 알림: /NICK 건우님
[2025-06-25 21:05:17] [INFO] : 클라이언트 연결됨: 127.0.0.1
[2025-06-25 21:05:19] [INFO] : [부모 pid 15010] SIGUSR1 핸들러 발생
[2025-06-25 21:05:19] [INFO] : SIGUSR1 핸들러: 클라이언트 index 0 로부터 메시지 수신을 담당 서버 자식프로세스로부터 받음 : /NICK 건우님
[2025-06-25 21:05:19] [INFO] : [자식 pid 15012] SIGUSR2 핸들러 발생

test건우님:ㄴㅇㄹ\n
[2025-06-25 21:05:20] [INFO] : [자식 index 0, pid : 15012] 서버의 부모 프로세스에게 메시지(데이터) 작성 SIGNAL 알림: /MSG 건우님:ㄴㅇㄹ
[2025-06-25 21:05:20] [INFO] : [부모 pid 15010] SIGUSR1 핸들러 발생
[2025-06-25 21:05:20] [INFO] : SIGUSR1 핸들러: 클라이언트 index 0 로부터 메시지 수신을 담당 서버 자식프로세스로부터 받음 : /MSG 건우님:ㄴㅇㄹ
[2025-06-25 21:05:20] [INFO] : [자식 pid 15012] SIGUSR2 핸들러 발생

test건우님방\n
[2025-06-25 21:05:27] [INFO] : [자식 index 0, pid : 15012] 서버의 부모 프로세스에게 메시지(데이터) 작성 SIGNAL 알림: /ADD 1건우님방
[2025-06-25 21:05:27] [INFO] : [부모 pid 15010] SIGUSR1 핸들러 발생
[2025-06-25 21:05:27] [INFO] : SIGUSR1 핸들러: 클라이언트 index 0 로부터 메시지 수신을 담당 서버 자식프로세스로부터 받음 : /ADD 1건우님방
[2025-06-25 21:05:27] [INFO] : [자식 pid 15012] SIGUSR2 핸들러 발생
[2025-06-25 21:07:22] [WARNING] : [자식 index 0, pid 15012] 클라이언트 연결 종료가 감지되어 해당 클라이언트 연결을 종료합니다.
[2025-06-25 21:07:22] [INFO] : 클라이언트 0 (pid: 15012, nick: 건우님) 접속 종료. 자원 회수 완료.

[2025-06-25 21:07:32] [INFO] : [부모 pid 15010] 서버 종료 시그널 수신 : 모든 자식 종료 중 ...
[2025-06-25 21:07:32] [INFO] : [부모 pid 15010] 서버 종료 완료. 자원 회수 완료.
[2025-06-25 21:07:34] [INFO] : 서버가 5101 번 포트에서 대기하고 있습니다......

[2025-06-25 21:07:36] [INFO] : 클라이언트 연결됨: 127.0.0.1
[2025-06-25 21:07:41] [INFO] : [자식 index 0, pid : 15063] 서버의 부모 프로세스에게 메시지(데이터) 작성 SIGNAL 알림: /NICK 건우님
[2025-06-25 21:07:36] [INFO] : 클라이언트 연결됨: 127.0.0.1
[2025-06-25 21:07:41] [INFO] : [부모 pid 15060] SIGUSR1 핸들러 발생
[2025-06-25 21:07:41] [INFO] : SIGUSR1 핸들러: 클라이언트 index 0 로부터 메시지 수신을 담당 서버 자식프로세스로부터 받음 : /NICK 건우님
[2025-06-25 21:07:41] [INFO] : [자식 pid 15063] SIGUSR2 핸들러 발생
[2025-06-25 21:07:44] [INFO] : [자식 index 0, pid : 15063] 서버의 부모 프로세스에게 메시지(데이터) 작성 SIGNAL 알림: /MSG 건우님:건우방
[2025-06-25 21:07:44] [INFO] : [부모 pid 15060] SIGUSR1 핸들러 발생
[2025-06-25 21:07:44] [INFO] : SIGUSR1 핸들러: 클라이언트 index 0 로부터 메시지 수신을 담당 서버 자식프로세스로부터 받음 : /MSG 건우님:건우방
[2025-06-25 21:07:44] [INFO] : [자식 pid 15063] SIGUSR2 핸들러 발생
[2025-06-25 21:07:53] [INFO] : [자식 index 0, pid : 15063] 서버의 부모 프로세스에게 메시지(데이터) 작성 SIGNAL 알림: /ADD 1건우방
[2025-06-25 21:07:53] [INFO] : [부모 pid 15060] SIGUSR1 핸들러 발생
[2025-06-25 21:07:53] [INFO] : SIGUSR1 핸들러: 클라이언트 index 0 로부터 메시지 수신을 담당 서버 자식프로세스로부터 받음 : /ADD 1건우방

/ADD -535420 번째 /ADD 1건우방 채팅방을 만들고 입장했습니다.


[2025-06-25 21:07:53] [INFO] : [자식 pid 15063] SIGUSR2 핸들러 발생
[2025-06-25 21:08:54] [WARNING] : [자식 index 0, pid 15063] 클라이언트 연결 종료가 감지되어 해당 클라이언트 연결을 종료합니다.
[2025-06-25 21:08:54] [INFO] : 클라이언트 0 (pid: 15063, nick: 건우님) 접속 종료. 자원 회수 완료.

[2025-06-25 21:09:22] [INFO] : [부모 pid 15060] 서버 종료 시그널 수신 : 모든 자식 종료 중 ...
[2025-06-25 21:09:22] [INFO] : [부모 pid 15060] 서버 종료 완료. 자원 회수 완료.
[2025-06-25 21:09:26] [INFO] : 서버가 5101 번 포트에서 대기하고 있습니다......

[2025-06-25 21:09:28] [INFO] : 클라이언트 연결됨: 127.0.0.1
[2025-06-25 21:09:30] [INFO] : [자식 index 0, pid : 15091] 서버의 부모 프로세스에게 메시지(데이터) 작성 SIGNAL 알림: /NICK 건우님
[2025-06-25 21:09:28] [INFO] : 클라이언트 연결됨: 127.0.0.1
[2025-06-25 21:09:30] [INFO] : [부모 pid 15089] SIGUSR1 핸들러 발생
[2025-06-25 21:09:30] [INFO] : SIGUSR1 핸들러: 클라이언트 index 0 로부터 메시지 수신을 담당 서버 자식프로세스로부터 받음 : /NICK 건우님
[2025-06-25 21:09:30] [INFO] : [자식 pid 15091] SIGUSR2 핸들러 발생
[2025-06-25 21:09:32] [INFO] : [자식 index 0, pid : 15091] 서버의 부모 프로세스에게 메시지(데이터) 작성 SIGNAL 알림: /ADD 1건우
[2025-06-25 21:09:32] [INFO] : [부모 pid 15089] SIGUSR1 핸들러 발생
[2025-06-25 21:09:32] [INFO] : SIGUSR1 핸들러: 클라이언트 index 0 로부터 메시지 수신을 담당 서버 자식프로세스로부터 받음 : /ADD 1건우

/ADD -8287356 번째 /ADD 1건우 채팅방을 만들고 입장했습니다.


[2025-06-25 21:09:32] [INFO] : [자식 pid 15091] SIGUSR2 핸들러 발생
[2025-06-25 21:10:28] [WARNING] : [자식 index 0, pid 15091] 클라이언트 연결 종료가 감지되어 해당 클라이언트 연결을 종료합니다.
[2025-06-25 21:10:28] [INFO] : 클라이언트 0 (pid: 15091, nick: 건우님) 접속 종료. 자원 회수 완료.

[2025-06-25 21:10:38] [INFO] : [부모 pid 15089] 서버 종료 시그널 수신 : 모든 자식 종료 중 ...
[2025-06-25 21:10:38] [INFO] : [부모 pid 15089] 서버 종료 완료. 자원 회수 완료.
[2025-06-25 21:10:43] [INFO] : 서버가 5101 번 포트에서 대기하고 있습니다......

[2025-06-25 21:10:46] [INFO] : 클라이언트 연결됨: 127.0.0.1
[2025-06-25 21:10:48] [INFO] : [자식 index 0, pid : 15150] 서버의 부모 프로세스에게 메시지(데이터) 작성 SIGNAL 알림: /NICK 건우님
[2025-06-25 21:10:46] [INFO] : 클라이언트 연결됨: 127.0.0.1
[2025-06-25 21:10:48] [INFO] : [부모 pid 15148] SIGUSR1 핸들러 발생
[2025-06-25 21:10:48] [INFO] : SIGUSR1 핸들러: 클라이언트 index 0 로부터 메시지 수신을 담당 서버 자식프로세스로부터 받음 : /NICK 건우님
[2025-06-25 21:10:48] [INFO] : [자식 pid 15150] SIGUSR2 핸들러 발생
[2025-06-25 21:10:49] [INFO] : [자식 index 0, pid : 15150] 서버의 부모 프로세스에게 메시지(데이터) 작성 SIGNAL 알림: /MSG 건우님:건우
[2025-06-25 21:10:49] [INFO] : [부모 pid 15148] SIGUSR1 핸들러 발생
[2025-06-25 21:10:49] [INFO] : SIGUSR1 핸들러: 클라이언트 index 0 로부터 메시지 수신을 담당 서버 자식프로세스로부터 받음 : /MSG 건우님:건우
[2025-06-25 21:10:49] [INFO] : [자식 pid 15150] SIGUSR2 핸들러 발생
[2025-06-25 21:10:52] [INFO] : [자식 index 0, pid : 15150] 서버의 부모 프로세스에게 메시지(데이터) 작성 SIGNAL 알림: /ADD 1건우
[2025-06-25 21:10:52] [INFO] : [부모 pid 15148] SIGUSR1 핸들러 발생
[2025-06-25 21:10:52] [INFO] : SIGUSR1 핸들러: 클라이언트 index 0 로부터 메시지 수신을 담당 서버 자식프로세스로부터 받음 : /ADD 1건우
[2025-06-25 21:10:52] [INFO] : [자식 pid 15150] SIGUSR2 핸들러 발생
[2025-06-25 21:11:02] [WARNING] : [자식 index 0, pid 15150] 클라이언트 연결 종료가 감지되어 해당 클라이언트 연결을 종료합니다.
[2025-06-25 21:11:02] [INFO] : 클라이언트 0 (pid: 15150, nick: 건우님) 접속 종료. 자원 회수 완료.

[2025-06-25 21:11:15] [INFO] : [부모 pid 15148] 서버 종료 시그널 수신 : 모든 자식 종료 중 ...
[2025-06-25 21:11:15] [INFO] : [부모 pid 15148] 서버 종료 완료. 자원 회수 완료.
[2025-06-25 21:11:19] [INFO] : 서버가 5101 번 포트에서 대기하고 있습니다......

[2025-06-25 21:11:35] [INFO] : [부모 pid 15157] 서버 종료 시그널 수신 : 모든 자식 종료 중 ...
[2025-06-25 21:11:35] [INFO] : [부모 pid 15157] 서버 종료 완료. 자원 회수 완료.
[2025-06-25 21:18:59] [INFO] : 서버가 5101 번 포트에서 대기하고 있습니다......

[2025-06-25 21:19:02] [INFO] : 클라이언트 연결됨: 127.0.0.1
[2025-06-25 21:19:03] [INFO] : [자식 index 0, pid : 15336] 서버의 부모 프로세스에게 메시지(데이터) 작성 SIGNAL 알림: /NICK 건우님
[2025-06-25 21:19:02] [INFO] : 클라이언트 연결됨: 127.0.0.1
[2025-06-25 21:19:03] [INFO] : [부모 pid 15322] SIGUSR1 핸들러 발생
[2025-06-25 21:19:03] [INFO] : SIGUSR1 핸들러: 클라이언트 index 0 로부터 메시지 수신을 담당 서버 자식프로세스로부터 받음 : /NICK 건우님
[2025-06-25 21:19:03] [INFO] : [자식 pid 15336] SIGUSR2 핸들러 발생
[2025-06-25 21:19:06] [INFO] : [자식 index 0, pid : 15336] 서버의 부모 프로세스에게 메시지(데이터) 작성 SIGNAL 알림: /ADD 1건우
[2025-06-25 21:19:06] [INFO] : [부모 pid 15322] SIGUSR1 핸들러 발생
[2025-06-25 21:19:06] [INFO] : SIGUSR1 핸들러: 클라이언트 index 0 로부터 메시지 수신을 담당 서버 자식프로세스로부터 받음 : /ADD 1건우

0
OK


[2025-06-25 21:19:06] [INFO] : [자식 pid 15336] SIGUSR2 핸들러 발생
[2025-06-25 21:19:53] [WARNING] : [자식 index 0, pid 15336] 클라이언트 연결 종료가 감지되어 해당 클라이언트 연결을 종료합니다.
[2025-06-25 21:19:53] [INFO] : 클라이언트 0 (pid: 15336, nick: 건우님) 접속 종료. 자원 회수 완료.

[2025-06-25 21:20:10] [INFO] : [부모 pid 15322] 서버 종료 시그널 수신 : 모든 자식 종료 중 ...
[2025-06-25 21:20:10] [INFO] : [부모 pid 15322] 서버 종료 완료. 자원 회수 완료.
[2025-06-25 21:20:19] [INFO] : 서버가 5101 번 포트에서 대기하고 있습니다......

[2025-06-25 21:20:21] [INFO] : 클라이언트 연결됨: 127.0.0.1
[2025-06-25 21:20:22] [INFO] : [자식 index 0, pid : 15384] 서버의 부모 프로세스에게 메시지(데이터) 작성 SIGNAL 알림: /NICK 건우님
[2025-06-25 21:20:21] [INFO] : 클라이언트 연결됨: 127.0.0.1
[2025-06-25 21:20:22] [INFO] : [부모 pid 15382] SIGUSR1 핸들러 발생
[2025-06-25 21:20:22] [INFO] : SIGUSR1 핸들러: 클라이언트 index 0 로부터 메시지 수신을 담당 서버 자식프로세스로부터 받음 : /NICK 건우님
[2025-06-25 21:20:22] [INFO] : [자식 pid 15384] SIGUSR2 핸들러 발생
[2025-06-25 21:20:24] [INFO] : [자식 index 0, pid : 15384] 서버의 부모 프로세스에게 메시지(데이터) 작성 SIGNAL 알림: /MSG 건우님:건우
[2025-06-25 21:20:24] [INFO] : [부모 pid 15382] SIGUSR1 핸들러 발생
[2025-06-25 21:20:24] [INFO] : SIGUSR1 핸들러: 클라이언트 index 0 로부터 메시지 수신을 담당 서버 자식프로세스로부터 받음 : /MSG 건우님:건우
[2025-06-25 21:20:24] [INFO] : [자식 pid 15384] SIGUSR2 핸들러 발생
[2025-06-25 21:20:27] [INFO] : [자식 index 0, pid : 15384] 서버의 부모 프로세스에게 메시지(데이터) 작성 SIGNAL 알림: /ADD 1건우
[2025-06-25 21:20:27] [INFO] : [부모 pid 15382] SIGUSR1 핸들러 발생
[2025-06-25 21:20:27] [INFO] : SIGUSR1 핸들러: 클라이언트 index 0 로부터 메시지 수신을 담당 서버 자식프로세스로부터 받음 : /ADD 1건우

1
건우


[2025-06-25 21:20:27] [INFO] : [자식 pid 15384] SIGUSR2 핸들러 발생
[2025-06-25 21:21:56] [WARNING] : [자식 index 0, pid 15384] 클라이언트 연결 종료가 감지되어 해당 클라이언트 연결을 종료합니다.
[2025-06-25 21:21:56] [INFO] : 클라이언트 0 (pid: 15384, nick: 건우님) 접속 종료. 자원 회수 완료.

[2025-06-25 21:22:06] [INFO] : [부모 pid 15382] 서버 종료 시그널 수신 : 모든 자식 종료 중 ...
[2025-06-25 21:22:06] [INFO] : [부모 pid 15382] 서버 종료 완료. 자원 회수 완료.
[2025-06-25 21:22:09] [INFO] : 서버가 5101 번 포트에서 대기하고 있습니다......

[2025-06-25 21:22:15] [INFO] : 클라이언트 연결됨: 127.0.0.1
[2025-06-25 21:22:17] [INFO] : [자식 index 0, pid : 15451] 서버의 부모 프로세스에게 메시지(데이터) 작성 SIGNAL 알림: /NICK 건우님
[2025-06-25 21:22:15] [INFO] : 클라이언트 연결됨: 127.0.0.1
[2025-06-25 21:22:17] [INFO] : [부모 pid 15449] SIGUSR1 핸들러 발생
[2025-06-25 21:22:17] [INFO] : SIGUSR1 핸들러: 클라이언트 index 0 로부터 메시지 수신을 담당 서버 자식프로세스로부터 받음 : /NICK 건우님
[2025-06-25 21:22:17] [INFO] : [자식 pid 15451] SIGUSR2 핸들러 발생
[2025-06-25 21:22:21] [INFO] : [자식 index 0, pid : 15451] 서버의 부모 프로세스에게 메시지(데이터) 작성 SIGNAL 알림: /ADD 1건우
[2025-06-25 21:22:21] [INFO] : [부모 pid 15449] SIGUSR1 핸들러 발생
[2025-06-25 21:22:21] [INFO] : SIGUSR1 핸들러: 클라이언트 index 0 로부터 메시지 수신을 담당 서버 자식프로세스로부터 받음 : /ADD 1건우

1
건우


[2025-06-25 21:22:21] [INFO] : [자식 pid 15451] SIGUSR2 핸들러 발생
[2025-06-25 21:25:44] [WARNING] : [자식 index 0, pid 15451] 클라이언트 연결 종료가 감지되어 해당 클라이언트 연결을 종료합니다.
[2025-06-25 21:25:44] [INFO] : 클라이언트 0 (pid: 15451, nick: 건우님) 접속 종료. 자원 회수 완료.

[2025-06-25 21:25:57] [INFO] : [부모 pid 15449] 서버 종료 시그널 수신 : 모든 자식 종료 중 ...
[2025-06-25 21:25:57] [INFO] : [부모 pid 15449] 서버 종료 완료. 자원 회수 완료.
[2025-06-25 21:26:00] [INFO] : 서버가 5101 번 포트에서 대기하고 있습니다......

[2025-06-25 21:26:02] [INFO] : 클라이언트 연결됨: 127.0.0.1
[2025-06-25 21:26:03] [INFO] : [자식 index 0, pid : 15529] 서버의 부모 프로세스에게 메시지(데이터) 작성 SIGNAL 알림: /NICK 건우님
[2025-06-25 21:26:02] [INFO] : 클라이언트 연결됨: 127.0.0.1
[2025-06-25 21:26:03] [INFO] : [부모 pid 15527] SIGUSR1 핸들러 발생
[2025-06-25 21:26:03] [INFO] : SIGUSR1 핸들러: 클라이언트 index 0 로부터 메시지 수신을 담당 서버 자식프로세스로부터 받음 : /NICK 건우님
[2025-06-25 21:26:03] [INFO] : [자식 pid 15529] SIGUSR2 핸들러 발생
[2025-06-25 21:26:04] [INFO] : [자식 index 0, pid : 15529] 서버의 부모 프로세스에게 메시지(데이터) 작성 SIGNAL 알림: /MSG 건우님:건ㅇ
[2025-06-25 21:26:04] [INFO] : [부모 pid 15527] SIGUSR1 핸들러 발생
[2025-06-25 21:26:04] [INFO] : SIGUSR1 핸들러: 클라이언트 index 0 로부터 메시지 수신을 담당 서버 자식프로세스로부터 받음 : /MSG 건우님:건ㅇ
[2025-06-25 21:26:04] [INFO] : [자식 pid 15529] SIGUSR2 핸들러 발생
[2025-06-25 21:26:07] [INFO] : [자식 index 0, pid : 15529] 서버의 부모 프로세스에게 메시지(데이터) 작성 SIGNAL 알림: 
[2025-06-25 21:26:07] [INFO] : [부모 pid 15527] SIGUSR1 핸들러 발생
[2025-06-25 21:27:18] [WARNING] : [자식 index 0, pid 15529] 클라이언트 연결 종료가 감지되어 해당 클라이언트 연결을 종료합니다.
[2025-06-25 21:27:18] [INFO] : 클라이언트 0 (pid: 15529, nick: 건우님) 접속 종료. 자원 회수 완료.

[2025-06-25 21:27:21] [INFO] : 클라이언트 연결됨: 127.0.0.1
[2025-06-25 21:27:29] [INFO] : [자식 index 0, pid : 15545] 서버의 부모 프로세스에게 메시지(데이터) 작성 SIGNAL 알림: /NICK 건우님
[2025-06-25 21:27:21] [INFO] : 클라이언트 연결됨: 127.0.0.1
[2025-06-25 21:27:29] [INFO] : [부모 pid 15527] SIGUSR1 핸들러 발생
[2025-06-25 21:27:29] [INFO] : SIGUSR1 핸들러: 클라이언트 index 0 로부터 메시지 수신을 담당 서버 자식프로세스로부터 받음 : /NICK 건우님
[2025-06-25 21:27:29] [INFO] : [자식 pid 15545] SIGUSR2 핸들러 발생
[2025-06-25 21:27:48] [INFO] : 클라이언트 연결됨: 127.0.0.1
[2025-06-25 21:27:49] [INFO] : [자식 index 1, pid : 15548] 서버의 부모 프로세스에게 메시지(데이터) 작성 SIGNAL 알림: /NICK 건우님
[2025-06-25 21:27:48] [INFO] : 클라이언트 연결됨: 127.0.0.1
[2025-06-25 21:27:49] [INFO] : [부모 pid 15527] SIGUSR1 핸들러 발생
[2025-06-25 21:27:49] [INFO] : SIGUSR1 핸들러: 클라이언트 index 1 로부터 메시지 수신을 담당 서버 자식프로세스로부터 받음 : /NICK 건우님
[2025-06-25 21:27:49] [INFO] : [자식 pid 15548] SIGUSR2 핸들러 발생
[2025-06-25 21:27:56] [INFO] : [자식 index 1, pid : 15548] 서버의 부모 프로세스에게 메시지(데이터) 작성 SIGNAL 알림: /NICK 건우
[2025-06-25 21:27:56] [INFO] : [부모 pid 15527] SIGUSR1 핸들러 발생
[2025-06-25 21:27:56] [INFO] : SIGUSR1 핸들러: 클라이언트 index 1 로부터 메시지 수신을 담당 서버 자식프로세스로부터 받음 : /NICK 건우
[2025-06-25 21:27:56] [INFO] : [자식 pid 15548] SIGUSR2 핸들러 발생
[2025-06-25 21:40:21] [WARNING] : [자식 index 1, pid 15548] 클라이언트 연결 종료가 감지되어 해당 클라이언트 연결을 종료합니다.
[2025-06-25 21:40:21] [INFO] : 클라이언트 1 (pid: 15548, nick: 건우) 접속 종료. 자원 회수 완료.

[2025-06-25 21:40:23] [WARNING] : [자식 index 0, pid 15545] 클라이언트 연결 종료가 감지되어 해당 클라이언트 연결을 종료합니다.
[2025-06-25 21:40:23] [INFO] : 클라이언트 0 (pid: 15545, nick: 건우님) 접속 종료. 자원 회수 완료.

[2025-06-25 21:40:54] [INFO] : [부모 pid 15527] 서버 종료 시그널 수신 : 모든 자식 종료 중 ...
[2025-06-25 21:40:54] [INFO] : [부모 pid 15527] 서버 종료 완료. 자원 회수 완료.
[2025-06-25 21:40:57] [INFO] : 서버가 5101 번 포트에서 대기하고 있습니다......

[2025-06-25 21:41:00] [INFO] : 클라이언트 연결됨: 127.0.0.1
[2025-06-25 21:41:02] [INFO] : [자식 index 0, pid : 15642] 서버의 부모 프로세스에게 메시지(데이터) 작성 SIGNAL 알림: /NICK 군우
[2025-06-25 21:41:00] [INFO] : 클라이언트 연결됨: 127.0.0.1
[2025-06-25 21:41:02] [INFO] : [부모 pid 15639] SIGUSR1 핸들러 발생
[2025-06-25 21:41:02] [INFO] : SIGUSR1 핸들러: 클라이언트 index 0 로부터 메시지 수신을 담당 서버 자식프로세스로부터 받음 : /NICK 군우
[2025-06-25 21:41:02] [INFO] : [자식 pid 15642] SIGUSR2 핸들러 발생
[2025-06-25 21:41:05] [INFO] : [자식 index 0, pid : 15642] 서버의 부모 프로세스에게 메시지(데이터) 작성 SIGNAL 알림: 
[2025-06-25 21:41:05] [INFO] : [부모 pid 15639] SIGUSR1 핸들러 발생
[2025-06-25 21:42:04] [WARNING] : [자식 index 0, pid 15642] 클라이언트 연결 종료가 감지되어 해당 클라이언트 연결을 종료합니다.
[2025-06-25 21:42:04] [INFO] : 클라이언트 0 (pid: 15642, nick: 군우) 접속 종료. 자원 회수 완료.

[2025-06-25 21:42:14] [INFO] : [부모 pid 15639] 서버 종료 시그널 수신 : 모든 자식 종료 중 ...
[2025-06-25 21:42:14] [INFO] : [부모 pid 15639] 서버 종료 완료. 자원 회수 완료.
[2025-06-25 21:42:18] [INFO] : 서버가 5101 번 포트에서 대기하고 있습니다......

[2025-06-25 21:42:20] [INFO] : 클라이언트 연결됨: 127.0.0.1
[2025-06-25 21:42:22] [INFO] : [자식 index 0, pid : 15695] 서버의 부모 프로세스에게 메시지(데이터) 작성 SIGNAL 알림: /NICK ㄱㄴ우
[2025-06-25 21:42:20] [INFO] : 클라이언트 연결됨: 127.0.0.1
[2025-06-25 21:42:22] [INFO] : [부모 pid 15693] SIGUSR1 핸들러 발생
[2025-06-25 21:42:22] [INFO] : SIGUSR1 핸들러: 클라이언트 index 0 로부터 메시지 수신을 담당 서버 자식프로세스로부터 받음 : /NICK ㄱㄴ우
[2025-06-25 21:42:22] [INFO] : [자식 pid 15695] SIGUSR2 핸들러 발생
[2025-06-25 21:42:26] [INFO] : [자식 index 0, pid : 15695] 서버의 부모 프로세스에게 메시지(데이터) 작성 SIGNAL 알림: 
[2025-06-25 21:42:26] [INFO] : [부모 pid 15693] SIGUSR1 핸들러 발생
[2025-06-25 21:43:11] [WARNING] : [자식 index 0, pid 15695] 클라이언트 연결 종료가 감지되어 해당 클라이언트 연결을 종료합니다.
[2025-06-25 21:43:11] [INFO] : 클라이언트 0 (pid: 15695, nick: ㄱㄴ우) 접속 종료. 자원 회수 완료.

[2025-06-25 21:43:17] [INFO] : [부모 pid 15693] 서버 종료 시그널 수신 : 모든 자식 종료 중 ...
[2025-06-25 21:43:17] [INFO] : [부모 pid 15693] 서버 종료 완료. 자원 회수 완료.
[2025-06-25 21:43:19] [INFO] : 서버가 5101 번 포트에서 대기하고 있습니다......

[2025-06-25 21:43:21] [INFO] : 클라이언트 연결됨: 127.0.0.1
[2025-06-25 21:43:22] [INFO] : [자식 index 0, pid : 15752] 서버의 부모 프로세스에게 메시지(데이터) 작성 SIGNAL 알림: /NICK 건우
[2025-06-25 21:43:21] [INFO] : 클라이언트 연결됨: 127.0.0.1
[2025-06-25 21:43:22] [INFO] : [부모 pid 15750] SIGUSR1 핸들러 발생
[2025-06-25 21:43:22] [INFO] : SIGUSR1 핸들러: 클라이언트 index 0 로부터 메시지 수신을 담당 서버 자식프로세스로부터 받음 : /NICK 건우
[2025-06-25 21:43:22] [INFO] : [자식 pid 15752] SIGUSR2 핸들러 발생
[2025-06-25 21:43:25] [INFO] : [자식 index 0, pid : 15752] 서버의 부모 프로세스에게 메시지(데이터) 작성 SIGNAL 알림: 
[2025-06-25 21:43:25] [INFO] : [부모 pid 15750] SIGUSR1 핸들러 발생
[2025-06-25 21:44:46] [INFO] : [자식 index 0, pid : 15752] 서버의 부모 프로세스에게 메시지(데이터) 작성 SIGNAL 알림: /MSG 건우:SDF
[2025-06-25 21:44:46] [INFO] : [부모 pid 15750] SIGUSR1 핸들러 발생
[2025-06-25 21:44:46] [INFO] : SIGUSR1 핸들러: 클라이언트 index 0 로부터 메시지 수신을 담당 서버 자식프로세스로부터 받음 : /MSG 건우:SDF
[2025-06-25 21:44:46] [INFO] : [자식 pid 15752] SIGUSR2 핸들러 발생
[2025-06-25 21:45:19] [INFO] : [자식 index 0, pid : 15752] 서버의 부모 프로세스에게 메시지(데이터) 작성 SIGNAL 알림: /MSG 건우:
[2025-06-25 21:45:19] [INFO] : [부모 pid 15750] SIGUSR1 핸들러 발생
[2025-06-25 21:45:19] [INFO] : SIGUSR1 핸들러: 클라이언트 index 0 로부터 메시지 수신을 담당 서버 자식프로세스로부터 받음 : /MSG 건우:
[2025-06-25 21:45:19] [INFO] : [자식 pid 15752] SIGUSR2 핸들러 발생
[2025-06-25 21:47:00] [WARNING] : [자식 index 0, pid 15752] 클라이언트 연결 종료가 감지되어 해당 클라이언트 연결을 종료합니다.
[2025-06-25 21:47:00] [INFO] : 클라이언트 0 (pid: 15752, nick: 건우) 접속 종료. 자원 회수 완료.

[2025-06-25 21:47:09] [INFO] : [부모 pid 15750] 서버 종료 시그널 수신 : 모든 자식 종료 중 ...
[2025-06-25 21:47:09] [INFO] : [부모 pid 15750] 서버 종료 완료. 자원 회수 완료.
[2025-06-25 21:47:11] [INFO] : 서버가 5101 번 포트에서 대기하고 있습니다......

[2025-06-25 21:47:13] [INFO] : 클라이언트 연결됨: 127.0.0.1
[2025-06-25 21:47:14] [INFO] : [자식 index 0, pid : 15822] 서버의 부모 프로세스에게 메시지(데이터) 작성 SIGNAL 알림: /NICK rjsdnsla
[2025-06-25 21:47:13] [INFO] : 클라이언트 연결됨: 127.0.0.1
[2025-06-25 21:47:14] [INFO] : [부모 pid 15820] SIGUSR1 핸들러 발생
[2025-06-25 21:47:14] [INFO] : SIGUSR1 핸들러: 클라이언트 index 0 로부터 메시지 수신을 담당 서버 자식프로세스로부터 받음 : /NICK rjsdnsla
[2025-06-25 21:47:14] [INFO] : [자식 pid 15822] SIGUSR2 핸들러 발생
[2025-06-25 21:47:20] [INFO] : [자식 index 0, pid : 15822] 서버의 부모 프로세스에게 메시지(데이터) 작성 SIGNAL 알림: /ADD 1건우
[2025-06-25 21:47:20] [INFO] : [부모 pid 15820] SIGUSR1 핸들러 발생
[2025-06-25 21:47:20] [INFO] : SIGUSR1 핸들러: 클라이언트 index 0 로부터 메시지 수신을 담당 서버 자식프로세스로부터 받음 : /ADD 1건우

test



/ADD 1 번째 건우 채팅방을 만들고 입장했습니다.


[2025-06-25 21:47:20] [INFO] : [자식 pid 15822] SIGUSR2 핸들러 발생
[2025-06-25 21:48:44] [WARNING] : [자식 index 0, pid 15822] 클라이언트 연결 종료가 감지되어 해당 클라이언트 연결을 종료합니다.
[2025-06-25 21:48:44] [INFO] : 클라이언트 0 (pid: 15822, nick: rjsdnsla) 접속 종료. 자원 회수 완료.

[2025-06-25 21:48:58] [INFO] : [부모 pid 15820] 서버 종료 시그널 수신 : 모든 자식 종료 중 ...
[2025-06-25 21:48:58] [INFO] : [부모 pid 15820] 서버 종료 완료. 자원 회수 완료.
[2025-06-25 21:49:00] [INFO] : 서버가 5101 번 포트에서 대기하고 있습니다......

[2025-06-25 21:49:02] [INFO] : 클라이언트 연결됨: 127.0.0.1
[2025-06-25 21:49:03] [INFO] : [자식 index 0, pid : 15903] 서버의 부모 프로세스에게 메시지(데이터) 작성 SIGNAL 알림: /NICK 건우님
[2025-06-25 21:49:02] [INFO] : 클라이언트 연결됨: 127.0.0.1
[2025-06-25 21:49:03] [INFO] : [부모 pid 15901] SIGUSR1 핸들러 발생
[2025-06-25 21:49:03] [INFO] : SIGUSR1 핸들러: 클라이언트 index 0 로부터 메시지 수신을 담당 서버 자식프로세스로부터 받음 : /NICK 건우님
[2025-06-25 21:49:03] [INFO] : [자식 pid 15903] SIGUSR2 핸들러 발생

test



OK


[2025-06-25 21:49:07] [INFO] : [자식 index 0, pid : 15903] 서버의 부모 프로세스에게 메시지(데이터) 작성 SIGNAL 알림: /ADD 1건우
[2025-06-25 21:49:07] [INFO] : [부모 pid 15901] SIGUSR1 핸들러 발생
[2025-06-25 21:49:07] [INFO] : SIGUSR1 핸들러: 클라이언트 index 0 로부터 메시지 수신을 담당 서버 자식프로세스로부터 받음 : /ADD 1건우
[2025-06-25 21:49:07] [INFO] : [자식 pid 15903] SIGUSR2 핸들러 발생

test



/ADD 1 번째 건우 채팅방을 만들고 입장했습니다.


[2025-06-25 21:51:40] [WARNING] : [자식 index 0, pid 15903] 클라이언트 연결 종료가 감지되어 해당 클라이언트 연결을 종료합니다.
[2025-06-25 21:51:40] [INFO] : 클라이언트 0 (pid: 15903, nick: 건우님) 접속 종료. 자원 회수 완료.

[2025-06-25 21:51:49] [INFO] : [부모 pid 15901] 서버 종료 시그널 수신 : 모든 자식 종료 중 ...
[2025-06-25 21:51:49] [INFO] : [부모 pid 15901] 서버 종료 완료. 자원 회수 완료.
[2025-06-25 21:51:51] [INFO] : 서버가 5101 번 포트에서 대기하고 있습니다......

[2025-06-25 21:51:53] [INFO] : 클라이언트 연결됨: 127.0.0.1
[2025-06-25 21:51:55] [INFO] : [자식 index 0, pid : 15972] 서버의 부모 프로세스에게 메시지(데이터) 작성 SIGNAL 알림: /NICK 건우님
[2025-06-25 21:51:53] [INFO] : 클라이언트 연결됨: 127.0.0.1
[2025-06-25 21:51:55] [INFO] : [부모 pid 15970] SIGUSR1 핸들러 발생
[2025-06-25 21:51:55] [INFO] : SIGUSR1 핸들러: 클라이언트 index 0 로부터 메시지 수신을 담당 서버 자식프로세스로부터 받음 : /NICK 건우님
[2025-06-25 21:51:55] [INFO] : [자식 pid 15972] SIGUSR2 핸들러 발생
[2025-06-25 21:51:57] [INFO] : [자식 index 0, pid : 15972] 서버의 부모 프로세스에게 메시지(데이터) 작성 SIGNAL 알림: /ADD 1건우
[2025-06-25 21:51:57] [INFO] : [부모 pid 15970] SIGUSR1 핸들러 발생
[2025-06-25 21:51:57] [INFO] : SIGUSR1 핸들러: 클라이언트 index 0 로부터 메시지 수신을 담당 서버 자식프로세스로부터 받음 : /ADD 1건우
[2025-06-25 21:51:57] [INFO] : [자식 pid 15972] SIGUSR2 핸들러 발생
[2025-06-25 21:52:29] [INFO] : [자식 index 0, pid : 15972] 서버의 부모 프로세스에게 메시지(데이터) 작성 SIGNAL 알림: /MSG 건우님:ㅇㄴㄹ ㄴㅇㄹ
[2025-06-25 21:52:29] [INFO] : [부모 pid 15970] SIGUSR1 핸들러 발생
[2025-06-25 21:52:29] [INFO] : SIGUSR1 핸들러: 클라이언트 index 0 로부터 메시지 수신을 담당 서버 자식프로세스로부터 받음 : /MSG 건우님:ㅇㄴㄹ ㄴㅇㄹ
[2025-06-25 21:52:29] [INFO] : [자식 pid 15972] SIGUSR2 핸들러 발생
[2025-06-25 21:52:34] [INFO] : [자식 index 0, pid : 15972] 서버의 부모 프로세스에게 메시지(데이터) 작성 SIGNAL 알림: /MSG 건우님:ㅎㅇ ㅇ
[2025-06-25 21:52:34] [INFO] : [부모 pid 15970] SIGUSR1 핸들러 발생
[2025-06-25 21:52:34] [INFO] : SIGUSR1 핸들러: 클라이언트 index 0 로부터 메시지 수신을 담당 서버 자식프로세스로부터 받음 : /MSG 건우님:ㅎㅇ ㅇ
[2025-06-25 21:52:34] [INFO] : [자식 pid 15972] SIGUSR2 핸들러 발생
[2025-06-25 22:01:41] [WARNING] : [자식 index 0, pid 15972] 클라이언트 연결 종료가 감지되어 해당 클라이언트 연결을 종료합니다.
[2025-06-25 22:01:41] [INFO] : 클라이언트 0 (pid: 15972, nick: 건우님) 접속 종료. 자원 회수 완료.

[2025-06-25 22:02:12] [INFO] : [부모 pid 15970] 서버 종료 시그널 수신 : 모든 자식 종료 중 ...
[2025-06-25 22:02:12] [INFO] : [부모 pid 15970] 서버 종료 완료. 자원 회수 완료.
[2025-06-25 22:02:24] [INFO] : 서버가 5101 번 포트에서 대기하고 있습니다......

[2025-06-25 22:02:27] [INFO] : 클라이언트 연결됨: 127.0.0.1
[2025-06-25 22:02:28] [INFO] : [자식 index 0, pid : 16038] 서버의 부모 프로세스에게 메시지(데이터) 작성 SIGNAL 알림: /NICK 건우님
[2025-06-25 22:02:27] [INFO] : 클라이언트 연결됨: 127.0.0.1
[2025-06-25 22:02:28] [INFO] : [부모 pid 16036] SIGUSR1 핸들러 발생
[2025-06-25 22:02:28] [INFO] : SIGUSR1 핸들러: 클라이언트 index 0 로부터 메시지 수신을 담당 서버 자식프로세스로부터 받음 : /NICK 건우님
[2025-06-25 22:02:28] [INFO] : [자식 pid 16038] SIGUSR2 핸들러 발생
[2025-06-25 22:02:31] [INFO] : [자식 index 0, pid : 16038] 서버의 부모 프로세스에게 메시지(데이터) 작성 SIGNAL 알림: /ADD 1건우
[2025-06-25 22:02:31] [INFO] : [부모 pid 16036] SIGUSR1 핸들러 발생
[2025-06-25 22:02:31] [INFO] : SIGUSR1 핸들러: 클라이언트 index 0 로부터 메시지 수신을 담당 서버 자식프로세스로부터 받음 : /ADD 1건우
[2025-06-25 22:02:31] [INFO] : [자식 pid 16038] SIGUSR2 핸들러 발생
[2025-06-25 22:03:30] [INFO] : [자식 index 0, pid : 16038] 서버의 부모 프로세스에게 메시지(데이터) 작성 SIGNAL 알림: /MSG 건우님:ㄹㄴㅇㄹ ㄴㅇㄹ
[2025-06-25 22:03:30] [INFO] : [부모 pid 16036] SIGUSR1 핸들러 발생
[2025-06-25 22:03:30] [INFO] : SIGUSR1 핸들러: 클라이언트 index 0 로부터 메시지 수신을 담당 서버 자식프로세스로부터 받음 : /MSG 건우님:ㄹㄴㅇㄹ ㄴㅇㄹ
[2025-06-25 22:03:30] [INFO] : [자식 pid 16038] SIGUSR2 핸들러 발생
[2025-06-25 22:05:15] [INFO] : [자식 index 0, pid : 16038] 서버의 부모 프로세스에게 메시지(데이터) 작성 SIGNAL 알림: /MSG 건우님:[A
[2025-06-25 22:05:15] [INFO] : [부모 pid 16036] SIGUSR1 핸들러 발생
[2025-06-25 22:05:15] [INFO] : SIGUSR1 핸들러: 클라이언트 index 0 로부터 메시지 수신을 담당 서버 자식프로세스로부터 받음 : /MSG 건우님:[A
[2025-06-25 22:05:15] [INFO] : [자식 pid 16038] SIGUSR2 핸들러 발생
[2025-06-25 22:05:17] [INFO] : [자식 index 0, pid : 16038] 서버의 부모 프로세스에게 메시지(데이터) 작성 SIGNAL 알림: /MSG 건우님:
[2025-06-25 22:05:17] [INFO] : [부모 pid 16036] SIGUSR1 핸들러 발생
[2025-06-25 22:05:17] [INFO] : SIGUSR1 핸들러: 클라이언트 index 0 로부터 메시지 수신을 담당 서버 자식프로세스로부터 받음 : /MSG 건우님:
[2025-06-25 22:05:17] [INFO] : [자식 pid 16038] SIGUSR2 핸들러 발생
[2025-06-25 22:05:28] [INFO] : [자식 index 0, pid : 16038] 서버의 부모 프로세스에게 메시지(데이터) 작성 SIGNAL 알림: /MSG 건우님:sdf
[2025-06-25 22:05:28] [INFO] : [부모 pid 16036] SIGUSR1 핸들러 발생
[2025-06-25 22:05:28] [INFO] : SIGUSR1 핸들러: 클라이언트 index 0 로부터 메시지 수신을 담당 서버 자식프로세스로부터 받음 : /MSG 건우님:sdf
[2025-06-25 22:05:28] [INFO] : [자식 pid 16038] SIGUSR2 핸들러 발생
[2025-06-25 22:05:30] [INFO] : [자식 index 0, pid : 16038] 서버의 부모 프로세스에게 메시지(데이터) 작성 SIGNAL 알림: /MSG 건우님:sdf sd
[2025-06-25 22:05:30] [INFO] : [부모 pid 16036] SIGUSR1 핸들러 발생
[2025-06-25 22:05:30] [INFO] : SIGUSR1 핸들러: 클라이언트 index 0 로부터 메시지 수신을 담당 서버 자식프로세스로부터 받음 : /MSG 건우님:sdf sd
[2025-06-25 22:05:30] [INFO] : [자식 pid 16038] SIGUSR2 핸들러 발생
[2025-06-25 22:09:41] [WARNING] : [자식 index 0, pid 16038] 클라이언트 연결 종료가 감지되어 해당 클라이언트 연결을 종료합니다.
[2025-06-25 22:09:41] [INFO] : 클라이언트 0 (pid: 16038, nick: 건우님) 접속 종료. 자원 회수 완료.

[2025-06-25 22:09:48] [INFO] : [부모 pid 16036] 서버 종료 시그널 수신 : 모든 자식 종료 중 ...
[2025-06-25 22:09:48] [INFO] : [부모 pid 16036] 서버 종료 완료. 자원 회수 완료.
[2025-06-25 22:09:50] [INFO] : 서버가 5101 번 포트에서 대기하고 있습니다......

[2025-06-25 22:09:52] [INFO] : 클라이언트 연결됨: 127.0.0.1
[2025-06-25 22:09:55] [INFO] : [자식 index 0, pid : 16131] 서버의 부모 프로세스에게 메시지(데이터) 작성 SIGNAL 알림: /NICK rjsdnsla




[2025-06-25 22:09:52] [INFO] : 클라이언트 연결됨: 127.0.0.1
[2025-06-25 22:09:55] [INFO] : [부모 pid 16129] SIGUSR1 핸들러 발생
[2025-06-25 22:09:55] [INFO] : SIGUSR1 핸들러: 클라이언트 index 0 로부터 메시지 수신을 담당 서버 자식프로세스로부터 받음 : /NICK rjsdnsla
[2025-06-25 22:09:55] [INFO] : [자식 pid 16131] SIGUSR2 핸들러 발생
[2025-06-25 22:09:57] [INFO] : [자식 index 0, pid : 16131] 서버의 부모 프로세스에게 메시지(데이터) 작성 SIGNAL 알림: /MSG rjsdnsla:건우




[2025-06-25 22:09:57] [INFO] : [부모 pid 16129] SIGUSR1 핸들러 발생
[2025-06-25 22:09:57] [INFO] : SIGUSR1 핸들러: 클라이언트 index 0 로부터 메시지 수신을 담당 서버 자식프로세스로부터 받음 : /MSG rjsdnsla:건우
[2025-06-25 22:09:57] [INFO] : [자식 pid 16131] SIGUSR2 핸들러 발생
[2025-06-25 22:11:33] [WARNING] : [자식 index 0, pid 16131] 클라이언트 연결 종료가 감지되어 해당 클라이언트 연결을 종료합니다.
[2025-06-25 22:11:33] [INFO] : 클라이언트 0 (pid: 16131, nick: rjsdnsla) 접속 종료. 자원 회수 완료.

[2025-06-25 22:11:42] [INFO] : [부모 pid 16129] 서버 종료 시그널 수신 : 모든 자식 종료 중 ...
[2025-06-25 22:11:42] [INFO] : [부모 pid 16129] 서버 종료 완료. 자원 회수 완료.
[2025-06-25 22:11:44] [INFO] : 서버가 5101 번 포트에서 대기하고 있습니다......

[2025-06-25 22:11:46] [INFO] : 클라이언트 연결됨: 127.0.0.1
[2025-06-25 22:11:47] [INFO] : [자식 index 0, pid : 16226] 서버의 부모 프로세스에게 메시지(데이터) 작성 SIGNAL 알림: /NICK 건우님

/NICK 건우님


[2025-06-25 22:11:46] [INFO] : 클라이언트 연결됨: 127.0.0.1
[2025-06-25 22:11:47] [INFO] : [부모 pid 16224] SIGUSR1 핸들러 발생
[2025-06-25 22:11:47] [INFO] : SIGUSR1 핸들러: 클라이언트 index 0 로부터 메시지 수신을 담당 서버 자식프로세스로부터 받음 : /NICK 건우님
[2025-06-25 22:11:47] [INFO] : [자식 pid 16226] SIGUSR2 핸들러 발생
[2025-06-25 22:11:48] [INFO] : [자식 index 0, pid : 16226] 서버의 부모 프로세스에게 메시지(데이터) 작성 SIGNAL 알림: /MSG 건우님:건우

/MSG 건우님:건우


[2025-06-25 22:11:48] [INFO] : [부모 pid 16224] SIGUSR1 핸들러 발생
[2025-06-25 22:11:48] [INFO] : SIGUSR1 핸들러: 클라이언트 index 0 로부터 메시지 수신을 담당 서버 자식프로세스로부터 받음 : /MSG 건우님:건우
[2025-06-25 22:11:48] [INFO] : [자식 pid 16226] SIGUSR2 핸들러 발생
[2025-06-25 22:11:55] [INFO] : [자식 index 0, pid : 16226] 서버의 부모 프로세스에게 메시지(데이터) 작성 SIGNAL 알림: /MSG 건우님:건우 건우

/MSG 건우님:건우 건우


[2025-06-25 22:11:55] [INFO] : [부모 pid 16224] SIGUSR1 핸들러 발생
[2025-06-25 22:11:55] [INFO] : SIGUSR1 핸들러: 클라이언트 index 0 로부터 메시지 수신을 담당 서버 자식프로세스로부터 받음 : /MSG 건우님:건우 건우
[2025-06-25 22:11:55] [INFO] : [자식 pid 16226] SIGUSR2 핸들러 발생
[2025-06-25 22:12:22] [INFO] : [자식 index 0, pid : 16226] 서버의 부모 프로세스에게 메시지(데이터) 작성 SIGNAL 알림: /ADD 1건우 건우

/ADD 1건우 건우


[2025-06-25 22:12:22] [INFO] : [부모 pid 16224] SIGUSR1 핸들러 발생
[2025-06-25 22:12:22] [INFO] : SIGUSR1 핸들러: 클라이언트 index 0 로부터 메시지 수신을 담당 서버 자식프로세스로부터 받음 : /ADD 1건우 건우
[2025-06-25 22:12:22] [INFO] : [자식 pid 16226] SIGUSR2 핸들러 발생
[2025-06-25 22:14:16] [WARNING] : [자식 index 0, pid 16226] 클라이언트 연결 종료가 감지되어 해당 클라이언트 연결을 종료합니다.
[2025-06-25 22:14:16] [INFO] : 클라이언트 0 (pid: 16226, nick: 건우님) 접속 종료. 자원 회수 완료.

[2025-06-25 22:14:19] [INFO] : 클라이언트 연결됨: 127.0.0.1
[2025-06-25 22:14:29] [WARNING] : [자식 index 0, pid 16258] 클라이언트 연결 종료가 감지되어 해당 클라이언트 연결을 종료합니다.
[2025-06-25 22:14:19] [INFO] : 클라이언트 연결됨: 127.0.0.1
[2025-06-25 22:14:29] [INFO] : 클라이언트 0 (pid: 16258, nick: GUEST) 접속 종료. 자원 회수 완료.

[2025-06-25 22:14:30] [INFO] : 클라이언트 연결됨: 127.0.0.1
[2025-06-25 22:14:43] [INFO] : [자식 index 0, pid : 16292] 서버의 부모 프로세스에게 메시지(데이터) 작성 SIGNAL 알림: /NICK 건우님!

/NICK 건우님!


[2025-06-25 22:14:30] [INFO] : 클라이언트 연결됨: 127.0.0.1
[2025-06-25 22:14:43] [INFO] : [부모 pid 16224] SIGUSR1 핸들러 발생
[2025-06-25 22:14:43] [INFO] : SIGUSR1 핸들러: 클라이언트 index 0 로부터 메시지 수신을 담당 서버 자식프로세스로부터 받음 : /NICK 건우님!
[2025-06-25 22:14:43] [INFO] : [자식 pid 16292] SIGUSR2 핸들러 발생
[2025-06-25 22:14:44] [INFO] : [자식 index 0, pid : 16292] 서버의 부모 프로세스에게 메시지(데이터) 작성 SIGNAL 알림: /MSG 건우님!:ㄴㅇㄹ

/MSG 건우님!:ㄴㅇㄹ


[2025-06-25 22:14:44] [INFO] : [부모 pid 16224] SIGUSR1 핸들러 발생
[2025-06-25 22:14:44] [INFO] : SIGUSR1 핸들러: 클라이언트 index 0 로부터 메시지 수신을 담당 서버 자식프로세스로부터 받음 : /MSG 건우님!:ㄴㅇㄹ
[2025-06-25 22:14:44] [INFO] : [자식 pid 16292] SIGUSR2 핸들러 발생
[2025-06-25 22:14:45] [INFO] : [자식 index 0, pid : 16292] 서버의 부모 프로세스에게 메시지(데이터) 작성 SIGNAL 알림: /MSG 건우님!:ㄴㅇ ㄴㅇㄹ

/MSG 건우님!:ㄴㅇ ㄴㅇㄹ


[2025-06-25 22:14:45] [INFO] : [부모 pid 16224] SIGUSR1 핸들러 발생
[2025-06-25 22:14:45] [INFO] : SIGUSR1 핸들러: 클라이언트 index 0 로부터 메시지 수신을 담당 서버 자식프로세스로부터 받음 : /MSG 건우님!:ㄴㅇ ㄴㅇㄹ
[2025-06-25 22:14:45] [INFO] : [자식 pid 16292] SIGUSR2 핸들러 발생
[2025-06-25 22:14:47] [INFO] : [자식 index 0, pid : 16292] 서버의 부모 프로세스에게 메시지(데이터) 작성 SIGNAL 알림: /MSG 건우님!:ㅁㄴㅇㄹ ㄴㅇㄹ

/MSG 건우님!:ㅁㄴㅇㄹ ㄴㅇㄹ


[2025-06-25 22:14:47] [INFO] : [부모 pid 16224] SIGUSR1 핸들러 발생
[2025-06-25 22:14:47] [INFO] : SIGUSR1 핸들러: 클라이언트 index 0 로부터 메시지 수신을 담당 서버 자식프로세스로부터 받음 : /MSG 건우님!:ㅁㄴㅇㄹ ㄴㅇㄹ
[2025-06-25 22:14:47] [INFO] : [자식 pid 16292] SIGUSR2 핸들러 발생
[2025-06-25 22:14:49] [INFO] : [자식 index 0, pid : 16292] 서버의 부모 프로세스에게 메시지(데이터) 작성 SIGNAL 알림: /MSG 건우님!:ㄴㅇㄹ ㄴㅇㄹ ㄴㅇㄹ 

/MSG 건우님!:ㄴㅇㄹ ㄴㅇㄹ ㄴㅇㄹ 


[2025-06-25 22:14:49] [INFO] : [부모 pid 16224] SIGUSR1 핸들러 발생
[2025-06-25 22:14:49] [INFO] : SIGUSR1 핸들러: 클라이언트 index 0 로부터 메시지 수신을 담당 서버 자식프로세스로부터 받음 : /MSG 건우님!:ㄴㅇㄹ ㄴㅇㄹ ㄴㅇㄹ 
[2025-06-25 22:14:49] [INFO] : [자식 pid 16292] SIGUSR2 핸들러 발생
[2025-06-25 22:15:38] [INFO] : [자식 index 0, pid : 16292] 서버의 부모 프로세스에게 메시지(데이터) 작성 SIGNAL 알림: /MSG 건우님!:

/MSG 건우님!:


[2025-06-25 22:15:38] [INFO] : [부모 pid 16224] SIGUSR1 핸들러 발생
[2025-06-25 22:15:38] [INFO] : SIGUSR1 핸들러: 클라이언트 index 0 로부터 메시지 수신을 담당 서버 자식프로세스로부터 받음 : /MSG 건우님!:
[2025-06-25 22:15:38] [INFO] : [자식 pid 16292] SIGUSR2 핸들러 발생
[2025-06-25 22:15:42] [INFO] : [자식 index 0, pid : 16292] 서버의 부모 프로세스에게 메시지(데이터) 작성 SIGNAL 알림: /ADD 2ㄹㅇ

/ADD 2ㄹㅇ


[2025-06-25 22:15:42] [INFO] : [부모 pid 16224] SIGUSR1 핸들러 발생
[2025-06-25 22:15:42] [INFO] : SIGUSR1 핸들러: 클라이언트 index 0 로부터 메시지 수신을 담당 서버 자식프로세스로부터 받음 : /ADD 2ㄹㅇ
[2025-06-25 22:15:42] [INFO] : [자식 pid 16292] SIGUSR2 핸들러 발생
[2025-06-25 22:21:01] [WARNING] : [자식 index 0, pid 16292] 클라이언트 연결 종료가 감지되어 해당 클라이언트 연결을 종료합니다.
[2025-06-25 22:21:01] [INFO] : 클라이언트 0 (pid: 16292, nick: 건우님!) 접속 종료. 자원 회수 완료.

[2025-06-25 22:21:08] [INFO] : [부모 pid 16224] 서버 종료 시그널 수신 : 모든 자식 종료 중 ...
[2025-06-25 22:21:08] [INFO] : [부모 pid 16224] 서버 종료 완료. 자원 회수 완료.
[2025-06-25 22:21:10] [INFO] : 서버가 5101 번 포트에서 대기하고 있습니다......

[2025-06-25 22:21:11] [INFO] : 클라이언트 연결됨: 127.0.0.1
[2025-06-25 22:21:13] [INFO] : [자식 index 0, pid : 16360] 서버의 부모 프로세스에게 메시지(데이터) 작성 SIGNAL 알림: /NICK 건우님

/NICK 건우님


[2025-06-25 22:21:11] [INFO] : 클라이언트 연결됨: 127.0.0.1
[2025-06-25 22:21:13] [INFO] : [부모 pid 16358] SIGUSR1 핸들러 발생
[2025-06-25 22:21:13] [INFO] : SIGUSR1 핸들러: 클라이언트 index 0 로부터 메시지 수신을 담당 서버 자식프로세스로부터 받음 : /NICK 건우님
[2025-06-25 22:21:13] [INFO] : [자식 pid 16360] SIGUSR2 핸들러 발생
[2025-06-25 22:21:14] [INFO] : [자식 index 0, pid : 16360] 서버의 부모 프로세스에게 메시지(데이터) 작성 SIGNAL 알림: /MSG 건우님:건우

/MSG 건우님:건우


[2025-06-25 22:21:14] [INFO] : [부모 pid 16358] SIGUSR1 핸들러 발생
[2025-06-25 22:21:14] [INFO] : SIGUSR1 핸들러: 클라이언트 index 0 로부터 메시지 수신을 담당 서버 자식프로세스로부터 받음 : /MSG 건우님:건우
[2025-06-25 22:21:14] [INFO] : [자식 pid 16360] SIGUSR2 핸들러 발생
[2025-06-25 22:21:17] [INFO] : [자식 index 0, pid : 16360] 서버의 부모 프로세스에게 메시지(데이터) 작성 SIGNAL 알림: /MSG 건우님:건우 건 건 

/MSG 건우님:건우 건 건 


[2025-06-25 22:21:17] [INFO] : [부모 pid 16358] SIGUSR1 핸들러 발생
[2025-06-25 22:21:17] [INFO] : SIGUSR1 핸들러: 클라이언트 index 0 로부터 메시지 수신을 담당 서버 자식프로세스로부터 받음 : /MSG 건우님:건우 건 건 
[2025-06-25 22:21:17] [INFO] : [자식 pid 16360] SIGUSR2 핸들러 발생
[2025-06-25 22:21:34] [WARNING] : [자식 index 0, pid 16360] 클라이언트 연결 종료가 감지되어 해당 클라이언트 연결을 종료합니다.
[2025-06-25 22:21:34] [INFO] : 클라이언트 0 (pid: 16360, nick: 건우님) 접속 종료. 자원 회수 완료.

[2025-06-25 22:21:46] [INFO] : [부모 pid 16358] 서버 종료 시그널 수신 : 모든 자식 종료 중 ...
[2025-06-25 22:21:46] [INFO] : [부모 pid 16358] 서버 종료 완료. 자원 회수 완료.
[2025-06-25 22:21:48] [INFO] : 서버가 5101 번 포트에서 대기하고 있습니다......

[2025-06-25 22:21:55] [INFO] : 클라이언트 연결됨: 127.0.0.1
[2025-06-25 22:21:56] [INFO] : [자식 index 0, pid : 16394] 서버의 부모 프로세스에게 메시지(데이터) 작성 SIGNAL 알림: /NICK 건우님

/NICK 건우님


[2025-06-25 22:21:55] [INFO] : 클라이언트 연결됨: 127.0.0.1
[2025-06-25 22:21:56] [INFO] : [부모 pid 16369] SIGUSR1 핸들러 발생
[2025-06-25 22:21:56] [INFO] : SIGUSR1 핸들러: 클라이언트 index 0 로부터 메시지 수신을 담당 서버 자식프로세스로부터 받음 : /NICK 건우님
[2025-06-25 22:21:56] [INFO] : [자식 pid 16394] SIGUSR2 핸들러 발생
[2025-06-25 22:22:02] [INFO] : [자식 index 0, pid : 16394] 서버의 부모 프로세스에게 메시지(데이터) 작성 SIGNAL 알림: /MSG 건우님:건 건

/MSG 건우님:건 건


[2025-06-25 22:22:02] [INFO] : [부모 pid 16369] SIGUSR1 핸들러 발생
[2025-06-25 22:22:02] [INFO] : SIGUSR1 핸들러: 클라이언트 index 0 로부터 메시지 수신을 담당 서버 자식프로세스로부터 받음 : /MSG 건우님:건 건
[2025-06-25 22:22:02] [INFO] : [자식 pid 16394] SIGUSR2 핸들러 발생
[2025-06-25 22:22:18] [INFO] : [자식 index 0, pid : 16394] 서버의 부모 프로세스에게 메시지(데이터) 작성 SIGNAL 알림: /ADD 1건 건

/ADD 1건 건


[2025-06-25 22:22:18] [INFO] : [부모 pid 16369] SIGUSR1 핸들러 발생
[2025-06-25 22:22:18] [INFO] : SIGUSR1 핸들러: 클라이언트 index 0 로부터 메시지 수신을 담당 서버 자식프로세스로부터 받음 : /ADD 1건 건
[2025-06-25 22:22:18] [INFO] : [자식 pid 16394] SIGUSR2 핸들러 발생
[2025-06-25 22:22:32] [INFO] : [자식 index 0, pid : 16394] 서버의 부모 프로세스에게 메시지(데이터) 작성 SIGNAL 알림: /ADD 1건우

/ADD 1건우


[2025-06-25 22:22:32] [INFO] : [부모 pid 16369] SIGUSR1 핸들러 발생
[2025-06-25 22:22:32] [INFO] : SIGUSR1 핸들러: 클라이언트 index 0 로부터 메시지 수신을 담당 서버 자식프로세스로부터 받음 : /ADD 1건우
[2025-06-25 22:22:32] [INFO] : [자식 pid 16394] SIGUSR2 핸들러 발생
[2025-06-25 22:22:38] [WARNING] : [자식 index 0, pid 16394] 클라이언트 연결 종료가 감지되어 해당 클라이언트 연결을 종료합니다.
[2025-06-25 22:22:38] [INFO] : 클라이언트 0 (pid: 16394, nick: 건우님) 접속 종료. 자원 회수 완료.

[2025-06-25 22:22:40] [INFO] : 클라이언트 연결됨: 127.0.0.1
[2025-06-25 22:22:41] [INFO] : [자식 index 0, pid : 16412] 서버의 부모 프로세스에게 메시지(데이터) 작성 SIGNAL 알림: /NICK 건우

/NICK 건우


[2025-06-25 22:22:40] [INFO] : 클라이언트 연결됨: 127.0.0.1
[2025-06-25 22:22:41] [INFO] : [부모 pid 16369] SIGUSR1 핸들러 발생
[2025-06-25 22:22:41] [INFO] : SIGUSR1 핸들러: 클라이언트 index 0 로부터 메시지 수신을 담당 서버 자식프로세스로부터 받음 : /NICK 건우
[2025-06-25 22:22:41] [INFO] : [자식 pid 16412] SIGUSR2 핸들러 발생
[2025-06-25 22:22:44] [INFO] : [자식 index 0, pid : 16412] 서버의 부모 프로세스에게 메시지(데이터) 작성 SIGNAL 알림: /ADD INVALID

/ADD INVALID


[2025-06-25 22:22:44] [INFO] : [부모 pid 16369] SIGUSR1 핸들러 발생
[2025-06-25 22:22:44] [INFO] : SIGUSR1 핸들러: 클라이언트 index 0 로부터 메시지 수신을 담당 서버 자식프로세스로부터 받음 : /ADD INVALID
[2025-06-25 22:22:44] [INFO] : [자식 pid 16412] SIGUSR2 핸들러 발생
[2025-06-25 22:22:48] [INFO] : [자식 index 0, pid : 16412] 서버의 부모 프로세스에게 메시지(데이터) 작성 SIGNAL 알림: /MSG 건우:[A

/MSG 건우:[A


[2025-06-25 22:22:48] [INFO] : [부모 pid 16369] SIGUSR1 핸들러 발생
[2025-06-25 22:22:48] [INFO] : SIGUSR1 핸들러: 클라이언트 index 0 로부터 메시지 수신을 담당 서버 자식프로세스로부터 받음 : /MSG 건우:[A
[2025-06-25 22:22:48] [INFO] : [자식 pid 16412] SIGUSR2 핸들러 발생
[2025-06-25 22:22:49] [INFO] : [자식 index 0, pid : 16412] 서버의 부모 프로세스에게 메시지(데이터) 작성 SIGNAL 알림: /MSG 건우:

/MSG 건우:


[2025-06-25 22:22:49] [INFO] : [부모 pid 16369] SIGUSR1 핸들러 발생
[2025-06-25 22:22:49] [INFO] : SIGUSR1 핸들러: 클라이언트 index 0 로부터 메시지 수신을 담당 서버 자식프로세스로부터 받음 : /MSG 건우:
[2025-06-25 22:22:49] [INFO] : [자식 pid 16412] SIGUSR2 핸들러 발생
[2025-06-25 22:22:54] [INFO] : [자식 index 0, pid : 16412] 서버의 부모 프로세스에게 메시지(데이터) 작성 SIGNAL 알림: /MSG 건우:ADD RDSF

/MSG 건우:ADD RDSF


[2025-06-25 22:22:54] [INFO] : [부모 pid 16369] SIGUSR1 핸들러 발생
[2025-06-25 22:22:54] [INFO] : SIGUSR1 핸들러: 클라이언트 index 0 로부터 메시지 수신을 담당 서버 자식프로세스로부터 받음 : /MSG 건우:ADD RDSF
[2025-06-25 22:22:54] [INFO] : [자식 pid 16412] SIGUSR2 핸들러 발생
[2025-06-25 22:22:59] [INFO] : [자식 index 0, pid : 16412] 서버의 부모 프로세스에게 메시지(데이터) 작성 SIGNAL 알림: /ADD 2ㄹㅇ

/ADD 2ㄹㅇ


[2025-06-25 22:22:59] [INFO] : [부모 pid 16369] SIGUSR1 핸들러 발생
[2025-06-25 22:22:59] [INFO] : SIGUSR1 핸들러: 클라이언트 index 0 로부터 메시지 수신을 담당 서버 자식프로세스로부터 받음 : /ADD 2ㄹㅇ
[2025-06-25 22:22:59] [INFO] : [자식 pid 16412] SIGUSR2 핸들러 발생
[2025-06-25 22:43:59] [WARNING] : [자식 index 0, pid 16412] 클라이언트 연결 종료가 감지되어 해당 클라이언트 연결을 종료합니다.
[2025-06-25 22:43:59] [INFO] : 클라이언트 0 (pid: 16412, nick: 건우) 접속 종료. 자원 회수 완료.

[2025-06-25 22:44:07] [INFO] : [부모 pid 16369] 서버 종료 시그널 수신 : 모든 자식 종료 중 ...
[2025-06-25 22:44:07] [INFO] : [부모 pid 16369] 서버 종료 완료. 자원 회수 완료.
[2025-06-25 22:44:10] [INFO] : 서버가 5101 번 포트에서 대기하고 있습니다......

[2025-06-25 22:44:13] [INFO] : 클라이언트 연결됨: 127.0.0.1
[2025-06-25 22:44:14] [INFO] : [자식 index 0, pid : 16558] 서버의 부모 프로세스에게 메시지(데이터) 작성 SIGNAL 알림: /NICK 건우님
[2025-06-25 22:44:13] [INFO] : 클라이언트 연결됨: 127.0.0.1
[2025-06-25 22:44:14] [INFO] : [부모 pid 16556] SIGUSR1 핸들러 발생
[2025-06-25 22:44:14] [INFO] : SIGUSR1 핸들러: 클라이언트 index 0 로부터 메시지 수신을 담당 서버 자식프로세스로부터 받음 : /NICK 건우님
[2025-06-25 22:44:14] [INFO] : [자식 pid 16558] SIGUSR2 핸들러 발생
[2025-06-25 22:44:22] [INFO] : [자식 index 0, pid : 16558] 서버의 부모 프로세스에게 메시지(데이터) 작성 SIGNAL 알림: /ADD 1건우님방
[2025-06-25 22:44:22] [INFO] : [부모 pid 16556] SIGUSR1 핸들러 발생
[2025-06-25 22:44:22] [INFO] : SIGUSR1 핸들러: 클라이언트 index 0 로부터 메시지 수신을 담당 서버 자식프로세스로부터 받음 : /ADD 1건우님방
[2025-06-25 22:44:22] [INFO] : [자식 pid 16558] SIGUSR2 핸들러 발생
[2025-06-25 22:44:28] [INFO] : [자식 index 0, pid : 16558] 서버의 부모 프로세스에게 메시지(데이터) 작성 SIGNAL 알림: /ADD 1건우님방
[2025-06-25 22:44:28] [INFO] : [부모 pid 16556] SIGUSR1 핸들러 발생
[2025-06-25 22:44:28] [INFO] : SIGUSR1 핸들러: 클라이언트 index 0 로부터 메시지 수신을 담당 서버 자식프로세스로부터 받음 : /ADD 1건우님방
[2025-06-25 22:44:28] [INFO] : [자식 pid 16558] SIGUSR2 핸들러 발생
[2025-06-25 22:44:35] [INFO] : [자식 index 0, pid : 16558] 서버의 부모 프로세스에게 메시지(데이터) 작성 SIGNAL 알림: /ADD 1건우님방
[2025-06-25 22:44:35] [INFO] : [부모 pid 16556] SIGUSR1 핸들러 발생
[2025-06-25 22:44:35] [INFO] : SIGUSR1 핸들러: 클라이언트 index 0 로부터 메시지 수신을 담당 서버 자식프로세스로부터 받음 : /ADD 1건우님방
[2025-06-25 22:44:35] [INFO] : [자식 pid 16558] SIGUSR2 핸들러 발생
[2025-06-25 22:44:41] [INFO] : [자식 index 0, pid : 16558] 서버의 부모 프로세스에게 메시지(데이터) 작성 SIGNAL 알림: /ADD 1건우님 방
[2025-06-25 22:44:41] [INFO] : [부모 pid 16556] SIGUSR1 핸들러 발생
[2025-06-25 22:44:41] [INFO] : SIGUSR1 핸들러: 클라이언트 index 0 로부터 메시지 수신을 담당 서버 자식프로세스로부터 받음 : /ADD 1건우님 방
[2025-06-25 22:44:41] [INFO] : [자식 pid 16558] SIGUSR2 핸들러 발생
[2025-06-25 22:47:54] [INFO] : [자식 index 0, pid : 16558] 서버의 부모 프로세스에게 메시지(데이터) 작성 SIGNAL 알림: /MSG 건우님:ㄴㅇㄹ
[2025-06-25 22:47:54] [INFO] : [부모 pid 16556] SIGUSR1 핸들러 발생
[2025-06-25 22:47:54] [INFO] : SIGUSR1 핸들러: 클라이언트 index 0 로부터 메시지 수신을 담당 서버 자식프로세스로부터 받음 : /MSG 건우님:ㄴㅇㄹ
[2025-06-25 22:47:54] [INFO] : [자식 pid 16558] SIGUSR2 핸들러 발생
[2025-06-25 22:47:55] [INFO] : [자식 index 0, pid : 16558] 서버의 부모 프로세스에게 메시지(데이터) 작성 SIGNAL 알림: /MSG 건우님:ㄴㅁㅇㄹ ㄴㅇㄹ
[2025-06-25 22:47:55] [INFO] : [부모 pid 16556] SIGUSR1 핸들러 발생
[2025-06-25 22:47:55] [INFO] : SIGUSR1 핸들러: 클라이언트 index 0 로부터 메시지 수신을 담당 서버 자식프로세스로부터 받음 : /MSG 건우님:ㄴㅁㅇㄹ ㄴㅇㄹ
[2025-06-25 22:47:55] [INFO] : [자식 pid 16558] SIGUSR2 핸들러 발생
[2025-06-25 22:47:57] [INFO] : [자식 index 0, pid : 16558] 서버의 부모 프로세스에게 메시지(데이터) 작성 SIGNAL 알림: /MSG 건우님:ㅁㄴㅇㄹ ㅁㄴㅇㅎ ㄶ
[2025-06-25 22:47:57] [INFO] : [부모 pid 16556] SIGUSR1 핸들러 발생
[2025-06-25 22:47:57] [INFO] : SIGUSR1 핸들러: 클라이언트 index 0 로부터 메시지 수신을 담당 서버 자식프로세스로부터 받음 : /MSG 건우님:ㅁㄴㅇㄹ ㅁㄴㅇㅎ ㄶ
[2025-06-25 22:47:57] [INFO] : [자식 pid 16558] SIGUSR2 핸들러 발생
[2025-06-25 22:48:10] [INFO] : [자식 index 0, pid : 16558] 서버의 부모 프로세스에게 메시지(데이터) 작성 SIGNAL 알림: /ADD 1건우2
[2025-06-25 22:48:10] [INFO] : [부모 pid 16556] SIGUSR1 핸들러 발생
[2025-06-25 22:48:10] [INFO] : SIGUSR1 핸들러: 클라이언트 index 0 로부터 메시지 수신을 담당 서버 자식프로세스로부터 받음 : /ADD 1건우2
[2025-06-25 22:48:10] [INFO] : [자식 pid 16558] SIGUSR2 핸들러 발생
[2025-06-25 22:50:03] [WARNING] : [자식 index 0, pid 16558] 클라이언트 연결 종료가 감지되어 해당 클라이언트 연결을 종료합니다.
[2025-06-25 22:50:03] [INFO] : 클라이언트 0 (pid: 16558, nick: 건우님) 접속 종료. 자원 회수 완료.

[2025-06-25 22:50:13] [INFO] : [부모 pid 16556] 서버 종료 시그널 수신 : 모든 자식 종료 중 ...
[2025-06-25 22:50:13] [INFO] : [부모 pid 16556] 서버 종료 완료. 자원 회수 완료.
[2025-06-25 22:50:16] [INFO] : 서버가 5101 번 포트에서 대기하고 있습니다......

[2025-06-25 22:50:18] [INFO] : 클라이언트 연결됨: 127.0.0.1
[2025-06-25 22:50:20] [INFO] : [자식 index 0, pid : 16595] 서버의 부모 프로세스에게 메시지(데이터) 작성 SIGNAL 알림: /NICK 건우님
[2025-06-25 22:50:18] [INFO] : 클라이언트 연결됨: 127.0.0.1
[2025-06-25 22:50:20] [INFO] : [부모 pid 16593] SIGUSR1 핸들러 발생
[2025-06-25 22:50:20] [INFO] : SIGUSR1 핸들러: 클라이언트 index 0 로부터 메시지 수신을 담당 서버 자식프로세스로부터 받음 : /NICK 건우님
[2025-06-25 22:50:20] [INFO] : [자식 pid 16595] SIGUSR2 핸들러 발생
[2025-06-25 22:50:24] [INFO] : [자식 index 0, pid : 16595] 서버의 부모 프로세스에게 메시지(데이터) 작성 SIGNAL 알림: /ADD 1건운
[2025-06-25 22:50:24] [INFO] : [부모 pid 16593] SIGUSR1 핸들러 발생
[2025-06-25 22:50:24] [INFO] : SIGUSR1 핸들러: 클라이언트 index 0 로부터 메시지 수신을 담당 서버 자식프로세스로부터 받음 : /ADD 1건운
[2025-06-25 22:50:24] [INFO] : [자식 pid 16595] SIGUSR2 핸들러 발생
[2025-06-25 22:50:34] [INFO] : [자식 index 0, pid : 16595] 서버의 부모 프로세스에게 메시지(데이터) 작성 SIGNAL 알림: /ADD 1건움
[2025-06-25 22:50:34] [INFO] : [부모 pid 16593] SIGUSR1 핸들러 발생
[2025-06-25 22:50:34] [INFO] : SIGUSR1 핸들러: 클라이언트 index 0 로부터 메시지 수신을 담당 서버 자식프로세스로부터 받음 : /ADD 1건움
[2025-06-25 22:50:34] [INFO] : [자식 pid 16595] SIGUSR2 핸들러 발생
[2025-06-25 22:50:47] [INFO] : [자식 index 0, pid : 16595] 서버의 부모 프로세스에게 메시지(데이터) 작성 SIGNAL 알림: /ADD 1건움
[2025-06-25 22:50:47] [INFO] : [부모 pid 16593] SIGUSR1 핸들러 발생
[2025-06-25 22:50:47] [INFO] : SIGUSR1 핸들러: 클라이언트 index 0 로부터 메시지 수신을 담당 서버 자식프로세스로부터 받음 : /ADD 1건움
[2025-06-25 22:50:47] [INFO] : [자식 pid 16595] SIGUSR2 핸들러 발생
[2025-06-25 22:50:51] [INFO] : [자식 index 0, pid : 16595] 서버의 부모 프로세스에게 메시지(데이터) 작성 SIGNAL 알림: /MSG 건우님:ADD 건운
[2025-06-25 22:50:51] [INFO] : [부모 pid 16593] SIGUSR1 핸들러 발생
[2025-06-25 22:50:51] [INFO] : SIGUSR1 핸들러: 클라이언트 index 0 로부터 메시지 수신을 담당 서버 자식프로세스로부터 받음 : /MSG 건우님:ADD 건운
[2025-06-25 22:50:51] [INFO] : [자식 pid 16595] SIGUSR2 핸들러 발생
[2025-06-25 22:50:53] [INFO] : [자식 index 0, pid : 16595] 서버의 부모 프로세스에게 메시지(데이터) 작성 SIGNAL 알림: /MSG 건우님:[A
[2025-06-25 22:50:53] [INFO] : [부모 pid 16593] SIGUSR1 핸들러 발생
[2025-06-25 22:50:53] [INFO] : SIGUSR1 핸들러: 클라이언트 index 0 로부터 메시지 수신을 담당 서버 자식프로세스로부터 받음 : /MSG 건우님:[A
[2025-06-25 22:50:53] [INFO] : [자식 pid 16595] SIGUSR2 핸들러 발생
[2025-06-25 22:50:54] [INFO] : [자식 index 0, pid : 16595] 서버의 부모 프로세스에게 메시지(데이터) 작성 SIGNAL 알림: /MSG 건우님:
[2025-06-25 22:50:54] [INFO] : [부모 pid 16593] SIGUSR1 핸들러 발생
[2025-06-25 22:50:54] [INFO] : SIGUSR1 핸들러: 클라이언트 index 0 로부터 메시지 수신을 담당 서버 자식프로세스로부터 받음 : /MSG 건우님:
[2025-06-25 22:50:54] [INFO] : [자식 pid 16595] SIGUSR2 핸들러 발생
[2025-06-25 22:50:54] [INFO] : [자식 index 0, pid : 16595] 서버의 부모 프로세스에게 메시지(데이터) 작성 SIGNAL 알림: /MSG 건우님:
[2025-06-25 22:50:54] [INFO] : [부모 pid 16593] SIGUSR1 핸들러 발생
[2025-06-25 22:50:54] [INFO] : SIGUSR1 핸들러: 클라이언트 index 0 로부터 메시지 수신을 담당 서버 자식프로세스로부터 받음 : /MSG 건우님:
[2025-06-25 22:50:54] [INFO] : [자식 pid 16595] SIGUSR2 핸들러 발생
[2025-06-25 22:50:54] [INFO] : [자식 index 0, pid : 16595] 서버의 부모 프로세스에게 메시지(데이터) 작성 SIGNAL 알림: /MSG 건우님:
[2025-06-25 22:50:54] [INFO] : [부모 pid 16593] SIGUSR1 핸들러 발생
[2025-06-25 22:50:54] [INFO] : SIGUSR1 핸들러: 클라이언트 index 0 로부터 메시지 수신을 담당 서버 자식프로세스로부터 받음 : /MSG 건우님:
[2025-06-25 22:50:54] [INFO] : [자식 pid 16595] SIGUSR2 핸들러 발생
[2025-06-25 22:50:54] [INFO] : [자식 index 0, pid : 16595] 서버의 부모 프로세스에게 메시지(데이터) 작성 SIGNAL 알림: /MSG 건우님:
[2025-06-25 22:50:54] [INFO] : [부모 pid 16593] SIGUSR1 핸들러 발생
[2025-06-25 22:50:54] [INFO] : SIGUSR1 핸들러: 클라이언트 index 0 로부터 메시지 수신을 담당 서버 자식프로세스로부터 받음 : /MSG 건우님:
[2025-06-25 22:50:54] [INFO] : [자식 pid 16595] SIGUSR2 핸들러 발생
[2025-06-25 22:50:54] [INFO] : [자식 index 0, pid : 16595] 서버의 부모 프로세스에게 메시지(데이터) 작성 SIGNAL 알림: /MSG 건우님:
[2025-06-25 22:50:54] [INFO] : [부모 pid 16593] SIGUSR1 핸들러 발생
[2025-06-25 22:50:54] [INFO] : SIGUSR1 핸들러: 클라이언트 index 0 로부터 메시지 수신을 담당 서버 자식프로세스로부터 받음 : /MSG 건우님:
[2025-06-25 22:50:54] [INFO] : [자식 pid 16595] SIGUSR2 핸들러 발생
[2025-06-25 22:50:59] [INFO] : [자식 index 0, pid : 16595] 서버의 부모 프로세스에게 메시지(데이터) 작성 SIGNAL 알림: /ADD 1건운
[2025-06-25 22:50:59] [INFO] : [부모 pid 16593] SIGUSR1 핸들러 발생
[2025-06-25 22:50:59] [INFO] : SIGUSR1 핸들러: 클라이언트 index 0 로부터 메시지 수신을 담당 서버 자식프로세스로부터 받음 : /ADD 1건운
[2025-06-25 22:50:59] [INFO] : [자식 pid 16595] SIGUSR2 핸들러 발생
[2025-06-25 22:51:03] [INFO] : [자식 index 0, pid : 16595] 서버의 부모 프로세스에게 메시지(데이터) 작성 SIGNAL 알림: /ADD 1건운
[2025-06-25 22:51:03] [INFO] : [부모 pid 16593] SIGUSR1 핸들러 발생
[2025-06-25 22:51:03] [INFO] : SIGUSR1 핸들러: 클라이언트 index 0 로부터 메시지 수신을 담당 서버 자식프로세스로부터 받음 : /ADD 1건운
[2025-06-25 22:51:03] [INFO] : [자식 pid 16595] SIGUSR2 핸들러 발생
[2025-06-25 23:02:24] [WARNING] : [자식 index 0, pid 16595] 클라이언트 연결 종료가 감지되어 해당 클라이언트 연결을 종료합니다.
[2025-06-25 23:02:24] [INFO] : 클라이언트 0 (pid: 16595, nick: 건우님) 접속 종료. 자원 회수 완료.

[2025-06-25 23:02:43] [INFO] : [부모 pid 16593] 서버 종료 시그널 수신 : 모든 자식 종료 중 ...
[2025-06-25 23:02:43] [INFO] : [부모 pid 16593] 서버 종료 완료. 자원 회수 완료.
[2025-06-25 23:02:45] [INFO] : 서버가 5101 번 포트에서 대기하고 있습니다......

[2025-06-25 23:02:46] [INFO] : 클라이언트 연결됨: 127.0.0.1
[2025-06-25 23:02:47] [INFO] : [자식 index 0, pid : 16693] 서버의 부모 프로세스에게 메시지(데이터) 작성 SIGNAL 알림: /NICK 건우님
[2025-06-25 23:02:46] [INFO] : 클라이언트 연결됨: 127.0.0.1
[2025-06-25 23:02:47] [INFO] : [부모 pid 16691] SIGUSR1 핸들러 발생
[2025-06-25 23:02:47] [INFO] : SIGUSR1 핸들러: 클라이언트 index 0 로부터 메시지 수신을 담당 서버 자식프로세스로부터 받음 : /NICK 건우님
[2025-06-25 23:02:47] [INFO] : [자식 pid 16693] SIGUSR2 핸들러 발생
[2025-06-25 23:02:48] [INFO] : [자식 index 0, pid : 16693] 서버의 부모 프로세스에게 메시지(데이터) 작성 SIGNAL 알림: /MSG 건우님:ㄴㅁㅇㄹ
[2025-06-25 23:02:48] [INFO] : [부모 pid 16691] SIGUSR1 핸들러 발생
[2025-06-25 23:02:48] [INFO] : SIGUSR1 핸들러: 클라이언트 index 0 로부터 메시지 수신을 담당 서버 자식프로세스로부터 받음 : /MSG 건우님:ㄴㅁㅇㄹ
[2025-06-25 23:02:48] [INFO] : [자식 pid 16693] SIGUSR2 핸들러 발생
[2025-06-25 23:02:50] [INFO] : [자식 index 0, pid : 16693] 서버의 부모 프로세스에게 메시지(데이터) 작성 SIGNAL 알림: /MSG 건우님:ㄴㅇㄹ ㄴㅇㄹ ㄴㅇ ㄹㄴㅇ ㄹ
[2025-06-25 23:02:50] [INFO] : [부모 pid 16691] SIGUSR1 핸들러 발생
[2025-06-25 23:02:50] [INFO] : SIGUSR1 핸들러: 클라이언트 index 0 로부터 메시지 수신을 담당 서버 자식프로세스로부터 받음 : /MSG 건우님:ㄴㅇㄹ ㄴㅇㄹ ㄴㅇ ㄹㄴㅇ ㄹ
[2025-06-25 23:02:50] [INFO] : [자식 pid 16693] SIGUSR2 핸들러 발생
[2025-06-25 23:02:55] [INFO] : [자식 index 0, pid : 16693] 서버의 부모 프로세스에게 메시지(데이터) 작성 SIGNAL 알림: /ADD 건우
[2025-06-25 23:02:55] [INFO] : [부모 pid 16691] SIGUSR1 핸들러 발생
[2025-06-25 23:02:55] [INFO] : SIGUSR1 핸들러: 클라이언트 index 0 로부터 메시지 수신을 담당 서버 자식프로세스로부터 받음 : /ADD 건우

test: 1
건우


[2025-06-25 23:02:55] [INFO] : [자식 pid 16693] SIGUSR2 핸들러 발생
[2025-06-25 23:03:29] [INFO] : [자식 index 0, pid : 16693] 서버의 부모 프로세스에게 메시지(데이터) 작성 SIGNAL 알림: /MSG 건우님:
[2025-06-25 23:03:29] [INFO] : [부모 pid 16691] SIGUSR1 핸들러 발생
[2025-06-25 23:03:29] [INFO] : SIGUSR1 핸들러: 클라이언트 index 0 로부터 메시지 수신을 담당 서버 자식프로세스로부터 받음 : /MSG 건우님:
[2025-06-25 23:03:29] [INFO] : [자식 pid 16693] SIGUSR2 핸들러 발생
[2025-06-25 23:03:31] [INFO] : [자식 index 0, pid : 16693] 서버의 부모 프로세스에게 메시지(데이터) 작성 SIGNAL 알림: /MSG 건우님:
[2025-06-25 23:03:31] [INFO] : [부모 pid 16691] SIGUSR1 핸들러 발생
[2025-06-25 23:03:31] [INFO] : SIGUSR1 핸들러: 클라이언트 index 0 로부터 메시지 수신을 담당 서버 자식프로세스로부터 받음 : /MSG 건우님:
[2025-06-25 23:03:31] [INFO] : [자식 pid 16693] SIGUSR2 핸들러 발생
[2025-06-25 23:05:39] [INFO] : [자식 index 0, pid : 16693] 서버의 부모 프로세스에게 메시지(데이터) 작성 SIGNAL 알림: /ADD 건우
[2025-06-25 23:05:39] [INFO] : [부모 pid 16691] SIGUSR1 핸들러 발생
[2025-06-25 23:05:39] [INFO] : SIGUSR1 핸들러: 클라이언트 index 0 로부터 메시지 수신을 담당 서버 자식프로세스로부터 받음 : /ADD 건우
[2025-06-25 23:05:39] [INFO] : [자식 pid 16693] SIGUSR2 핸들러 발생
[2025-06-25 23:05:43] [WARNING] : [자식 index 0, pid 16693] 클라이언트 연결 종료가 감지되어 해당 클라이언트 연결을 종료합니다.
[2025-06-25 23:05:43] [INFO] : 클라이언트 0 (pid: 16693, nick: 건우님) 접속 종료. 자원 회수 완료.

[2025-06-25 23:06:00] [INFO] : [부모 pid 16691] 서버 종료 시그널 수신 : 모든 자식 종료 중 ...
[2025-06-25 23:06:00] [INFO] : [부모 pid 16691] 서버 종료 완료. 자원 회수 완료.
[2025-06-25 23:06:02] [INFO] : 서버가 5101 번 포트에서 대기하고 있습니다......

[2025-06-25 23:06:03] [INFO] : 클라이언트 연결됨: 127.0.0.1
[2025-06-25 23:06:05] [INFO] : [자식 index 0, pid : 16781] 서버의 부모 프로세스에게 메시지(데이터) 작성 SIGNAL 알림: /NICK rjsdnsla
[2025-06-25 23:06:03] [INFO] : 클라이언트 연결됨: 127.0.0.1
[2025-06-25 23:06:05] [INFO] : [부모 pid 16779] SIGUSR1 핸들러 발생
[2025-06-25 23:06:05] [INFO] : SIGUSR1 핸들러: 클라이언트 index 0 로부터 메시지 수신을 담당 서버 자식프로세스로부터 받음 : /NICK rjsdnsla
[2025-06-25 23:06:05] [INFO] : [자식 pid 16781] SIGUSR2 핸들러 발생
[2025-06-25 23:06:06] [INFO] : [자식 index 0, pid : 16781] 서버의 부모 프로세스에게 메시지(데이터) 작성 SIGNAL 알림: /MSG rjsdnsla:ㄴㅇㄹ
[2025-06-25 23:06:06] [INFO] : [부모 pid 16779] SIGUSR1 핸들러 발생
[2025-06-25 23:06:06] [INFO] : SIGUSR1 핸들러: 클라이언트 index 0 로부터 메시지 수신을 담당 서버 자식프로세스로부터 받음 : /MSG rjsdnsla:ㄴㅇㄹ
[2025-06-25 23:06:06] [INFO] : [자식 pid 16781] SIGUSR2 핸들러 발생
[2025-06-25 23:06:07] [INFO] : [자식 index 0, pid : 16781] 서버의 부모 프로세스에게 메시지(데이터) 작성 SIGNAL 알림: /MSG rjsdnsla:
[2025-06-25 23:06:07] [INFO] : [부모 pid 16779] SIGUSR1 핸들러 발생
[2025-06-25 23:06:07] [INFO] : SIGUSR1 핸들러: 클라이언트 index 0 로부터 메시지 수신을 담당 서버 자식프로세스로부터 받음 : /MSG rjsdnsla:
[2025-06-25 23:06:07] [INFO] : [자식 pid 16781] SIGUSR2 핸들러 발생
[2025-06-25 23:06:07] [INFO] : [자식 index 0, pid : 16781] 서버의 부모 프로세스에게 메시지(데이터) 작성 SIGNAL 알림: /MSG rjsdnsla:
[2025-06-25 23:06:07] [INFO] : [부모 pid 16779] SIGUSR1 핸들러 발생
[2025-06-25 23:06:07] [INFO] : SIGUSR1 핸들러: 클라이언트 index 0 로부터 메시지 수신을 담당 서버 자식프로세스로부터 받음 : /MSG rjsdnsla:
[2025-06-25 23:06:07] [INFO] : [자식 pid 16781] SIGUSR2 핸들러 발생
[2025-06-25 23:06:07] [INFO] : [자식 index 0, pid : 16781] 서버의 부모 프로세스에게 메시지(데이터) 작성 SIGNAL 알림: /MSG rjsdnsla:
[2025-06-25 23:06:07] [INFO] : [부모 pid 16779] SIGUSR1 핸들러 발생
[2025-06-25 23:06:07] [INFO] : SIGUSR1 핸들러: 클라이언트 index 0 로부터 메시지 수신을 담당 서버 자식프로세스로부터 받음 : /MSG rjsdnsla:
[2025-06-25 23:06:07] [INFO] : [자식 pid 16781] SIGUSR2 핸들러 발생
[2025-06-25 23:06:07] [INFO] : [자식 index 0, pid : 16781] 서버의 부모 프로세스에게 메시지(데이터) 작성 SIGNAL 알림: /MSG rjsdnsla:
[2025-06-25 23:06:07] [INFO] : [부모 pid 16779] SIGUSR1 핸들러 발생
[2025-06-25 23:06:07] [INFO] : SIGUSR1 핸들러: 클라이언트 index 0 로부터 메시지 수신을 담당 서버 자식프로세스로부터 받음 : /MSG rjsdnsla:
[2025-06-25 23:06:07] [INFO] : [자식 pid 16781] SIGUSR2 핸들러 발생
[2025-06-25 23:06:07] [INFO] : [자식 index 0, pid : 16781] 서버의 부모 프로세스에게 메시지(데이터) 작성 SIGNAL 알림: /MSG rjsdnsla:
[2025-06-25 23:06:07] [INFO] : [부모 pid 16779] SIGUSR1 핸들러 발생
[2025-06-25 23:06:07] [INFO] : SIGUSR1 핸들러: 클라이언트 index 0 로부터 메시지 수신을 담당 서버 자식프로세스로부터 받음 : /MSG rjsdnsla:
[2025-06-25 23:06:07] [INFO] : [자식 pid 16781] SIGUSR2 핸들러 발생
[2025-06-25 23:06:09] [INFO] : [자식 index 0, pid : 16781] 서버의 부모 프로세스에게 메시지(데이터) 작성 SIGNAL 알림: /MSG rjsdnsla:ㄴㅇㄹ ㄴㅇ ㄹㄴ ㅇㄹㄴ ㄹ
[2025-06-25 23:06:09] [INFO] : [부모 pid 16779] SIGUSR1 핸들러 발생
[2025-06-25 23:06:09] [INFO] : SIGUSR1 핸들러: 클라이언트 index 0 로부터 메시지 수신을 담당 서버 자식프로세스로부터 받음 : /MSG rjsdnsla:ㄴㅇㄹ ㄴㅇ ㄹㄴ ㅇㄹㄴ ㄹ
[2025-06-25 23:06:09] [INFO] : [자식 pid 16781] SIGUSR2 핸들러 발생
[2025-06-25 23:06:10] [INFO] : [자식 index 0, pid : 16781] 서버의 부모 프로세스에게 메시지(데이터) 작성 SIGNAL 알림: /MSG rjsdnsla:ㄴㅇㄹ ㄴㅇ ㄹㄴ ㅇㄹ
[2025-06-25 23:06:10] [INFO] : [부모 pid 16779] SIGUSR1 핸들러 발생
[2025-06-25 23:06:10] [INFO] : SIGUSR1 핸들러: 클라이언트 index 0 로부터 메시지 수신을 담당 서버 자식프로세스로부터 받음 : /MSG rjsdnsla:ㄴㅇㄹ ㄴㅇ ㄹㄴ ㅇㄹ
[2025-06-25 23:06:10] [INFO] : [자식 pid 16781] SIGUSR2 핸들러 발생
[2025-06-25 23:06:11] [INFO] : [자식 index 0, pid : 16781] 서버의 부모 프로세스에게 메시지(데이터) 작성 SIGNAL 알림: /MSG rjsdnsla:  ㄴㅇ ㄹ
[2025-06-25 23:06:11] [INFO] : [부모 pid 16779] SIGUSR1 핸들러 발생
[2025-06-25 23:06:11] [INFO] : SIGUSR1 핸들러: 클라이언트 index 0 로부터 메시지 수신을 담당 서버 자식프로세스로부터 받음 : /MSG rjsdnsla:  ㄴㅇ ㄹ
[2025-06-25 23:06:11] [INFO] : [자식 pid 16781] SIGUSR2 핸들러 발생
[2025-06-25 23:06:16] [INFO] : [자식 index 0, pid : 16781] 서버의 부모 프로세스에게 메시지(데이터) 작성 SIGNAL 알림: /ADD 건우
[2025-06-25 23:06:16] [INFO] : [부모 pid 16779] SIGUSR1 핸들러 발생
[2025-06-25 23:06:16] [INFO] : SIGUSR1 핸들러: 클라이언트 index 0 로부터 메시지 수신을 담당 서버 자식프로세스로부터 받음 : /ADD 건우

test: 1
건우


[2025-06-25 23:06:16] [INFO] : [자식 pid 16781] SIGUSR2 핸들러 발생
[2025-06-25 23:06:18] [INFO] : [자식 index 0, pid : 16781] 서버의 부모 프로세스에게 메시지(데이터) 작성 SIGNAL 알림: /MSG rjsdnsla:ㅇ ㄹㅇ ㅇ 
[2025-06-25 23:06:18] [INFO] : [부모 pid 16779] SIGUSR1 핸들러 발생
[2025-06-25 23:06:18] [INFO] : SIGUSR1 핸들러: 클라이언트 index 0 로부터 메시지 수신을 담당 서버 자식프로세스로부터 받음 : /MSG rjsdnsla:ㅇ ㄹㅇ ㅇ 
[2025-06-25 23:06:18] [INFO] : [자식 pid 16781] SIGUSR2 핸들러 발생
[2025-06-25 23:06:27] [INFO] : [자식 index 0, pid : 16781] 서버의 부모 프로세스에게 메시지(데이터) 작성 SIGNAL 알림: /ADD 건우2
[2025-06-25 23:06:27] [INFO] : [부모 pid 16779] SIGUSR1 핸들러 발생
[2025-06-25 23:06:27] [INFO] : SIGUSR1 핸들러: 클라이언트 index 0 로부터 메시지 수신을 담당 서버 자식프로세스로부터 받음 : /ADD 건우2

test: 2
건우2


[2025-06-25 23:06:27] [INFO] : [자식 pid 16781] SIGUSR2 핸들러 발생
[2025-06-25 23:06:35] [INFO] : [자식 index 0, pid : 16781] 서버의 부모 프로세스에게 메시지(데이터) 작성 SIGNAL 알림: /ADD 건우
[2025-06-25 23:06:35] [INFO] : [부모 pid 16779] SIGUSR1 핸들러 발생
[2025-06-25 23:06:35] [INFO] : SIGUSR1 핸들러: 클라이언트 index 0 로부터 메시지 수신을 담당 서버 자식프로세스로부터 받음 : /ADD 건우
[2025-06-25 23:06:35] [INFO] : [자식 pid 16781] SIGUSR2 핸들러 발생
[2025-06-25 23:06:40] [INFO] : [자식 index 0, pid : 16781] 서버의 부모 프로세스에게 메시지(데이터) 작성 SIGNAL 알림: /ADD 건우3
[2025-06-25 23:06:40] [INFO] : [부모 pid 16779] SIGUSR1 핸들러 발생
[2025-06-25 23:06:40] [INFO] : SIGUSR1 핸들러: 클라이언트 index 0 로부터 메시지 수신을 담당 서버 자식프로세스로부터 받음 : /ADD 건우3

test: 3
건우3


[2025-06-25 23:06:40] [INFO] : [자식 pid 16781] SIGUSR2 핸들러 발생
[2025-06-25 23:06:44] [INFO] : [자식 index 0, pid : 16781] 서버의 부모 프로세스에게 메시지(데이터) 작성 SIGNAL 알림: /ADD 건우4
[2025-06-25 23:06:44] [INFO] : [부모 pid 16779] SIGUSR1 핸들러 발생
[2025-06-25 23:06:44] [INFO] : SIGUSR1 핸들러: 클라이언트 index 0 로부터 메시지 수신을 담당 서버 자식프로세스로부터 받음 : /ADD 건우4

test: 4
건우4


[2025-06-25 23:06:44] [INFO] : [자식 pid 16781] SIGUSR2 핸들러 발생
[2025-06-25 23:06:48] [INFO] : [자식 index 0, pid : 16781] 서버의 부모 프로세스에게 메시지(데이터) 작성 SIGNAL 알림: /ADD 건우5
[2025-06-25 23:06:48] [INFO] : [부모 pid 16779] SIGUSR1 핸들러 발생
[2025-06-25 23:06:48] [INFO] : SIGUSR1 핸들러: 클라이언트 index 0 로부터 메시지 수신을 담당 서버 자식프로세스로부터 받음 : /ADD 건우5
[2025-06-25 23:06:48] [INFO] : [자식 pid 16781] SIGUSR2 핸들러 발생
[2025-06-25 23:06:55] [INFO] : [자식 index 0, pid : 16781] 서버의 부모 프로세스에게 메시지(데이터) 작성 SIGNAL 알림: /MSG rjsdnsla:ㅇㄴ런ㅇ
[2025-06-25 23:06:55] [INFO] : [부모 pid 16779] SIGUSR1 핸들러 발생
[2025-06-25 23:06:55] [INFO] : SIGUSR1 핸들러: 클라이언트 index 0 로부터 메시지 수신을 담당 서버 자식프로세스로부터 받음 : /MSG rjsdnsla:ㅇㄴ런ㅇ
[2025-06-25 23:06:55] [INFO] : [자식 pid 16781] SIGUSR2 핸들러 발생
[2025-06-25 23:07:55] [WARNING] : [자식 index 0, pid 16781] 클라이언트 연결 종료가 감지되어 해당 클라이언트 연결을 종료합니다.
[2025-06-25 23:07:55] [INFO] : 클라이언트 0 (pid: 16781, nick: rjsdnsla) 접속 종료. 자원 회수 완료.

[2025-06-25 23:12:17] [INFO] : [부모 pid 16779] 서버 종료 시그널 수신 : 모든 자식 종료 중 ...
[2025-06-25 23:12:17] [INFO] : [부모 pid 16779] 서버 종료 완료. 자원 회수 완료.
[2025-06-25 23:12:18] [INFO] : 서버가 5101 번 포트에서 대기하고 있습니다......

[2025-06-25 23:12:20] [INFO] : 클라이언트 연결됨: 127.0.0.1
[2025-06-25 23:12:22] [INFO] : [자식 index 0, pid : 16886] 서버의 부모 프로세스에게 메시지(데이터) 작성 SIGNAL 알림: /NICK 건우님
[2025-06-25 23:12:20] [INFO] : 클라이언트 연결됨: 127.0.0.1
[2025-06-25 23:12:22] [INFO] : [부모 pid 16884] SIGUSR1 핸들러 발생
[2025-06-25 23:12:22] [INFO] : SIGUSR1 핸들러: 클라이언트 index 0 로부터 메시지 수신을 담당 서버 자식프로세스로부터 받음 : /NICK 건우님
[2025-06-25 23:12:22] [INFO] : [자식 pid 16886] SIGUSR2 핸들러 발생
[2025-06-25 23:12:25] [INFO] : [자식 index 0, pid : 16886] 서버의 부모 프로세스에게 메시지(데이터) 작성 SIGNAL 알림: /ADD 건우
[2025-06-25 23:12:25] [INFO] : [부모 pid 16884] SIGUSR1 핸들러 발생
[2025-06-25 23:12:25] [INFO] : SIGUSR1 핸들러: 클라이언트 index 0 로부터 메시지 수신을 담당 서버 자식프로세스로부터 받음 : /ADD 건우

test: 1
건우


[2025-06-25 23:12:25] [INFO] : [자식 pid 16886] SIGUSR2 핸들러 발생
[2025-06-25 23:12:28] [INFO] : [자식 index 0, pid : 16886] 서버의 부모 프로세스에게 메시지(데이터) 작성 SIGNAL 알림: /ADD 건우
[2025-06-25 23:12:28] [INFO] : [부모 pid 16884] SIGUSR1 핸들러 발생
[2025-06-25 23:12:28] [INFO] : SIGUSR1 핸들러: 클라이언트 index 0 로부터 메시지 수신을 담당 서버 자식프로세스로부터 받음 : /ADD 건우
[2025-06-25 23:12:28] [INFO] : [자식 pid 16886] SIGUSR2 핸들러 발생
[2025-06-25 23:12:31] [INFO] : [자식 index 0, pid : 16886] 서버의 부모 프로세스에게 메시지(데이터) 작성 SIGNAL 알림: /addsdfsdf
[2025-06-25 23:12:31] [INFO] : [부모 pid 16884] SIGUSR1 핸들러 발생
[2025-06-25 23:12:31] [INFO] : SIGUSR1 핸들러: 클라이언트 index 0 로부터 메시지 수신을 담당 서버 자식프로세스로부터 받음 : /addsdfsdf
[2025-06-25 23:12:31] [INFO] : [자식 pid 16886] SIGUSR2 핸들러 발생
[2025-06-25 23:12:36] [INFO] : [자식 index 0, pid : 16886] 서버의 부모 프로세스에게 메시지(데이터) 작성 SIGNAL 알림: /ADD 건우
[2025-06-25 23:12:36] [INFO] : [부모 pid 16884] SIGUSR1 핸들러 발생
[2025-06-25 23:12:36] [INFO] : SIGUSR1 핸들러: 클라이언트 index 0 로부터 메시지 수신을 담당 서버 자식프로세스로부터 받음 : /ADD 건우
[2025-06-25 23:12:36] [INFO] : [자식 pid 16886] SIGUSR2 핸들러 발생
[2025-06-25 23:12:42] [INFO] : [자식 index 0, pid : 16886] 서버의 부모 프로세스에게 메시지(데이터) 작성 SIGNAL 알림: /ADD 건우2
[2025-06-25 23:12:42] [INFO] : [부모 pid 16884] SIGUSR1 핸들러 발생
[2025-06-25 23:12:42] [INFO] : SIGUSR1 핸들러: 클라이언트 index 0 로부터 메시지 수신을 담당 서버 자식프로세스로부터 받음 : /ADD 건우2

test: 2
건우2


[2025-06-25 23:12:42] [INFO] : [자식 pid 16886] SIGUSR2 핸들러 발생
[2025-06-25 23:12:44] [INFO] : [자식 index 0, pid : 16886] 서버의 부모 프로세스에게 메시지(데이터) 작성 SIGNAL 알림: /MSG 건우님:ㄴㅇㄹㄴㅇㄹ
[2025-06-25 23:12:44] [INFO] : [부모 pid 16884] SIGUSR1 핸들러 발생
[2025-06-25 23:12:44] [INFO] : SIGUSR1 핸들러: 클라이언트 index 0 로부터 메시지 수신을 담당 서버 자식프로세스로부터 받음 : /MSG 건우님:ㄴㅇㄹㄴㅇㄹ
[2025-06-25 23:12:44] [INFO] : [자식 pid 16886] SIGUSR2 핸들러 발생
[2025-06-25 23:12:45] [INFO] : [자식 index 0, pid : 16886] 서버의 부모 프로세스에게 메시지(데이터) 작성 SIGNAL 알림: /MSG 건우님:ㄴㅁㅇㄹㄴㅇㅁㄹ
[2025-06-25 23:12:45] [INFO] : [부모 pid 16884] SIGUSR1 핸들러 발생
[2025-06-25 23:12:45] [INFO] : SIGUSR1 핸들러: 클라이언트 index 0 로부터 메시지 수신을 담당 서버 자식프로세스로부터 받음 : /MSG 건우님:ㄴㅁㅇㄹㄴㅇㅁㄹ
[2025-06-25 23:12:45] [INFO] : [자식 pid 16886] SIGUSR2 핸들러 발생
[2025-06-25 23:12:46] [INFO] : [자식 index 0, pid : 16886] 서버의 부모 프로세스에게 메시지(데이터) 작성 SIGNAL 알림: /MSG 건우님:ㄴㅁㅇㄴㅁㅇㅎ
[2025-06-25 23:12:46] [INFO] : [부모 pid 16884] SIGUSR1 핸들러 발생
[2025-06-25 23:12:46] [INFO] : SIGUSR1 핸들러: 클라이언트 index 0 로부터 메시지 수신을 담당 서버 자식프로세스로부터 받음 : /MSG 건우님:ㄴㅁㅇㄴㅁㅇㅎ
[2025-06-25 23:12:46] [INFO] : [자식 pid 16886] SIGUSR2 핸들러 발생
[2025-06-25 23:14:33] [WARNING] : [자식 index 0, pid 16886] 클라이언트 연결 종료가 감지되어 해당 클라이언트 연결을 종료합니다.
[2025-06-25 23:14:33] [INFO] : 클라이언트 0 (pid: 16886, nick: 건우님) 접속 종료. 자원 회수 완료.

[2025-06-25 23:15:17] [INFO] : [부모 pid 16884] 서버 종료 시그널 수신 : 모든 자식 종료 중 ...
[2025-06-25 23:15:17] [INFO] : [부모 pid 16884] 서버 종료 완료. 자원 회수 완료.
[2025-06-25 23:15:19] [INFO] : 서버가 5101 번 포트에서 대기하고 있습니다......

[2025-06-25 23:15:21] [INFO] : 클라이언트 연결됨: 127.0.0.1
[2025-06-25 23:15:22] [INFO] : [자식 index 0, pid : 16975] 서버의 부모 프로세스에게 메시지(데이터) 작성 SIGNAL 알림: /NICK 건우님
[2025-06-25 23:15:21] [INFO] : 클라이언트 연결됨: 127.0.0.1
[2025-06-25 23:15:22] [INFO] : [부모 pid 16973] SIGUSR1 핸들러 발생
[2025-06-25 23:15:22] [INFO] : SIGUSR1 핸들러: 클라이언트 index 0 로부터 메시지 수신을 담당 서버 자식프로세스로부터 받음 : /NICK 건우님
[2025-06-25 23:15:22] [INFO] : [자식 pid 16975] SIGUSR2 핸들러 발생
[2025-06-25 23:15:25] [INFO] : [자식 index 0, pid : 16975] 서버의 부모 프로세스에게 메시지(데이터) 작성 SIGNAL 알림: /ADD 건우
[2025-06-25 23:15:25] [INFO] : [부모 pid 16973] SIGUSR1 핸들러 발생
[2025-06-25 23:15:25] [INFO] : SIGUSR1 핸들러: 클라이언트 index 0 로부터 메시지 수신을 담당 서버 자식프로세스로부터 받음 : /ADD 건우

test: 1
건우


[2025-06-25 23:15:25] [INFO] : [자식 pid 16975] SIGUSR2 핸들러 발생
[2025-06-25 23:15:26] [INFO] : [자식 index 0, pid : 16975] 서버의 부모 프로세스에게 메시지(데이터) 작성 SIGNAL 알림: /MSG 건우님:ㄴㅇㄹ
[2025-06-25 23:15:26] [INFO] : [부모 pid 16973] SIGUSR1 핸들러 발생
[2025-06-25 23:15:26] [INFO] : SIGUSR1 핸들러: 클라이언트 index 0 로부터 메시지 수신을 담당 서버 자식프로세스로부터 받음 : /MSG 건우님:ㄴㅇㄹ
[2025-06-25 23:15:26] [INFO] : [자식 pid 16975] SIGUSR2 핸들러 발생
[2025-06-25 23:17:19] [INFO] : [자식 index 0, pid : 16975] 서버의 부모 프로세스에게 메시지(데이터) 작성 SIGNAL 알림: /ADD 건우
[2025-06-25 23:17:19] [INFO] : [부모 pid 16973] SIGUSR1 핸들러 발생
[2025-06-25 23:17:19] [INFO] : SIGUSR1 핸들러: 클라이언트 index 0 로부터 메시지 수신을 담당 서버 자식프로세스로부터 받음 : /ADD 건우
[2025-06-25 23:17:19] [INFO] : [자식 pid 16975] SIGUSR2 핸들러 발생
[2025-06-25 23:17:23] [INFO] : [자식 index 0, pid : 16975] 서버의 부모 프로세스에게 메시지(데이터) 작성 SIGNAL 알림: /ADD 건우2
[2025-06-25 23:17:23] [INFO] : [부모 pid 16973] SIGUSR1 핸들러 발생
[2025-06-25 23:17:23] [INFO] : SIGUSR1 핸들러: 클라이언트 index 0 로부터 메시지 수신을 담당 서버 자식프로세스로부터 받음 : /ADD 건우2

test: 2
건우2


[2025-06-25 23:17:23] [INFO] : [자식 pid 16975] SIGUSR2 핸들러 발생
[2025-06-25 23:17:25] [INFO] : [자식 index 0, pid : 16975] 서버의 부모 프로세스에게 메시지(데이터) 작성 SIGNAL 알림: /MSG 건우님:sdf
[2025-06-25 23:17:25] [INFO] : [부모 pid 16973] SIGUSR1 핸들러 발생
[2025-06-25 23:17:25] [INFO] : SIGUSR1 핸들러: 클라이언트 index 0 로부터 메시지 수신을 담당 서버 자식프로세스로부터 받음 : /MSG 건우님:sdf
[2025-06-25 23:17:25] [INFO] : [자식 pid 16975] SIGUSR2 핸들러 발생
[2025-06-25 23:17:29] [INFO] : [자식 index 0, pid : 16975] 서버의 부모 프로세스에게 메시지(데이터) 작성 SIGNAL 알림: /ADD 건우3
[2025-06-25 23:17:29] [INFO] : [부모 pid 16973] SIGUSR1 핸들러 발생
[2025-06-25 23:17:29] [INFO] : SIGUSR1 핸들러: 클라이언트 index 0 로부터 메시지 수신을 담당 서버 자식프로세스로부터 받음 : /ADD 건우3

test: 3
건우3


[2025-06-25 23:17:29] [INFO] : [자식 pid 16975] SIGUSR2 핸들러 발생
[2025-06-25 23:17:32] [INFO] : [자식 index 0, pid : 16975] 서버의 부모 프로세스에게 메시지(데이터) 작성 SIGNAL 알림: /ADD 건우4
[2025-06-25 23:17:32] [INFO] : [부모 pid 16973] SIGUSR1 핸들러 발생
[2025-06-25 23:17:32] [INFO] : SIGUSR1 핸들러: 클라이언트 index 0 로부터 메시지 수신을 담당 서버 자식프로세스로부터 받음 : /ADD 건우4

test: 4
건우4


[2025-06-25 23:17:32] [INFO] : [자식 pid 16975] SIGUSR2 핸들러 발생
[2025-06-25 23:17:35] [INFO] : [자식 index 0, pid : 16975] 서버의 부모 프로세스에게 메시지(데이터) 작성 SIGNAL 알림: /ADD 건우5
[2025-06-25 23:17:35] [INFO] : [부모 pid 16973] SIGUSR1 핸들러 발생
[2025-06-25 23:17:35] [INFO] : SIGUSR1 핸들러: 클라이언트 index 0 로부터 메시지 수신을 담당 서버 자식프로세스로부터 받음 : /ADD 건우5
[2025-06-25 23:17:35] [INFO] : [자식 pid 16975] SIGUSR2 핸들러 발생
[2025-06-25 23:17:36] [INFO] : [자식 index 0, pid : 16975] 서버의 부모 프로세스에게 메시지(데이터) 작성 SIGNAL 알림: /MSG 건우님:ㅓㅏㅓㅣ
[2025-06-25 23:17:36] [INFO] : [부모 pid 16973] SIGUSR1 핸들러 발생
[2025-06-25 23:17:36] [INFO] : SIGUSR1 핸들러: 클라이언트 index 0 로부터 메시지 수신을 담당 서버 자식프로세스로부터 받음 : /MSG 건우님:ㅓㅏㅓㅣ
[2025-06-25 23:17:36] [INFO] : [자식 pid 16975] SIGUSR2 핸들러 발생
[2025-06-25 23:17:48] [INFO] : 클라이언트 연결됨: 127.0.0.1
[2025-06-25 23:17:51] [INFO] : [자식 index 1, pid : 17058] 서버의 부모 프로세스에게 메시지(데이터) 작성 SIGNAL 알림: /NICK 건우님
[2025-06-25 23:17:48] [INFO] : 클라이언트 연결됨: 127.0.0.1
[2025-06-25 23:17:51] [INFO] : [부모 pid 16973] SIGUSR1 핸들러 발생
[2025-06-25 23:17:51] [INFO] : SIGUSR1 핸들러: 클라이언트 index 1 로부터 메시지 수신을 담당 서버 자식프로세스로부터 받음 : /NICK 건우님
[2025-06-25 23:17:51] [INFO] : [자식 pid 17058] SIGUSR2 핸들러 발생
[2025-06-25 23:17:56] [INFO] : [자식 index 1, pid : 17058] 서버의 부모 프로세스에게 메시지(데이터) 작성 SIGNAL 알림: /NICK 건우닉네임
[2025-06-25 23:17:56] [INFO] : [부모 pid 16973] SIGUSR1 핸들러 발생
[2025-06-25 23:17:56] [INFO] : SIGUSR1 핸들러: 클라이언트 index 1 로부터 메시지 수신을 담당 서버 자식프로세스로부터 받음 : /NICK 건우닉네임
[2025-06-25 23:17:56] [INFO] : [자식 pid 17058] SIGUSR2 핸들러 발생
[2025-06-25 23:17:57] [INFO] : [자식 index 1, pid : 17058] 서버의 부모 프로세스에게 메시지(데이터) 작성 SIGNAL 알림: /MSG 건우닉네임:ㄴㅇㄹ
[2025-06-25 23:17:57] [INFO] : [부모 pid 16973] SIGUSR1 핸들러 발생
[2025-06-25 23:17:57] [INFO] : SIGUSR1 핸들러: 클라이언트 index 1 로부터 메시지 수신을 담당 서버 자식프로세스로부터 받음 : /MSG 건우닉네임:ㄴㅇㄹ
[2025-06-25 23:17:57] [INFO] : [자식 pid 17058] SIGUSR2 핸들러 발생
[2025-06-25 23:18:07] [WARNING] : [자식 index 0, pid 16975] 클라이언트 연결 종료가 감지되어 해당 클라이언트 연결을 종료합니다.
[2025-06-25 23:18:07] [INFO] : 클라이언트 0 (pid: 16975, nick: 건우님) 접속 종료. 자원 회수 완료.

[2025-06-25 23:18:08] [INFO] : 클라이언트 연결됨: 127.0.0.1
[2025-06-25 23:18:10] [INFO] : [자식 index 0, pid : 17061] 서버의 부모 프로세스에게 메시지(데이터) 작성 SIGNAL 알림: /NICK 건우님
[2025-06-25 23:18:08] [INFO] : 클라이언트 연결됨: 127.0.0.1
[2025-06-25 23:18:10] [INFO] : [부모 pid 16973] SIGUSR1 핸들러 발생
[2025-06-25 23:18:10] [INFO] : SIGUSR1 핸들러: 클라이언트 index 0 로부터 메시지 수신을 담당 서버 자식프로세스로부터 받음 : /NICK 건우님
[2025-06-25 23:18:10] [INFO] : [자식 pid 17061] SIGUSR2 핸들러 발생
[2025-06-25 23:18:11] [INFO] : [자식 index 0, pid : 17061] 서버의 부모 프로세스에게 메시지(데이터) 작성 SIGNAL 알림: /MSG 건우님:ㅁㄴㅇㄹ
[2025-06-25 23:18:11] [INFO] : [부모 pid 16973] SIGUSR1 핸들러 발생
[2025-06-25 23:18:11] [INFO] : SIGUSR1 핸들러: 클라이언트 index 0 로부터 메시지 수신을 담당 서버 자식프로세스로부터 받음 : /MSG 건우님:ㅁㄴㅇㄹ
[2025-06-25 23:18:11] [INFO] : [자식 pid 17058] SIGUSR2 핸들러 발생
[2025-06-25 23:18:11] [INFO] : [자식 pid 17061] SIGUSR2 핸들러 발생
[2025-06-25 23:18:14] [WARNING] : [자식 index 0, pid 17061] 클라이언트 연결 종료가 감지되어 해당 클라이언트 연결을 종료합니다.
[2025-06-25 23:18:14] [INFO] : 클라이언트 0 (pid: 17061, nick: 건우님) 접속 종료. 자원 회수 완료.

[2025-06-25 23:18:14] [WARNING] : [자식 index 1, pid 17058] 클라이언트 연결 종료가 감지되어 해당 클라이언트 연결을 종료합니다.
[2025-06-25 23:18:14] [INFO] : 클라이언트 1 (pid: 17058, nick: 건우닉네임) 접속 종료. 자원 회수 완료.

[2025-06-25 23:18:29] [INFO] : [부모 pid 16973] 서버 종료 시그널 수신 : 모든 자식 종료 중 ...
[2025-06-25 23:18:29] [INFO] : [부모 pid 16973] 서버 종료 완료. 자원 회수 완료.
[2025-06-25 23:18:33] [INFO] : 서버가 5101 번 포트에서 대기하고 있습니다......

[2025-06-25 23:18:34] [INFO] : 클라이언트 연결됨: 127.0.0.1
[2025-06-25 23:18:36] [INFO] : [자식 index 0, pid : 17067] 서버의 부모 프로세스에게 메시지(데이터) 작성 SIGNAL 알림: /NICK 건우님
[2025-06-25 23:18:34] [INFO] : 클라이언트 연결됨: 127.0.0.1
[2025-06-25 23:18:36] [INFO] : [부모 pid 17065] SIGUSR1 핸들러 발생
[2025-06-25 23:18:36] [INFO] : SIGUSR1 핸들러: 클라이언트 index 0 로부터 메시지 수신을 담당 서버 자식프로세스로부터 받음 : /NICK 건우님
[2025-06-25 23:18:36] [INFO] : [자식 pid 17067] SIGUSR2 핸들러 발생
[2025-06-25 23:18:39] [INFO] : [자식 index 0, pid : 17067] 서버의 부모 프로세스에게 메시지(데이터) 작성 SIGNAL 알림: /MSG 건우님:ㄴㅇㄹㄴㅇ
[2025-06-25 23:18:39] [INFO] : [부모 pid 17065] SIGUSR1 핸들러 발생
[2025-06-25 23:18:39] [INFO] : SIGUSR1 핸들러: 클라이언트 index 0 로부터 메시지 수신을 담당 서버 자식프로세스로부터 받음 : /MSG 건우님:ㄴㅇㄹㄴㅇ
[2025-06-25 23:18:39] [INFO] : [자식 pid 17067] SIGUSR2 핸들러 발생
[2025-06-25 23:19:03] [INFO] : [자식 index 0, pid : 17067] 서버의 부모 프로세스에게 메시지(데이터) 작성 SIGNAL 알림: /ADD 건운방
[2025-06-25 23:19:03] [INFO] : [부모 pid 17065] SIGUSR1 핸들러 발생
[2025-06-25 23:19:03] [INFO] : SIGUSR1 핸들러: 클라이언트 index 0 로부터 메시지 수신을 담당 서버 자식프로세스로부터 받음 : /ADD 건운방

test: 1
건운방


[2025-06-25 23:19:03] [INFO] : [자식 pid 17067] SIGUSR2 핸들러 발생
[2025-06-25 23:19:05] [INFO] : [자식 index 0, pid : 17067] 서버의 부모 프로세스에게 메시지(데이터) 작성 SIGNAL 알림: /MSG 건우님:ㄴㅇㅁㅎ
[2025-06-25 23:19:05] [INFO] : [부모 pid 17065] SIGUSR1 핸들러 발생
[2025-06-25 23:19:05] [INFO] : SIGUSR1 핸들러: 클라이언트 index 0 로부터 메시지 수신을 담당 서버 자식프로세스로부터 받음 : /MSG 건우님:ㄴㅇㅁㅎ
[2025-06-25 23:19:05] [INFO] : [자식 pid 17067] SIGUSR2 핸들러 발생
[2025-06-25 23:19:08] [WARNING] : [자식 index 0, pid 17067] 클라이언트 연결 종료가 감지되어 해당 클라이언트 연결을 종료합니다.
[2025-06-25 23:19:08] [INFO] : 클라이언트 0 (pid: 17067, nick: 건우님) 접속 종료. 자원 회수 완료.

[2025-06-25 23:20:08] [INFO] : [부모 pid 17065] 서버 종료 시그널 수신 : 모든 자식 종료 중 ...
[2025-06-25 23:20:08] [INFO] : [부모 pid 17065] 서버 종료 완료. 자원 회수 완료.
[2025-06-25 23:20:13] [INFO] : 서버가 5101 번 포트에서 대기하고 있습니다......

[2025-06-25 23:20:15] [INFO] : 클라이언트 연결됨: 127.0.0.1
[2025-06-25 23:20:15] [INFO] : [자식 index 0, pid : 17126] 서버의 부모 프로세스에게 메시지(데이터) 작성 SIGNAL 알림: /NICK 건우님
[2025-06-25 23:20:15] [INFO] : 클라이언트 연결됨: 127.0.0.1
[2025-06-25 23:20:15] [INFO] : [부모 pid 17124] SIGUSR1 핸들러 발생
[2025-06-25 23:20:15] [INFO] : SIGUSR1 핸들러: 클라이언트 index 0 로부터 메시지 수신을 담당 서버 자식프로세스로부터 받음 : /NICK 건우님
[2025-06-25 23:20:15] [INFO] : [자식 pid 17126] SIGUSR2 핸들러 발생
[2025-06-25 23:20:16] [INFO] : [자식 index 0, pid : 17126] 서버의 부모 프로세스에게 메시지(데이터) 작성 SIGNAL 알림: /MSG 건우님:ㄴㅇㄹ
[2025-06-25 23:20:16] [INFO] : [부모 pid 17124] SIGUSR1 핸들러 발생
[2025-06-25 23:20:16] [INFO] : SIGUSR1 핸들러: 클라이언트 index 0 로부터 메시지 수신을 담당 서버 자식프로세스로부터 받음 : /MSG 건우님:ㄴㅇㄹ
[2025-06-25 23:20:16] [INFO] : [자식 pid 17126] SIGUSR2 핸들러 발생
[2025-06-25 23:20:21] [WARNING] : [자식 index 0, pid 17126] 클라이언트 연결 종료가 감지되어 해당 클라이언트 연결을 종료합니다.
[2025-06-25 23:20:21] [INFO] : 클라이언트 0 (pid: 17126, nick: 건우님) 접속 종료. 자원 회수 완료.

[2025-06-25 23:20:32] [INFO] : [부모 pid 17124] 서버 종료 시그널 수신 : 모든 자식 종료 중 ...
[2025-06-25 23:20:32] [INFO] : [부모 pid 17124] 서버 종료 완료. 자원 회수 완료.
[2025-06-25 23:20:34] [INFO] : 서버가 5101 번 포트에서 대기하고 있습니다......

[2025-06-25 23:20:35] [INFO] : 클라이언트 연결됨: 127.0.0.1
[2025-06-25 23:20:37] [INFO] : [자식 index 0, pid : 17167] 서버의 부모 프로세스에게 메시지(데이터) 작성 SIGNAL 알림: /NICK 건ㄴ
[2025-06-25 23:20:35] [INFO] : 클라이언트 연결됨: 127.0.0.1
[2025-06-25 23:20:37] [INFO] : [부모 pid 17165] SIGUSR1 핸들러 발생
[2025-06-25 23:20:37] [INFO] : SIGUSR1 핸들러: 클라이언트 index 0 로부터 메시지 수신을 담당 서버 자식프로세스로부터 받음 : /NICK 건ㄴ
[2025-06-25 23:20:37] [INFO] : [자식 pid 17167] SIGUSR2 핸들러 발생
[2025-06-25 23:20:38] [INFO] : [자식 index 0, pid : 17167] 서버의 부모 프로세스에게 메시지(데이터) 작성 SIGNAL 알림: /MSG 건ㄴ:ㄴ어ㅣㄹ
[2025-06-25 23:20:38] [INFO] : [부모 pid 17165] SIGUSR1 핸들러 발생
[2025-06-25 23:20:38] [INFO] : SIGUSR1 핸들러: 클라이언트 index 0 로부터 메시지 수신을 담당 서버 자식프로세스로부터 받음 : /MSG 건ㄴ:ㄴ어ㅣㄹ
[2025-06-25 23:20:38] [INFO] : [자식 pid 17167] SIGUSR2 핸들러 발생
[2025-06-25 23:20:42] [WARNING] : [자식 index 0, pid 17167] 클라이언트 연결 종료가 감지되어 해당 클라이언트 연결을 종료합니다.
[2025-06-25 23:20:42] [INFO] : 클라이언트 0 (pid: 17167, nick: 건ㄴ) 접속 종료. 자원 회수 완료.

[2025-06-25 23:21:11] [INFO] : [부모 pid 17165] 서버 종료 시그널 수신 : 모든 자식 종료 중 ...
[2025-06-25 23:21:11] [INFO] : [부모 pid 17165] 서버 종료 완료. 자원 회수 완료.
[2025-06-25 23:21:13] [INFO] : 서버가 5101 번 포트에서 대기하고 있습니다......

[2025-06-25 23:21:15] [INFO] : 클라이언트 연결됨: 127.0.0.1
[2025-06-25 23:21:16] [INFO] : [자식 index 0, pid : 17220] 서버의 부모 프로세스에게 메시지(데이터) 작성 SIGNAL 알림: /NICK 건우님
[2025-06-25 23:21:15] [INFO] : 클라이언트 연결됨: 127.0.0.1
[2025-06-25 23:21:16] [INFO] : [부모 pid 17218] SIGUSR1 핸들러 발생
[2025-06-25 23:21:16] [INFO] : SIGUSR1 핸들러: 클라이언트 index 0 로부터 메시지 수신을 담당 서버 자식프로세스로부터 받음 : /NICK 건우님
[2025-06-25 23:21:16] [INFO] : [자식 pid 17220] SIGUSR2 핸들러 발생
[2025-06-25 23:21:16] [INFO] : [자식 index 0, pid : 17220] 서버의 부모 프로세스에게 메시지(데이터) 작성 SIGNAL 알림: /MSG 건우님:ㄴㅇㄹ
[2025-06-25 23:21:16] [INFO] : [부모 pid 17218] SIGUSR1 핸들러 발생
[2025-06-25 23:21:16] [INFO] : SIGUSR1 핸들러: 클라이언트 index 0 로부터 메시지 수신을 담당 서버 자식프로세스로부터 받음 : /MSG 건우님:ㄴㅇㄹ
[2025-06-25 23:21:16] [INFO] : [자식 pid 17220] SIGUSR2 핸들러 발생
[2025-06-25 23:21:33] [INFO] : [자식 index 0, pid : 17220] 서버의 부모 프로세스에게 메시지(데이터) 작성 SIGNAL 알림: /ADD 굼굼
[2025-06-25 23:21:33] [INFO] : [부모 pid 17218] SIGUSR1 핸들러 발생
[2025-06-25 23:21:33] [INFO] : SIGUSR1 핸들러: 클라이언트 index 0 로부터 메시지 수신을 담당 서버 자식프로세스로부터 받음 : /ADD 굼굼

test: 1
굼굼


[2025-06-25 23:21:33] [INFO] : [자식 pid 17220] SIGUSR2 핸들러 발생
[2025-06-25 23:21:35] [INFO] : [자식 index 0, pid : 17220] 서버의 부모 프로세스에게 메시지(데이터) 작성 SIGNAL 알림: /MSG 건우님:ㄴㅇㄹ
[2025-06-25 23:21:35] [INFO] : [부모 pid 17218] SIGUSR1 핸들러 발생
[2025-06-25 23:21:35] [INFO] : SIGUSR1 핸들러: 클라이언트 index 0 로부터 메시지 수신을 담당 서버 자식프로세스로부터 받음 : /MSG 건우님:ㄴㅇㄹ
[2025-06-25 23:21:35] [INFO] : [자식 pid 17220] SIGUSR2 핸들러 발생
[2025-06-25 23:21:40] [WARNING] : [자식 index 0, pid 17220] 클라이언트 연결 종료가 감지되어 해당 클라이언트 연결을 종료합니다.
[2025-06-25 23:21:40] [INFO] : 클라이언트 0 (pid: 17220, nick: 건우님) 접속 종료. 자원 회수 완료.

[2025-06-25 23:21:52] [INFO] : [부모 pid 17218] 서버 종료 시그널 수신 : 모든 자식 종료 중 ...
[2025-06-25 23:21:52] [INFO] : [부모 pid 17218] 서버 종료 완료. 자원 회수 완료.