
[2025-06-24 20:43:37] [ERROR] : Address already in use
[2025-06-24 20:44:19] [INFO] : 서버가 5101 번 포트에서 대기하고 있습니다......

[2025-06-24 20:44:25] [INFO] : 클라이언트 연결됨: 127.0.0.1
[2025-06-24 20:44:29] [INFO] : [자식 index 0, pid : 8429] 서버에 메시지 전송: /NICK 건우
[2025-06-24 20:44:25] [INFO] : 클라이언트 연결됨: 127.0.0.1
[2025-06-24 20:44:29] [INFO] : [부모 pid 8426] SIGUSR1 핸들러 발생
[2025-06-24 20:44:29] [INFO] : SIGUSR1 핸들러: 클라이언트 index 0 로부터 메시지 수신: /NICK 건우
[2025-06-24 20:44:29] [INFO] : [자식 pid 8429] SIGUSR2 핸들러 발생/NICK OK
[2025-06-24 20:44:40] [INFO] : 클라이언트 연결됨: 127.0.0.1
[2025-06-24 20:44:42] [INFO] : [자식 index 1, pid : 8433] 서버에 메시지 전송: /NICK 건우님
[2025-06-24 20:44:40] [INFO] : 클라이언트 연결됨: 127.0.0.1
[2025-06-24 20:44:42] [INFO] : [부모 pid 8426] SIGUSR1 핸들러 발생
[2025-06-24 20:44:42] [INFO] : SIGUSR1 핸들러: 클라이언트 index 1 로부터 메시지 수신: /NICK 건우님
[2025-06-24 20:44:42] [INFO] : [자식 pid 8433] SIGUSR2 핸들러 발생/NICK OK
[2025-06-24 20:46:50] [WARNING] : [자식 index 0, pid 8429] 클라이언트 연결 종료가 감지되어 해당 클라이언트 연결을 종료합니다.
[2025-06-24 20:46:50] [INFO] : 클라이언트 0 (pid: 8429, nick: GUEST) 접속 종료. 자원 회수 완료.

[2025-06-24 20:46:54] [WARNING] : [자식 index 1, pid 8433] 클라이언트 연결 종료가 감지되어 해당 클라이언트 연결을 종료합니다.
[2025-06-24 20:46:54] [INFO] : 클라이언트 1 (pid: 8433, nick: GUEST) 접속 종료. 자원 회수 완료.

[2025-06-24 20:47:48] [INFO] : 클라이언트 연결됨: 127.0.0.1
[2025-06-24 20:47:50] [INFO] : [자식 index 0, pid : 8501] 서버에 메시지 전송: /NICK 건우님
[2025-06-24 20:47:48] [INFO] : 클라이언트 연결됨: 127.0.0.1
[2025-06-24 20:47:50] [INFO] : [부모 pid 8426] SIGUSR1 핸들러 발생
[2025-06-24 20:47:50] [INFO] : SIGUSR1 핸들러: 클라이언트 index 0 로부터 메시지 수신: /NICK 건우님
[2025-06-24 20:47:50] [INFO] : [자식 pid 8501] SIGUSR2 핸들러 발생/NICK OK
[2025-06-24 20:48:00] [WARNING] : [자식 index 0, pid 8501] 클라이언트 연결 종료가 감지되어 해당 클라이언트 연결을 종료합니다.
[2025-06-24 20:48:00] [INFO] : 클라이언트 0 (pid: 8501, nick: GUEST) 접속 종료. 자원 회수 완료.

[2025-06-24 20:56:10] [INFO] : [부모 pid 8426] 서버 종료 시그널 수신 : 모든 자식 종료 중 ...
[2025-06-24 20:56:10] [INFO] : [부모 pid 8426] 서버 종료 완료. 자원 회수 완료.
[2025-06-24 20:56:13] [INFO] : 서버가 5101 번 포트에서 대기하고 있습니다......

[2025-06-24 20:56:18] [INFO] : 클라이언트 연결됨: 127.0.0.1
[2025-06-24 20:56:19] [INFO] : [자식 index 0, pid : 8597] 서버에 메시지 전송: /NICK 건우님
[2025-06-24 20:56:18] [INFO] : 클라이언트 연결됨: 127.0.0.1
[2025-06-24 20:56:19] [INFO] : [부모 pid 8594] SIGUSR1 핸들러 발생
[2025-06-24 20:56:19] [INFO] : SIGUSR1 핸들러: 클라이언트 index 0 로부터 메시지 수신: /NICK 건우님
[2025-06-24 20:56:19] [INFO] : [자식 pid 8597] SIGUSR2 핸들러 발생/NICK OK
[2025-06-24 20:58:02] [WARNING] : [자식 index 0, pid 8597] 클라이언트 연결 종료가 감지되어 해당 클라이언트 연결을 종료합니다.
[2025-06-24 20:58:02] [INFO] : 클라이언트 0 (pid: 8597, nick: GUEST) 접속 종료. 자원 회수 완료.

[2025-06-24 20:58:10] [INFO] : [부모 pid 8594] 서버 종료 시그널 수신 : 모든 자식 종료 중 ...
[2025-06-24 20:58:10] [INFO] : [부모 pid 8594] 서버 종료 완료. 자원 회수 완료.
[2025-06-24 20:58:12] [INFO] : 서버가 5101 번 포트에서 대기하고 있습니다......

[2025-06-24 20:58:14] [INFO] : 클라이언트 연결됨: 127.0.0.1
[2025-06-24 20:58:18] [INFO] : [자식 index 0, pid : 8685] 서버에 메시지 전송: /NICK 건우님
[2025-06-24 20:58:14] [INFO] : 클라이언트 연결됨: 127.0.0.1
[2025-06-24 20:58:18] [INFO] : [부모 pid 8683] SIGUSR1 핸들러 발생
[2025-06-24 20:58:18] [INFO] : SIGUSR1 핸들러: 클라이언트 index 0 로부터 메시지 수신: /NICK 건우님
[2025-06-24 20:58:18] [INFO] : [자식 pid 8685] SIGUSR2 핸들러 발생
[2025-06-24 20:58:21] [INFO] : [자식 index 0, pid : 8685] 서버에 메시지 전송: /MSG 건우님:ㅎㅇ
[2025-06-24 20:58:21] [INFO] : [부모 pid 8683] SIGUSR1 핸들러 발생
[2025-06-24 20:58:21] [INFO] : SIGUSR1 핸들러: 클라이언트 index 0 로부터 메시지 수신: /MSG 건우님:ㅎㅇ
[2025-06-24 20:58:21] [INFO] : [자식 pid 8685] SIGUSR2 핸들러 발생
[2025-06-24 21:01:36] [WARNING] : [자식 index 0, pid 8685] 클라이언트 연결 종료가 감지되어 해당 클라이언트 연결을 종료합니다.
[2025-06-24 21:01:36] [INFO] : 클라이언트 0 (pid: 8685, nick: GUEST) 접속 종료. 자원 회수 완료.

[2025-06-24 21:01:44] [INFO] : [부모 pid 8683] 서버 종료 시그널 수신 : 모든 자식 종료 중 ...
[2025-06-24 21:01:44] [INFO] : [부모 pid 8683] 서버 종료 완료. 자원 회수 완료.
[2025-06-24 21:01:48] [INFO] : 서버가 5101 번 포트에서 대기하고 있습니다......

[2025-06-24 21:01:51] [INFO] : 클라이언트 연결됨: 127.0.0.1
[2025-06-24 21:01:54] [INFO] : [자식 index 0, pid : 8766] 서버에 메시지 전송: /NICK 건우
[2025-06-24 21:01:51] [INFO] : 클라이언트 연결됨: 127.0.0.1
[2025-06-24 21:01:54] [INFO] : [부모 pid 8760] SIGUSR1 핸들러 발생
[2025-06-24 21:01:54] [INFO] : SIGUSR1 핸들러: 클라이언트 index 0 로부터 메시지 수신: /NICK 건우
[2025-06-24 21:01:54] [INFO] : [자식 pid 8766] SIGUSR2 핸들러 발생
[2025-06-24 21:01:55] [INFO] : [자식 index 0, pid : 8766] 서버에 메시지 전송: /MSG 건우:ㅎㅇ
[2025-06-24 21:01:55] [INFO] : [부모 pid 8760] SIGUSR1 핸들러 발생
[2025-06-24 21:01:55] [INFO] : SIGUSR1 핸들러: 클라이언트 index 0 로부터 메시지 수신: /MSG 건우:ㅎㅇ
[2025-06-24 21:01:55] [INFO] : [자식 pid 8766] SIGUSR2 핸들러 발생
[2025-06-24 21:01:58] [INFO] : [자식 index 0, pid : 8766] 서버에 메시지 전송: /MSG 건우:ㅎㅇㅎㄴ
[2025-06-24 21:01:58] [INFO] : [부모 pid 8760] SIGUSR1 핸들러 발생
[2025-06-24 21:01:58] [INFO] : SIGUSR1 핸들러: 클라이언트 index 0 로부터 메시지 수신: /MSG 건우:ㅎㅇㅎㄴ
[2025-06-24 21:01:58] [INFO] : [자식 pid 8766] SIGUSR2 핸들러 발생
[2025-06-24 21:04:16] [WARNING] : [자식 index 0, pid 8766] 클라이언트 연결 종료가 감지되어 해당 클라이언트 연결을 종료합니다.
[2025-06-24 21:04:16] [INFO] : 클라이언트 0 (pid: 8766, nick: GUEST) 접속 종료. 자원 회수 완료.

[2025-06-24 21:04:20] [INFO] : 클라이언트 연결됨: 127.0.0.1
[2025-06-24 21:04:22] [INFO] : [자식 index 0, pid : 8834] 서버에 메시지 전송: /NICK 건우님
[2025-06-24 21:04:20] [INFO] : 클라이언트 연결됨: 127.0.0.1
[2025-06-24 21:04:22] [INFO] : [부모 pid 8760] SIGUSR1 핸들러 발생
[2025-06-24 21:04:22] [INFO] : SIGUSR1 핸들러: 클라이언트 index 0 로부터 메시지 수신: /NICK 건우님
[2025-06-24 21:04:22] [INFO] : [자식 pid 8834] SIGUSR2 핸들러 발생
[2025-06-24 21:04:23] [INFO] : [자식 index 0, pid : 8834] 서버에 메시지 전송: /MSG 건우님:ㅎㅇ
[2025-06-24 21:04:23] [INFO] : [부모 pid 8760] SIGUSR1 핸들러 발생
[2025-06-24 21:04:23] [INFO] : SIGUSR1 핸들러: 클라이언트 index 0 로부터 메시지 수신: /MSG 건우님:ㅎㅇ
[2025-06-24 21:04:23] [INFO] : [자식 pid 8834] SIGUSR2 핸들러 발생
[2025-06-24 21:05:36] [WARNING] : [자식 index 0, pid 8834] 클라이언트 연결 종료가 감지되어 해당 클라이언트 연결을 종료합니다.
[2025-06-24 21:05:36] [INFO] : 클라이언트 0 (pid: 8834, nick: GUEST) 접속 종료. 자원 회수 완료.

[2025-06-24 21:05:38] [INFO] : 클라이언트 연결됨: 127.0.0.1
[2025-06-24 21:05:41] [INFO] : [자식 index 0, pid : 8887] 서버에 메시지 전송: /NICK 건우님!
[2025-06-24 21:05:38] [INFO] : 클라이언트 연결됨: 127.0.0.1
[2025-06-24 21:05:41] [INFO] : [부모 pid 8760] SIGUSR1 핸들러 발생
[2025-06-24 21:05:41] [INFO] : SIGUSR1 핸들러: 클라이언트 index 0 로부터 메시지 수신: /NICK 건우님!
[2025-06-24 21:05:41] [INFO] : [자식 pid 8887] SIGUSR2 핸들러 발생
[2025-06-24 21:05:43] [INFO] : [자식 index 0, pid : 8887] 서버에 메시지 전송: /MSG 건우님!:ㅎㅇㅎㅇ
[2025-06-24 21:05:43] [INFO] : [부모 pid 8760] SIGUSR1 핸들러 발생
[2025-06-24 21:05:43] [INFO] : SIGUSR1 핸들러: 클라이언트 index 0 로부터 메시지 수신: /MSG 건우님!:ㅎㅇㅎㅇ
[2025-06-24 21:05:43] [INFO] : [자식 pid 8887] SIGUSR2 핸들러 발생
[2025-06-24 21:12:42] [WARNING] : [자식 index 0, pid 8887] 클라이언트 연결 종료가 감지되어 해당 클라이언트 연결을 종료합니다.
[2025-06-24 21:12:42] [INFO] : 클라이언트 0 (pid: 8887, nick: GUEST) 접속 종료. 자원 회수 완료.

[2025-06-24 21:12:54] [INFO] : [부모 pid 8760] 서버 종료 시그널 수신 : 모든 자식 종료 중 ...
[2025-06-24 21:12:54] [INFO] : [부모 pid 8760] 서버 종료 완료. 자원 회수 완료.
[2025-06-24 21:12:56] [INFO] : 서버가 5101 번 포트에서 대기하고 있습니다......

[2025-06-24 21:13:00] [INFO] : 클라이언트 연결됨: 127.0.0.1
[2025-06-24 21:13:02] [INFO] : [자식 index 0, pid : 8974] 서버에 메시지 전송: /NICK 건우님
[2025-06-24 21:13:00] [INFO] : 클라이언트 연결됨: 127.0.0.1
[2025-06-24 21:13:02] [INFO] : [부모 pid 8970] SIGUSR1 핸들러 발생
[2025-06-24 21:13:02] [INFO] : SIGUSR1 핸들러: 클라이언트 index 0 로부터 메시지 수신: /NICK 건우님
[2025-06-24 21:13:02] [INFO] : [자식 pid 8974] SIGUSR2 핸들러 발생
[2025-06-24 21:13:03] [INFO] : [자식 index 0, pid : 8974] 서버에 메시지 전송: /MSG 건우님:ㅎㅇ
[2025-06-24 21:13:03] [INFO] : [부모 pid 8970] SIGUSR1 핸들러 발생
[2025-06-24 21:13:03] [INFO] : SIGUSR1 핸들러: 클라이언트 index 0 로부터 메시지 수신: /MSG 건우님:ㅎㅇ
[2025-06-24 21:13:03] [INFO] : [자식 pid 8974] SIGUSR2 핸들러 발생
[2025-06-24 21:13:10] [WARNING] : [자식 index 0, pid 8974] 클라이언트 연결 종료가 감지되어 해당 클라이언트 연결을 종료합니다.
[2025-06-24 21:13:10] [INFO] : 클라이언트 0 (pid: 8974, nick: 건우님) 접속 종료. 자원 회수 완료.

[2025-06-24 21:13:21] [INFO] : [부모 pid 8970] 서버 종료 시그널 수신 : 모든 자식 종료 중 ...
[2025-06-24 21:13:21] [INFO] : [부모 pid 8970] 서버 종료 완료. 자원 회수 완료.
[2025-06-24 21:15:18] [INFO] : 서버가 5101 번 포트에서 대기하고 있습니다......

[2025-06-24 21:15:23] [INFO] : 클라이언트 연결됨: 127.0.0.1
[2025-06-24 21:15:25] [INFO] : [자식 index 0, pid : 9037] 서버에 메시지 전송: /NICK 건우님
[2025-06-24 21:15:23] [INFO] : 클라이언트 연결됨: 127.0.0.1
[2025-06-24 21:15:25] [INFO] : [부모 pid 9032] SIGUSR1 핸들러 발생
[2025-06-24 21:15:25] [INFO] : SIGUSR1 핸들러: 클라이언트 index 0 로부터 메시지 수신: /NICK 건우님

건우님
[2025-06-24 21:15:25] [INFO] : [자식 pid 9037] SIGUSR2 핸들러 발생
[2025-06-24 21:15:30] [INFO] : [자식 index 0, pid : 9037] 서버에 메시지 전송: /MSG 건우님:ㅁㄴㅇㄹ
[2025-06-24 21:15:30] [INFO] : [부모 pid 9032] SIGUSR1 핸들러 발생
[2025-06-24 21:15:30] [INFO] : SIGUSR1 핸들러: 클라이언트 index 0 로부터 메시지 수신: /MSG 건우님:ㅁㄴㅇㄹ
[2025-06-24 21:15:30] [INFO] : [자식 pid 9037] SIGUSR2 핸들러 발생
[2025-06-24 21:15:58] [WARNING] : [자식 index 0, pid 9037] 클라이언트 연결 종료가 감지되어 해당 클라이언트 연결을 종료합니다.
[2025-06-24 21:15:58] [INFO] : 클라이언트 0 (pid: 9037, nick: 건우님) 접속 종료. 자원 회수 완료.

[2025-06-24 21:25:22] [INFO] : [부모 pid 9032] 서버 종료 시그널 수신 : 모든 자식 종료 중 ...
[2025-06-24 21:25:22] [INFO] : [부모 pid 9032] 서버 종료 완료. 자원 회수 완료.
[2025-06-24 21:25:26] [INFO] : 서버가 5101 번 포트에서 대기하고 있습니다......

[2025-06-24 21:25:31] [INFO] : 클라이언트 연결됨: 127.0.0.1
[2025-06-24 21:25:33] [INFO] : [자식 index 0, pid : 9147] 서버에 메시지 전송: /NICK 건우님
[2025-06-24 21:25:31] [INFO] : 클라이언트 연결됨: 127.0.0.1
[2025-06-24 21:25:33] [INFO] : [부모 pid 9144] SIGUSR1 핸들러 발생
[2025-06-24 21:25:33] [INFO] : SIGUSR1 핸들러: 클라이언트 index 0 로부터 메시지 수신: /NICK 건우님
[2025-06-24 21:25:33] [INFO] : [자식 pid 9147] SIGUSR2 핸들러 발생
[2025-06-24 21:25:34] [INFO] : [자식 index 0, pid : 9147] 서버에 메시지 전송: /MSG 건우님:ㅎㅇ
[2025-06-24 21:25:34] [INFO] : [부모 pid 9144] SIGUSR1 핸들러 발생
[2025-06-24 21:25:34] [INFO] : SIGUSR1 핸들러: 클라이언트 index 0 로부터 메시지 수신: /MSG 건우님:ㅎㅇ
[2025-06-24 21:25:34] [INFO] : [자식 pid 9147] SIGUSR2 핸들러 발생
[2025-06-24 21:25:36] [INFO] : [자식 index 0, pid : 9147] 서버에 메시지 전송: /MSG 건우님:ㄶㅇ
[2025-06-24 21:25:36] [INFO] : [부모 pid 9144] SIGUSR1 핸들러 발생
[2025-06-24 21:25:36] [INFO] : SIGUSR1 핸들러: 클라이언트 index 0 로부터 메시지 수신: /MSG 건우님:ㄶㅇ
[2025-06-24 21:25:36] [INFO] : [자식 pid 9147] SIGUSR2 핸들러 발생
[2025-06-24 21:25:38] [INFO] : [자식 index 0, pid : 9147] 서버에 메시지 전송: /MSG 건우님:ㅎㅇㅎㅇ
[2025-06-24 21:25:38] [INFO] : [부모 pid 9144] SIGUSR1 핸들러 발생
[2025-06-24 21:25:38] [INFO] : SIGUSR1 핸들러: 클라이언트 index 0 로부터 메시지 수신: /MSG 건우님:ㅎㅇㅎㅇ
[2025-06-24 21:25:38] [INFO] : [자식 pid 9147] SIGUSR2 핸들러 발생
[2025-06-24 21:26:54] [INFO] : 클라이언트 연결됨: 127.0.0.1
[2025-06-24 21:26:56] [INFO] : [자식 index 1, pid : 9166] 서버에 메시지 전송: /NICK 건우님
[2025-06-24 21:26:54] [INFO] : 클라이언트 연결됨: 127.0.0.1
[2025-06-24 21:26:56] [INFO] : [부모 pid 9144] SIGUSR1 핸들러 발생
[2025-06-24 21:26:56] [INFO] : SIGUSR1 핸들러: 클라이언트 index 1 로부터 메시지 수신: /NICK 건우님
[2025-06-24 21:26:56] [INFO] : [자식 pid 9166] SIGUSR2 핸들러 발생
[2025-06-24 21:26:58] [INFO] : [자식 index 1, pid : 9166] 서버에 메시지 전송: /MSG 건우님:ㄴㅇㄹ
[2025-06-24 21:26:58] [INFO] : [부모 pid 9144] SIGUSR1 핸들러 발생
[2025-06-24 21:26:58] [INFO] : SIGUSR1 핸들러: 클라이언트 index 1 로부터 메시지 수신: /MSG 건우님:ㄴㅇㄹ
[2025-06-24 21:26:58] [INFO] : [자식 pid 9147] SIGUSR2 핸들러 발생
[2025-06-24 21:26:58] [INFO] : [자식 pid 9166] SIGUSR2 핸들러 발생
[2025-06-24 21:27:02] [WARNING] : [자식 index 0, pid 9147] 클라이언트 연결 종료가 감지되어 해당 클라이언트 연결을 종료합니다.
[2025-06-24 21:27:02] [INFO] : 클라이언트 0 (pid: 9147, nick: 건우님) 접속 종료. 자원 회수 완료.

[2025-06-24 21:27:02] [WARNING] : [자식 index 1, pid 9166] 클라이언트 연결 종료가 감지되어 해당 클라이언트 연결을 종료합니다.
[2025-06-24 21:27:02] [INFO] : 클라이언트 1 (pid: 9166, nick: 건우님) 접속 종료. 자원 회수 완료.

[2025-06-24 21:30:10] [INFO] : [부모 pid 9144] 서버 종료 시그널 수신 : 모든 자식 종료 중 ...
[2025-06-24 21:30:10] [INFO] : [부모 pid 9144] 서버 종료 완료. 자원 회수 완료.
[2025-06-24 21:30:12] [INFO] : 서버가 5101 번 포트에서 대기하고 있습니다......

[2025-06-24 21:30:14] [INFO] : 클라이언트 연결됨: 127.0.0.1
[2025-06-24 21:30:16] [INFO] : [자식 index 0, pid : 9249] 서버에 메시지 전송: /NICK 건우님
[2025-06-24 21:30:14] [INFO] : 클라이언트 연결됨: 127.0.0.1
[2025-06-24 21:30:16] [INFO] : [부모 pid 9247] SIGUSR1 핸들러 발생
[2025-06-24 21:30:16] [INFO] : SIGUSR1 핸들러: 클라이언트 index 0 로부터 메시지 수신: /NICK 건우님
[2025-06-24 21:30:16] [INFO] : [자식 pid 9249] SIGUSR2 핸들러 발생
[2025-06-24 21:30:21] [INFO] : 클라이언트 연결됨: 127.0.0.1
[2025-06-24 21:30:22] [INFO] : [자식 index 1, pid : 9253] 서버에 메시지 전송: /NICK 건우님
[2025-06-24 21:30:21] [INFO] : 클라이언트 연결됨: 127.0.0.1
[2025-06-24 21:30:22] [INFO] : [부모 pid 9247] SIGUSR1 핸들러 발생
[2025-06-24 21:30:22] [INFO] : SIGUSR1 핸들러: 클라이언트 index 1 로부터 메시지 수신: /NICK 건우님
[2025-06-24 21:30:22] [INFO] : [자식 pid 9253] SIGUSR2 핸들러 발생
[2025-06-24 21:30:23] [INFO] : [자식 index 1, pid : 9253] 서버에 메시지 전송: /MSG 건우님:ㄴㅇㄹ
[2025-06-24 21:30:23] [INFO] : [부모 pid 9247] SIGUSR1 핸들러 발생
[2025-06-24 21:30:23] [INFO] : SIGUSR1 핸들러: 클라이언트 index 1 로부터 메시지 수신: /MSG 건우님:ㄴㅇㄹ
[2025-06-24 21:30:23] [INFO] : [자식 pid 9249] SIGUSR2 핸들러 발생
[2025-06-24 21:30:23] [INFO] : [자식 pid 9253] SIGUSR2 핸들러 발생
[2025-06-24 21:30:25] [WARNING] : [자식 index 1, pid 9253] 클라이언트 연결 종료가 감지되어 해당 클라이언트 연결을 종료합니다.
[2025-06-24 21:30:25] [INFO] : 클라이언트 1 (pid: 9253, nick: 건우님) 접속 종료. 자원 회수 완료.

[2025-06-24 21:30:26] [WARNING] : [자식 index 0, pid 9249] 클라이언트 연결 종료가 감지되어 해당 클라이언트 연결을 종료합니다.
[2025-06-24 21:30:26] [INFO] : 클라이언트 0 (pid: 9249, nick: 건우님) 접속 종료. 자원 회수 완료.

[2025-06-24 21:32:26] [INFO] : 클라이언트 연결됨: 127.0.0.1
[2025-06-24 21:32:28] [INFO] : [자식 index 0, pid : 9320] 서버에 메시지 전송: /NICK 건우님
[2025-06-24 21:32:26] [INFO] : 클라이언트 연결됨: 127.0.0.1
[2025-06-24 21:32:28] [INFO] : [부모 pid 9247] SIGUSR1 핸들러 발생
[2025-06-24 21:32:28] [INFO] : SIGUSR1 핸들러: 클라이언트 index 0 로부터 메시지 수신: /NICK 건우님
[2025-06-24 21:32:28] [INFO] : [자식 pid 9320] SIGUSR2 핸들러 발생
[2025-06-24 21:33:10] [INFO] : [자식 index 0, pid : 9320] 서버에 메시지 전송: /NICK 건우
[2025-06-24 21:33:10] [INFO] : [부모 pid 9247] SIGUSR1 핸들러 발생
[2025-06-24 21:33:10] [INFO] : SIGUSR1 핸들러: 클라이언트 index 0 로부터 메시지 수신: /NICK 건우
[2025-06-24 21:33:10] [INFO] : [자식 pid 9320] SIGUSR2 핸들러 발생
[2025-06-24 21:33:13] [INFO] : [자식 index 0, pid : 9320] 서버에 메시지 전송: /NICK 건우니닌ㅁ
[2025-06-24 21:33:13] [INFO] : [부모 pid 9247] SIGUSR1 핸들러 발생
[2025-06-24 21:33:13] [INFO] : SIGUSR1 핸들러: 클라이언트 index 0 로부터 메시지 수신: /NICK 건우니닌ㅁ
[2025-06-24 21:33:13] [INFO] : [자식 pid 9320] SIGUSR2 핸들러 발생
[2025-06-24 21:33:43] [WARNING] : [자식 index 0, pid 9320] 클라이언트 연결 종료가 감지되어 해당 클라이언트 연결을 종료합니다.
[2025-06-24 21:33:43] [INFO] : 클라이언트 0 (pid: 9320, nick: 건우니닌ㅁ) 접속 종료. 자원 회수 완료.

[2025-06-24 21:33:55] [INFO] : [부모 pid 9247] 서버 종료 시그널 수신 : 모든 자식 종료 중 ...
[2025-06-24 21:33:55] [INFO] : [부모 pid 9247] 서버 종료 완료. 자원 회수 완료.
[2025-06-24 21:33:57] [INFO] : 서버가 5101 번 포트에서 대기하고 있습니다......

[2025-06-24 21:34:03] [INFO] : 클라이언트 연결됨: 127.0.0.1
[2025-06-24 21:34:05] [INFO] : [자식 index 0, pid : 9357] 서버에 메시지 전송: /NICK 건우님
[2025-06-24 21:34:03] [INFO] : 클라이언트 연결됨: 127.0.0.1
[2025-06-24 21:34:05] [INFO] : [부모 pid 9355] SIGUSR1 핸들러 발생
[2025-06-24 21:34:05] [INFO] : SIGUSR1 핸들러: 클라이언트 index 0 로부터 메시지 수신: /NICK 건우님
[2025-06-24 21:34:05] [INFO] : [자식 pid 9357] SIGUSR2 핸들러 발생
[2025-06-24 21:34:09] [INFO] : [자식 index 0, pid : 9357] 서버에 메시지 전송: /MSG 건우님:ㄴㅇㄹ
[2025-06-24 21:34:09] [INFO] : [부모 pid 9355] SIGUSR1 핸들러 발생
[2025-06-24 21:34:09] [INFO] : SIGUSR1 핸들러: 클라이언트 index 0 로부터 메시지 수신: /MSG 건우님:ㄴㅇㄹ
[2025-06-24 21:34:09] [INFO] : [자식 pid 9357] SIGUSR2 핸들러 발생
[2025-06-24 21:34:14] [INFO] : 클라이언트 연결됨: 127.0.0.1
[2025-06-24 21:34:17] [INFO] : [자식 index 1, pid : 9360] 서버에 메시지 전송: /NICK 건우님2
[2025-06-24 21:34:14] [INFO] : 클라이언트 연결됨: 127.0.0.1
[2025-06-24 21:34:17] [INFO] : [부모 pid 9355] SIGUSR1 핸들러 발생
[2025-06-24 21:34:17] [INFO] : SIGUSR1 핸들러: 클라이언트 index 1 로부터 메시지 수신: /NICK 건우님2
[2025-06-24 21:34:17] [INFO] : [자식 pid 9360] SIGUSR2 핸들러 발생
[2025-06-24 21:41:18] [INFO] : [자식 index 1, pid : 9360] 서버에 메시지 전송: /MSG 건우님2:ㄴㅁ
[2025-06-24 21:41:18] [INFO] : [부모 pid 9355] SIGUSR1 핸들러 발생
[2025-06-24 21:41:18] [INFO] : SIGUSR1 핸들러: 클라이언트 index 1 로부터 메시지 수신: /MSG 건우님2:ㄴㅁ
[2025-06-24 21:41:18] [INFO] : [자식 pid 9357] SIGUSR2 핸들러 발생
[2025-06-24 21:41:18] [INFO] : [자식 pid 9360] SIGUSR2 핸들러 발생
[2025-06-24 21:46:41] [WARNING] : [자식 index 0, pid 9357] 클라이언트 연결 종료가 감지되어 해당 클라이언트 연결을 종료합니다.
[2025-06-24 21:46:41] [INFO] : 클라이언트 0 (pid: 9357, nick: 건우님) 접속 종료. 자원 회수 완료.

[2025-06-24 21:46:43] [WARNING] : [자식 index 1, pid 9360] 클라이언트 연결 종료가 감지되어 해당 클라이언트 연결을 종료합니다.
[2025-06-24 21:46:43] [INFO] : 클라이언트 1 (pid: 9360, nick: 건우님2) 접속 종료. 자원 회수 완료.

[2025-06-24 21:46:52] [INFO] : [부모 pid 9355] 서버 종료 시그널 수신 : 모든 자식 종료 중 ...
[2025-06-24 21:46:52] [INFO] : [부모 pid 9355] 서버 종료 완료. 자원 회수 완료.
[2025-06-24 21:46:54] [INFO] : 서버가 5101 번 포트에서 대기하고 있습니다......

[2025-06-24 21:46:56] [INFO] : 클라이언트 연결됨: 127.0.0.1
[2025-06-24 21:46:57] [INFO] : [자식 index 0, pid : 9459] 서버에 메시지 전송: /NICK 건우님
[2025-06-24 21:46:56] [INFO] : 클라이언트 연결됨: 127.0.0.1
[2025-06-24 21:46:57] [INFO] : [부모 pid 9457] SIGUSR1 핸들러 발생
[2025-06-24 21:46:57] [INFO] : SIGUSR1 핸들러: 클라이언트 index 0 로부터 메시지 수신: /NICK 건우님
[2025-06-24 21:46:57] [INFO] : [자식 pid 9459] SIGUSR2 핸들러 발생
[2025-06-24 21:46:59] [INFO] : [자식 index 0, pid : 9459] 서버에 메시지 전송: /MSG 건우님:ㄴㅇㄹ
[2025-06-24 21:46:59] [INFO] : [부모 pid 9457] SIGUSR1 핸들러 발생
[2025-06-24 21:46:59] [INFO] : SIGUSR1 핸들러: 클라이언트 index 0 로부터 메시지 수신: /MSG 건우님:ㄴㅇㄹ
[2025-06-24 21:46:59] [INFO] : [자식 pid 9459] SIGUSR2 핸들러 발생
[2025-06-24 21:48:01] [WARNING] : [자식 index 0, pid 9459] 클라이언트 연결 종료가 감지되어 해당 클라이언트 연결을 종료합니다.
[2025-06-24 21:48:01] [INFO] : 클라이언트 0 (pid: 9459, nick: 건우님) 접속 종료. 자원 회수 완료.

[2025-06-24 21:48:02] [INFO] : 클라이언트 연결됨: 127.0.0.1
[2025-06-24 21:48:03] [INFO] : [자식 index 0, pid : 9496] 서버에 메시지 전송: /NICK 건우님
[2025-06-24 21:48:02] [INFO] : 클라이언트 연결됨: 127.0.0.1
[2025-06-24 21:48:03] [INFO] : [부모 pid 9457] SIGUSR1 핸들러 발생
[2025-06-24 21:48:03] [INFO] : SIGUSR1 핸들러: 클라이언트 index 0 로부터 메시지 수신: /NICK 건우님
[2025-06-24 21:48:03] [INFO] : [자식 pid 9496] SIGUSR2 핸들러 발생
[2025-06-24 21:48:04] [INFO] : [자식 index 0, pid : 9496] 서버에 메시지 전송: /MSG 건우님:ㄴㅇㄹ
[2025-06-24 21:48:04] [INFO] : [부모 pid 9457] SIGUSR1 핸들러 발생
[2025-06-24 21:48:04] [INFO] : SIGUSR1 핸들러: 클라이언트 index 0 로부터 메시지 수신: /MSG 건우님:ㄴㅇㄹ
[2025-06-24 21:48:04] [INFO] : [자식 pid 9496] SIGUSR2 핸들러 발생
[2025-06-24 21:48:51] [WARNING] : [자식 index 0, pid 9496] 클라이언트 연결 종료가 감지되어 해당 클라이언트 연결을 종료합니다.
[2025-06-24 21:48:51] [INFO] : 클라이언트 0 (pid: 9496, nick: 건우님) 접속 종료. 자원 회수 완료.

[2025-06-24 21:48:52] [INFO] : 클라이언트 연결됨: 127.0.0.1
[2025-06-24 21:48:53] [INFO] : [자식 index 0, pid : 9546] 서버에 메시지 전송: /NICK 건우님
[2025-06-24 21:48:52] [INFO] : 클라이언트 연결됨: 127.0.0.1
[2025-06-24 21:48:53] [INFO] : [부모 pid 9457] SIGUSR1 핸들러 발생
[2025-06-24 21:48:53] [INFO] : SIGUSR1 핸들러: 클라이언트 index 0 로부터 메시지 수신: /NICK 건우님
[2025-06-24 21:48:53] [INFO] : [자식 pid 9546] SIGUSR2 핸들러 발생
[2025-06-24 21:48:54] [INFO] : [자식 index 0, pid : 9546] 서버에 메시지 전송: /MSG 건우님:ㄴㅇㄹ
[2025-06-24 21:48:54] [INFO] : [부모 pid 9457] SIGUSR1 핸들러 발생
[2025-06-24 21:48:54] [INFO] : SIGUSR1 핸들러: 클라이언트 index 0 로부터 메시지 수신: /MSG 건우님:ㄴㅇㄹ
[2025-06-24 21:48:54] [INFO] : [자식 pid 9546] SIGUSR2 핸들러 발생
[2025-06-24 21:50:05] [WARNING] : [자식 index 0, pid 9546] 클라이언트 연결 종료가 감지되어 해당 클라이언트 연결을 종료합니다.
[2025-06-24 21:50:05] [INFO] : 클라이언트 0 (pid: 9546, nick: 건우님) 접속 종료. 자원 회수 완료.

[2025-06-24 21:50:12] [INFO] : [부모 pid 9457] 서버 종료 시그널 수신 : 모든 자식 종료 중 ...
[2025-06-24 21:50:12] [INFO] : [부모 pid 9457] 서버 종료 완료. 자원 회수 완료.
[2025-06-24 21:50:14] [INFO] : 서버가 5101 번 포트에서 대기하고 있습니다......

[2025-06-24 21:50:32] [INFO] : 클라이언트 연결됨: 127.0.0.1
[2025-06-24 21:50:35] [INFO] : [자식 index 0, pid : 9631] 서버에 메시지 전송: /NICK 건우님
[2025-06-24 21:50:32] [INFO] : 클라이언트 연결됨: 127.0.0.1
[2025-06-24 21:50:35] [INFO] : [부모 pid 9625] SIGUSR1 핸들러 발생
[2025-06-24 21:50:35] [INFO] : SIGUSR1 핸들러: 클라이언트 index 0 로부터 메시지 수신: /NICK 건우님
[2025-06-24 21:50:35] [INFO] : [자식 pid 9631] SIGUSR2 핸들러 발생
[2025-06-24 21:50:38] [INFO] : [자식 index 0, pid : 9631] 서버에 메시지 전송: /MSG 건우님:ㅎㅇㅎㅇ
[2025-06-24 21:50:38] [INFO] : [부모 pid 9625] SIGUSR1 핸들러 발생
[2025-06-24 21:50:38] [INFO] : SIGUSR1 핸들러: 클라이언트 index 0 로부터 메시지 수신: /MSG 건우님:ㅎㅇㅎㅇ/MSG 건우님:건우님:ㅎㅇㅎㅇ





[2025-06-24 21:50:38] [INFO] : [자식 pid 9631] SIGUSR2 핸들러 발생
[2025-06-24 21:58:53] [WARNING] : [자식 index 0, pid 9631] 클라이언트 연결 종료가 감지되어 해당 클라이언트 연결을 종료합니다.
[2025-06-24 21:58:53] [INFO] : 클라이언트 0 (pid: 9631, nick: 건우님) 접속 종료. 자원 회수 완료.

[2025-06-24 21:59:06] [INFO] : [부모 pid 9625] 서버 종료 시그널 수신 : 모든 자식 종료 중 ...
[2025-06-24 21:59:06] [INFO] : [부모 pid 9625] 서버 종료 완료. 자원 회수 완료.
[2025-06-24 21:59:09] [INFO] : 서버가 5101 번 포트에서 대기하고 있습니다......

[2025-06-24 21:59:11] [INFO] : 클라이언트 연결됨: 127.0.0.1
[2025-06-24 21:59:13] [INFO] : [자식 index 0, pid : 9750] 서버에 메시지 전송: /NICK 건우님
[2025-06-24 21:59:11] [INFO] : 클라이언트 연결됨: 127.0.0.1
[2025-06-24 21:59:13] [INFO] : [부모 pid 9748] SIGUSR1 핸들러 발생
[2025-06-24 21:59:13] [INFO] : SIGUSR1 핸들러: 클라이언트 index 0 로부터 메시지 수신: /NICK 건우님
[2025-06-24 21:59:13] [INFO] : [자식 pid 9750] SIGUSR2 핸들러 발생
[2025-06-24 21:59:14] [INFO] : [자식 index 0, pid : 9750] 서버에 메시지 전송: /MSG 건우님:ㅎㄴㅇ
[2025-06-24 21:59:14] [INFO] : [부모 pid 9748] SIGUSR1 핸들러 발생
[2025-06-24 21:59:14] [INFO] : SIGUSR1 핸들러: 클라이언트 index 0 로부터 메시지 수신: /MSG 건우님:ㅎㄴㅇ
[2025-06-24 21:59:14] [INFO] : [자식 pid 9750] SIGUSR2 핸들러 발생
[2025-06-24 22:00:28] [WARNING] : [자식 index 0, pid 9750] 클라이언트 연결 종료가 감지되어 해당 클라이언트 연결을 종료합니다.
[2025-06-24 22:00:28] [INFO] : 클라이언트 0 (pid: 9750, nick: 건우님) 접속 종료. 자원 회수 완료.

[2025-06-24 22:00:29] [INFO] : 클라이언트 연결됨: 127.0.0.1
[2025-06-24 22:00:30] [INFO] : [자식 index 0, pid : 9791] 서버에 메시지 전송: /NICK 건우님
[2025-06-24 22:00:29] [INFO] : 클라이언트 연결됨: 127.0.0.1
[2025-06-24 22:00:30] [INFO] : [부모 pid 9748] SIGUSR1 핸들러 발생
[2025-06-24 22:00:30] [INFO] : SIGUSR1 핸들러: 클라이언트 index 0 로부터 메시지 수신: /NICK 건우님
[2025-06-24 22:00:30] [INFO] : [자식 pid 9791] SIGUSR2 핸들러 발생
[2025-06-24 22:00:31] [INFO] : [자식 index 0, pid : 9791] 서버에 메시지 전송: /MSG 건우님:ㄶㅇ
[2025-06-24 22:00:31] [INFO] : [부모 pid 9748] SIGUSR1 핸들러 발생
[2025-06-24 22:00:31] [INFO] : SIGUSR1 핸들러: 클라이언트 index 0 로부터 메시지 수신: /MSG 건우님:ㄶㅇ
[2025-06-24 22:00:31] [INFO] : [자식 pid 9791] SIGUSR2 핸들러 발생
[2025-06-24 22:01:09] [WARNING] : [자식 index 0, pid 9791] 클라이언트 연결 종료가 감지되어 해당 클라이언트 연결을 종료합니다.
[2025-06-24 22:01:09] [INFO] : 클라이언트 0 (pid: 9791, nick: 건우님) 접속 종료. 자원 회수 완료.

[2025-06-24 22:01:10] [INFO] : 클라이언트 연결됨: 127.0.0.1
[2025-06-24 22:01:12] [INFO] : [자식 index 0, pid : 9848] 서버에 메시지 전송: /NICK 건우님
[2025-06-24 22:01:10] [INFO] : 클라이언트 연결됨: 127.0.0.1
[2025-06-24 22:01:12] [INFO] : [부모 pid 9748] SIGUSR1 핸들러 발생
[2025-06-24 22:01:12] [INFO] : SIGUSR1 핸들러: 클라이언트 index 0 로부터 메시지 수신: /NICK 건우님
[2025-06-24 22:01:12] [INFO] : [자식 pid 9848] SIGUSR2 핸들러 발생
[2025-06-24 22:01:14] [INFO] : [자식 index 0, pid : 9848] 서버에 메시지 전송: /MSG 건우님:ㅎㅇ
[2025-06-24 22:01:14] [INFO] : [부모 pid 9748] SIGUSR1 핸들러 발생
[2025-06-24 22:01:14] [INFO] : SIGUSR1 핸들러: 클라이언트 index 0 로부터 메시지 수신: /MSG 건우님:ㅎㅇ
[2025-06-24 22:01:14] [INFO] : [자식 pid 9848] SIGUSR2 핸들러 발생
[2025-06-24 22:01:16] [INFO] : [자식 index 0, pid : 9848] 서버에 메시지 전송: /MSG 건우님:ㅎㅇ
[2025-06-24 22:01:16] [INFO] : [부모 pid 9748] SIGUSR1 핸들러 발생
[2025-06-24 22:01:16] [INFO] : SIGUSR1 핸들러: 클라이언트 index 0 로부터 메시지 수신: /MSG 건우님:ㅎㅇ
[2025-06-24 22:01:16] [INFO] : [자식 pid 9848] SIGUSR2 핸들러 발생
[2025-06-24 22:01:34] [WARNING] : [자식 index 0, pid 9848] 클라이언트 연결 종료가 감지되어 해당 클라이언트 연결을 종료합니다.
[2025-06-24 22:01:34] [INFO] : 클라이언트 0 (pid: 9848, nick: 건우님) 접속 종료. 자원 회수 완료.

[2025-06-24 22:01:36] [INFO] : 클라이언트 연결됨: 127.0.0.1
[2025-06-24 22:01:38] [INFO] : [자식 index 0, pid : 9896] 서버에 메시지 전송: /NICK 건우님
[2025-06-24 22:01:36] [INFO] : 클라이언트 연결됨: 127.0.0.1
[2025-06-24 22:01:38] [INFO] : [부모 pid 9748] SIGUSR1 핸들러 발생
[2025-06-24 22:01:38] [INFO] : SIGUSR1 핸들러: 클라이언트 index 0 로부터 메시지 수신: /NICK 건우님
[2025-06-24 22:01:38] [INFO] : [자식 pid 9896] SIGUSR2 핸들러 발생
[2025-06-24 22:01:38] [INFO] : [자식 index 0, pid : 9896] 서버에 메시지 전송: /MSG 건우님:ㅎㅇ
[2025-06-24 22:01:38] [INFO] : [부모 pid 9748] SIGUSR1 핸들러 발생
[2025-06-24 22:01:38] [INFO] : SIGUSR1 핸들러: 클라이언트 index 0 로부터 메시지 수신: /MSG 건우님:ㅎㅇ
[2025-06-24 22:01:38] [INFO] : [자식 pid 9896] SIGUSR2 핸들러 발생
[2025-06-24 22:02:17] [WARNING] : [자식 index 0, pid 9896] 클라이언트 연결 종료가 감지되어 해당 클라이언트 연결을 종료합니다.
[2025-06-24 22:02:17] [INFO] : 클라이언트 0 (pid: 9896, nick: 건우님) 접속 종료. 자원 회수 완료.

[2025-06-24 22:02:18] [INFO] : 클라이언트 연결됨: 127.0.0.1
[2025-06-24 22:02:20] [INFO] : [자식 index 0, pid : 9944] 서버에 메시지 전송: /NICK 건우님
[2025-06-24 22:02:18] [INFO] : 클라이언트 연결됨: 127.0.0.1
[2025-06-24 22:02:20] [INFO] : [부모 pid 9748] SIGUSR1 핸들러 발생
[2025-06-24 22:02:20] [INFO] : SIGUSR1 핸들러: 클라이언트 index 0 로부터 메시지 수신: /NICK 건우님
[2025-06-24 22:02:20] [INFO] : [자식 pid 9944] SIGUSR2 핸들러 발생
[2025-06-24 22:02:20] [INFO] : [자식 index 0, pid : 9944] 서버에 메시지 전송: /MSG 건우님:ㅎㅇ
[2025-06-24 22:02:20] [INFO] : [부모 pid 9748] SIGUSR1 핸들러 발생
[2025-06-24 22:02:20] [INFO] : SIGUSR1 핸들러: 클라이언트 index 0 로부터 메시지 수신: /MSG 건우님:ㅎㅇ
[2025-06-24 22:02:20] [INFO] : [자식 pid 9944] SIGUSR2 핸들러 발생
[2025-06-24 22:02:22] [INFO] : [자식 index 0, pid : 9944] 서버에 메시지 전송: /MSG 건우님:ㅎㅇ
[2025-06-24 22:02:22] [INFO] : [부모 pid 9748] SIGUSR1 핸들러 발생
[2025-06-24 22:02:22] [INFO] : SIGUSR1 핸들러: 클라이언트 index 0 로부터 메시지 수신: /MSG 건우님:ㅎㅇ
[2025-06-24 22:02:22] [INFO] : [자식 pid 9944] SIGUSR2 핸들러 발생
[2025-06-24 22:03:37] [WARNING] : [자식 index 0, pid 9944] 클라이언트 연결 종료가 감지되어 해당 클라이언트 연결을 종료합니다.
[2025-06-24 22:03:37] [INFO] : 클라이언트 0 (pid: 9944, nick: 건우님) 접속 종료. 자원 회수 완료.

[2025-06-24 22:03:42] [INFO] : 클라이언트 연결됨: 127.0.0.1
[2025-06-24 22:03:44] [INFO] : [자식 index 0, pid : 10000] 서버에 메시지 전송: /NICK 건우님
[2025-06-24 22:03:42] [INFO] : 클라이언트 연결됨: 127.0.0.1
[2025-06-24 22:03:44] [INFO] : [부모 pid 9748] SIGUSR1 핸들러 발생
[2025-06-24 22:03:44] [INFO] : SIGUSR1 핸들러: 클라이언트 index 0 로부터 메시지 수신: /NICK 건우님
[2025-06-24 22:03:44] [INFO] : [자식 pid 10000] SIGUSR2 핸들러 발생
[2025-06-24 22:03:45] [INFO] : [자식 index 0, pid : 10000] 서버에 메시지 전송: /MSG 건우님:ㅎㅇ
[2025-06-24 22:03:45] [INFO] : [부모 pid 9748] SIGUSR1 핸들러 발생
[2025-06-24 22:03:45] [INFO] : SIGUSR1 핸들러: 클라이언트 index 0 로부터 메시지 수신: /MSG 건우님:ㅎㅇ
[2025-06-24 22:03:45] [INFO] : [자식 pid 10000] SIGUSR2 핸들러 발생
[2025-06-24 22:04:51] [WARNING] : [자식 index 0, pid 10000] 클라이언트 연결 종료가 감지되어 해당 클라이언트 연결을 종료합니다.
[2025-06-24 22:04:51] [INFO] : 클라이언트 0 (pid: 10000, nick: 건우님) 접속 종료. 자원 회수 완료.

[2025-06-24 22:04:52] [INFO] : 클라이언트 연결됨: 127.0.0.1
[2025-06-24 22:04:54] [INFO] : [자식 index 0, pid : 10048] 서버에 메시지 전송: /NICK 건우님
[2025-06-24 22:04:52] [INFO] : 클라이언트 연결됨: 127.0.0.1
[2025-06-24 22:04:54] [INFO] : [부모 pid 9748] SIGUSR1 핸들러 발생
[2025-06-24 22:04:54] [INFO] : SIGUSR1 핸들러: 클라이언트 index 0 로부터 메시지 수신: /NICK 건우님
[2025-06-24 22:04:54] [INFO] : [자식 pid 10048] SIGUSR2 핸들러 발생
[2025-06-24 22:04:56] [INFO] : [자식 index 0, pid : 10048] 서버에 메시지 전송: /MSG 건우님:ㅎㅇ
[2025-06-24 22:04:56] [INFO] : [부모 pid 9748] SIGUSR1 핸들러 발생
[2025-06-24 22:04:56] [INFO] : SIGUSR1 핸들러: 클라이언트 index 0 로부터 메시지 수신: /MSG 건우님:ㅎㅇ
[2025-06-24 22:04:56] [INFO] : [자식 pid 10048] SIGUSR2 핸들러 발생
[2025-06-24 22:04:57] [INFO] : [자식 index 0, pid : 10048] 서버에 메시지 전송: /MSG 건우님:ㄴㅇㄹ
[2025-06-24 22:04:57] [INFO] : [부모 pid 9748] SIGUSR1 핸들러 발생
[2025-06-24 22:04:57] [INFO] : SIGUSR1 핸들러: 클라이언트 index 0 로부터 메시지 수신: /MSG 건우님:ㄴㅇㄹ
[2025-06-24 22:04:57] [INFO] : [자식 pid 10048] SIGUSR2 핸들러 발생
[2025-06-24 22:06:01] [WARNING] : [자식 index 0, pid 10048] 클라이언트 연결 종료가 감지되어 해당 클라이언트 연결을 종료합니다.
[2025-06-24 22:06:01] [INFO] : 클라이언트 0 (pid: 10048, nick: 건우님) 접속 종료. 자원 회수 완료.

[2025-06-24 22:06:02] [INFO] : 클라이언트 연결됨: 127.0.0.1
[2025-06-24 22:06:03] [INFO] : [자식 index 0, pid : 10135] 서버에 메시지 전송: /NICK 건우님
[2025-06-24 22:06:02] [INFO] : 클라이언트 연결됨: 127.0.0.1
[2025-06-24 22:06:03] [INFO] : [부모 pid 9748] SIGUSR1 핸들러 발생
[2025-06-24 22:06:03] [INFO] : SIGUSR1 핸들러: 클라이언트 index 0 로부터 메시지 수신: /NICK 건우님
[2025-06-24 22:06:03] [INFO] : [자식 pid 10135] SIGUSR2 핸들러 발생
[2025-06-24 22:06:06] [INFO] : [자식 index 0, pid : 10135] 서버에 메시지 전송: /MSG 건우님:ㅎㅇ
[2025-06-24 22:06:06] [INFO] : [부모 pid 9748] SIGUSR1 핸들러 발생
[2025-06-24 22:06:06] [INFO] : SIGUSR1 핸들러: 클라이언트 index 0 로부터 메시지 수신: /MSG 건우님:ㅎㅇ
[2025-06-24 22:06:06] [INFO] : [자식 pid 10135] SIGUSR2 핸들러 발생
[2025-06-24 22:06:07] [INFO] : [자식 index 0, pid : 10135] 서버에 메시지 전송: /MSG 건우님:ㅎㅇㅎㅇ
[2025-06-24 22:06:07] [INFO] : [부모 pid 9748] SIGUSR1 핸들러 발생
[2025-06-24 22:06:07] [INFO] : SIGUSR1 핸들러: 클라이언트 index 0 로부터 메시지 수신: /MSG 건우님:ㅎㅇㅎㅇ
[2025-06-24 22:06:07] [INFO] : [자식 pid 10135] SIGUSR2 핸들러 발생
[2025-06-24 22:06:19] [WARNING] : [자식 index 0, pid 10135] 클라이언트 연결 종료가 감지되어 해당 클라이언트 연결을 종료합니다.
[2025-06-24 22:06:19] [INFO] : 클라이언트 0 (pid: 10135, nick: 건우님) 접속 종료. 자원 회수 완료.

[2025-06-24 22:06:20] [INFO] : 클라이언트 연결됨: 127.0.0.1
[2025-06-24 22:06:21] [INFO] : [자식 index 0, pid : 10176] 서버에 메시지 전송: /NICK 건우님
[2025-06-24 22:06:20] [INFO] : 클라이언트 연결됨: 127.0.0.1
[2025-06-24 22:06:21] [INFO] : [부모 pid 9748] SIGUSR1 핸들러 발생
[2025-06-24 22:06:21] [INFO] : SIGUSR1 핸들러: 클라이언트 index 0 로부터 메시지 수신: /NICK 건우님
[2025-06-24 22:06:21] [INFO] : [자식 pid 10176] SIGUSR2 핸들러 발생
[2025-06-24 22:06:26] [INFO] : 클라이언트 연결됨: 127.0.0.1
[2025-06-24 22:06:27] [INFO] : [자식 index 1, pid : 10194] 서버에 메시지 전송: /NICK 건우님
[2025-06-24 22:06:26] [INFO] : 클라이언트 연결됨: 127.0.0.1
[2025-06-24 22:06:27] [INFO] : [부모 pid 9748] SIGUSR1 핸들러 발생
[2025-06-24 22:06:27] [INFO] : SIGUSR1 핸들러: 클라이언트 index 1 로부터 메시지 수신: /NICK 건우님
[2025-06-24 22:06:27] [INFO] : [자식 pid 10194] SIGUSR2 핸들러 발생
[2025-06-24 22:06:29] [INFO] : [자식 index 1, pid : 10194] 서버에 메시지 전송: /NICK 건우
[2025-06-24 22:06:29] [INFO] : [부모 pid 9748] SIGUSR1 핸들러 발생
[2025-06-24 22:06:29] [INFO] : SIGUSR1 핸들러: 클라이언트 index 1 로부터 메시지 수신: /NICK 건우
[2025-06-24 22:06:29] [INFO] : [자식 pid 10194] SIGUSR2 핸들러 발생
[2025-06-24 22:06:31] [INFO] : [자식 index 1, pid : 10194] 서버에 메시지 전송: /MSG 건우:ㅎㅇㅎㅇ
[2025-06-24 22:06:31] [INFO] : [부모 pid 9748] SIGUSR1 핸들러 발생
[2025-06-24 22:06:31] [INFO] : SIGUSR1 핸들러: 클라이언트 index 1 로부터 메시지 수신: /MSG 건우:ㅎㅇㅎㅇ
[2025-06-24 22:06:31] [INFO] : [자식 pid 10176] SIGUSR2 핸들러 발생
[2025-06-24 22:06:31] [INFO] : [자식 pid 10194] SIGUSR2 핸들러 발생
[2025-06-24 22:06:33] [INFO] : [자식 index 0, pid : 10176] 서버에 메시지 전송: /MSG 건우님:ㅎㅇ
[2025-06-24 22:06:33] [INFO] : [부모 pid 9748] SIGUSR1 핸들러 발생
[2025-06-24 22:06:33] [INFO] : SIGUSR1 핸들러: 클라이언트 index 0 로부터 메시지 수신: /MSG 건우님:ㅎㅇ
[2025-06-24 22:06:33] [INFO] : [자식 pid 10176] SIGUSR2 핸들러 발생
[2025-06-24 22:06:33] [INFO] : [자식 pid 10194] SIGUSR2 핸들러 발생
[2025-06-24 22:06:43] [WARNING] : [자식 index 0, pid 10176] 클라이언트 연결 종료가 감지되어 해당 클라이언트 연결을 종료합니다.
[2025-06-24 22:06:43] [INFO] : 클라이언트 0 (pid: 10176, nick: 건우님) 접속 종료. 자원 회수 완료.

[2025-06-24 22:06:45] [INFO] : [자식 index 1, pid : 10194] 서버에 메시지 전송: /MSG 건우:ㄴㄹ
[2025-06-24 22:06:45] [INFO] : [부모 pid 9748] SIGUSR1 핸들러 발생
[2025-06-24 22:06:45] [INFO] : SIGUSR1 핸들러: 클라이언트 index 1 로부터 메시지 수신: /MSG 건우:ㄴㄹ
[2025-06-24 22:06:45] [INFO] : [자식 pid 10194] SIGUSR2 핸들러 발생
[2025-06-24 22:06:48] [INFO] : 클라이언트 연결됨: 127.0.0.1
[2025-06-24 22:06:51] [INFO] : [자식 index 0, pid : 10197] 서버에 메시지 전송: /NICK 건우님
[2025-06-24 22:06:48] [INFO] : 클라이언트 연결됨: 127.0.0.1
[2025-06-24 22:06:51] [INFO] : [부모 pid 9748] SIGUSR1 핸들러 발생
[2025-06-24 22:06:51] [INFO] : SIGUSR1 핸들러: 클라이언트 index 0 로부터 메시지 수신: /NICK 건우님
[2025-06-24 22:06:51] [INFO] : [자식 pid 10197] SIGUSR2 핸들러 발생
[2025-06-24 22:06:53] [INFO] : [자식 index 0, pid : 10197] 서버에 메시지 전송: /MSG 건우님:ㄴㅇㄹ
[2025-06-24 22:06:53] [INFO] : [부모 pid 9748] SIGUSR1 핸들러 발생
[2025-06-24 22:06:53] [INFO] : SIGUSR1 핸들러: 클라이언트 index 0 로부터 메시지 수신: /MSG 건우님:ㄴㅇㄹ
[2025-06-24 22:06:53] [INFO] : [자식 pid 10194] SIGUSR2 핸들러 발생
[2025-06-24 22:06:53] [INFO] : [자식 pid 10197] SIGUSR2 핸들러 발생
[2025-06-24 22:06:56] [WARNING] : [자식 index 1, pid 10194] 클라이언트 연결 종료가 감지되어 해당 클라이언트 연결을 종료합니다.
[2025-06-24 22:06:56] [INFO] : 클라이언트 1 (pid: 10194, nick: 건우) 접속 종료. 자원 회수 완료.

[2025-06-24 22:06:56] [WARNING] : [자식 index 0, pid 10197] 클라이언트 연결 종료가 감지되어 해당 클라이언트 연결을 종료합니다.
[2025-06-24 22:06:56] [INFO] : 클라이언트 0 (pid: 10197, nick: 건우님) 접속 종료. 자원 회수 완료.

[2025-06-24 22:07:06] [INFO] : [부모 pid 9748] 서버 종료 시그널 수신 : 모든 자식 종료 중 ...
[2025-06-24 22:07:06] [INFO] : [부모 pid 9748] 서버 종료 완료. 자원 회수 완료.